[0.082s] DEBUG:colcon:Command line arguments: ['/usr/bin/colcon', 'build', '--symlink-install', '--cmake-args', '-DCMAKE_BUILD_TYPE=Release']
[0.082s] DEBUG:colcon:Parsed command line arguments: Namespace(log_base=None, log_level=None, verb_name='build', build_base='build', install_base='install', merge_install=False, symlink_install=True, test_result_base=None, continue_on_error=False, executor='parallel', parallel_workers=12, event_handlers=None, ignore_user_meta=False, metas=['./colcon.meta'], base_paths=['.'], packages_ignore=None, packages_ignore_regex=None, paths=None, packages_up_to=None, packages_up_to_regex=None, packages_above=None, packages_above_and_dependencies=None, packages_above_depth=None, packages_select_by_dep=None, packages_skip_by_dep=None, packages_skip_up_to=None, packages_select_build_failed=False, packages_skip_build_finished=False, packages_select_test_failures=False, packages_skip_test_passed=False, packages_select=None, packages_skip=None, packages_select_regex=None, packages_skip_regex=None, packages_start=None, packages_end=None, allow_overriding=[], lookup_in_workspace=False, cargo_args=None, clean_build=False, cmake_args=['-DCMAKE_BUILD_TYPE=Release'], cmake_target=None, cmake_target_skip_unavailable=False, cmake_clean_cache=False, cmake_clean_first=False, cmake_force_configure=False, ament_cmake_args=None, catkin_cmake_args=None, catkin_skip_building_tests=False, mixin_files=None, mixin=None, verb_parser=<colcon_mixin.mixin.mixin_argument.MixinArgumentDecorator object at 0x74392722ad40>, verb_extension=<colcon_core.verb.build.BuildVerb object at 0x74392734f2b0>, main=<bound method BuildVerb.main of <colcon_core.verb.build.BuildVerb object at 0x74392734f2b0>>, mixin_verb=('build',))
[0.199s] Level 1:colcon.colcon_core.package_discovery:discover_packages(colcon_meta) check parameters
[0.199s] Level 1:colcon.colcon_core.package_discovery:discover_packages(recursive) check parameters
[0.199s] Level 1:colcon.colcon_core.package_discovery:discover_packages(ignore) check parameters
[0.199s] Level 1:colcon.colcon_core.package_discovery:discover_packages(path) check parameters
[0.199s] Level 1:colcon.colcon_core.package_discovery:discover_packages(colcon_meta) discover
[0.199s] Level 1:colcon.colcon_core.package_discovery:discover_packages(recursive) discover
[0.199s] INFO:colcon.colcon_core.package_discovery:Crawling recursively for packages in '/home/jsyun/Programming/ROS2/automotive_software_simulator'
[0.199s] Level 1:colcon.colcon_core.package_identification:_identify(.) by extensions ['ignore', 'ignore_ament_install']
[0.199s] Level 1:colcon.colcon_core.package_identification:_identify(.) by extension 'ignore'
[0.199s] Level 1:colcon.colcon_core.package_identification:_identify(.) by extension 'ignore_ament_install'
[0.199s] Level 1:colcon.colcon_core.package_identification:_identify(.) by extensions ['colcon_pkg']
[0.199s] Level 1:colcon.colcon_core.package_identification:_identify(.) by extension 'colcon_pkg'
[0.199s] Level 1:colcon.colcon_core.package_identification:_identify(.) by extensions ['colcon_meta']
[0.199s] Level 1:colcon.colcon_core.package_identification:_identify(.) by extension 'colcon_meta'
[0.199s] Level 1:colcon.colcon_core.package_identification:_identify(.) by extensions ['ament_cargo']
[0.199s] Level 1:colcon.colcon_core.package_identification:_identify(.) by extension 'ament_cargo'
[0.200s] Level 1:colcon.colcon_core.package_identification:_identify(.) by extensions ['ros']
[0.200s] Level 1:colcon.colcon_core.package_identification:_identify(.) by extension 'ros'
[0.207s] Level 1:colcon.colcon_core.package_identification:_identify(.) by extensions ['cargo', 'cmake', 'python']
[0.207s] Level 1:colcon.colcon_core.package_identification:_identify(.) by extension 'cargo'
[0.207s] Level 1:colcon.colcon_core.package_identification:_identify(.) by extension 'cmake'
[0.208s] Level 1:colcon.colcon_core.package_identification:_identify(.) by extension 'python'
[0.208s] Level 1:colcon.colcon_core.package_identification:_identify(.) by extensions ['python_setup_py']
[0.208s] Level 1:colcon.colcon_core.package_identification:_identify(.) by extension 'python_setup_py'
[0.208s] Level 1:colcon.colcon_core.package_identification:_identify(build) by extensions ['ignore', 'ignore_ament_install']
[0.208s] Level 1:colcon.colcon_core.package_identification:_identify(build) by extension 'ignore'
[0.208s] Level 1:colcon.colcon_core.package_identification:_identify(build) ignored
[0.208s] Level 1:colcon.colcon_core.package_identification:_identify(install) by extensions ['ignore', 'ignore_ament_install']
[0.208s] Level 1:colcon.colcon_core.package_identification:_identify(install) by extension 'ignore'
[0.208s] Level 1:colcon.colcon_core.package_identification:_identify(install) ignored
[0.208s] Level 1:colcon.colcon_core.package_identification:_identify(log) by extensions ['ignore', 'ignore_ament_install']
[0.208s] Level 1:colcon.colcon_core.package_identification:_identify(log) by extension 'ignore'
[0.208s] Level 1:colcon.colcon_core.package_identification:_identify(log) ignored
[0.208s] Level 1:colcon.colcon_core.package_identification:_identify(resources) by extensions ['ignore', 'ignore_ament_install']
[0.208s] Level 1:colcon.colcon_core.package_identification:_identify(resources) by extension 'ignore'
[0.208s] Level 1:colcon.colcon_core.package_identification:_identify(resources) by extension 'ignore_ament_install'
[0.208s] Level 1:colcon.colcon_core.package_identification:_identify(resources) by extensions ['colcon_pkg']
[0.208s] Level 1:colcon.colcon_core.package_identification:_identify(resources) by extension 'colcon_pkg'
[0.208s] Level 1:colcon.colcon_core.package_identification:_identify(resources) by extensions ['colcon_meta']
[0.208s] Level 1:colcon.colcon_core.package_identification:_identify(resources) by extension 'colcon_meta'
[0.208s] Level 1:colcon.colcon_core.package_identification:_identify(resources) by extensions ['ament_cargo']
[0.208s] Level 1:colcon.colcon_core.package_identification:_identify(resources) by extension 'ament_cargo'
[0.208s] Level 1:colcon.colcon_core.package_identification:_identify(resources) by extensions ['ros']
[0.208s] Level 1:colcon.colcon_core.package_identification:_identify(resources) by extension 'ros'
[0.209s] Level 1:colcon.colcon_core.package_identification:_identify(resources) by extensions ['cargo', 'cmake', 'python']
[0.209s] Level 1:colcon.colcon_core.package_identification:_identify(resources) by extension 'cargo'
[0.209s] Level 1:colcon.colcon_core.package_identification:_identify(resources) by extension 'cmake'
[0.209s] Level 1:colcon.colcon_core.package_identification:_identify(resources) by extension 'python'
[0.209s] Level 1:colcon.colcon_core.package_identification:_identify(resources) by extensions ['python_setup_py']
[0.209s] Level 1:colcon.colcon_core.package_identification:_identify(resources) by extension 'python_setup_py'
[0.209s] Level 1:colcon.colcon_core.package_identification:_identify(resources/csv) by extensions ['ignore', 'ignore_ament_install']
[0.209s] Level 1:colcon.colcon_core.package_identification:_identify(resources/csv) by extension 'ignore'
[0.209s] Level 1:colcon.colcon_core.package_identification:_identify(resources/csv) by extension 'ignore_ament_install'
[0.209s] Level 1:colcon.colcon_core.package_identification:_identify(resources/csv) by extensions ['colcon_pkg']
[0.209s] Level 1:colcon.colcon_core.package_identification:_identify(resources/csv) by extension 'colcon_pkg'
[0.209s] Level 1:colcon.colcon_core.package_identification:_identify(resources/csv) by extensions ['colcon_meta']
[0.209s] Level 1:colcon.colcon_core.package_identification:_identify(resources/csv) by extension 'colcon_meta'
[0.209s] Level 1:colcon.colcon_core.package_identification:_identify(resources/csv) by extensions ['ament_cargo']
[0.209s] Level 1:colcon.colcon_core.package_identification:_identify(resources/csv) by extension 'ament_cargo'
[0.209s] Level 1:colcon.colcon_core.package_identification:_identify(resources/csv) by extensions ['ros']
[0.209s] Level 1:colcon.colcon_core.package_identification:_identify(resources/csv) by extension 'ros'
[0.209s] Level 1:colcon.colcon_core.package_identification:_identify(resources/csv) by extensions ['cargo', 'cmake', 'python']
[0.209s] Level 1:colcon.colcon_core.package_identification:_identify(resources/csv) by extension 'cargo'
[0.209s] Level 1:colcon.colcon_core.package_identification:_identify(resources/csv) by extension 'cmake'
[0.209s] Level 1:colcon.colcon_core.package_identification:_identify(resources/csv) by extension 'python'
[0.209s] Level 1:colcon.colcon_core.package_identification:_identify(resources/csv) by extensions ['python_setup_py']
[0.209s] Level 1:colcon.colcon_core.package_identification:_identify(resources/csv) by extension 'python_setup_py'
[0.209s] Level 1:colcon.colcon_core.package_identification:_identify(resources/csv/evaluation_lane) by extensions ['ignore', 'ignore_ament_install']
[0.209s] Level 1:colcon.colcon_core.package_identification:_identify(resources/csv/evaluation_lane) by extension 'ignore'
[0.209s] Level 1:colcon.colcon_core.package_identification:_identify(resources/csv/evaluation_lane) by extension 'ignore_ament_install'
[0.209s] Level 1:colcon.colcon_core.package_identification:_identify(resources/csv/evaluation_lane) by extensions ['colcon_pkg']
[0.210s] Level 1:colcon.colcon_core.package_identification:_identify(resources/csv/evaluation_lane) by extension 'colcon_pkg'
[0.210s] Level 1:colcon.colcon_core.package_identification:_identify(resources/csv/evaluation_lane) by extensions ['colcon_meta']
[0.210s] Level 1:colcon.colcon_core.package_identification:_identify(resources/csv/evaluation_lane) by extension 'colcon_meta'
[0.210s] Level 1:colcon.colcon_core.package_identification:_identify(resources/csv/evaluation_lane) by extensions ['ament_cargo']
[0.210s] Level 1:colcon.colcon_core.package_identification:_identify(resources/csv/evaluation_lane) by extension 'ament_cargo'
[0.210s] Level 1:colcon.colcon_core.package_identification:_identify(resources/csv/evaluation_lane) by extensions ['ros']
[0.210s] Level 1:colcon.colcon_core.package_identification:_identify(resources/csv/evaluation_lane) by extension 'ros'
[0.210s] Level 1:colcon.colcon_core.package_identification:_identify(resources/csv/evaluation_lane) by extensions ['cargo', 'cmake', 'python']
[0.210s] Level 1:colcon.colcon_core.package_identification:_identify(resources/csv/evaluation_lane) by extension 'cargo'
[0.210s] Level 1:colcon.colcon_core.package_identification:_identify(resources/csv/evaluation_lane) by extension 'cmake'
[0.210s] Level 1:colcon.colcon_core.package_identification:_identify(resources/csv/evaluation_lane) by extension 'python'
[0.210s] Level 1:colcon.colcon_core.package_identification:_identify(resources/csv/evaluation_lane) by extensions ['python_setup_py']
[0.210s] Level 1:colcon.colcon_core.package_identification:_identify(resources/csv/evaluation_lane) by extension 'python_setup_py'
[0.210s] Level 1:colcon.colcon_core.package_identification:_identify(resources/csv/simulation_lane) by extensions ['ignore', 'ignore_ament_install']
[0.210s] Level 1:colcon.colcon_core.package_identification:_identify(resources/csv/simulation_lane) by extension 'ignore'
[0.210s] Level 1:colcon.colcon_core.package_identification:_identify(resources/csv/simulation_lane) by extension 'ignore_ament_install'
[0.210s] Level 1:colcon.colcon_core.package_identification:_identify(resources/csv/simulation_lane) by extensions ['colcon_pkg']
[0.210s] Level 1:colcon.colcon_core.package_identification:_identify(resources/csv/simulation_lane) by extension 'colcon_pkg'
[0.210s] Level 1:colcon.colcon_core.package_identification:_identify(resources/csv/simulation_lane) by extensions ['colcon_meta']
[0.210s] Level 1:colcon.colcon_core.package_identification:_identify(resources/csv/simulation_lane) by extension 'colcon_meta'
[0.210s] Level 1:colcon.colcon_core.package_identification:_identify(resources/csv/simulation_lane) by extensions ['ament_cargo']
[0.210s] Level 1:colcon.colcon_core.package_identification:_identify(resources/csv/simulation_lane) by extension 'ament_cargo'
[0.210s] Level 1:colcon.colcon_core.package_identification:_identify(resources/csv/simulation_lane) by extensions ['ros']
[0.210s] Level 1:colcon.colcon_core.package_identification:_identify(resources/csv/simulation_lane) by extension 'ros'
[0.210s] Level 1:colcon.colcon_core.package_identification:_identify(resources/csv/simulation_lane) by extensions ['cargo', 'cmake', 'python']
[0.210s] Level 1:colcon.colcon_core.package_identification:_identify(resources/csv/simulation_lane) by extension 'cargo'
[0.210s] Level 1:colcon.colcon_core.package_identification:_identify(resources/csv/simulation_lane) by extension 'cmake'
[0.210s] Level 1:colcon.colcon_core.package_identification:_identify(resources/csv/simulation_lane) by extension 'python'
[0.210s] Level 1:colcon.colcon_core.package_identification:_identify(resources/csv/simulation_lane) by extensions ['python_setup_py']
[0.210s] Level 1:colcon.colcon_core.package_identification:_identify(resources/csv/simulation_lane) by extension 'python_setup_py'
[0.210s] Level 1:colcon.colcon_core.package_identification:_identify(resources/meshes) by extensions ['ignore', 'ignore_ament_install']
[0.211s] Level 1:colcon.colcon_core.package_identification:_identify(resources/meshes) by extension 'ignore'
[0.211s] Level 1:colcon.colcon_core.package_identification:_identify(resources/meshes) by extension 'ignore_ament_install'
[0.211s] Level 1:colcon.colcon_core.package_identification:_identify(resources/meshes) by extensions ['colcon_pkg']
[0.211s] Level 1:colcon.colcon_core.package_identification:_identify(resources/meshes) by extension 'colcon_pkg'
[0.211s] Level 1:colcon.colcon_core.package_identification:_identify(resources/meshes) by extensions ['colcon_meta']
[0.211s] Level 1:colcon.colcon_core.package_identification:_identify(resources/meshes) by extension 'colcon_meta'
[0.211s] Level 1:colcon.colcon_core.package_identification:_identify(resources/meshes) by extensions ['ament_cargo']
[0.211s] Level 1:colcon.colcon_core.package_identification:_identify(resources/meshes) by extension 'ament_cargo'
[0.211s] Level 1:colcon.colcon_core.package_identification:_identify(resources/meshes) by extensions ['ros']
[0.211s] Level 1:colcon.colcon_core.package_identification:_identify(resources/meshes) by extension 'ros'
[0.211s] Level 1:colcon.colcon_core.package_identification:_identify(resources/meshes) by extensions ['cargo', 'cmake', 'python']
[0.211s] Level 1:colcon.colcon_core.package_identification:_identify(resources/meshes) by extension 'cargo'
[0.211s] Level 1:colcon.colcon_core.package_identification:_identify(resources/meshes) by extension 'cmake'
[0.211s] Level 1:colcon.colcon_core.package_identification:_identify(resources/meshes) by extension 'python'
[0.211s] Level 1:colcon.colcon_core.package_identification:_identify(resources/meshes) by extensions ['python_setup_py']
[0.211s] Level 1:colcon.colcon_core.package_identification:_identify(resources/meshes) by extension 'python_setup_py'
[0.211s] Level 1:colcon.colcon_core.package_identification:_identify(resources/rviz) by extensions ['ignore', 'ignore_ament_install']
[0.211s] Level 1:colcon.colcon_core.package_identification:_identify(resources/rviz) by extension 'ignore'
[0.211s] Level 1:colcon.colcon_core.package_identification:_identify(resources/rviz) by extension 'ignore_ament_install'
[0.211s] Level 1:colcon.colcon_core.package_identification:_identify(resources/rviz) by extensions ['colcon_pkg']
[0.211s] Level 1:colcon.colcon_core.package_identification:_identify(resources/rviz) by extension 'colcon_pkg'
[0.211s] Level 1:colcon.colcon_core.package_identification:_identify(resources/rviz) by extensions ['colcon_meta']
[0.211s] Level 1:colcon.colcon_core.package_identification:_identify(resources/rviz) by extension 'colcon_meta'
[0.211s] Level 1:colcon.colcon_core.package_identification:_identify(resources/rviz) by extensions ['ament_cargo']
[0.211s] Level 1:colcon.colcon_core.package_identification:_identify(resources/rviz) by extension 'ament_cargo'
[0.211s] Level 1:colcon.colcon_core.package_identification:_identify(resources/rviz) by extensions ['ros']
[0.211s] Level 1:colcon.colcon_core.package_identification:_identify(resources/rviz) by extension 'ros'
[0.211s] Level 1:colcon.colcon_core.package_identification:_identify(resources/rviz) by extensions ['cargo', 'cmake', 'python']
[0.211s] Level 1:colcon.colcon_core.package_identification:_identify(resources/rviz) by extension 'cargo'
[0.211s] Level 1:colcon.colcon_core.package_identification:_identify(resources/rviz) by extension 'cmake'
[0.211s] Level 1:colcon.colcon_core.package_identification:_identify(resources/rviz) by extension 'python'
[0.212s] Level 1:colcon.colcon_core.package_identification:_identify(resources/rviz) by extensions ['python_setup_py']
[0.212s] Level 1:colcon.colcon_core.package_identification:_identify(resources/rviz) by extension 'python_setup_py'
[0.212s] Level 1:colcon.colcon_core.package_identification:_identify(src) by extensions ['ignore', 'ignore_ament_install']
[0.212s] Level 1:colcon.colcon_core.package_identification:_identify(src) by extension 'ignore'
[0.212s] Level 1:colcon.colcon_core.package_identification:_identify(src) by extension 'ignore_ament_install'
[0.212s] Level 1:colcon.colcon_core.package_identification:_identify(src) by extensions ['colcon_pkg']
[0.212s] Level 1:colcon.colcon_core.package_identification:_identify(src) by extension 'colcon_pkg'
[0.212s] Level 1:colcon.colcon_core.package_identification:_identify(src) by extensions ['colcon_meta']
[0.212s] Level 1:colcon.colcon_core.package_identification:_identify(src) by extension 'colcon_meta'
[0.212s] Level 1:colcon.colcon_core.package_identification:_identify(src) by extensions ['ament_cargo']
[0.212s] Level 1:colcon.colcon_core.package_identification:_identify(src) by extension 'ament_cargo'
[0.212s] Level 1:colcon.colcon_core.package_identification:_identify(src) by extensions ['ros']
[0.212s] Level 1:colcon.colcon_core.package_identification:_identify(src) by extension 'ros'
[0.212s] Level 1:colcon.colcon_core.package_identification:_identify(src) by extensions ['cargo', 'cmake', 'python']
[0.212s] Level 1:colcon.colcon_core.package_identification:_identify(src) by extension 'cargo'
[0.212s] Level 1:colcon.colcon_core.package_identification:_identify(src) by extension 'cmake'
[0.212s] Level 1:colcon.colcon_core.package_identification:_identify(src) by extension 'python'
[0.212s] Level 1:colcon.colcon_core.package_identification:_identify(src) by extensions ['python_setup_py']
[0.212s] Level 1:colcon.colcon_core.package_identification:_identify(src) by extension 'python_setup_py'
[0.212s] Level 1:colcon.colcon_core.package_identification:_identify(src/app) by extensions ['ignore', 'ignore_ament_install']
[0.212s] Level 1:colcon.colcon_core.package_identification:_identify(src/app) by extension 'ignore'
[0.212s] Level 1:colcon.colcon_core.package_identification:_identify(src/app) by extension 'ignore_ament_install'
[0.212s] Level 1:colcon.colcon_core.package_identification:_identify(src/app) by extensions ['colcon_pkg']
[0.212s] Level 1:colcon.colcon_core.package_identification:_identify(src/app) by extension 'colcon_pkg'
[0.212s] Level 1:colcon.colcon_core.package_identification:_identify(src/app) by extensions ['colcon_meta']
[0.212s] Level 1:colcon.colcon_core.package_identification:_identify(src/app) by extension 'colcon_meta'
[0.212s] Level 1:colcon.colcon_core.package_identification:_identify(src/app) by extensions ['ament_cargo']
[0.212s] Level 1:colcon.colcon_core.package_identification:_identify(src/app) by extension 'ament_cargo'
[0.212s] Level 1:colcon.colcon_core.package_identification:_identify(src/app) by extensions ['ros']
[0.212s] Level 1:colcon.colcon_core.package_identification:_identify(src/app) by extension 'ros'
[0.213s] Level 1:colcon.colcon_core.package_identification:_identify(src/app) by extensions ['cargo', 'cmake', 'python']
[0.213s] Level 1:colcon.colcon_core.package_identification:_identify(src/app) by extension 'cargo'
[0.213s] Level 1:colcon.colcon_core.package_identification:_identify(src/app) by extension 'cmake'
[0.213s] Level 1:colcon.colcon_core.package_identification:_identify(src/app) by extension 'python'
[0.213s] Level 1:colcon.colcon_core.package_identification:_identify(src/app) by extensions ['python_setup_py']
[0.213s] Level 1:colcon.colcon_core.package_identification:_identify(src/app) by extension 'python_setup_py'
[0.213s] Level 1:colcon.colcon_core.package_identification:_identify(src/app/autonomous_driving) by extensions ['ignore', 'ignore_ament_install']
[0.213s] Level 1:colcon.colcon_core.package_identification:_identify(src/app/autonomous_driving) by extension 'ignore'
[0.213s] Level 1:colcon.colcon_core.package_identification:_identify(src/app/autonomous_driving) by extension 'ignore_ament_install'
[0.213s] Level 1:colcon.colcon_core.package_identification:_identify(src/app/autonomous_driving) by extensions ['colcon_pkg']
[0.213s] Level 1:colcon.colcon_core.package_identification:_identify(src/app/autonomous_driving) by extension 'colcon_pkg'
[0.213s] Level 1:colcon.colcon_core.package_identification:_identify(src/app/autonomous_driving) by extensions ['colcon_meta']
[0.213s] Level 1:colcon.colcon_core.package_identification:_identify(src/app/autonomous_driving) by extension 'colcon_meta'
[0.213s] Level 1:colcon.colcon_core.package_identification:_identify(src/app/autonomous_driving) by extensions ['ament_cargo']
[0.213s] Level 1:colcon.colcon_core.package_identification:_identify(src/app/autonomous_driving) by extension 'ament_cargo'
[0.213s] Level 1:colcon.colcon_core.package_identification:_identify(src/app/autonomous_driving) by extensions ['ros']
[0.213s] Level 1:colcon.colcon_core.package_identification:_identify(src/app/autonomous_driving) by extension 'ros'
[0.215s] DEBUG:colcon.colcon_core.package_identification:Package 'src/app/autonomous_driving' with type 'ros.ament_cmake' and name 'autonomous_driving'
[0.215s] Level 1:colcon.colcon_core.package_identification:_identify(src/app/evaluation) by extensions ['ignore', 'ignore_ament_install']
[0.215s] Level 1:colcon.colcon_core.package_identification:_identify(src/app/evaluation) by extension 'ignore'
[0.215s] Level 1:colcon.colcon_core.package_identification:_identify(src/app/evaluation) by extension 'ignore_ament_install'
[0.215s] Level 1:colcon.colcon_core.package_identification:_identify(src/app/evaluation) by extensions ['colcon_pkg']
[0.215s] Level 1:colcon.colcon_core.package_identification:_identify(src/app/evaluation) by extension 'colcon_pkg'
[0.215s] Level 1:colcon.colcon_core.package_identification:_identify(src/app/evaluation) by extensions ['colcon_meta']
[0.215s] Level 1:colcon.colcon_core.package_identification:_identify(src/app/evaluation) by extension 'colcon_meta'
[0.215s] Level 1:colcon.colcon_core.package_identification:_identify(src/app/evaluation) by extensions ['ament_cargo']
[0.215s] Level 1:colcon.colcon_core.package_identification:_identify(src/app/evaluation) by extension 'ament_cargo'
[0.215s] Level 1:colcon.colcon_core.package_identification:_identify(src/app/evaluation) by extensions ['ros']
[0.215s] Level 1:colcon.colcon_core.package_identification:_identify(src/app/evaluation) by extension 'ros'
[0.216s] DEBUG:colcon.colcon_core.package_identification:Package 'src/app/evaluation' with type 'ros.ament_cmake' and name 'evaluation'
[0.216s] Level 1:colcon.colcon_core.package_identification:_identify(src/app/simulator) by extensions ['ignore', 'ignore_ament_install']
[0.216s] Level 1:colcon.colcon_core.package_identification:_identify(src/app/simulator) by extension 'ignore'
[0.216s] Level 1:colcon.colcon_core.package_identification:_identify(src/app/simulator) by extension 'ignore_ament_install'
[0.216s] Level 1:colcon.colcon_core.package_identification:_identify(src/app/simulator) by extensions ['colcon_pkg']
[0.216s] Level 1:colcon.colcon_core.package_identification:_identify(src/app/simulator) by extension 'colcon_pkg'
[0.216s] Level 1:colcon.colcon_core.package_identification:_identify(src/app/simulator) by extensions ['colcon_meta']
[0.216s] Level 1:colcon.colcon_core.package_identification:_identify(src/app/simulator) by extension 'colcon_meta'
[0.216s] Level 1:colcon.colcon_core.package_identification:_identify(src/app/simulator) by extensions ['ament_cargo']
[0.216s] Level 1:colcon.colcon_core.package_identification:_identify(src/app/simulator) by extension 'ament_cargo'
[0.216s] Level 1:colcon.colcon_core.package_identification:_identify(src/app/simulator) by extensions ['ros']
[0.216s] Level 1:colcon.colcon_core.package_identification:_identify(src/app/simulator) by extension 'ros'
[0.216s] DEBUG:colcon.colcon_core.package_identification:Package 'src/app/simulator' with type 'ros.ament_cmake' and name 'simulator'
[0.217s] Level 1:colcon.colcon_core.package_identification:_identify(src/bsw) by extensions ['ignore', 'ignore_ament_install']
[0.217s] Level 1:colcon.colcon_core.package_identification:_identify(src/bsw) by extension 'ignore'
[0.217s] Level 1:colcon.colcon_core.package_identification:_identify(src/bsw) by extension 'ignore_ament_install'
[0.217s] Level 1:colcon.colcon_core.package_identification:_identify(src/bsw) by extensions ['colcon_pkg']
[0.217s] Level 1:colcon.colcon_core.package_identification:_identify(src/bsw) by extension 'colcon_pkg'
[0.217s] Level 1:colcon.colcon_core.package_identification:_identify(src/bsw) by extensions ['colcon_meta']
[0.217s] Level 1:colcon.colcon_core.package_identification:_identify(src/bsw) by extension 'colcon_meta'
[0.217s] Level 1:colcon.colcon_core.package_identification:_identify(src/bsw) by extensions ['ament_cargo']
[0.217s] Level 1:colcon.colcon_core.package_identification:_identify(src/bsw) by extension 'ament_cargo'
[0.217s] Level 1:colcon.colcon_core.package_identification:_identify(src/bsw) by extensions ['ros']
[0.217s] Level 1:colcon.colcon_core.package_identification:_identify(src/bsw) by extension 'ros'
[0.217s] Level 1:colcon.colcon_core.package_identification:_identify(src/bsw) by extensions ['cargo', 'cmake', 'python']
[0.217s] Level 1:colcon.colcon_core.package_identification:_identify(src/bsw) by extension 'cargo'
[0.217s] Level 1:colcon.colcon_core.package_identification:_identify(src/bsw) by extension 'cmake'
[0.217s] Level 1:colcon.colcon_core.package_identification:_identify(src/bsw) by extension 'python'
[0.217s] Level 1:colcon.colcon_core.package_identification:_identify(src/bsw) by extensions ['python_setup_py']
[0.217s] Level 1:colcon.colcon_core.package_identification:_identify(src/bsw) by extension 'python_setup_py'
[0.217s] Level 1:colcon.colcon_core.package_identification:_identify(src/bsw/system) by extensions ['ignore', 'ignore_ament_install']
[0.217s] Level 1:colcon.colcon_core.package_identification:_identify(src/bsw/system) by extension 'ignore'
[0.217s] Level 1:colcon.colcon_core.package_identification:_identify(src/bsw/system) by extension 'ignore_ament_install'
[0.217s] Level 1:colcon.colcon_core.package_identification:_identify(src/bsw/system) by extensions ['colcon_pkg']
[0.217s] Level 1:colcon.colcon_core.package_identification:_identify(src/bsw/system) by extension 'colcon_pkg'
[0.217s] Level 1:colcon.colcon_core.package_identification:_identify(src/bsw/system) by extensions ['colcon_meta']
[0.217s] Level 1:colcon.colcon_core.package_identification:_identify(src/bsw/system) by extension 'colcon_meta'
[0.217s] Level 1:colcon.colcon_core.package_identification:_identify(src/bsw/system) by extensions ['ament_cargo']
[0.217s] Level 1:colcon.colcon_core.package_identification:_identify(src/bsw/system) by extension 'ament_cargo'
[0.217s] Level 1:colcon.colcon_core.package_identification:_identify(src/bsw/system) by extensions ['ros']
[0.217s] Level 1:colcon.colcon_core.package_identification:_identify(src/bsw/system) by extension 'ros'
[0.218s] Level 1:colcon.colcon_core.package_identification:_identify(src/bsw/system) by extensions ['cargo', 'cmake', 'python']
[0.218s] Level 1:colcon.colcon_core.package_identification:_identify(src/bsw/system) by extension 'cargo'
[0.218s] Level 1:colcon.colcon_core.package_identification:_identify(src/bsw/system) by extension 'cmake'
[0.218s] Level 1:colcon.colcon_core.package_identification:_identify(src/bsw/system) by extension 'python'
[0.218s] Level 1:colcon.colcon_core.package_identification:_identify(src/bsw/system) by extensions ['python_setup_py']
[0.218s] Level 1:colcon.colcon_core.package_identification:_identify(src/bsw/system) by extension 'python_setup_py'
[0.218s] Level 1:colcon.colcon_core.package_identification:_identify(src/bsw/system/interface) by extensions ['ignore', 'ignore_ament_install']
[0.218s] Level 1:colcon.colcon_core.package_identification:_identify(src/bsw/system/interface) by extension 'ignore'
[0.218s] Level 1:colcon.colcon_core.package_identification:_identify(src/bsw/system/interface) by extension 'ignore_ament_install'
[0.218s] Level 1:colcon.colcon_core.package_identification:_identify(src/bsw/system/interface) by extensions ['colcon_pkg']
[0.218s] Level 1:colcon.colcon_core.package_identification:_identify(src/bsw/system/interface) by extension 'colcon_pkg'
[0.218s] Level 1:colcon.colcon_core.package_identification:_identify(src/bsw/system/interface) by extensions ['colcon_meta']
[0.218s] Level 1:colcon.colcon_core.package_identification:_identify(src/bsw/system/interface) by extension 'colcon_meta'
[0.218s] Level 1:colcon.colcon_core.package_identification:_identify(src/bsw/system/interface) by extensions ['ament_cargo']
[0.218s] Level 1:colcon.colcon_core.package_identification:_identify(src/bsw/system/interface) by extension 'ament_cargo'
[0.218s] Level 1:colcon.colcon_core.package_identification:_identify(src/bsw/system/interface) by extensions ['ros']
[0.218s] Level 1:colcon.colcon_core.package_identification:_identify(src/bsw/system/interface) by extension 'ros'
[0.218s] Level 1:colcon.colcon_core.package_identification:_identify(src/bsw/system/interface) by extensions ['cargo', 'cmake', 'python']
[0.218s] Level 1:colcon.colcon_core.package_identification:_identify(src/bsw/system/interface) by extension 'cargo'
[0.218s] Level 1:colcon.colcon_core.package_identification:_identify(src/bsw/system/interface) by extension 'cmake'
[0.218s] Level 1:colcon.colcon_core.package_identification:_identify(src/bsw/system/interface) by extension 'python'
[0.218s] Level 1:colcon.colcon_core.package_identification:_identify(src/bsw/system/interface) by extensions ['python_setup_py']
[0.218s] Level 1:colcon.colcon_core.package_identification:_identify(src/bsw/system/interface) by extension 'python_setup_py'
[0.218s] Level 1:colcon.colcon_core.package_identification:_identify(src/rte) by extensions ['ignore', 'ignore_ament_install']
[0.218s] Level 1:colcon.colcon_core.package_identification:_identify(src/rte) by extension 'ignore'
[0.218s] Level 1:colcon.colcon_core.package_identification:_identify(src/rte) by extension 'ignore_ament_install'
[0.218s] Level 1:colcon.colcon_core.package_identification:_identify(src/rte) by extensions ['colcon_pkg']
[0.218s] Level 1:colcon.colcon_core.package_identification:_identify(src/rte) by extension 'colcon_pkg'
[0.218s] Level 1:colcon.colcon_core.package_identification:_identify(src/rte) by extensions ['colcon_meta']
[0.218s] Level 1:colcon.colcon_core.package_identification:_identify(src/rte) by extension 'colcon_meta'
[0.219s] Level 1:colcon.colcon_core.package_identification:_identify(src/rte) by extensions ['ament_cargo']
[0.219s] Level 1:colcon.colcon_core.package_identification:_identify(src/rte) by extension 'ament_cargo'
[0.219s] Level 1:colcon.colcon_core.package_identification:_identify(src/rte) by extensions ['ros']
[0.219s] Level 1:colcon.colcon_core.package_identification:_identify(src/rte) by extension 'ros'
[0.219s] Level 1:colcon.colcon_core.package_identification:_identify(src/rte) by extensions ['cargo', 'cmake', 'python']
[0.219s] Level 1:colcon.colcon_core.package_identification:_identify(src/rte) by extension 'cargo'
[0.219s] Level 1:colcon.colcon_core.package_identification:_identify(src/rte) by extension 'cmake'
[0.219s] Level 1:colcon.colcon_core.package_identification:_identify(src/rte) by extension 'python'
[0.219s] Level 1:colcon.colcon_core.package_identification:_identify(src/rte) by extensions ['python_setup_py']
[0.219s] Level 1:colcon.colcon_core.package_identification:_identify(src/rte) by extension 'python_setup_py'
[0.219s] Level 1:colcon.colcon_core.package_identification:_identify(src/rte/msg) by extensions ['ignore', 'ignore_ament_install']
[0.219s] Level 1:colcon.colcon_core.package_identification:_identify(src/rte/msg) by extension 'ignore'
[0.219s] Level 1:colcon.colcon_core.package_identification:_identify(src/rte/msg) by extension 'ignore_ament_install'
[0.219s] Level 1:colcon.colcon_core.package_identification:_identify(src/rte/msg) by extensions ['colcon_pkg']
[0.219s] Level 1:colcon.colcon_core.package_identification:_identify(src/rte/msg) by extension 'colcon_pkg'
[0.219s] Level 1:colcon.colcon_core.package_identification:_identify(src/rte/msg) by extensions ['colcon_meta']
[0.219s] Level 1:colcon.colcon_core.package_identification:_identify(src/rte/msg) by extension 'colcon_meta'
[0.219s] Level 1:colcon.colcon_core.package_identification:_identify(src/rte/msg) by extensions ['ament_cargo']
[0.219s] Level 1:colcon.colcon_core.package_identification:_identify(src/rte/msg) by extension 'ament_cargo'
[0.219s] Level 1:colcon.colcon_core.package_identification:_identify(src/rte/msg) by extensions ['ros']
[0.219s] Level 1:colcon.colcon_core.package_identification:_identify(src/rte/msg) by extension 'ros'
[0.219s] Level 1:colcon.colcon_core.package_identification:_identify(src/rte/msg) by extensions ['cargo', 'cmake', 'python']
[0.219s] Level 1:colcon.colcon_core.package_identification:_identify(src/rte/msg) by extension 'cargo'
[0.219s] Level 1:colcon.colcon_core.package_identification:_identify(src/rte/msg) by extension 'cmake'
[0.219s] Level 1:colcon.colcon_core.package_identification:_identify(src/rte/msg) by extension 'python'
[0.219s] Level 1:colcon.colcon_core.package_identification:_identify(src/rte/msg) by extensions ['python_setup_py']
[0.219s] Level 1:colcon.colcon_core.package_identification:_identify(src/rte/msg) by extension 'python_setup_py'
[0.219s] Level 1:colcon.colcon_core.package_identification:_identify(src/rte/msg/ad_msgs) by extensions ['ignore', 'ignore_ament_install']
[0.219s] Level 1:colcon.colcon_core.package_identification:_identify(src/rte/msg/ad_msgs) by extension 'ignore'
[0.220s] Level 1:colcon.colcon_core.package_identification:_identify(src/rte/msg/ad_msgs) by extension 'ignore_ament_install'
[0.220s] Level 1:colcon.colcon_core.package_identification:_identify(src/rte/msg/ad_msgs) by extensions ['colcon_pkg']
[0.220s] Level 1:colcon.colcon_core.package_identification:_identify(src/rte/msg/ad_msgs) by extension 'colcon_pkg'
[0.220s] Level 1:colcon.colcon_core.package_identification:_identify(src/rte/msg/ad_msgs) by extensions ['colcon_meta']
[0.220s] Level 1:colcon.colcon_core.package_identification:_identify(src/rte/msg/ad_msgs) by extension 'colcon_meta'
[0.220s] Level 1:colcon.colcon_core.package_identification:_identify(src/rte/msg/ad_msgs) by extensions ['ament_cargo']
[0.220s] Level 1:colcon.colcon_core.package_identification:_identify(src/rte/msg/ad_msgs) by extension 'ament_cargo'
[0.220s] Level 1:colcon.colcon_core.package_identification:_identify(src/rte/msg/ad_msgs) by extensions ['ros']
[0.220s] Level 1:colcon.colcon_core.package_identification:_identify(src/rte/msg/ad_msgs) by extension 'ros'
[0.220s] DEBUG:colcon.colcon_core.package_identification:Package 'src/rte/msg/ad_msgs' with type 'ros.ament_cmake' and name 'ad_msgs'
[0.220s] Level 1:colcon.colcon_core.package_discovery:discover_packages(recursive) using defaults
[0.220s] Level 1:colcon.colcon_core.package_discovery:discover_packages(ignore) discover
[0.220s] Level 1:colcon.colcon_core.package_discovery:discover_packages(ignore) using defaults
[0.220s] Level 1:colcon.colcon_core.package_discovery:discover_packages(path) discover
[0.220s] Level 1:colcon.colcon_core.package_discovery:discover_packages(path) using defaults
[0.234s] Level 1:colcon.colcon_core.package_discovery:discover_packages(prefix_path) check parameters
[0.234s] Level 1:colcon.colcon_core.package_discovery:discover_packages(prefix_path) discover
[0.235s] DEBUG:colcon.colcon_installed_package_information.package_discovery:Found 4 installed packages in /home/jsyun/Programming/ROS2/automotive_software_simulator/install
[0.237s] DEBUG:colcon.colcon_installed_package_information.package_discovery:Found 302 installed packages in /opt/ros/humble
[0.247s] Level 1:colcon.colcon_core.package_discovery:discover_packages(prefix_path) using defaults
[0.276s] Level 5:colcon.colcon_core.verb:set package 'ad_msgs' build argument 'lookup_in_workspace' from command line to 'False'
[0.276s] Level 5:colcon.colcon_core.verb:set package 'ad_msgs' build argument 'cargo_args' from command line to 'None'
[0.276s] Level 5:colcon.colcon_core.verb:set package 'ad_msgs' build argument 'clean_build' from command line to 'False'
[0.276s] Level 5:colcon.colcon_core.verb:set package 'ad_msgs' build argument 'cmake_args' from command line to '['-DCMAKE_BUILD_TYPE=Release']'
[0.276s] Level 5:colcon.colcon_core.verb:set package 'ad_msgs' build argument 'cmake_target' from command line to 'None'
[0.276s] Level 5:colcon.colcon_core.verb:set package 'ad_msgs' build argument 'cmake_target_skip_unavailable' from command line to 'False'
[0.276s] Level 5:colcon.colcon_core.verb:set package 'ad_msgs' build argument 'cmake_clean_cache' from command line to 'False'
[0.276s] Level 5:colcon.colcon_core.verb:set package 'ad_msgs' build argument 'cmake_clean_first' from command line to 'False'
[0.276s] Level 5:colcon.colcon_core.verb:set package 'ad_msgs' build argument 'cmake_force_configure' from command line to 'False'
[0.276s] Level 5:colcon.colcon_core.verb:set package 'ad_msgs' build argument 'ament_cmake_args' from command line to 'None'
[0.276s] Level 5:colcon.colcon_core.verb:set package 'ad_msgs' build argument 'catkin_cmake_args' from command line to 'None'
[0.276s] Level 5:colcon.colcon_core.verb:set package 'ad_msgs' build argument 'catkin_skip_building_tests' from command line to 'False'
[0.277s] DEBUG:colcon.colcon_core.verb:Building package 'ad_msgs' with the following arguments: {'ament_cmake_args': None, 'build_base': '/home/jsyun/Programming/ROS2/automotive_software_simulator/build/ad_msgs', 'cargo_args': None, 'catkin_cmake_args': None, 'catkin_skip_building_tests': False, 'clean_build': False, 'cmake_args': ['-DCMAKE_BUILD_TYPE=Release'], 'cmake_clean_cache': False, 'cmake_clean_first': False, 'cmake_force_configure': False, 'cmake_target': None, 'cmake_target_skip_unavailable': False, 'install_base': '/home/jsyun/Programming/ROS2/automotive_software_simulator/install/ad_msgs', 'lookup_in_workspace': False, 'merge_install': False, 'path': '/home/jsyun/Programming/ROS2/automotive_software_simulator/src/rte/msg/ad_msgs', 'symlink_install': True, 'test_result_base': None}
[0.277s] Level 5:colcon.colcon_core.verb:set package 'autonomous_driving' build argument 'lookup_in_workspace' from command line to 'False'
[0.277s] Level 5:colcon.colcon_core.verb:set package 'autonomous_driving' build argument 'cargo_args' from command line to 'None'
[0.277s] Level 5:colcon.colcon_core.verb:set package 'autonomous_driving' build argument 'clean_build' from command line to 'False'
[0.277s] Level 5:colcon.colcon_core.verb:set package 'autonomous_driving' build argument 'cmake_args' from command line to '['-DCMAKE_BUILD_TYPE=Release']'
[0.277s] Level 5:colcon.colcon_core.verb:set package 'autonomous_driving' build argument 'cmake_target' from command line to 'None'
[0.277s] Level 5:colcon.colcon_core.verb:set package 'autonomous_driving' build argument 'cmake_target_skip_unavailable' from command line to 'False'
[0.277s] Level 5:colcon.colcon_core.verb:set package 'autonomous_driving' build argument 'cmake_clean_cache' from command line to 'False'
[0.277s] Level 5:colcon.colcon_core.verb:set package 'autonomous_driving' build argument 'cmake_clean_first' from command line to 'False'
[0.277s] Level 5:colcon.colcon_core.verb:set package 'autonomous_driving' build argument 'cmake_force_configure' from command line to 'False'
[0.277s] Level 5:colcon.colcon_core.verb:set package 'autonomous_driving' build argument 'ament_cmake_args' from command line to 'None'
[0.277s] Level 5:colcon.colcon_core.verb:set package 'autonomous_driving' build argument 'catkin_cmake_args' from command line to 'None'
[0.277s] Level 5:colcon.colcon_core.verb:set package 'autonomous_driving' build argument 'catkin_skip_building_tests' from command line to 'False'
[0.277s] DEBUG:colcon.colcon_core.verb:Building package 'autonomous_driving' with the following arguments: {'ament_cmake_args': None, 'build_base': '/home/jsyun/Programming/ROS2/automotive_software_simulator/build/autonomous_driving', 'cargo_args': None, 'catkin_cmake_args': None, 'catkin_skip_building_tests': False, 'clean_build': False, 'cmake_args': ['-DCMAKE_BUILD_TYPE=Release'], 'cmake_clean_cache': False, 'cmake_clean_first': False, 'cmake_force_configure': False, 'cmake_target': None, 'cmake_target_skip_unavailable': False, 'install_base': '/home/jsyun/Programming/ROS2/automotive_software_simulator/install/autonomous_driving', 'lookup_in_workspace': False, 'merge_install': False, 'path': '/home/jsyun/Programming/ROS2/automotive_software_simulator/src/app/autonomous_driving', 'symlink_install': True, 'test_result_base': None}
[0.277s] Level 5:colcon.colcon_core.verb:set package 'evaluation' build argument 'lookup_in_workspace' from command line to 'False'
[0.277s] Level 5:colcon.colcon_core.verb:set package 'evaluation' build argument 'cargo_args' from command line to 'None'
[0.277s] Level 5:colcon.colcon_core.verb:set package 'evaluation' build argument 'clean_build' from command line to 'False'
[0.277s] Level 5:colcon.colcon_core.verb:set package 'evaluation' build argument 'cmake_args' from command line to '['-DCMAKE_BUILD_TYPE=Release']'
[0.277s] Level 5:colcon.colcon_core.verb:set package 'evaluation' build argument 'cmake_target' from command line to 'None'
[0.277s] Level 5:colcon.colcon_core.verb:set package 'evaluation' build argument 'cmake_target_skip_unavailable' from command line to 'False'
[0.277s] Level 5:colcon.colcon_core.verb:set package 'evaluation' build argument 'cmake_clean_cache' from command line to 'False'
[0.277s] Level 5:colcon.colcon_core.verb:set package 'evaluation' build argument 'cmake_clean_first' from command line to 'False'
[0.278s] Level 5:colcon.colcon_core.verb:set package 'evaluation' build argument 'cmake_force_configure' from command line to 'False'
[0.278s] Level 5:colcon.colcon_core.verb:set package 'evaluation' build argument 'ament_cmake_args' from command line to 'None'
[0.278s] Level 5:colcon.colcon_core.verb:set package 'evaluation' build argument 'catkin_cmake_args' from command line to 'None'
[0.278s] Level 5:colcon.colcon_core.verb:set package 'evaluation' build argument 'catkin_skip_building_tests' from command line to 'False'
[0.278s] DEBUG:colcon.colcon_core.verb:Building package 'evaluation' with the following arguments: {'ament_cmake_args': None, 'build_base': '/home/jsyun/Programming/ROS2/automotive_software_simulator/build/evaluation', 'cargo_args': None, 'catkin_cmake_args': None, 'catkin_skip_building_tests': False, 'clean_build': False, 'cmake_args': ['-DCMAKE_BUILD_TYPE=Release'], 'cmake_clean_cache': False, 'cmake_clean_first': False, 'cmake_force_configure': False, 'cmake_target': None, 'cmake_target_skip_unavailable': False, 'install_base': '/home/jsyun/Programming/ROS2/automotive_software_simulator/install/evaluation', 'lookup_in_workspace': False, 'merge_install': False, 'path': '/home/jsyun/Programming/ROS2/automotive_software_simulator/src/app/evaluation', 'symlink_install': True, 'test_result_base': None}
[0.278s] Level 5:colcon.colcon_core.verb:set package 'simulator' build argument 'lookup_in_workspace' from command line to 'False'
[0.278s] Level 5:colcon.colcon_core.verb:set package 'simulator' build argument 'cargo_args' from command line to 'None'
[0.278s] Level 5:colcon.colcon_core.verb:set package 'simulator' build argument 'clean_build' from command line to 'False'
[0.278s] Level 5:colcon.colcon_core.verb:set package 'simulator' build argument 'cmake_args' from command line to '['-DCMAKE_BUILD_TYPE=Release']'
[0.278s] Level 5:colcon.colcon_core.verb:set package 'simulator' build argument 'cmake_target' from command line to 'None'
[0.278s] Level 5:colcon.colcon_core.verb:set package 'simulator' build argument 'cmake_target_skip_unavailable' from command line to 'False'
[0.278s] Level 5:colcon.colcon_core.verb:set package 'simulator' build argument 'cmake_clean_cache' from command line to 'False'
[0.278s] Level 5:colcon.colcon_core.verb:set package 'simulator' build argument 'cmake_clean_first' from command line to 'False'
[0.278s] Level 5:colcon.colcon_core.verb:set package 'simulator' build argument 'cmake_force_configure' from command line to 'False'
[0.278s] Level 5:colcon.colcon_core.verb:set package 'simulator' build argument 'ament_cmake_args' from command line to 'None'
[0.278s] Level 5:colcon.colcon_core.verb:set package 'simulator' build argument 'catkin_cmake_args' from command line to 'None'
[0.278s] Level 5:colcon.colcon_core.verb:set package 'simulator' build argument 'catkin_skip_building_tests' from command line to 'False'
[0.278s] DEBUG:colcon.colcon_core.verb:Building package 'simulator' with the following arguments: {'ament_cmake_args': None, 'build_base': '/home/jsyun/Programming/ROS2/automotive_software_simulator/build/simulator', 'cargo_args': None, 'catkin_cmake_args': None, 'catkin_skip_building_tests': False, 'clean_build': False, 'cmake_args': ['-DCMAKE_BUILD_TYPE=Release'], 'cmake_clean_cache': False, 'cmake_clean_first': False, 'cmake_force_configure': False, 'cmake_target': None, 'cmake_target_skip_unavailable': False, 'install_base': '/home/jsyun/Programming/ROS2/automotive_software_simulator/install/simulator', 'lookup_in_workspace': False, 'merge_install': False, 'path': '/home/jsyun/Programming/ROS2/automotive_software_simulator/src/app/simulator', 'symlink_install': True, 'test_result_base': None}
[0.278s] INFO:colcon.colcon_core.executor:Executing jobs using 'parallel' executor
[0.279s] DEBUG:colcon.colcon_parallel_executor.executor.parallel:run_until_complete
[0.279s] INFO:colcon.colcon_ros.task.ament_cmake.build:Building ROS package in '/home/jsyun/Programming/ROS2/automotive_software_simulator/src/rte/msg/ad_msgs' with build type 'ament_cmake'
[0.279s] INFO:colcon.colcon_cmake.task.cmake.build:Building CMake package in '/home/jsyun/Programming/ROS2/automotive_software_simulator/src/rte/msg/ad_msgs'
[0.281s] INFO:colcon.colcon_core.plugin_system:Skipping extension 'colcon_core.shell.bat': Not used on non-Windows systems
[0.281s] INFO:colcon.colcon_core.shell:Skip shell extension 'powershell' for command environment: Not usable outside of PowerShell
[0.281s] DEBUG:colcon.colcon_core.shell:Skip shell extension 'dsv' for command environment
[0.288s] DEBUG:colcon.colcon_core.event_handler.log_command:Invoking command in '/home/jsyun/Programming/ROS2/automotive_software_simulator/build/ad_msgs': CMAKE_PREFIX_PATH=${CMAKE_PREFIX_PATH}:/opt/ros/humble /usr/bin/cmake --build /home/jsyun/Programming/ROS2/automotive_software_simulator/build/ad_msgs -- -j12 -l12
[0.557s] DEBUG:colcon.colcon_core.event_handler.log_command:Invoked command in '/home/jsyun/Programming/ROS2/automotive_software_simulator/build/ad_msgs' returned '0': CMAKE_PREFIX_PATH=${CMAKE_PREFIX_PATH}:/opt/ros/humble /usr/bin/cmake --build /home/jsyun/Programming/ROS2/automotive_software_simulator/build/ad_msgs -- -j12 -l12
[0.701s] DEBUG:colcon.colcon_core.event_handler.log_command:Invoking command in '/home/jsyun/Programming/ROS2/automotive_software_simulator/build/ad_msgs': CMAKE_PREFIX_PATH=${CMAKE_PREFIX_PATH}:/opt/ros/humble /usr/bin/cmake --install /home/jsyun/Programming/ROS2/automotive_software_simulator/build/ad_msgs
[0.763s] Level 1:colcon.colcon_core.environment:create_environment_scripts_only(ad_msgs)
[0.764s] DEBUG:colcon.colcon_core.event_handler.log_command:Invoked command in '/home/jsyun/Programming/ROS2/automotive_software_simulator/build/ad_msgs' returned '0': CMAKE_PREFIX_PATH=${CMAKE_PREFIX_PATH}:/opt/ros/humble /usr/bin/cmake --install /home/jsyun/Programming/ROS2/automotive_software_simulator/build/ad_msgs
[0.765s] Level 1:colcon.colcon_core.environment:checking '/home/jsyun/Programming/ROS2/automotive_software_simulator/install/ad_msgs' for CMake module files
[0.766s] Level 1:colcon.colcon_core.environment:checking '/home/jsyun/Programming/ROS2/automotive_software_simulator/install/ad_msgs' for CMake config files
[0.767s] Level 1:colcon.colcon_core.shell:create_environment_hook('ad_msgs', 'cmake_prefix_path')
[0.767s] INFO:colcon.colcon_core.shell:Creating environment hook '/home/jsyun/Programming/ROS2/automotive_software_simulator/install/ad_msgs/share/ad_msgs/hook/cmake_prefix_path.ps1'
[0.767s] INFO:colcon.colcon_core.shell:Creating environment descriptor '/home/jsyun/Programming/ROS2/automotive_software_simulator/install/ad_msgs/share/ad_msgs/hook/cmake_prefix_path.dsv'
[0.768s] INFO:colcon.colcon_core.shell:Creating environment hook '/home/jsyun/Programming/ROS2/automotive_software_simulator/install/ad_msgs/share/ad_msgs/hook/cmake_prefix_path.sh'
[0.768s] Level 1:colcon.colcon_core.environment:checking '/home/jsyun/Programming/ROS2/automotive_software_simulator/install/ad_msgs/lib'
[0.768s] Level 1:colcon.colcon_core.shell:create_environment_hook('ad_msgs', 'ld_library_path_lib')
[0.768s] INFO:colcon.colcon_core.shell:Creating environment hook '/home/jsyun/Programming/ROS2/automotive_software_simulator/install/ad_msgs/share/ad_msgs/hook/ld_library_path_lib.ps1'
[0.769s] INFO:colcon.colcon_core.shell:Creating environment descriptor '/home/jsyun/Programming/ROS2/automotive_software_simulator/install/ad_msgs/share/ad_msgs/hook/ld_library_path_lib.dsv'
[0.769s] INFO:colcon.colcon_core.shell:Creating environment hook '/home/jsyun/Programming/ROS2/automotive_software_simulator/install/ad_msgs/share/ad_msgs/hook/ld_library_path_lib.sh'
[0.769s] Level 1:colcon.colcon_core.environment:checking '/home/jsyun/Programming/ROS2/automotive_software_simulator/install/ad_msgs/bin'
[0.769s] Level 1:colcon.colcon_core.environment:checking '/home/jsyun/Programming/ROS2/automotive_software_simulator/install/ad_msgs/lib/pkgconfig/ad_msgs.pc'
[0.769s] Level 1:colcon.colcon_core.environment:checking '/home/jsyun/Programming/ROS2/automotive_software_simulator/install/ad_msgs/lib/python3.10/site-packages'
[0.770s] Level 1:colcon.colcon_core.environment:checking '/home/jsyun/Programming/ROS2/automotive_software_simulator/install/ad_msgs/bin'
[0.770s] INFO:colcon.colcon_core.shell:Creating package script '/home/jsyun/Programming/ROS2/automotive_software_simulator/install/ad_msgs/share/ad_msgs/package.ps1'
[0.770s] INFO:colcon.colcon_core.shell:Creating package descriptor '/home/jsyun/Programming/ROS2/automotive_software_simulator/install/ad_msgs/share/ad_msgs/package.dsv'
[0.771s] INFO:colcon.colcon_core.shell:Creating package script '/home/jsyun/Programming/ROS2/automotive_software_simulator/install/ad_msgs/share/ad_msgs/package.sh'
[0.771s] INFO:colcon.colcon_core.shell:Creating package script '/home/jsyun/Programming/ROS2/automotive_software_simulator/install/ad_msgs/share/ad_msgs/package.bash'
[0.772s] INFO:colcon.colcon_core.shell:Creating package script '/home/jsyun/Programming/ROS2/automotive_software_simulator/install/ad_msgs/share/ad_msgs/package.zsh'
[0.772s] Level 1:colcon.colcon_core.environment:create_file_with_runtime_dependencies(/home/jsyun/Programming/ROS2/automotive_software_simulator/install/ad_msgs/share/colcon-core/packages/ad_msgs)
[0.910s] Level 1:colcon.colcon_core.environment:create_environment_scripts_only(ad_msgs)
[0.910s] Level 1:colcon.colcon_core.environment:checking '/home/jsyun/Programming/ROS2/automotive_software_simulator/install/ad_msgs' for CMake module files
[0.911s] Level 1:colcon.colcon_core.environment:checking '/home/jsyun/Programming/ROS2/automotive_software_simulator/install/ad_msgs' for CMake config files
[0.912s] Level 1:colcon.colcon_core.shell:create_environment_hook('ad_msgs', 'cmake_prefix_path')
[0.912s] INFO:colcon.colcon_core.shell:Creating environment hook '/home/jsyun/Programming/ROS2/automotive_software_simulator/install/ad_msgs/share/ad_msgs/hook/cmake_prefix_path.ps1'
[0.912s] INFO:colcon.colcon_core.shell:Creating environment descriptor '/home/jsyun/Programming/ROS2/automotive_software_simulator/install/ad_msgs/share/ad_msgs/hook/cmake_prefix_path.dsv'
[0.913s] INFO:colcon.colcon_core.shell:Creating environment hook '/home/jsyun/Programming/ROS2/automotive_software_simulator/install/ad_msgs/share/ad_msgs/hook/cmake_prefix_path.sh'
[0.913s] Level 1:colcon.colcon_core.environment:checking '/home/jsyun/Programming/ROS2/automotive_software_simulator/install/ad_msgs/lib'
[0.913s] Level 1:colcon.colcon_core.shell:create_environment_hook('ad_msgs', 'ld_library_path_lib')
[0.913s] INFO:colcon.colcon_core.shell:Creating environment hook '/home/jsyun/Programming/ROS2/automotive_software_simulator/install/ad_msgs/share/ad_msgs/hook/ld_library_path_lib.ps1'
[0.914s] INFO:colcon.colcon_core.shell:Creating environment descriptor '/home/jsyun/Programming/ROS2/automotive_software_simulator/install/ad_msgs/share/ad_msgs/hook/ld_library_path_lib.dsv'
[0.914s] INFO:colcon.colcon_core.shell:Creating environment hook '/home/jsyun/Programming/ROS2/automotive_software_simulator/install/ad_msgs/share/ad_msgs/hook/ld_library_path_lib.sh'
[0.914s] Level 1:colcon.colcon_core.environment:checking '/home/jsyun/Programming/ROS2/automotive_software_simulator/install/ad_msgs/bin'
[0.914s] Level 1:colcon.colcon_core.environment:checking '/home/jsyun/Programming/ROS2/automotive_software_simulator/install/ad_msgs/lib/pkgconfig/ad_msgs.pc'
[0.914s] Level 1:colcon.colcon_core.environment:checking '/home/jsyun/Programming/ROS2/automotive_software_simulator/install/ad_msgs/lib/python3.10/site-packages'
[0.914s] Level 1:colcon.colcon_core.environment:checking '/home/jsyun/Programming/ROS2/automotive_software_simulator/install/ad_msgs/bin'
[0.915s] INFO:colcon.colcon_core.shell:Creating package script '/home/jsyun/Programming/ROS2/automotive_software_simulator/install/ad_msgs/share/ad_msgs/package.ps1'
[0.915s] INFO:colcon.colcon_core.shell:Creating package descriptor '/home/jsyun/Programming/ROS2/automotive_software_simulator/install/ad_msgs/share/ad_msgs/package.dsv'
[0.915s] INFO:colcon.colcon_core.shell:Creating package script '/home/jsyun/Programming/ROS2/automotive_software_simulator/install/ad_msgs/share/ad_msgs/package.sh'
[0.916s] INFO:colcon.colcon_core.shell:Creating package script '/home/jsyun/Programming/ROS2/automotive_software_simulator/install/ad_msgs/share/ad_msgs/package.bash'
[0.916s] INFO:colcon.colcon_core.shell:Creating package script '/home/jsyun/Programming/ROS2/automotive_software_simulator/install/ad_msgs/share/ad_msgs/package.zsh'
[0.916s] Level 1:colcon.colcon_core.environment:create_file_with_runtime_dependencies(/home/jsyun/Programming/ROS2/automotive_software_simulator/install/ad_msgs/share/colcon-core/packages/ad_msgs)
[0.916s] INFO:colcon.colcon_ros.task.ament_cmake.build:Building ROS package in '/home/jsyun/Programming/ROS2/automotive_software_simulator/src/app/autonomous_driving' with build type 'ament_cmake'
[0.916s] INFO:colcon.colcon_cmake.task.cmake.build:Building CMake package in '/home/jsyun/Programming/ROS2/automotive_software_simulator/src/app/autonomous_driving'
[0.917s] INFO:colcon.colcon_core.shell:Skip shell extension 'powershell' for command environment: Not usable outside of PowerShell
[0.917s] DEBUG:colcon.colcon_core.shell:Skip shell extension 'dsv' for command environment
[0.919s] INFO:colcon.colcon_ros.task.ament_cmake.build:Building ROS package in '/home/jsyun/Programming/ROS2/automotive_software_simulator/src/app/evaluation' with build type 'ament_cmake'
[0.920s] INFO:colcon.colcon_cmake.task.cmake.build:Building CMake package in '/home/jsyun/Programming/ROS2/automotive_software_simulator/src/app/evaluation'
[0.920s] INFO:colcon.colcon_core.shell:Skip shell extension 'powershell' for command environment: Not usable outside of PowerShell
[0.920s] DEBUG:colcon.colcon_core.shell:Skip shell extension 'dsv' for command environment
[0.922s] INFO:colcon.colcon_ros.task.ament_cmake.build:Building ROS package in '/home/jsyun/Programming/ROS2/automotive_software_simulator/src/app/simulator' with build type 'ament_cmake'
[0.922s] INFO:colcon.colcon_cmake.task.cmake.build:Building CMake package in '/home/jsyun/Programming/ROS2/automotive_software_simulator/src/app/simulator'
[0.922s] INFO:colcon.colcon_core.shell:Skip shell extension 'powershell' for command environment: Not usable outside of PowerShell
[0.922s] DEBUG:colcon.colcon_core.shell:Skip shell extension 'dsv' for command environment
[0.928s] DEBUG:colcon.colcon_core.event_handler.log_command:Invoking command in '/home/jsyun/Programming/ROS2/automotive_software_simulator/build/autonomous_driving': CMAKE_PREFIX_PATH=/home/jsyun/Programming/ROS2/automotive_software_simulator/install/ad_msgs:/home/jsyun/Programming/ROS2/automotive_software_simulator/install/simulator:/home/jsyun/Programming/ROS2/automotive_software_simulator/install/evaluation:/home/jsyun/Programming/ROS2/automotive_software_simulator/install/autonomous_driving:/opt/ros/humble /usr/bin/cmake --build /home/jsyun/Programming/ROS2/automotive_software_simulator/build/autonomous_driving -- -j12 -l12
[0.930s] DEBUG:colcon.colcon_core.event_handler.log_command:Invoking command in '/home/jsyun/Programming/ROS2/automotive_software_simulator/build/evaluation': CMAKE_PREFIX_PATH=/home/jsyun/Programming/ROS2/automotive_software_simulator/install/ad_msgs:/home/jsyun/Programming/ROS2/automotive_software_simulator/install/simulator:/home/jsyun/Programming/ROS2/automotive_software_simulator/install/evaluation:/home/jsyun/Programming/ROS2/automotive_software_simulator/install/autonomous_driving:/opt/ros/humble /usr/bin/cmake --build /home/jsyun/Programming/ROS2/automotive_software_simulator/build/evaluation -- -j12 -l12
[0.932s] DEBUG:colcon.colcon_core.event_handler.log_command:Invoking command in '/home/jsyun/Programming/ROS2/automotive_software_simulator/build/simulator': CMAKE_PREFIX_PATH=/home/jsyun/Programming/ROS2/automotive_software_simulator/install/ad_msgs:/home/jsyun/Programming/ROS2/automotive_software_simulator/install/simulator:/home/jsyun/Programming/ROS2/automotive_software_simulator/install/evaluation:/home/jsyun/Programming/ROS2/automotive_software_simulator/install/autonomous_driving:/opt/ros/humble /usr/bin/cmake --build /home/jsyun/Programming/ROS2/automotive_software_simulator/build/simulator -- -j12 -l12
[0.989s] DEBUG:colcon.colcon_core.event_handler.log_command:Invoked command in '/home/jsyun/Programming/ROS2/automotive_software_simulator/build/evaluation' returned '0': CMAKE_PREFIX_PATH=/home/jsyun/Programming/ROS2/automotive_software_simulator/install/ad_msgs:/home/jsyun/Programming/ROS2/automotive_software_simulator/install/simulator:/home/jsyun/Programming/ROS2/automotive_software_simulator/install/evaluation:/home/jsyun/Programming/ROS2/automotive_software_simulator/install/autonomous_driving:/opt/ros/humble /usr/bin/cmake --build /home/jsyun/Programming/ROS2/automotive_software_simulator/build/evaluation -- -j12 -l12
[0.990s] DEBUG:colcon.colcon_core.event_handler.log_command:Invoked command in '/home/jsyun/Programming/ROS2/automotive_software_simulator/build/autonomous_driving' returned '0': CMAKE_PREFIX_PATH=/home/jsyun/Programming/ROS2/automotive_software_simulator/install/ad_msgs:/home/jsyun/Programming/ROS2/automotive_software_simulator/install/simulator:/home/jsyun/Programming/ROS2/automotive_software_simulator/install/evaluation:/home/jsyun/Programming/ROS2/automotive_software_simulator/install/autonomous_driving:/opt/ros/humble /usr/bin/cmake --build /home/jsyun/Programming/ROS2/automotive_software_simulator/build/autonomous_driving -- -j12 -l12
[0.991s] DEBUG:colcon.colcon_core.event_handler.log_command:Invoked command in '/home/jsyun/Programming/ROS2/automotive_software_simulator/build/simulator' returned '0': CMAKE_PREFIX_PATH=/home/jsyun/Programming/ROS2/automotive_software_simulator/install/ad_msgs:/home/jsyun/Programming/ROS2/automotive_software_simulator/install/simulator:/home/jsyun/Programming/ROS2/automotive_software_simulator/install/evaluation:/home/jsyun/Programming/ROS2/automotive_software_simulator/install/autonomous_driving:/opt/ros/humble /usr/bin/cmake --build /home/jsyun/Programming/ROS2/automotive_software_simulator/build/simulator -- -j12 -l12
[1.012s] DEBUG:colcon.colcon_core.event_handler.log_command:Invoking command in '/home/jsyun/Programming/ROS2/automotive_software_simulator/build/autonomous_driving': CMAKE_PREFIX_PATH=/home/jsyun/Programming/ROS2/automotive_software_simulator/install/ad_msgs:/home/jsyun/Programming/ROS2/automotive_software_simulator/install/simulator:/home/jsyun/Programming/ROS2/automotive_software_simulator/install/evaluation:/home/jsyun/Programming/ROS2/automotive_software_simulator/install/autonomous_driving:/opt/ros/humble /usr/bin/cmake --install /home/jsyun/Programming/ROS2/automotive_software_simulator/build/autonomous_driving
[1.016s] DEBUG:colcon.colcon_core.event_handler.log_command:Invoking command in '/home/jsyun/Programming/ROS2/automotive_software_simulator/build/evaluation': CMAKE_PREFIX_PATH=/home/jsyun/Programming/ROS2/automotive_software_simulator/install/ad_msgs:/home/jsyun/Programming/ROS2/automotive_software_simulator/install/simulator:/home/jsyun/Programming/ROS2/automotive_software_simulator/install/evaluation:/home/jsyun/Programming/ROS2/automotive_software_simulator/install/autonomous_driving:/opt/ros/humble /usr/bin/cmake --install /home/jsyun/Programming/ROS2/automotive_software_simulator/build/evaluation
[1.022s] DEBUG:colcon.colcon_core.event_handler.log_command:Invoking command in '/home/jsyun/Programming/ROS2/automotive_software_simulator/build/simulator': CMAKE_PREFIX_PATH=/home/jsyun/Programming/ROS2/automotive_software_simulator/install/ad_msgs:/home/jsyun/Programming/ROS2/automotive_software_simulator/install/simulator:/home/jsyun/Programming/ROS2/automotive_software_simulator/install/evaluation:/home/jsyun/Programming/ROS2/automotive_software_simulator/install/autonomous_driving:/opt/ros/humble /usr/bin/cmake --install /home/jsyun/Programming/ROS2/automotive_software_simulator/build/simulator
[1.031s] Level 1:colcon.colcon_core.environment:create_environment_scripts_only(autonomous_driving)
[1.031s] Level 1:colcon.colcon_core.environment:checking '/home/jsyun/Programming/ROS2/automotive_software_simulator/install/autonomous_driving' for CMake module files
[1.032s] DEBUG:colcon.colcon_core.event_handler.log_command:Invoked command in '/home/jsyun/Programming/ROS2/automotive_software_simulator/build/autonomous_driving' returned '0': CMAKE_PREFIX_PATH=/home/jsyun/Programming/ROS2/automotive_software_simulator/install/ad_msgs:/home/jsyun/Programming/ROS2/automotive_software_simulator/install/simulator:/home/jsyun/Programming/ROS2/automotive_software_simulator/install/evaluation:/home/jsyun/Programming/ROS2/automotive_software_simulator/install/autonomous_driving:/opt/ros/humble /usr/bin/cmake --install /home/jsyun/Programming/ROS2/automotive_software_simulator/build/autonomous_driving
[1.032s] Level 1:colcon.colcon_core.environment:checking '/home/jsyun/Programming/ROS2/automotive_software_simulator/install/autonomous_driving' for CMake config files
[1.032s] Level 1:colcon.colcon_core.shell:create_environment_hook('autonomous_driving', 'cmake_prefix_path')
[1.033s] INFO:colcon.colcon_core.shell:Creating environment hook '/home/jsyun/Programming/ROS2/automotive_software_simulator/install/autonomous_driving/share/autonomous_driving/hook/cmake_prefix_path.ps1'
[1.033s] INFO:colcon.colcon_core.shell:Creating environment descriptor '/home/jsyun/Programming/ROS2/automotive_software_simulator/install/autonomous_driving/share/autonomous_driving/hook/cmake_prefix_path.dsv'
[1.033s] INFO:colcon.colcon_core.shell:Creating environment hook '/home/jsyun/Programming/ROS2/automotive_software_simulator/install/autonomous_driving/share/autonomous_driving/hook/cmake_prefix_path.sh'
[1.034s] Level 1:colcon.colcon_core.environment:checking '/home/jsyun/Programming/ROS2/automotive_software_simulator/install/autonomous_driving/lib'
[1.034s] Level 1:colcon.colcon_core.environment:checking '/home/jsyun/Programming/ROS2/automotive_software_simulator/install/autonomous_driving/bin'
[1.034s] Level 1:colcon.colcon_core.environment:checking '/home/jsyun/Programming/ROS2/automotive_software_simulator/install/autonomous_driving/lib/pkgconfig/autonomous_driving.pc'
[1.034s] Level 1:colcon.colcon_core.environment:checking '/home/jsyun/Programming/ROS2/automotive_software_simulator/install/autonomous_driving/lib/python3.10/site-packages'
[1.034s] Level 1:colcon.colcon_core.environment:checking '/home/jsyun/Programming/ROS2/automotive_software_simulator/install/autonomous_driving/bin'
[1.034s] INFO:colcon.colcon_core.shell:Creating package script '/home/jsyun/Programming/ROS2/automotive_software_simulator/install/autonomous_driving/share/autonomous_driving/package.ps1'
[1.035s] INFO:colcon.colcon_core.shell:Creating package descriptor '/home/jsyun/Programming/ROS2/automotive_software_simulator/install/autonomous_driving/share/autonomous_driving/package.dsv'
[1.035s] INFO:colcon.colcon_core.shell:Creating package script '/home/jsyun/Programming/ROS2/automotive_software_simulator/install/autonomous_driving/share/autonomous_driving/package.sh'
[1.035s] INFO:colcon.colcon_core.shell:Creating package script '/home/jsyun/Programming/ROS2/automotive_software_simulator/install/autonomous_driving/share/autonomous_driving/package.bash'
[1.036s] INFO:colcon.colcon_core.shell:Creating package script '/home/jsyun/Programming/ROS2/automotive_software_simulator/install/autonomous_driving/share/autonomous_driving/package.zsh'
[1.036s] Level 1:colcon.colcon_core.environment:create_file_with_runtime_dependencies(/home/jsyun/Programming/ROS2/automotive_software_simulator/install/autonomous_driving/share/colcon-core/packages/autonomous_driving)
[1.037s] Level 1:colcon.colcon_core.environment:create_environment_scripts_only(evaluation)
[1.037s] Level 1:colcon.colcon_core.environment:checking '/home/jsyun/Programming/ROS2/automotive_software_simulator/install/evaluation' for CMake module files
[1.038s] DEBUG:colcon.colcon_core.event_handler.log_command:Invoked command in '/home/jsyun/Programming/ROS2/automotive_software_simulator/build/evaluation' returned '0': CMAKE_PREFIX_PATH=/home/jsyun/Programming/ROS2/automotive_software_simulator/install/ad_msgs:/home/jsyun/Programming/ROS2/automotive_software_simulator/install/simulator:/home/jsyun/Programming/ROS2/automotive_software_simulator/install/evaluation:/home/jsyun/Programming/ROS2/automotive_software_simulator/install/autonomous_driving:/opt/ros/humble /usr/bin/cmake --install /home/jsyun/Programming/ROS2/automotive_software_simulator/build/evaluation
[1.038s] Level 1:colcon.colcon_core.environment:checking '/home/jsyun/Programming/ROS2/automotive_software_simulator/install/evaluation' for CMake config files
[1.038s] Level 1:colcon.colcon_core.shell:create_environment_hook('evaluation', 'cmake_prefix_path')
[1.038s] INFO:colcon.colcon_core.shell:Creating environment hook '/home/jsyun/Programming/ROS2/automotive_software_simulator/install/evaluation/share/evaluation/hook/cmake_prefix_path.ps1'
[1.039s] INFO:colcon.colcon_core.shell:Creating environment descriptor '/home/jsyun/Programming/ROS2/automotive_software_simulator/install/evaluation/share/evaluation/hook/cmake_prefix_path.dsv'
[1.039s] INFO:colcon.colcon_core.shell:Creating environment hook '/home/jsyun/Programming/ROS2/automotive_software_simulator/install/evaluation/share/evaluation/hook/cmake_prefix_path.sh'
[1.040s] Level 1:colcon.colcon_core.environment:checking '/home/jsyun/Programming/ROS2/automotive_software_simulator/install/evaluation/lib'
[1.040s] Level 1:colcon.colcon_core.environment:checking '/home/jsyun/Programming/ROS2/automotive_software_simulator/install/evaluation/bin'
[1.040s] Level 1:colcon.colcon_core.environment:checking '/home/jsyun/Programming/ROS2/automotive_software_simulator/install/evaluation/lib/pkgconfig/evaluation.pc'
[1.040s] Level 1:colcon.colcon_core.environment:checking '/home/jsyun/Programming/ROS2/automotive_software_simulator/install/evaluation/lib/python3.10/site-packages'
[1.040s] Level 1:colcon.colcon_core.environment:checking '/home/jsyun/Programming/ROS2/automotive_software_simulator/install/evaluation/bin'
[1.040s] INFO:colcon.colcon_core.shell:Creating package script '/home/jsyun/Programming/ROS2/automotive_software_simulator/install/evaluation/share/evaluation/package.ps1'
[1.041s] INFO:colcon.colcon_core.shell:Creating package descriptor '/home/jsyun/Programming/ROS2/automotive_software_simulator/install/evaluation/share/evaluation/package.dsv'
[1.041s] INFO:colcon.colcon_core.shell:Creating package script '/home/jsyun/Programming/ROS2/automotive_software_simulator/install/evaluation/share/evaluation/package.sh'
[1.041s] INFO:colcon.colcon_core.shell:Creating package script '/home/jsyun/Programming/ROS2/automotive_software_simulator/install/evaluation/share/evaluation/package.bash'
[1.042s] INFO:colcon.colcon_core.shell:Creating package script '/home/jsyun/Programming/ROS2/automotive_software_simulator/install/evaluation/share/evaluation/package.zsh'
[1.042s] Level 1:colcon.colcon_core.environment:create_file_with_runtime_dependencies(/home/jsyun/Programming/ROS2/automotive_software_simulator/install/evaluation/share/colcon-core/packages/evaluation)
[1.043s] Level 1:colcon.colcon_core.environment:create_environment_scripts_only(simulator)
[1.043s] Level 1:colcon.colcon_core.environment:checking '/home/jsyun/Programming/ROS2/automotive_software_simulator/install/simulator' for CMake module files
[1.044s] DEBUG:colcon.colcon_core.event_handler.log_command:Invoked command in '/home/jsyun/Programming/ROS2/automotive_software_simulator/build/simulator' returned '0': CMAKE_PREFIX_PATH=/home/jsyun/Programming/ROS2/automotive_software_simulator/install/ad_msgs:/home/jsyun/Programming/ROS2/automotive_software_simulator/install/simulator:/home/jsyun/Programming/ROS2/automotive_software_simulator/install/evaluation:/home/jsyun/Programming/ROS2/automotive_software_simulator/install/autonomous_driving:/opt/ros/humble /usr/bin/cmake --install /home/jsyun/Programming/ROS2/automotive_software_simulator/build/simulator
[1.044s] Level 1:colcon.colcon_core.environment:checking '/home/jsyun/Programming/ROS2/automotive_software_simulator/install/simulator' for CMake config files
[1.044s] Level 1:colcon.colcon_core.shell:create_environment_hook('simulator', 'cmake_prefix_path')
[1.044s] INFO:colcon.colcon_core.shell:Creating environment hook '/home/jsyun/Programming/ROS2/automotive_software_simulator/install/simulator/share/simulator/hook/cmake_prefix_path.ps1'
[1.045s] INFO:colcon.colcon_core.shell:Creating environment descriptor '/home/jsyun/Programming/ROS2/automotive_software_simulator/install/simulator/share/simulator/hook/cmake_prefix_path.dsv'
[1.045s] INFO:colcon.colcon_core.shell:Creating environment hook '/home/jsyun/Programming/ROS2/automotive_software_simulator/install/simulator/share/simulator/hook/cmake_prefix_path.sh'
[1.045s] Level 1:colcon.colcon_core.environment:checking '/home/jsyun/Programming/ROS2/automotive_software_simulator/install/simulator/lib'
[1.045s] Level 1:colcon.colcon_core.environment:checking '/home/jsyun/Programming/ROS2/automotive_software_simulator/install/simulator/bin'
[1.045s] Level 1:colcon.colcon_core.environment:checking '/home/jsyun/Programming/ROS2/automotive_software_simulator/install/simulator/lib/pkgconfig/simulator.pc'
[1.045s] Level 1:colcon.colcon_core.environment:checking '/home/jsyun/Programming/ROS2/automotive_software_simulator/install/simulator/lib/python3.10/site-packages'
[1.046s] Level 1:colcon.colcon_core.environment:checking '/home/jsyun/Programming/ROS2/automotive_software_simulator/install/simulator/bin'
[1.046s] INFO:colcon.colcon_core.shell:Creating package script '/home/jsyun/Programming/ROS2/automotive_software_simulator/install/simulator/share/simulator/package.ps1'
[1.046s] INFO:colcon.colcon_core.shell:Creating package descriptor '/home/jsyun/Programming/ROS2/automotive_software_simulator/install/simulator/share/simulator/package.dsv'
[1.046s] INFO:colcon.colcon_core.shell:Creating package script '/home/jsyun/Programming/ROS2/automotive_software_simulator/install/simulator/share/simulator/package.sh'
[1.047s] INFO:colcon.colcon_core.shell:Creating package script '/home/jsyun/Programming/ROS2/automotive_software_simulator/install/simulator/share/simulator/package.bash'
[1.047s] INFO:colcon.colcon_core.shell:Creating package script '/home/jsyun/Programming/ROS2/automotive_software_simulator/install/simulator/share/simulator/package.zsh'
[1.047s] Level 1:colcon.colcon_core.environment:create_file_with_runtime_dependencies(/home/jsyun/Programming/ROS2/automotive_software_simulator/install/simulator/share/colcon-core/packages/simulator)
[1.057s] Level 1:colcon.colcon_core.environment:create_environment_scripts_only(autonomous_driving)
[1.057s] Level 1:colcon.colcon_core.environment:checking '/home/jsyun/Programming/ROS2/automotive_software_simulator/install/autonomous_driving' for CMake module files
[1.058s] Level 1:colcon.colcon_core.environment:checking '/home/jsyun/Programming/ROS2/automotive_software_simulator/install/autonomous_driving' for CMake config files
[1.058s] Level 1:colcon.colcon_core.shell:create_environment_hook('autonomous_driving', 'cmake_prefix_path')
[1.058s] INFO:colcon.colcon_core.shell:Creating environment hook '/home/jsyun/Programming/ROS2/automotive_software_simulator/install/autonomous_driving/share/autonomous_driving/hook/cmake_prefix_path.ps1'
[1.058s] INFO:colcon.colcon_core.shell:Creating environment descriptor '/home/jsyun/Programming/ROS2/automotive_software_simulator/install/autonomous_driving/share/autonomous_driving/hook/cmake_prefix_path.dsv'
[1.059s] INFO:colcon.colcon_core.shell:Creating environment hook '/home/jsyun/Programming/ROS2/automotive_software_simulator/install/autonomous_driving/share/autonomous_driving/hook/cmake_prefix_path.sh'
[1.059s] Level 1:colcon.colcon_core.environment:checking '/home/jsyun/Programming/ROS2/automotive_software_simulator/install/autonomous_driving/lib'
[1.059s] Level 1:colcon.colcon_core.environment:checking '/home/jsyun/Programming/ROS2/automotive_software_simulator/install/autonomous_driving/bin'
[1.059s] Level 1:colcon.colcon_core.environment:checking '/home/jsyun/Programming/ROS2/automotive_software_simulator/install/autonomous_driving/lib/pkgconfig/autonomous_driving.pc'
[1.059s] Level 1:colcon.colcon_core.environment:checking '/home/jsyun/Programming/ROS2/automotive_software_simulator/install/autonomous_driving/lib/python3.10/site-packages'
[1.059s] Level 1:colcon.colcon_core.environment:checking '/home/jsyun/Programming/ROS2/automotive_software_simulator/install/autonomous_driving/bin'
[1.060s] INFO:colcon.colcon_core.shell:Creating package script '/home/jsyun/Programming/ROS2/automotive_software_simulator/install/autonomous_driving/share/autonomous_driving/package.ps1'
[1.060s] INFO:colcon.colcon_core.shell:Creating package descriptor '/home/jsyun/Programming/ROS2/automotive_software_simulator/install/autonomous_driving/share/autonomous_driving/package.dsv'
[1.060s] INFO:colcon.colcon_core.shell:Creating package script '/home/jsyun/Programming/ROS2/automotive_software_simulator/install/autonomous_driving/share/autonomous_driving/package.sh'
[1.061s] INFO:colcon.colcon_core.shell:Creating package script '/home/jsyun/Programming/ROS2/automotive_software_simulator/install/autonomous_driving/share/autonomous_driving/package.bash'
[1.061s] INFO:colcon.colcon_core.shell:Creating package script '/home/jsyun/Programming/ROS2/automotive_software_simulator/install/autonomous_driving/share/autonomous_driving/package.zsh'
[1.061s] Level 1:colcon.colcon_core.environment:create_file_with_runtime_dependencies(/home/jsyun/Programming/ROS2/automotive_software_simulator/install/autonomous_driving/share/colcon-core/packages/autonomous_driving)
[1.067s] Level 1:colcon.colcon_core.environment:create_environment_scripts_only(evaluation)
[1.067s] Level 1:colcon.colcon_core.environment:checking '/home/jsyun/Programming/ROS2/automotive_software_simulator/install/evaluation' for CMake module files
[1.067s] Level 1:colcon.colcon_core.environment:checking '/home/jsyun/Programming/ROS2/automotive_software_simulator/install/evaluation' for CMake config files
[1.067s] Level 1:colcon.colcon_core.shell:create_environment_hook('evaluation', 'cmake_prefix_path')
[1.068s] INFO:colcon.colcon_core.shell:Creating environment hook '/home/jsyun/Programming/ROS2/automotive_software_simulator/install/evaluation/share/evaluation/hook/cmake_prefix_path.ps1'
[1.068s] INFO:colcon.colcon_core.shell:Creating environment descriptor '/home/jsyun/Programming/ROS2/automotive_software_simulator/install/evaluation/share/evaluation/hook/cmake_prefix_path.dsv'
[1.068s] INFO:colcon.colcon_core.shell:Creating environment hook '/home/jsyun/Programming/ROS2/automotive_software_simulator/install/evaluation/share/evaluation/hook/cmake_prefix_path.sh'
[1.068s] Level 1:colcon.colcon_core.environment:checking '/home/jsyun/Programming/ROS2/automotive_software_simulator/install/evaluation/lib'
[1.069s] Level 1:colcon.colcon_core.environment:checking '/home/jsyun/Programming/ROS2/automotive_software_simulator/install/evaluation/bin'
[1.069s] Level 1:colcon.colcon_core.environment:checking '/home/jsyun/Programming/ROS2/automotive_software_simulator/install/evaluation/lib/pkgconfig/evaluation.pc'
[1.069s] Level 1:colcon.colcon_core.environment:checking '/home/jsyun/Programming/ROS2/automotive_software_simulator/install/evaluation/lib/python3.10/site-packages'
[1.069s] Level 1:colcon.colcon_core.environment:checking '/home/jsyun/Programming/ROS2/automotive_software_simulator/install/evaluation/bin'
[1.069s] INFO:colcon.colcon_core.shell:Creating package script '/home/jsyun/Programming/ROS2/automotive_software_simulator/install/evaluation/share/evaluation/package.ps1'
[1.069s] INFO:colcon.colcon_core.shell:Creating package descriptor '/home/jsyun/Programming/ROS2/automotive_software_simulator/install/evaluation/share/evaluation/package.dsv'
[1.070s] INFO:colcon.colcon_core.shell:Creating package script '/home/jsyun/Programming/ROS2/automotive_software_simulator/install/evaluation/share/evaluation/package.sh'
[1.070s] INFO:colcon.colcon_core.shell:Creating package script '/home/jsyun/Programming/ROS2/automotive_software_simulator/install/evaluation/share/evaluation/package.bash'
[1.070s] INFO:colcon.colcon_core.shell:Creating package script '/home/jsyun/Programming/ROS2/automotive_software_simulator/install/evaluation/share/evaluation/package.zsh'
[1.071s] Level 1:colcon.colcon_core.environment:create_file_with_runtime_dependencies(/home/jsyun/Programming/ROS2/automotive_software_simulator/install/evaluation/share/colcon-core/packages/evaluation)
[1.078s] Level 1:colcon.colcon_core.environment:create_environment_scripts_only(simulator)
[1.078s] Level 1:colcon.colcon_core.environment:checking '/home/jsyun/Programming/ROS2/automotive_software_simulator/install/simulator' for CMake module files
[1.078s] Level 1:colcon.colcon_core.environment:checking '/home/jsyun/Programming/ROS2/automotive_software_simulator/install/simulator' for CMake config files
[1.079s] Level 1:colcon.colcon_core.shell:create_environment_hook('simulator', 'cmake_prefix_path')
[1.079s] INFO:colcon.colcon_core.shell:Creating environment hook '/home/jsyun/Programming/ROS2/automotive_software_simulator/install/simulator/share/simulator/hook/cmake_prefix_path.ps1'
[1.079s] INFO:colcon.colcon_core.shell:Creating environment descriptor '/home/jsyun/Programming/ROS2/automotive_software_simulator/install/simulator/share/simulator/hook/cmake_prefix_path.dsv'
[1.079s] INFO:colcon.colcon_core.shell:Creating environment hook '/home/jsyun/Programming/ROS2/automotive_software_simulator/install/simulator/share/simulator/hook/cmake_prefix_path.sh'
[1.080s] Level 1:colcon.colcon_core.environment:checking '/home/jsyun/Programming/ROS2/automotive_software_simulator/install/simulator/lib'
[1.080s] Level 1:colcon.colcon_core.environment:checking '/home/jsyun/Programming/ROS2/automotive_software_simulator/install/simulator/bin'
[1.080s] Level 1:colcon.colcon_core.environment:checking '/home/jsyun/Programming/ROS2/automotive_software_simulator/install/simulator/lib/pkgconfig/simulator.pc'
[1.080s] Level 1:colcon.colcon_core.environment:checking '/home/jsyun/Programming/ROS2/automotive_software_simulator/install/simulator/lib/python3.10/site-packages'
[1.080s] Level 1:colcon.colcon_core.environment:checking '/home/jsyun/Programming/ROS2/automotive_software_simulator/install/simulator/bin'
[1.081s] INFO:colcon.colcon_core.shell:Creating package script '/home/jsyun/Programming/ROS2/automotive_software_simulator/install/simulator/share/simulator/package.ps1'
[1.081s] INFO:colcon.colcon_core.shell:Creating package descriptor '/home/jsyun/Programming/ROS2/automotive_software_simulator/install/simulator/share/simulator/package.dsv'
[1.081s] INFO:colcon.colcon_core.shell:Creating package script '/home/jsyun/Programming/ROS2/automotive_software_simulator/install/simulator/share/simulator/package.sh'
[1.081s] INFO:colcon.colcon_core.shell:Creating package script '/home/jsyun/Programming/ROS2/automotive_software_simulator/install/simulator/share/simulator/package.bash'
[1.082s] INFO:colcon.colcon_core.shell:Creating package script '/home/jsyun/Programming/ROS2/automotive_software_simulator/install/simulator/share/simulator/package.zsh'
[1.082s] Level 1:colcon.colcon_core.environment:create_file_with_runtime_dependencies(/home/jsyun/Programming/ROS2/automotive_software_simulator/install/simulator/share/colcon-core/packages/simulator)
[1.082s] DEBUG:colcon.colcon_parallel_executor.executor.parallel:closing loop
[1.082s] DEBUG:colcon.colcon_parallel_executor.executor.parallel:loop closed
[1.082s] DEBUG:colcon.colcon_parallel_executor.executor.parallel:run_until_complete finished with '0'
[1.082s] DEBUG:colcon.colcon_core.event_reactor:joining thread
[1.087s] INFO:colcon.colcon_core.plugin_system:Skipping extension 'colcon_notification.desktop_notification.terminal_notifier': Not used on non-Darwin systems
[1.087s] INFO:colcon.colcon_core.plugin_system:Skipping extension 'colcon_notification.desktop_notification.win32': Not used on non-Windows systems
[1.087s] INFO:colcon.colcon_notification.desktop_notification:Sending desktop notification using 'notify2'
[1.096s] DEBUG:colcon.colcon_core.event_reactor:joined thread
[1.097s] INFO:colcon.colcon_core.shell:Creating prefix script '/home/jsyun/Programming/ROS2/automotive_software_simulator/install/local_setup.ps1'
[1.097s] INFO:colcon.colcon_core.shell:Creating prefix util module '/home/jsyun/Programming/ROS2/automotive_software_simulator/install/_local_setup_util_ps1.py'
[1.098s] INFO:colcon.colcon_core.shell:Creating prefix chain script '/home/jsyun/Programming/ROS2/automotive_software_simulator/install/setup.ps1'
[1.099s] INFO:colcon.colcon_core.shell:Creating prefix script '/home/jsyun/Programming/ROS2/automotive_software_simulator/install/local_setup.sh'
[1.100s] INFO:colcon.colcon_core.shell:Creating prefix util module '/home/jsyun/Programming/ROS2/automotive_software_simulator/install/_local_setup_util_sh.py'
[1.100s] INFO:colcon.colcon_core.shell:Creating prefix chain script '/home/jsyun/Programming/ROS2/automotive_software_simulator/install/setup.sh'
[1.101s] INFO:colcon.colcon_core.shell:Creating prefix script '/home/jsyun/Programming/ROS2/automotive_software_simulator/install/local_setup.bash'
[1.101s] INFO:colcon.colcon_core.shell:Creating prefix chain script '/home/jsyun/Programming/ROS2/automotive_software_simulator/install/setup.bash'
[1.102s] INFO:colcon.colcon_core.shell:Creating prefix script '/home/jsyun/Programming/ROS2/automotive_software_simulator/install/local_setup.zsh'
[1.102s] INFO:colcon.colcon_core.shell:Creating prefix chain script '/home/jsyun/Programming/ROS2/automotive_software_simulator/install/setup.zsh'
