[100%] Built target speed_limiter
-- Install configuration: "Release"
-- Execute custom install script
-- Up-to-date symlink: /home/jsyun/Programming/ROS2/automotive_software_lecture/simulator_projects/002_automotive_software_lon/install/speed_limiter/lib/speed_limiter/speed_limiter
-- Up-to-date symlink: /home/jsyun/Programming/ROS2/automotive_software_lecture/simulator_projects/002_automotive_software_lon/install/speed_limiter/share/speed_limiter/launch/speed_limiter.launch.xml
-- Up-to-date symlink: /home/jsyun/Programming/ROS2/automotive_software_lecture/simulator_projects/002_automotive_software_lon/install/speed_limiter/share/ament_index/resource_index/package_run_dependencies/speed_limiter
-- Up-to-date symlink: /home/jsyun/Programming/ROS2/automotive_software_lecture/simulator_projects/002_automotive_software_lon/install/speed_limiter/share/ament_index/resource_index/parent_prefix_path/speed_limiter
-- Up-to-date symlink: /home/jsyun/Programming/ROS2/automotive_software_lecture/simulator_projects/002_automotive_software_lon/install/speed_limiter/share/speed_limiter/environment/ament_prefix_path.sh
-- Up-to-date symlink: /home/jsyun/Programming/ROS2/automotive_software_lecture/simulator_projects/002_automotive_software_lon/install/speed_limiter/share/speed_limiter/environment/ament_prefix_path.dsv
-- Up-to-date symlink: /home/jsyun/Programming/ROS2/automotive_software_lecture/simulator_projects/002_automotive_software_lon/install/speed_limiter/share/speed_limiter/environment/path.sh
-- Up-to-date symlink: /home/jsyun/Programming/ROS2/automotive_software_lecture/simulator_projects/002_automotive_software_lon/install/speed_limiter/share/speed_limiter/environment/path.dsv
-- Up-to-date symlink: /home/jsyun/Programming/ROS2/automotive_software_lecture/simulator_projects/002_automotive_software_lon/install/speed_limiter/share/speed_limiter/local_setup.bash
-- Up-to-date symlink: /home/jsyun/Programming/ROS2/automotive_software_lecture/simulator_projects/002_automotive_software_lon/install/speed_limiter/share/speed_limiter/local_setup.sh
-- Up-to-date symlink: /home/jsyun/Programming/ROS2/automotive_software_lecture/simulator_projects/002_automotive_software_lon/install/speed_limiter/share/speed_limiter/local_setup.zsh
-- Up-to-date symlink: /home/jsyun/Programming/ROS2/automotive_software_lecture/simulator_projects/002_automotive_software_lon/install/speed_limiter/share/speed_limiter/local_setup.dsv
-- Symlinking: /home/jsyun/Programming/ROS2/automotive_software_lecture/simulator_projects/002_automotive_software_lon/install/speed_limiter/share/speed_limiter/package.dsv
-- Up-to-date symlink: /home/jsyun/Programming/ROS2/automotive_software_lecture/simulator_projects/002_automotive_software_lon/install/speed_limiter/share/ament_index/resource_index/packages/speed_limiter
-- Up-to-date symlink: /home/jsyun/Programming/ROS2/automotive_software_lecture/simulator_projects/002_automotive_software_lon/install/speed_limiter/share/speed_limiter/cmake/speed_limiterConfig.cmake
-- Up-to-date symlink: /home/jsyun/Programming/ROS2/automotive_software_lecture/simulator_projects/002_automotive_software_lon/install/speed_limiter/share/speed_limiter/cmake/speed_limiterConfig-version.cmake
-- Up-to-date symlink: /home/jsyun/Programming/ROS2/automotive_software_lecture/simulator_projects/002_automotive_software_lon/install/speed_limiter/share/speed_limiter/package.xml
