[0.008s] Invoking command in '/home/jsyun/Programming/ROS2/automotive_software_simulator/build/ad_msgs': CMAKE_PREFIX_PATH=/opt/ros/humble /usr/bin/cmake --build /home/jsyun/Programming/ROS2/automotive_software_simulator/build/ad_msgs -- -j12 -l12
[0.045s] [35m[1mConsolidate compiler generated dependencies of target ad_msgs__rosidl_generator_c[0m
[0.053s] [  1%] Built target ad_msgs__cpp
[0.055s] [ 12%] Built target ad_msgs__rosidl_generator_c
[0.059s] [ 12%] Built target ament_cmake_python_symlink_ad_msgs
[0.063s] [35m[1mConsolidate compiler generated dependencies of target ad_msgs__rosidl_typesupport_cpp[0m
[0.064s] [35m[1mConsolidate compiler generated dependencies of target ad_msgs__rosidl_typesupport_introspection_cpp[0m
[0.065s] [35m[1mConsolidate compiler generated dependencies of target ad_msgs__rosidl_typesupport_c[0m
[0.065s] [35m[1mConsolidate compiler generated dependencies of target ad_msgs__rosidl_typesupport_fastrtps_cpp[0m
[0.065s] [35m[1mConsolidate compiler generated dependencies of target ad_msgs__rosidl_typesupport_fastrtps_c[0m
[0.066s] [35m[1mConsolidate compiler generated dependencies of target ad_msgs__rosidl_typesupport_introspection_c[0m
[0.077s] [ 23%] Built target ad_msgs__rosidl_typesupport_c
[0.079s] [ 35%] Built target ad_msgs__rosidl_typesupport_introspection_cpp
[0.079s] [ 46%] Built target ad_msgs__rosidl_typesupport_cpp
[0.081s] [ 57%] Built target ad_msgs__rosidl_typesupport_introspection_c
[0.081s] [ 69%] Built target ad_msgs__rosidl_typesupport_fastrtps_c
[0.082s] [ 80%] Built target ad_msgs__rosidl_typesupport_fastrtps_cpp
[0.099s] [ 80%] Built target ad_msgs
[0.118s] [ 81%] Built target ad_msgs__py
[0.128s] [35m[1mConsolidate compiler generated dependencies of target ad_msgs__rosidl_generator_py[0m
[0.143s] [ 91%] Built target ad_msgs__rosidl_generator_py
[0.152s] [35m[1mConsolidate compiler generated dependencies of target ad_msgs__rosidl_typesupport_fastrtps_c__pyext[0m
[0.152s] [35m[1mConsolidate compiler generated dependencies of target ad_msgs__rosidl_typesupport_introspection_c__pyext[0m
[0.152s] [35m[1mConsolidate compiler generated dependencies of target ad_msgs__rosidl_typesupport_c__pyext[0m
[0.164s] [100%] Built target ad_msgs__rosidl_typesupport_fastrtps_c__pyext
[0.164s] [100%] Built target ad_msgs__rosidl_typesupport_c__pyext
[0.164s] [100%] Built target ad_msgs__rosidl_typesupport_introspection_c__pyext
[0.245s] running egg_info
[0.245s] writing ad_msgs.egg-info/PKG-INFO
[0.246s] writing dependency_links to ad_msgs.egg-info/dependency_links.txt
[0.246s] writing top-level names to ad_msgs.egg-info/top_level.txt
[0.247s] reading manifest file 'ad_msgs.egg-info/SOURCES.txt'
[0.248s] writing manifest file 'ad_msgs.egg-info/SOURCES.txt'
[0.268s] [100%] Built target ament_cmake_python_build_ad_msgs_egg
[0.279s] Invoked command in '/home/jsyun/Programming/ROS2/automotive_software_simulator/build/ad_msgs' returned '0': CMAKE_PREFIX_PATH=/opt/ros/humble /usr/bin/cmake --build /home/jsyun/Programming/ROS2/automotive_software_simulator/build/ad_msgs -- -j12 -l12
[0.418s] Invoking command in '/home/jsyun/Programming/ROS2/automotive_software_simulator/build/ad_msgs': CMAKE_PREFIX_PATH=/opt/ros/humble /usr/bin/cmake --install /home/jsyun/Programming/ROS2/automotive_software_simulator/build/ad_msgs
[0.424s] -- Install configuration: ""
[0.425s] -- Execute custom install script
[0.425s] -- Up-to-date symlink: /home/jsyun/Programming/ROS2/automotive_software_simulator/install/ad_msgs/share/ament_index/resource_index/rosidl_interfaces/ad_msgs
[0.425s] -- Up-to-date symlink: /home/jsyun/Programming/ROS2/automotive_software_simulator/install/ad_msgs/include/ad_msgs/ad_msgs/msg/detail/lane_point_data__functions.h
[0.426s] -- Up-to-date symlink: /home/jsyun/Programming/ROS2/automotive_software_simulator/install/ad_msgs/include/ad_msgs/ad_msgs/msg/detail/lane_point_data__struct.h
[0.426s] -- Up-to-date symlink: /home/jsyun/Programming/ROS2/automotive_software_simulator/install/ad_msgs/include/ad_msgs/ad_msgs/msg/detail/lane_point_data__type_support.h
[0.426s] -- Up-to-date symlink: /home/jsyun/Programming/ROS2/automotive_software_simulator/install/ad_msgs/include/ad_msgs/ad_msgs/msg/detail/lane_point_data_array__functions.h
[0.426s] -- Up-to-date symlink: /home/jsyun/Programming/ROS2/automotive_software_simulator/install/ad_msgs/include/ad_msgs/ad_msgs/msg/detail/lane_point_data_array__struct.h
[0.426s] -- Up-to-date symlink: /home/jsyun/Programming/ROS2/automotive_software_simulator/install/ad_msgs/include/ad_msgs/ad_msgs/msg/detail/lane_point_data_array__type_support.h
[0.426s] -- Up-to-date symlink: /home/jsyun/Programming/ROS2/automotive_software_simulator/install/ad_msgs/include/ad_msgs/ad_msgs/msg/detail/polyfit_lane_data__functions.h
[0.426s] -- Up-to-date symlink: /home/jsyun/Programming/ROS2/automotive_software_simulator/install/ad_msgs/include/ad_msgs/ad_msgs/msg/detail/polyfit_lane_data__struct.h
[0.426s] -- Up-to-date symlink: /home/jsyun/Programming/ROS2/automotive_software_simulator/install/ad_msgs/include/ad_msgs/ad_msgs/msg/detail/polyfit_lane_data__type_support.h
[0.426s] -- Up-to-date symlink: /home/jsyun/Programming/ROS2/automotive_software_simulator/install/ad_msgs/include/ad_msgs/ad_msgs/msg/detail/polyfit_lane_data_array__functions.h
[0.426s] -- Up-to-date symlink: /home/jsyun/Programming/ROS2/automotive_software_simulator/install/ad_msgs/include/ad_msgs/ad_msgs/msg/detail/polyfit_lane_data_array__struct.h
[0.426s] -- Up-to-date symlink: /home/jsyun/Programming/ROS2/automotive_software_simulator/install/ad_msgs/include/ad_msgs/ad_msgs/msg/detail/polyfit_lane_data_array__type_support.h
[0.427s] -- Up-to-date symlink: /home/jsyun/Programming/ROS2/automotive_software_simulator/install/ad_msgs/include/ad_msgs/ad_msgs/msg/detail/vehicle_input__functions.h
[0.427s] -- Up-to-date symlink: /home/jsyun/Programming/ROS2/automotive_software_simulator/install/ad_msgs/include/ad_msgs/ad_msgs/msg/detail/vehicle_input__struct.h
[0.427s] -- Up-to-date symlink: /home/jsyun/Programming/ROS2/automotive_software_simulator/install/ad_msgs/include/ad_msgs/ad_msgs/msg/detail/vehicle_input__type_support.h
[0.427s] -- Up-to-date symlink: /home/jsyun/Programming/ROS2/automotive_software_simulator/install/ad_msgs/include/ad_msgs/ad_msgs/msg/detail/vehicle_output__functions.h
[0.427s] -- Up-to-date symlink: /home/jsyun/Programming/ROS2/automotive_software_simulator/install/ad_msgs/include/ad_msgs/ad_msgs/msg/detail/vehicle_output__struct.h
[0.427s] -- Up-to-date symlink: /home/jsyun/Programming/ROS2/automotive_software_simulator/install/ad_msgs/include/ad_msgs/ad_msgs/msg/detail/vehicle_output__type_support.h
[0.427s] -- Up-to-date symlink: /home/jsyun/Programming/ROS2/automotive_software_simulator/install/ad_msgs/include/ad_msgs/ad_msgs/msg/lane_point_data.h
[0.427s] -- Up-to-date symlink: /home/jsyun/Programming/ROS2/automotive_software_simulator/install/ad_msgs/include/ad_msgs/ad_msgs/msg/lane_point_data_array.h
[0.427s] -- Up-to-date symlink: /home/jsyun/Programming/ROS2/automotive_software_simulator/install/ad_msgs/include/ad_msgs/ad_msgs/msg/polyfit_lane_data.h
[0.427s] -- Up-to-date symlink: /home/jsyun/Programming/ROS2/automotive_software_simulator/install/ad_msgs/include/ad_msgs/ad_msgs/msg/polyfit_lane_data_array.h
[0.428s] -- Up-to-date symlink: /home/jsyun/Programming/ROS2/automotive_software_simulator/install/ad_msgs/include/ad_msgs/ad_msgs/msg/rosidl_generator_c__visibility_control.h
[0.428s] -- Up-to-date symlink: /home/jsyun/Programming/ROS2/automotive_software_simulator/install/ad_msgs/include/ad_msgs/ad_msgs/msg/vehicle_input.h
[0.428s] -- Up-to-date symlink: /home/jsyun/Programming/ROS2/automotive_software_simulator/install/ad_msgs/include/ad_msgs/ad_msgs/msg/vehicle_output.h
[0.428s] -- Up-to-date symlink: /home/jsyun/Programming/ROS2/automotive_software_simulator/install/ad_msgs/share/ad_msgs/environment/library_path.sh
[0.428s] -- Up-to-date symlink: /home/jsyun/Programming/ROS2/automotive_software_simulator/install/ad_msgs/share/ad_msgs/environment/library_path.dsv
[0.429s] -- Up-to-date symlink: /home/jsyun/Programming/ROS2/automotive_software_simulator/install/ad_msgs/include/ad_msgs/ad_msgs/msg/detail/lane_point_data__rosidl_typesupport_fastrtps_c.h
[0.429s] -- Up-to-date symlink: /home/jsyun/Programming/ROS2/automotive_software_simulator/install/ad_msgs/include/ad_msgs/ad_msgs/msg/detail/lane_point_data_array__rosidl_typesupport_fastrtps_c.h
[0.429s] -- Up-to-date symlink: /home/jsyun/Programming/ROS2/automotive_software_simulator/install/ad_msgs/include/ad_msgs/ad_msgs/msg/detail/polyfit_lane_data__rosidl_typesupport_fastrtps_c.h
[0.429s] -- Up-to-date symlink: /home/jsyun/Programming/ROS2/automotive_software_simulator/install/ad_msgs/include/ad_msgs/ad_msgs/msg/detail/polyfit_lane_data_array__rosidl_typesupport_fastrtps_c.h
[0.429s] -- Up-to-date symlink: /home/jsyun/Programming/ROS2/automotive_software_simulator/install/ad_msgs/include/ad_msgs/ad_msgs/msg/detail/vehicle_input__rosidl_typesupport_fastrtps_c.h
[0.429s] -- Up-to-date symlink: /home/jsyun/Programming/ROS2/automotive_software_simulator/install/ad_msgs/include/ad_msgs/ad_msgs/msg/detail/vehicle_output__rosidl_typesupport_fastrtps_c.h
[0.429s] -- Up-to-date symlink: /home/jsyun/Programming/ROS2/automotive_software_simulator/install/ad_msgs/include/ad_msgs/ad_msgs/msg/rosidl_typesupport_fastrtps_c__visibility_control.h
[0.429s] -- Up-to-date symlink: /home/jsyun/Programming/ROS2/automotive_software_simulator/install/ad_msgs/include/ad_msgs/ad_msgs/msg/detail/lane_point_data__rosidl_typesupport_introspection_c.h
[0.430s] -- Up-to-date symlink: /home/jsyun/Programming/ROS2/automotive_software_simulator/install/ad_msgs/include/ad_msgs/ad_msgs/msg/detail/lane_point_data_array__rosidl_typesupport_introspection_c.h
[0.430s] -- Up-to-date symlink: /home/jsyun/Programming/ROS2/automotive_software_simulator/install/ad_msgs/include/ad_msgs/ad_msgs/msg/detail/polyfit_lane_data__rosidl_typesupport_introspection_c.h
[0.430s] -- Up-to-date symlink: /home/jsyun/Programming/ROS2/automotive_software_simulator/install/ad_msgs/include/ad_msgs/ad_msgs/msg/detail/polyfit_lane_data_array__rosidl_typesupport_introspection_c.h
[0.430s] -- Up-to-date symlink: /home/jsyun/Programming/ROS2/automotive_software_simulator/install/ad_msgs/include/ad_msgs/ad_msgs/msg/detail/vehicle_input__rosidl_typesupport_introspection_c.h
[0.430s] -- Up-to-date symlink: /home/jsyun/Programming/ROS2/automotive_software_simulator/install/ad_msgs/include/ad_msgs/ad_msgs/msg/detail/vehicle_output__rosidl_typesupport_introspection_c.h
[0.430s] -- Up-to-date symlink: /home/jsyun/Programming/ROS2/automotive_software_simulator/install/ad_msgs/include/ad_msgs/ad_msgs/msg/rosidl_typesupport_introspection_c__visibility_control.h
[0.430s] -- Up-to-date symlink: /home/jsyun/Programming/ROS2/automotive_software_simulator/install/ad_msgs/include/ad_msgs/ad_msgs/msg/detail/lane_point_data__builder.hpp
[0.431s] -- Up-to-date symlink: /home/jsyun/Programming/ROS2/automotive_software_simulator/install/ad_msgs/include/ad_msgs/ad_msgs/msg/detail/lane_point_data__struct.hpp
[0.431s] -- Up-to-date symlink: /home/jsyun/Programming/ROS2/automotive_software_simulator/install/ad_msgs/include/ad_msgs/ad_msgs/msg/detail/lane_point_data__traits.hpp
[0.431s] -- Up-to-date symlink: /home/jsyun/Programming/ROS2/automotive_software_simulator/install/ad_msgs/include/ad_msgs/ad_msgs/msg/detail/lane_point_data_array__builder.hpp
[0.431s] -- Up-to-date symlink: /home/jsyun/Programming/ROS2/automotive_software_simulator/install/ad_msgs/include/ad_msgs/ad_msgs/msg/detail/lane_point_data_array__struct.hpp
[0.431s] -- Up-to-date symlink: /home/jsyun/Programming/ROS2/automotive_software_simulator/install/ad_msgs/include/ad_msgs/ad_msgs/msg/detail/lane_point_data_array__traits.hpp
[0.431s] -- Up-to-date symlink: /home/jsyun/Programming/ROS2/automotive_software_simulator/install/ad_msgs/include/ad_msgs/ad_msgs/msg/detail/polyfit_lane_data__builder.hpp
[0.431s] -- Up-to-date symlink: /home/jsyun/Programming/ROS2/automotive_software_simulator/install/ad_msgs/include/ad_msgs/ad_msgs/msg/detail/polyfit_lane_data__struct.hpp
[0.431s] -- Up-to-date symlink: /home/jsyun/Programming/ROS2/automotive_software_simulator/install/ad_msgs/include/ad_msgs/ad_msgs/msg/detail/polyfit_lane_data__traits.hpp
[0.431s] -- Up-to-date symlink: /home/jsyun/Programming/ROS2/automotive_software_simulator/install/ad_msgs/include/ad_msgs/ad_msgs/msg/detail/polyfit_lane_data_array__builder.hpp
[0.431s] -- Up-to-date symlink: /home/jsyun/Programming/ROS2/automotive_software_simulator/install/ad_msgs/include/ad_msgs/ad_msgs/msg/detail/polyfit_lane_data_array__struct.hpp
[0.431s] -- Up-to-date symlink: /home/jsyun/Programming/ROS2/automotive_software_simulator/install/ad_msgs/include/ad_msgs/ad_msgs/msg/detail/polyfit_lane_data_array__traits.hpp
[0.432s] -- Up-to-date symlink: /home/jsyun/Programming/ROS2/automotive_software_simulator/install/ad_msgs/include/ad_msgs/ad_msgs/msg/detail/vehicle_input__builder.hpp
[0.432s] -- Up-to-date symlink: /home/jsyun/Programming/ROS2/automotive_software_simulator/install/ad_msgs/include/ad_msgs/ad_msgs/msg/detail/vehicle_input__struct.hpp
[0.432s] -- Up-to-date symlink: /home/jsyun/Programming/ROS2/automotive_software_simulator/install/ad_msgs/include/ad_msgs/ad_msgs/msg/detail/vehicle_input__traits.hpp
[0.432s] -- Up-to-date symlink: /home/jsyun/Programming/ROS2/automotive_software_simulator/install/ad_msgs/include/ad_msgs/ad_msgs/msg/detail/vehicle_output__builder.hpp
[0.432s] -- Up-to-date symlink: /home/jsyun/Programming/ROS2/automotive_software_simulator/install/ad_msgs/include/ad_msgs/ad_msgs/msg/detail/vehicle_output__struct.hpp
[0.432s] -- Up-to-date symlink: /home/jsyun/Programming/ROS2/automotive_software_simulator/install/ad_msgs/include/ad_msgs/ad_msgs/msg/detail/vehicle_output__traits.hpp
[0.432s] -- Up-to-date symlink: /home/jsyun/Programming/ROS2/automotive_software_simulator/install/ad_msgs/include/ad_msgs/ad_msgs/msg/lane_point_data.hpp
[0.432s] -- Up-to-date symlink: /home/jsyun/Programming/ROS2/automotive_software_simulator/install/ad_msgs/include/ad_msgs/ad_msgs/msg/lane_point_data_array.hpp
[0.432s] -- Up-to-date symlink: /home/jsyun/Programming/ROS2/automotive_software_simulator/install/ad_msgs/include/ad_msgs/ad_msgs/msg/polyfit_lane_data.hpp
[0.432s] -- Up-to-date symlink: /home/jsyun/Programming/ROS2/automotive_software_simulator/install/ad_msgs/include/ad_msgs/ad_msgs/msg/polyfit_lane_data_array.hpp
[0.433s] -- Up-to-date symlink: /home/jsyun/Programming/ROS2/automotive_software_simulator/install/ad_msgs/include/ad_msgs/ad_msgs/msg/vehicle_input.hpp
[0.433s] -- Up-to-date symlink: /home/jsyun/Programming/ROS2/automotive_software_simulator/install/ad_msgs/include/ad_msgs/ad_msgs/msg/vehicle_output.hpp
[0.433s] -- Up-to-date symlink: /home/jsyun/Programming/ROS2/automotive_software_simulator/install/ad_msgs/include/ad_msgs/ad_msgs/msg/detail/lane_point_data__rosidl_typesupport_fastrtps_cpp.hpp
[0.433s] -- Up-to-date symlink: /home/jsyun/Programming/ROS2/automotive_software_simulator/install/ad_msgs/include/ad_msgs/ad_msgs/msg/detail/lane_point_data_array__rosidl_typesupport_fastrtps_cpp.hpp
[0.433s] -- Up-to-date symlink: /home/jsyun/Programming/ROS2/automotive_software_simulator/install/ad_msgs/include/ad_msgs/ad_msgs/msg/detail/polyfit_lane_data__rosidl_typesupport_fastrtps_cpp.hpp
[0.433s] -- Up-to-date symlink: /home/jsyun/Programming/ROS2/automotive_software_simulator/install/ad_msgs/include/ad_msgs/ad_msgs/msg/detail/polyfit_lane_data_array__rosidl_typesupport_fastrtps_cpp.hpp
[0.433s] -- Up-to-date symlink: /home/jsyun/Programming/ROS2/automotive_software_simulator/install/ad_msgs/include/ad_msgs/ad_msgs/msg/detail/vehicle_input__rosidl_typesupport_fastrtps_cpp.hpp
[0.434s] -- Up-to-date symlink: /home/jsyun/Programming/ROS2/automotive_software_simulator/install/ad_msgs/include/ad_msgs/ad_msgs/msg/detail/vehicle_output__rosidl_typesupport_fastrtps_cpp.hpp
[0.434s] -- Up-to-date symlink: /home/jsyun/Programming/ROS2/automotive_software_simulator/install/ad_msgs/include/ad_msgs/ad_msgs/msg/rosidl_typesupport_fastrtps_cpp__visibility_control.h
[0.434s] -- Up-to-date symlink: /home/jsyun/Programming/ROS2/automotive_software_simulator/install/ad_msgs/include/ad_msgs/ad_msgs/msg/detail/lane_point_data__rosidl_typesupport_introspection_cpp.hpp
[0.434s] -- Up-to-date symlink: /home/jsyun/Programming/ROS2/automotive_software_simulator/install/ad_msgs/include/ad_msgs/ad_msgs/msg/detail/lane_point_data_array__rosidl_typesupport_introspection_cpp.hpp
[0.434s] -- Up-to-date symlink: /home/jsyun/Programming/ROS2/automotive_software_simulator/install/ad_msgs/include/ad_msgs/ad_msgs/msg/detail/polyfit_lane_data__rosidl_typesupport_introspection_cpp.hpp
[0.434s] -- Up-to-date symlink: /home/jsyun/Programming/ROS2/automotive_software_simulator/install/ad_msgs/include/ad_msgs/ad_msgs/msg/detail/polyfit_lane_data_array__rosidl_typesupport_introspection_cpp.hpp
[0.434s] -- Up-to-date symlink: /home/jsyun/Programming/ROS2/automotive_software_simulator/install/ad_msgs/include/ad_msgs/ad_msgs/msg/detail/vehicle_input__rosidl_typesupport_introspection_cpp.hpp
[0.434s] -- Up-to-date symlink: /home/jsyun/Programming/ROS2/automotive_software_simulator/install/ad_msgs/include/ad_msgs/ad_msgs/msg/detail/vehicle_output__rosidl_typesupport_introspection_cpp.hpp
[0.435s] -- Up-to-date symlink: /home/jsyun/Programming/ROS2/automotive_software_simulator/install/ad_msgs/share/ad_msgs/environment/pythonpath.sh
[0.435s] -- Up-to-date symlink: /home/jsyun/Programming/ROS2/automotive_software_simulator/install/ad_msgs/share/ad_msgs/environment/pythonpath.dsv
[0.435s] -- Up-to-date symlink: /home/jsyun/Programming/ROS2/automotive_software_simulator/install/ad_msgs/local/lib/python3.10/dist-packages/ad_msgs-0.0.0-py3.10.egg-info/PKG-INFO
[0.435s] -- Up-to-date symlink: /home/jsyun/Programming/ROS2/automotive_software_simulator/install/ad_msgs/local/lib/python3.10/dist-packages/ad_msgs-0.0.0-py3.10.egg-info/SOURCES.txt
[0.435s] -- Up-to-date symlink: /home/jsyun/Programming/ROS2/automotive_software_simulator/install/ad_msgs/local/lib/python3.10/dist-packages/ad_msgs-0.0.0-py3.10.egg-info/dependency_links.txt
[0.435s] -- Up-to-date symlink: /home/jsyun/Programming/ROS2/automotive_software_simulator/install/ad_msgs/local/lib/python3.10/dist-packages/ad_msgs-0.0.0-py3.10.egg-info/top_level.txt
[0.436s] -- Up-to-date symlink: /home/jsyun/Programming/ROS2/automotive_software_simulator/install/ad_msgs/local/lib/python3.10/dist-packages/ad_msgs/__init__.py
[0.436s] -- Up-to-date symlink: /home/jsyun/Programming/ROS2/automotive_software_simulator/install/ad_msgs/local/lib/python3.10/dist-packages/ad_msgs/_ad_msgs_s.ep.rosidl_typesupport_c.c
[0.436s] -- Up-to-date symlink: /home/jsyun/Programming/ROS2/automotive_software_simulator/install/ad_msgs/local/lib/python3.10/dist-packages/ad_msgs/_ad_msgs_s.ep.rosidl_typesupport_fastrtps_c.c
[0.436s] -- Up-to-date symlink: /home/jsyun/Programming/ROS2/automotive_software_simulator/install/ad_msgs/local/lib/python3.10/dist-packages/ad_msgs/_ad_msgs_s.ep.rosidl_typesupport_introspection_c.c
[0.436s] -- Up-to-date symlink: /home/jsyun/Programming/ROS2/automotive_software_simulator/install/ad_msgs/local/lib/python3.10/dist-packages/ad_msgs/ad_msgs_s__rosidl_typesupport_c.cpython-310-x86_64-linux-gnu.so
[0.436s] -- Up-to-date symlink: /home/jsyun/Programming/ROS2/automotive_software_simulator/install/ad_msgs/local/lib/python3.10/dist-packages/ad_msgs/ad_msgs_s__rosidl_typesupport_fastrtps_c.cpython-310-x86_64-linux-gnu.so
[0.436s] -- Up-to-date symlink: /home/jsyun/Programming/ROS2/automotive_software_simulator/install/ad_msgs/local/lib/python3.10/dist-packages/ad_msgs/ad_msgs_s__rosidl_typesupport_introspection_c.cpython-310-x86_64-linux-gnu.so
[0.436s] -- Up-to-date symlink: /home/jsyun/Programming/ROS2/automotive_software_simulator/install/ad_msgs/local/lib/python3.10/dist-packages/ad_msgs/libad_msgs__rosidl_generator_py.so
[0.437s] -- Up-to-date symlink: /home/jsyun/Programming/ROS2/automotive_software_simulator/install/ad_msgs/local/lib/python3.10/dist-packages/ad_msgs/msg/__init__.py
[0.437s] -- Up-to-date symlink: /home/jsyun/Programming/ROS2/automotive_software_simulator/install/ad_msgs/local/lib/python3.10/dist-packages/ad_msgs/msg/_lane_point_data.py
[0.437s] -- Up-to-date symlink: /home/jsyun/Programming/ROS2/automotive_software_simulator/install/ad_msgs/local/lib/python3.10/dist-packages/ad_msgs/msg/_lane_point_data_array.py
[0.437s] -- Up-to-date symlink: /home/jsyun/Programming/ROS2/automotive_software_simulator/install/ad_msgs/local/lib/python3.10/dist-packages/ad_msgs/msg/_lane_point_data_array_s.c
[0.437s] -- Up-to-date symlink: /home/jsyun/Programming/ROS2/automotive_software_simulator/install/ad_msgs/local/lib/python3.10/dist-packages/ad_msgs/msg/_lane_point_data_s.c
[0.437s] -- Up-to-date symlink: /home/jsyun/Programming/ROS2/automotive_software_simulator/install/ad_msgs/local/lib/python3.10/dist-packages/ad_msgs/msg/_polyfit_lane_data.py
[0.437s] -- Up-to-date symlink: /home/jsyun/Programming/ROS2/automotive_software_simulator/install/ad_msgs/local/lib/python3.10/dist-packages/ad_msgs/msg/_polyfit_lane_data_array.py
[0.437s] -- Up-to-date symlink: /home/jsyun/Programming/ROS2/automotive_software_simulator/install/ad_msgs/local/lib/python3.10/dist-packages/ad_msgs/msg/_polyfit_lane_data_array_s.c
[0.437s] -- Up-to-date symlink: /home/jsyun/Programming/ROS2/automotive_software_simulator/install/ad_msgs/local/lib/python3.10/dist-packages/ad_msgs/msg/_polyfit_lane_data_s.c
[0.437s] -- Up-to-date symlink: /home/jsyun/Programming/ROS2/automotive_software_simulator/install/ad_msgs/local/lib/python3.10/dist-packages/ad_msgs/msg/_vehicle_input.py
[0.437s] -- Up-to-date symlink: /home/jsyun/Programming/ROS2/automotive_software_simulator/install/ad_msgs/local/lib/python3.10/dist-packages/ad_msgs/msg/_vehicle_input_s.c
[0.438s] -- Up-to-date symlink: /home/jsyun/Programming/ROS2/automotive_software_simulator/install/ad_msgs/local/lib/python3.10/dist-packages/ad_msgs/msg/_vehicle_output.py
[0.438s] -- Up-to-date symlink: /home/jsyun/Programming/ROS2/automotive_software_simulator/install/ad_msgs/local/lib/python3.10/dist-packages/ad_msgs/msg/_vehicle_output_s.c
[0.438s] -- Up-to-date symlink: /home/jsyun/Programming/ROS2/automotive_software_simulator/install/ad_msgs/local/lib/python3.10/dist-packages/ad_msgs/ad_msgs_s__rosidl_typesupport_fastrtps_c.cpython-310-x86_64-linux-gnu.so
[0.438s] -- Up-to-date symlink: /home/jsyun/Programming/ROS2/automotive_software_simulator/install/ad_msgs/local/lib/python3.10/dist-packages/ad_msgs/ad_msgs_s__rosidl_typesupport_introspection_c.cpython-310-x86_64-linux-gnu.so
[0.438s] -- Up-to-date symlink: /home/jsyun/Programming/ROS2/automotive_software_simulator/install/ad_msgs/local/lib/python3.10/dist-packages/ad_msgs/ad_msgs_s__rosidl_typesupport_c.cpython-310-x86_64-linux-gnu.so
[0.438s] -- Up-to-date symlink: /home/jsyun/Programming/ROS2/automotive_software_simulator/install/ad_msgs/share/ad_msgs/msg/VehicleOutput.idl
[0.438s] -- Up-to-date symlink: /home/jsyun/Programming/ROS2/automotive_software_simulator/install/ad_msgs/share/ad_msgs/msg/VehicleInput.idl
[0.439s] -- Up-to-date symlink: /home/jsyun/Programming/ROS2/automotive_software_simulator/install/ad_msgs/share/ad_msgs/msg/PolyfitLaneData.idl
[0.439s] -- Up-to-date symlink: /home/jsyun/Programming/ROS2/automotive_software_simulator/install/ad_msgs/share/ad_msgs/msg/LanePointData.idl
[0.439s] -- Up-to-date symlink: /home/jsyun/Programming/ROS2/automotive_software_simulator/install/ad_msgs/share/ad_msgs/msg/LanePointDataArray.idl
[0.439s] -- Up-to-date symlink: /home/jsyun/Programming/ROS2/automotive_software_simulator/install/ad_msgs/share/ad_msgs/msg/PolyfitLaneDataArray.idl
[0.439s] -- Up-to-date symlink: /home/jsyun/Programming/ROS2/automotive_software_simulator/install/ad_msgs/share/ad_msgs/msg/VehicleOutput.msg
[0.439s] -- Up-to-date symlink: /home/jsyun/Programming/ROS2/automotive_software_simulator/install/ad_msgs/share/ad_msgs/msg/VehicleInput.msg
[0.439s] -- Up-to-date symlink: /home/jsyun/Programming/ROS2/automotive_software_simulator/install/ad_msgs/share/ad_msgs/msg/PolyfitLaneData.msg
[0.439s] -- Up-to-date symlink: /home/jsyun/Programming/ROS2/automotive_software_simulator/install/ad_msgs/share/ad_msgs/msg/LanePointData.msg
[0.440s] -- Up-to-date symlink: /home/jsyun/Programming/ROS2/automotive_software_simulator/install/ad_msgs/share/ad_msgs/msg/LanePointDataArray.msg
[0.440s] -- Up-to-date symlink: /home/jsyun/Programming/ROS2/automotive_software_simulator/install/ad_msgs/share/ad_msgs/msg/PolyfitLaneDataArray.msg
[0.440s] -- Up-to-date symlink: /home/jsyun/Programming/ROS2/automotive_software_simulator/install/ad_msgs/share/ament_index/resource_index/package_run_dependencies/ad_msgs
[0.440s] -- Up-to-date symlink: /home/jsyun/Programming/ROS2/automotive_software_simulator/install/ad_msgs/share/ament_index/resource_index/parent_prefix_path/ad_msgs
[0.440s] -- Up-to-date symlink: /home/jsyun/Programming/ROS2/automotive_software_simulator/install/ad_msgs/share/ad_msgs/environment/ament_prefix_path.sh
[0.440s] -- Up-to-date symlink: /home/jsyun/Programming/ROS2/automotive_software_simulator/install/ad_msgs/share/ad_msgs/environment/ament_prefix_path.dsv
[0.440s] -- Up-to-date symlink: /home/jsyun/Programming/ROS2/automotive_software_simulator/install/ad_msgs/share/ad_msgs/environment/path.sh
[0.440s] -- Up-to-date symlink: /home/jsyun/Programming/ROS2/automotive_software_simulator/install/ad_msgs/share/ad_msgs/environment/path.dsv
[0.440s] -- Up-to-date symlink: /home/jsyun/Programming/ROS2/automotive_software_simulator/install/ad_msgs/share/ad_msgs/local_setup.bash
[0.441s] -- Up-to-date symlink: /home/jsyun/Programming/ROS2/automotive_software_simulator/install/ad_msgs/share/ad_msgs/local_setup.sh
[0.441s] -- Up-to-date symlink: /home/jsyun/Programming/ROS2/automotive_software_simulator/install/ad_msgs/share/ad_msgs/local_setup.zsh
[0.441s] -- Up-to-date symlink: /home/jsyun/Programming/ROS2/automotive_software_simulator/install/ad_msgs/share/ad_msgs/local_setup.dsv
[0.441s] -- Symlinking: /home/jsyun/Programming/ROS2/automotive_software_simulator/install/ad_msgs/share/ad_msgs/package.dsv
[0.449s] -- Up-to-date symlink: /home/jsyun/Programming/ROS2/automotive_software_simulator/install/ad_msgs/share/ament_index/resource_index/packages/ad_msgs
[0.449s] -- Up-to-date symlink: /home/jsyun/Programming/ROS2/automotive_software_simulator/install/ad_msgs/share/ad_msgs/cmake/rosidl_cmake-extras.cmake
[0.449s] -- Up-to-date symlink: /home/jsyun/Programming/ROS2/automotive_software_simulator/install/ad_msgs/share/ad_msgs/cmake/ament_cmake_export_dependencies-extras.cmake
[0.449s] -- Up-to-date symlink: /home/jsyun/Programming/ROS2/automotive_software_simulator/install/ad_msgs/share/ad_msgs/cmake/ament_cmake_export_include_directories-extras.cmake
[0.450s] -- Up-to-date symlink: /home/jsyun/Programming/ROS2/automotive_software_simulator/install/ad_msgs/share/ad_msgs/cmake/ament_cmake_export_libraries-extras.cmake
[0.450s] -- Up-to-date symlink: /home/jsyun/Programming/ROS2/automotive_software_simulator/install/ad_msgs/share/ad_msgs/cmake/ament_cmake_export_targets-extras.cmake
[0.450s] -- Up-to-date symlink: /home/jsyun/Programming/ROS2/automotive_software_simulator/install/ad_msgs/share/ad_msgs/cmake/rosidl_cmake_export_typesupport_targets-extras.cmake
[0.450s] -- Up-to-date symlink: /home/jsyun/Programming/ROS2/automotive_software_simulator/install/ad_msgs/share/ad_msgs/cmake/rosidl_cmake_export_typesupport_libraries-extras.cmake
[0.450s] -- Up-to-date symlink: /home/jsyun/Programming/ROS2/automotive_software_simulator/install/ad_msgs/share/ad_msgs/cmake/ad_msgsConfig.cmake
[0.450s] -- Up-to-date symlink: /home/jsyun/Programming/ROS2/automotive_software_simulator/install/ad_msgs/share/ad_msgs/cmake/ad_msgsConfig-version.cmake
[0.450s] -- Up-to-date symlink: /home/jsyun/Programming/ROS2/automotive_software_simulator/install/ad_msgs/share/ad_msgs/package.xml
[0.450s] -- Up-to-date: /home/jsyun/Programming/ROS2/automotive_software_simulator/install/ad_msgs/lib/libad_msgs__rosidl_generator_c.so
[0.451s] -- Up-to-date: /home/jsyun/Programming/ROS2/automotive_software_simulator/install/ad_msgs/lib/libad_msgs__rosidl_typesupport_fastrtps_c.so
[0.451s] -- Up-to-date: /home/jsyun/Programming/ROS2/automotive_software_simulator/install/ad_msgs/lib/libad_msgs__rosidl_typesupport_introspection_c.so
[0.451s] -- Up-to-date: /home/jsyun/Programming/ROS2/automotive_software_simulator/install/ad_msgs/lib/libad_msgs__rosidl_typesupport_c.so
[0.451s] -- Up-to-date: /home/jsyun/Programming/ROS2/automotive_software_simulator/install/ad_msgs/lib/libad_msgs__rosidl_typesupport_fastrtps_cpp.so
[0.452s] -- Up-to-date: /home/jsyun/Programming/ROS2/automotive_software_simulator/install/ad_msgs/lib/libad_msgs__rosidl_typesupport_introspection_cpp.so
[0.452s] -- Up-to-date: /home/jsyun/Programming/ROS2/automotive_software_simulator/install/ad_msgs/lib/libad_msgs__rosidl_typesupport_cpp.so
[0.474s] Listing '/home/jsyun/Programming/ROS2/automotive_software_simulator/install/ad_msgs/local/lib/python3.10/dist-packages/ad_msgs'...
[0.474s] Listing '/home/jsyun/Programming/ROS2/automotive_software_simulator/install/ad_msgs/local/lib/python3.10/dist-packages/ad_msgs/msg'...
[0.477s] -- Up-to-date: /home/jsyun/Programming/ROS2/automotive_software_simulator/install/ad_msgs/lib/libad_msgs__rosidl_generator_py.so
[0.477s] -- Up-to-date: /home/jsyun/Programming/ROS2/automotive_software_simulator/install/ad_msgs/share/ad_msgs/cmake/export_ad_msgs__rosidl_generator_cExport.cmake
[0.477s] -- Up-to-date: /home/jsyun/Programming/ROS2/automotive_software_simulator/install/ad_msgs/share/ad_msgs/cmake/export_ad_msgs__rosidl_generator_cExport-noconfig.cmake
[0.477s] -- Up-to-date: /home/jsyun/Programming/ROS2/automotive_software_simulator/install/ad_msgs/share/ad_msgs/cmake/export_ad_msgs__rosidl_typesupport_fastrtps_cExport.cmake
[0.477s] -- Up-to-date: /home/jsyun/Programming/ROS2/automotive_software_simulator/install/ad_msgs/share/ad_msgs/cmake/export_ad_msgs__rosidl_typesupport_fastrtps_cExport-noconfig.cmake
[0.477s] -- Up-to-date: /home/jsyun/Programming/ROS2/automotive_software_simulator/install/ad_msgs/share/ad_msgs/cmake/ad_msgs__rosidl_typesupport_introspection_cExport.cmake
[0.477s] -- Up-to-date: /home/jsyun/Programming/ROS2/automotive_software_simulator/install/ad_msgs/share/ad_msgs/cmake/ad_msgs__rosidl_typesupport_introspection_cExport-noconfig.cmake
[0.478s] -- Up-to-date: /home/jsyun/Programming/ROS2/automotive_software_simulator/install/ad_msgs/share/ad_msgs/cmake/ad_msgs__rosidl_typesupport_cExport.cmake
[0.478s] -- Up-to-date: /home/jsyun/Programming/ROS2/automotive_software_simulator/install/ad_msgs/share/ad_msgs/cmake/ad_msgs__rosidl_typesupport_cExport-noconfig.cmake
[0.478s] -- Up-to-date: /home/jsyun/Programming/ROS2/automotive_software_simulator/install/ad_msgs/share/ad_msgs/cmake/export_ad_msgs__rosidl_generator_cppExport.cmake
[0.478s] -- Up-to-date: /home/jsyun/Programming/ROS2/automotive_software_simulator/install/ad_msgs/share/ad_msgs/cmake/export_ad_msgs__rosidl_typesupport_fastrtps_cppExport.cmake
[0.478s] -- Up-to-date: /home/jsyun/Programming/ROS2/automotive_software_simulator/install/ad_msgs/share/ad_msgs/cmake/export_ad_msgs__rosidl_typesupport_fastrtps_cppExport-noconfig.cmake
[0.478s] -- Up-to-date: /home/jsyun/Programming/ROS2/automotive_software_simulator/install/ad_msgs/share/ad_msgs/cmake/ad_msgs__rosidl_typesupport_introspection_cppExport.cmake
[0.478s] -- Up-to-date: /home/jsyun/Programming/ROS2/automotive_software_simulator/install/ad_msgs/share/ad_msgs/cmake/ad_msgs__rosidl_typesupport_introspection_cppExport-noconfig.cmake
[0.478s] -- Up-to-date: /home/jsyun/Programming/ROS2/automotive_software_simulator/install/ad_msgs/share/ad_msgs/cmake/ad_msgs__rosidl_typesupport_cppExport.cmake
[0.478s] -- Up-to-date: /home/jsyun/Programming/ROS2/automotive_software_simulator/install/ad_msgs/share/ad_msgs/cmake/ad_msgs__rosidl_typesupport_cppExport-noconfig.cmake
[0.478s] -- Up-to-date: /home/jsyun/Programming/ROS2/automotive_software_simulator/install/ad_msgs/share/ad_msgs/cmake/export_ad_msgs__rosidl_generator_pyExport.cmake
[0.478s] -- Up-to-date: /home/jsyun/Programming/ROS2/automotive_software_simulator/install/ad_msgs/share/ad_msgs/cmake/export_ad_msgs__rosidl_generator_pyExport-noconfig.cmake
[0.480s] Invoked command in '/home/jsyun/Programming/ROS2/automotive_software_simulator/build/ad_msgs' returned '0': CMAKE_PREFIX_PATH=/opt/ros/humble /usr/bin/cmake --install /home/jsyun/Programming/ROS2/automotive_software_simulator/build/ad_msgs
