[0.008s] Invoking command in '/home/jsyun/Programming/ROS2/automotive_software_lecture/simulator_projects/002_automotive_software_lon/build/ad_msgs': CMAKE_PREFIX_PATH=${CMAKE_PREFIX_PATH}:/opt/ros/humble /usr/bin/cmake /home/jsyun/Programming/ROS2/automotive_software_lecture/simulator_projects/002_automotive_software_lon/src/rte/msg/ad_msgs -DCMAKE_BUILD_TYPE=Release -DAMENT_CMAKE_SYMLINK_INSTALL=1 -DCMAKE_INSTALL_PREFIX=/home/jsyun/Programming/ROS2/automotive_software_lecture/simulator_projects/002_automotive_software_lon/install/ad_msgs
[0.064s] -- The C compiler identification is GNU 11.4.0
[0.107s] -- The CXX compiler identification is GNU 11.4.0
[0.113s] -- Detecting C compiler ABI info
[0.170s] -- Detecting C compiler ABI info - done
[0.175s] -- Check for working C compiler: /usr/bin/cc - skipped
[0.175s] -- Detecting C compile features
[0.175s] -- Detecting C compile features - done
[0.178s] -- Detecting CXX compiler ABI info
[0.243s] -- Detecting CXX compiler ABI info - done
[0.248s] -- Check for working CXX compiler: /usr/bin/c++ - skipped
[0.249s] -- Detecting CXX compile features
[0.249s] -- Detecting CXX compile features - done
[0.251s] -- Found ament_cmake: 1.3.10 (/opt/ros/humble/share/ament_cmake/cmake)
[0.360s] -- Found Python3: /usr/bin/python3 (found version "3.10.12") found components: Interpreter 
[0.404s] -- Override CMake install command with custom implementation using symlinks instead of copying resources
[0.425s] -- Found rosidl_default_generators: 1.2.0 (/opt/ros/humble/share/rosidl_default_generators/cmake)
[0.428s] -- Using all available rosidl_typesupport_c: rosidl_typesupport_fastrtps_c;rosidl_typesupport_introspection_c
[0.433s] -- Found rosidl_adapter: 3.1.5 (/opt/ros/humble/share/rosidl_adapter/cmake)
[0.463s] -- Using all available rosidl_typesupport_cpp: rosidl_typesupport_fastrtps_cpp;rosidl_typesupport_introspection_cpp
[0.488s] -- Found std_msgs: 4.2.4 (/opt/ros/humble/share/std_msgs/cmake)
[0.507s] -- Found geometry_msgs: 4.2.4 (/opt/ros/humble/share/geometry_msgs/cmake)
[0.517s] -- Found visualization_msgs: 4.2.4 (/opt/ros/humble/share/visualization_msgs/cmake)
[0.546s] -- Found nav_msgs: 4.2.4 (/opt/ros/humble/share/nav_msgs/cmake)
[0.802s] -- Found ament_cmake_ros: 0.10.0 (/opt/ros/humble/share/ament_cmake_ros/cmake)
[1.029s] -- Using all available rosidl_typesupport_c: rosidl_typesupport_fastrtps_c;rosidl_typesupport_introspection_c
[1.323s] -- Using all available rosidl_typesupport_cpp: rosidl_typesupport_fastrtps_cpp;rosidl_typesupport_introspection_cpp
[1.341s] -- Found PythonInterp: /usr/bin/python3 (found suitable version "3.10.12", minimum required is "3.6") 
[1.342s] -- Found python_cmake_module: 0.10.0 (/opt/ros/humble/share/python_cmake_module/cmake)
[1.362s] -- Found PythonLibs: /usr/lib/x86_64-linux-gnu/libpython3.10.so (found suitable version "3.10.12", minimum required is "3.5") 
[1.362s] -- Using PYTHON_EXECUTABLE: /usr/bin/python3
[1.362s] -- Using PYTHON_INCLUDE_DIRS: /usr/include/python3.10
[1.362s] -- Using PYTHON_LIBRARIES: /usr/lib/x86_64-linux-gnu/libpython3.10.so
[1.377s] -- Found PythonExtra: .so  
[1.446s] -- Configuring done
[1.485s] -- Generating done
[1.487s] -- Build files have been written to: /home/jsyun/Programming/ROS2/automotive_software_lecture/simulator_projects/002_automotive_software_lon/build/ad_msgs
[1.496s] Invoked command in '/home/jsyun/Programming/ROS2/automotive_software_lecture/simulator_projects/002_automotive_software_lon/build/ad_msgs' returned '0': CMAKE_PREFIX_PATH=${CMAKE_PREFIX_PATH}:/opt/ros/humble /usr/bin/cmake /home/jsyun/Programming/ROS2/automotive_software_lecture/simulator_projects/002_automotive_software_lon/src/rte/msg/ad_msgs -DCMAKE_BUILD_TYPE=Release -DAMENT_CMAKE_SYMLINK_INSTALL=1 -DCMAKE_INSTALL_PREFIX=/home/jsyun/Programming/ROS2/automotive_software_lecture/simulator_projects/002_automotive_software_lon/install/ad_msgs
[1.498s] Invoking command in '/home/jsyun/Programming/ROS2/automotive_software_lecture/simulator_projects/002_automotive_software_lon/build/ad_msgs': CMAKE_PREFIX_PATH=${CMAKE_PREFIX_PATH}:/opt/ros/humble /usr/bin/cmake --build /home/jsyun/Programming/ROS2/automotive_software_lecture/simulator_projects/002_automotive_software_lon/build/ad_msgs -- -j12 -l12
[1.534s] [  1%] [34m[1mGenerating C code for ROS interfaces[0m
[1.543s] [  2%] [34m[1mGenerating C++ code for ROS interfaces[0m
[1.549s] [  2%] Built target ament_cmake_python_symlink_ad_msgs
[1.738s] running egg_info
[1.738s] creating ad_msgs.egg-info
[1.738s] writing ad_msgs.egg-info/PKG-INFO
[1.738s] writing dependency_links to ad_msgs.egg-info/dependency_links.txt
[1.739s] writing top-level names to ad_msgs.egg-info/top_level.txt
[1.739s] writing manifest file 'ad_msgs.egg-info/SOURCES.txt'
[1.740s] reading manifest file 'ad_msgs.egg-info/SOURCES.txt'
[1.741s] writing manifest file 'ad_msgs.egg-info/SOURCES.txt'
[1.762s] [  2%] Built target ament_cmake_python_build_ad_msgs_egg
[1.910s] [  2%] Built target ad_msgs__cpp
[1.919s] [  5%] [34m[1mGenerating C++ type support dispatch for ROS interfaces[0m
[1.920s] [  7%] [34m[1mGenerating C++ type support for eProsima Fast-RTPS[0m
[1.920s] [  7%] [34m[1mGenerating C++ introspection for ROS interfaces[0m
[1.931s] [  9%] [32mBuilding C object CMakeFiles/ad_msgs__rosidl_generator_c.dir/rosidl_generator_c/ad_msgs/msg/detail/vehicle_input__functions.c.o[0m
[1.931s] [  9%] [32mBuilding C object CMakeFiles/ad_msgs__rosidl_generator_c.dir/rosidl_generator_c/ad_msgs/msg/detail/polyfit_lane_data__functions.c.o[0m
[1.932s] [ 11%] [32mBuilding C object CMakeFiles/ad_msgs__rosidl_generator_c.dir/rosidl_generator_c/ad_msgs/msg/detail/vehicle_output__functions.c.o[0m
[1.933s] [ 12%] [32mBuilding C object CMakeFiles/ad_msgs__rosidl_generator_c.dir/rosidl_generator_c/ad_msgs/msg/detail/lane_point_data__functions.c.o[0m
[1.934s] [ 14%] [32mBuilding C object CMakeFiles/ad_msgs__rosidl_generator_c.dir/rosidl_generator_c/ad_msgs/msg/detail/lane_point_data_array__functions.c.o[0m
[1.934s] [ 15%] [32mBuilding C object CMakeFiles/ad_msgs__rosidl_generator_c.dir/rosidl_generator_c/ad_msgs/msg/detail/polyfit_lane_data_array__functions.c.o[0m
[2.052s] [ 16%] [32m[1mLinking C shared library libad_msgs__rosidl_generator_c.so[0m
[2.090s] [ 16%] Built target ad_msgs__rosidl_generator_c
[2.101s] [ 21%] [34m[1mGenerating C type support dispatch for ROS interfaces[0m
[2.101s] [ 21%] [34m[1mGenerating C type support for eProsima Fast-RTPS[0m
[2.101s] [ 21%] [34m[1mGenerating C introspection for ROS interfaces[0m
[2.250s] [ 26%] [32mBuilding CXX object CMakeFiles/ad_msgs__rosidl_typesupport_cpp.dir/rosidl_typesupport_cpp/ad_msgs/msg/vehicle_output__type_support.cpp.o[0m
[2.250s] [ 26%] [32mBuilding CXX object CMakeFiles/ad_msgs__rosidl_typesupport_cpp.dir/rosidl_typesupport_cpp/ad_msgs/msg/polyfit_lane_data__type_support.cpp.o[0m
[2.250s] [ 26%] [32mBuilding CXX object CMakeFiles/ad_msgs__rosidl_typesupport_cpp.dir/rosidl_typesupport_cpp/ad_msgs/msg/lane_point_data__type_support.cpp.o[0m
[2.250s] [ 26%] [32mBuilding CXX object CMakeFiles/ad_msgs__rosidl_typesupport_cpp.dir/rosidl_typesupport_cpp/ad_msgs/msg/vehicle_input__type_support.cpp.o[0m
[2.250s] [ 28%] [32mBuilding CXX object CMakeFiles/ad_msgs__rosidl_typesupport_cpp.dir/rosidl_typesupport_cpp/ad_msgs/msg/lane_point_data_array__type_support.cpp.o[0m
[2.250s] [ 29%] [32mBuilding CXX object CMakeFiles/ad_msgs__rosidl_typesupport_cpp.dir/rosidl_typesupport_cpp/ad_msgs/msg/polyfit_lane_data_array__type_support.cpp.o[0m
[2.385s] [ 30%] [32mBuilding CXX object CMakeFiles/ad_msgs__rosidl_typesupport_introspection_cpp.dir/rosidl_typesupport_introspection_cpp/ad_msgs/msg/detail/vehicle_output__type_support.cpp.o[0m
[2.409s] [ 32%] [32mBuilding CXX object CMakeFiles/ad_msgs__rosidl_typesupport_introspection_cpp.dir/rosidl_typesupport_introspection_cpp/ad_msgs/msg/detail/vehicle_input__type_support.cpp.o[0m
[2.454s] [ 33%] [32mBuilding CXX object CMakeFiles/ad_msgs__rosidl_typesupport_fastrtps_cpp.dir/rosidl_typesupport_fastrtps_cpp/ad_msgs/msg/detail/dds_fastrtps/vehicle_output__type_support.cpp.o[0m
[2.584s] [ 35%] [32mBuilding CXX object CMakeFiles/ad_msgs__rosidl_typesupport_c.dir/rosidl_typesupport_c/ad_msgs/msg/vehicle_output__type_support.cpp.o[0m
[2.646s] [ 36%] [32mBuilding CXX object CMakeFiles/ad_msgs__rosidl_typesupport_c.dir/rosidl_typesupport_c/ad_msgs/msg/vehicle_input__type_support.cpp.o[0m
[2.661s] [ 38%] [32mBuilding CXX object CMakeFiles/ad_msgs__rosidl_typesupport_introspection_cpp.dir/rosidl_typesupport_introspection_cpp/ad_msgs/msg/detail/polyfit_lane_data__type_support.cpp.o[0m
[2.668s] [ 39%] [32mBuilding CXX object CMakeFiles/ad_msgs__rosidl_typesupport_c.dir/rosidl_typesupport_c/ad_msgs/msg/polyfit_lane_data__type_support.cpp.o[0m
[2.683s] [ 40%] [32mBuilding CXX object CMakeFiles/ad_msgs__rosidl_typesupport_c.dir/rosidl_typesupport_c/ad_msgs/msg/lane_point_data__type_support.cpp.o[0m
[2.696s] [ 45%] [32mBuilding CXX object CMakeFiles/ad_msgs__rosidl_typesupport_fastrtps_cpp.dir/rosidl_typesupport_fastrtps_cpp/ad_msgs/msg/detail/dds_fastrtps/polyfit_lane_data__type_support.cpp.o[0m
[2.696s] [ 45%] [32mBuilding CXX object CMakeFiles/ad_msgs__rosidl_typesupport_fastrtps_cpp.dir/rosidl_typesupport_fastrtps_cpp/ad_msgs/msg/detail/dds_fastrtps/vehicle_input__type_support.cpp.o[0m
[2.696s] [ 45%] [32mBuilding CXX object CMakeFiles/ad_msgs__rosidl_typesupport_fastrtps_cpp.dir/rosidl_typesupport_fastrtps_cpp/ad_msgs/msg/detail/dds_fastrtps/lane_point_data__type_support.cpp.o[0m
[2.700s] [ 46%] [32m[1mLinking CXX shared library libad_msgs__rosidl_typesupport_cpp.so[0m
[2.732s] [ 47%] [32mBuilding CXX object CMakeFiles/ad_msgs__rosidl_typesupport_c.dir/rosidl_typesupport_c/ad_msgs/msg/lane_point_data_array__type_support.cpp.o[0m
[2.734s] [ 49%] [32mBuilding CXX object CMakeFiles/ad_msgs__rosidl_typesupport_c.dir/rosidl_typesupport_c/ad_msgs/msg/polyfit_lane_data_array__type_support.cpp.o[0m
[2.755s] [ 50%] [32mBuilding C object CMakeFiles/ad_msgs__rosidl_typesupport_introspection_c.dir/rosidl_typesupport_introspection_c/ad_msgs/msg/detail/vehicle_output__type_support.c.o[0m
[2.777s] [ 50%] Built target ad_msgs__rosidl_typesupport_cpp
[2.789s] [ 52%] [32mBuilding C object CMakeFiles/ad_msgs__rosidl_typesupport_introspection_c.dir/rosidl_typesupport_introspection_c/ad_msgs/msg/detail/vehicle_input__type_support.c.o[0m
[2.791s] [ 53%] [32m[1mLinking CXX shared library libad_msgs__rosidl_typesupport_c.so[0m
[2.793s] [ 54%] [32mBuilding CXX object CMakeFiles/ad_msgs__rosidl_typesupport_introspection_cpp.dir/rosidl_typesupport_introspection_cpp/ad_msgs/msg/detail/lane_point_data__type_support.cpp.o[0m
[2.796s] [ 56%] [32mBuilding CXX object CMakeFiles/ad_msgs__rosidl_typesupport_fastrtps_c.dir/rosidl_typesupport_fastrtps_c/ad_msgs/msg/detail/vehicle_output__type_support_c.cpp.o[0m
[2.816s] [ 57%] [32mBuilding CXX object CMakeFiles/ad_msgs__rosidl_typesupport_fastrtps_c.dir/rosidl_typesupport_fastrtps_c/ad_msgs/msg/detail/vehicle_input__type_support_c.cpp.o[0m
[2.857s] [ 59%] [32mBuilding C object CMakeFiles/ad_msgs__rosidl_typesupport_introspection_c.dir/rosidl_typesupport_introspection_c/ad_msgs/msg/detail/polyfit_lane_data__type_support.c.o[0m
[2.873s] [ 59%] Built target ad_msgs__rosidl_typesupport_c
[2.889s] [ 60%] [32mBuilding CXX object CMakeFiles/ad_msgs__rosidl_typesupport_fastrtps_c.dir/rosidl_typesupport_fastrtps_c/ad_msgs/msg/detail/polyfit_lane_data__type_support_c.cpp.o[0m
[2.924s] [ 61%] [32mBuilding C object CMakeFiles/ad_msgs__rosidl_typesupport_introspection_c.dir/rosidl_typesupport_introspection_c/ad_msgs/msg/detail/lane_point_data__type_support.c.o[0m
[2.994s] [ 63%] [32mBuilding CXX object CMakeFiles/ad_msgs__rosidl_typesupport_fastrtps_cpp.dir/rosidl_typesupport_fastrtps_cpp/ad_msgs/msg/detail/dds_fastrtps/lane_point_data_array__type_support.cpp.o[0m
[2.995s] [ 64%] [32mBuilding C object CMakeFiles/ad_msgs__rosidl_typesupport_introspection_c.dir/rosidl_typesupport_introspection_c/ad_msgs/msg/detail/lane_point_data_array__type_support.c.o[0m
[3.012s] [ 66%] [32mBuilding CXX object CMakeFiles/ad_msgs__rosidl_typesupport_fastrtps_cpp.dir/rosidl_typesupport_fastrtps_cpp/ad_msgs/msg/detail/dds_fastrtps/polyfit_lane_data_array__type_support.cpp.o[0m
[3.073s] [ 67%] [32mBuilding C object CMakeFiles/ad_msgs__rosidl_typesupport_introspection_c.dir/rosidl_typesupport_introspection_c/ad_msgs/msg/detail/polyfit_lane_data_array__type_support.c.o[0m
[3.149s] [ 69%] [32m[1mLinking C shared library libad_msgs__rosidl_typesupport_introspection_c.so[0m
[3.152s] [ 70%] [32mBuilding CXX object CMakeFiles/ad_msgs__rosidl_typesupport_fastrtps_c.dir/rosidl_typesupport_fastrtps_c/ad_msgs/msg/detail/lane_point_data__type_support_c.cpp.o[0m
[3.206s] [ 70%] Built target ad_msgs__rosidl_typesupport_introspection_c
[3.221s] [ 71%] [32mBuilding CXX object CMakeFiles/ad_msgs__rosidl_typesupport_fastrtps_c.dir/rosidl_typesupport_fastrtps_c/ad_msgs/msg/detail/lane_point_data_array__type_support_c.cpp.o[0m
[3.271s] [ 73%] [32mBuilding CXX object CMakeFiles/ad_msgs__rosidl_typesupport_fastrtps_c.dir/rosidl_typesupport_fastrtps_c/ad_msgs/msg/detail/polyfit_lane_data_array__type_support_c.cpp.o[0m
[3.307s] [ 74%] [32mBuilding CXX object CMakeFiles/ad_msgs__rosidl_typesupport_introspection_cpp.dir/rosidl_typesupport_introspection_cpp/ad_msgs/msg/detail/lane_point_data_array__type_support.cpp.o[0m
[3.371s] [ 76%] [32mBuilding CXX object CMakeFiles/ad_msgs__rosidl_typesupport_introspection_cpp.dir/rosidl_typesupport_introspection_cpp/ad_msgs/msg/detail/polyfit_lane_data_array__type_support.cpp.o[0m
[3.703s] [ 77%] [32m[1mLinking CXX shared library libad_msgs__rosidl_typesupport_fastrtps_c.so[0m
[3.740s] [ 78%] [32m[1mLinking CXX shared library libad_msgs__rosidl_typesupport_fastrtps_cpp.so[0m
[3.783s] [ 78%] Built target ad_msgs__rosidl_typesupport_fastrtps_c
[3.814s] [ 78%] Built target ad_msgs__rosidl_typesupport_fastrtps_cpp
[3.835s] [ 80%] [32m[1mLinking CXX shared library libad_msgs__rosidl_typesupport_introspection_cpp.so[0m
[3.895s] [ 80%] Built target ad_msgs__rosidl_typesupport_introspection_cpp
[3.913s] [ 80%] Built target ad_msgs
[3.931s] [ 81%] [34m[1mGenerating Python code for ROS interfaces[0m
[4.426s] [ 81%] Built target ad_msgs__py
[4.446s] [ 85%] [32mBuilding C object CMakeFiles/ad_msgs__rosidl_generator_py.dir/rosidl_generator_py/ad_msgs/msg/_vehicle_output_s.c.o[0m
[4.446s] [ 85%] [32mBuilding C object CMakeFiles/ad_msgs__rosidl_generator_py.dir/rosidl_generator_py/ad_msgs/msg/_lane_point_data_s.c.o[0m
[4.446s] [ 85%] [32mBuilding C object CMakeFiles/ad_msgs__rosidl_generator_py.dir/rosidl_generator_py/ad_msgs/msg/_vehicle_input_s.c.o[0m
[4.446s] [ 87%] [32mBuilding C object CMakeFiles/ad_msgs__rosidl_generator_py.dir/rosidl_generator_py/ad_msgs/msg/_polyfit_lane_data_array_s.c.o[0m
[4.447s] [ 88%] [32mBuilding C object CMakeFiles/ad_msgs__rosidl_generator_py.dir/rosidl_generator_py/ad_msgs/msg/_polyfit_lane_data_s.c.o[0m
[4.448s] [ 90%] [32mBuilding C object CMakeFiles/ad_msgs__rosidl_generator_py.dir/rosidl_generator_py/ad_msgs/msg/_lane_point_data_array_s.c.o[0m
[4.615s] [ 91%] [32m[1mLinking C shared library rosidl_generator_py/ad_msgs/libad_msgs__rosidl_generator_py.so[0m
[4.655s] [ 91%] Built target ad_msgs__rosidl_generator_py
[4.672s] [ 94%] [32mBuilding C object CMakeFiles/ad_msgs__rosidl_typesupport_fastrtps_c__pyext.dir/rosidl_generator_py/ad_msgs/_ad_msgs_s.ep.rosidl_typesupport_fastrtps_c.c.o[0m
[4.672s] [ 94%] [32mBuilding C object CMakeFiles/ad_msgs__rosidl_typesupport_c__pyext.dir/rosidl_generator_py/ad_msgs/_ad_msgs_s.ep.rosidl_typesupport_c.c.o[0m
[4.672s] [ 95%] [32mBuilding C object CMakeFiles/ad_msgs__rosidl_typesupport_introspection_c__pyext.dir/rosidl_generator_py/ad_msgs/_ad_msgs_s.ep.rosidl_typesupport_introspection_c.c.o[0m
[4.807s] [ 97%] [32m[1mLinking C shared library rosidl_generator_py/ad_msgs/ad_msgs_s__rosidl_typesupport_c.cpython-310-x86_64-linux-gnu.so[0m
[4.807s] [100%] [32m[1mLinking C shared library rosidl_generator_py/ad_msgs/ad_msgs_s__rosidl_typesupport_fastrtps_c.cpython-310-x86_64-linux-gnu.so[0m
[4.808s] [100%] [32m[1mLinking C shared library rosidl_generator_py/ad_msgs/ad_msgs_s__rosidl_typesupport_introspection_c.cpython-310-x86_64-linux-gnu.so[0m
[4.849s] [100%] Built target ad_msgs__rosidl_typesupport_c__pyext
[4.849s] [100%] Built target ad_msgs__rosidl_typesupport_fastrtps_c__pyext
[4.849s] [100%] Built target ad_msgs__rosidl_typesupport_introspection_c__pyext
[4.859s] Invoked command in '/home/jsyun/Programming/ROS2/automotive_software_lecture/simulator_projects/002_automotive_software_lon/build/ad_msgs' returned '0': CMAKE_PREFIX_PATH=${CMAKE_PREFIX_PATH}:/opt/ros/humble /usr/bin/cmake --build /home/jsyun/Programming/ROS2/automotive_software_lecture/simulator_projects/002_automotive_software_lon/build/ad_msgs -- -j12 -l12
[5.002s] Invoking command in '/home/jsyun/Programming/ROS2/automotive_software_lecture/simulator_projects/002_automotive_software_lon/build/ad_msgs': CMAKE_PREFIX_PATH=${CMAKE_PREFIX_PATH}:/opt/ros/humble /usr/bin/cmake --install /home/jsyun/Programming/ROS2/automotive_software_lecture/simulator_projects/002_automotive_software_lon/build/ad_msgs
[5.008s] -- Install configuration: "Release"
[5.009s] -- Execute custom install script
[5.009s] -- Symlinking: /home/jsyun/Programming/ROS2/automotive_software_lecture/simulator_projects/002_automotive_software_lon/install/ad_msgs/share/ament_index/resource_index/rosidl_interfaces/ad_msgs
[5.017s] -- Symlinking: /home/jsyun/Programming/ROS2/automotive_software_lecture/simulator_projects/002_automotive_software_lon/install/ad_msgs/include/ad_msgs/ad_msgs/msg/detail/lane_point_data__functions.h
[5.024s] -- Symlinking: /home/jsyun/Programming/ROS2/automotive_software_lecture/simulator_projects/002_automotive_software_lon/install/ad_msgs/include/ad_msgs/ad_msgs/msg/detail/lane_point_data__struct.h
[5.031s] -- Symlinking: /home/jsyun/Programming/ROS2/automotive_software_lecture/simulator_projects/002_automotive_software_lon/install/ad_msgs/include/ad_msgs/ad_msgs/msg/detail/lane_point_data__type_support.h
[5.038s] -- Symlinking: /home/jsyun/Programming/ROS2/automotive_software_lecture/simulator_projects/002_automotive_software_lon/install/ad_msgs/include/ad_msgs/ad_msgs/msg/detail/lane_point_data_array__functions.h
[5.046s] -- Symlinking: /home/jsyun/Programming/ROS2/automotive_software_lecture/simulator_projects/002_automotive_software_lon/install/ad_msgs/include/ad_msgs/ad_msgs/msg/detail/lane_point_data_array__struct.h
[5.054s] -- Symlinking: /home/jsyun/Programming/ROS2/automotive_software_lecture/simulator_projects/002_automotive_software_lon/install/ad_msgs/include/ad_msgs/ad_msgs/msg/detail/lane_point_data_array__type_support.h
[5.061s] -- Symlinking: /home/jsyun/Programming/ROS2/automotive_software_lecture/simulator_projects/002_automotive_software_lon/install/ad_msgs/include/ad_msgs/ad_msgs/msg/detail/polyfit_lane_data__functions.h
[5.068s] -- Symlinking: /home/jsyun/Programming/ROS2/automotive_software_lecture/simulator_projects/002_automotive_software_lon/install/ad_msgs/include/ad_msgs/ad_msgs/msg/detail/polyfit_lane_data__struct.h
[5.075s] -- Symlinking: /home/jsyun/Programming/ROS2/automotive_software_lecture/simulator_projects/002_automotive_software_lon/install/ad_msgs/include/ad_msgs/ad_msgs/msg/detail/polyfit_lane_data__type_support.h
[5.082s] -- Symlinking: /home/jsyun/Programming/ROS2/automotive_software_lecture/simulator_projects/002_automotive_software_lon/install/ad_msgs/include/ad_msgs/ad_msgs/msg/detail/polyfit_lane_data_array__functions.h
[5.089s] -- Symlinking: /home/jsyun/Programming/ROS2/automotive_software_lecture/simulator_projects/002_automotive_software_lon/install/ad_msgs/include/ad_msgs/ad_msgs/msg/detail/polyfit_lane_data_array__struct.h
[5.096s] -- Symlinking: /home/jsyun/Programming/ROS2/automotive_software_lecture/simulator_projects/002_automotive_software_lon/install/ad_msgs/include/ad_msgs/ad_msgs/msg/detail/polyfit_lane_data_array__type_support.h
[5.103s] -- Symlinking: /home/jsyun/Programming/ROS2/automotive_software_lecture/simulator_projects/002_automotive_software_lon/install/ad_msgs/include/ad_msgs/ad_msgs/msg/detail/vehicle_input__functions.h
[5.109s] -- Symlinking: /home/jsyun/Programming/ROS2/automotive_software_lecture/simulator_projects/002_automotive_software_lon/install/ad_msgs/include/ad_msgs/ad_msgs/msg/detail/vehicle_input__struct.h
[5.116s] -- Symlinking: /home/jsyun/Programming/ROS2/automotive_software_lecture/simulator_projects/002_automotive_software_lon/install/ad_msgs/include/ad_msgs/ad_msgs/msg/detail/vehicle_input__type_support.h
[5.123s] -- Symlinking: /home/jsyun/Programming/ROS2/automotive_software_lecture/simulator_projects/002_automotive_software_lon/install/ad_msgs/include/ad_msgs/ad_msgs/msg/detail/vehicle_output__functions.h
[5.130s] -- Symlinking: /home/jsyun/Programming/ROS2/automotive_software_lecture/simulator_projects/002_automotive_software_lon/install/ad_msgs/include/ad_msgs/ad_msgs/msg/detail/vehicle_output__struct.h
[5.137s] -- Symlinking: /home/jsyun/Programming/ROS2/automotive_software_lecture/simulator_projects/002_automotive_software_lon/install/ad_msgs/include/ad_msgs/ad_msgs/msg/detail/vehicle_output__type_support.h
[5.144s] -- Symlinking: /home/jsyun/Programming/ROS2/automotive_software_lecture/simulator_projects/002_automotive_software_lon/install/ad_msgs/include/ad_msgs/ad_msgs/msg/lane_point_data.h
[5.152s] -- Symlinking: /home/jsyun/Programming/ROS2/automotive_software_lecture/simulator_projects/002_automotive_software_lon/install/ad_msgs/include/ad_msgs/ad_msgs/msg/lane_point_data_array.h
[5.160s] -- Symlinking: /home/jsyun/Programming/ROS2/automotive_software_lecture/simulator_projects/002_automotive_software_lon/install/ad_msgs/include/ad_msgs/ad_msgs/msg/polyfit_lane_data.h
[5.166s] -- Symlinking: /home/jsyun/Programming/ROS2/automotive_software_lecture/simulator_projects/002_automotive_software_lon/install/ad_msgs/include/ad_msgs/ad_msgs/msg/polyfit_lane_data_array.h
[5.173s] -- Symlinking: /home/jsyun/Programming/ROS2/automotive_software_lecture/simulator_projects/002_automotive_software_lon/install/ad_msgs/include/ad_msgs/ad_msgs/msg/rosidl_generator_c__visibility_control.h
[5.180s] -- Symlinking: /home/jsyun/Programming/ROS2/automotive_software_lecture/simulator_projects/002_automotive_software_lon/install/ad_msgs/include/ad_msgs/ad_msgs/msg/vehicle_input.h
[5.187s] -- Symlinking: /home/jsyun/Programming/ROS2/automotive_software_lecture/simulator_projects/002_automotive_software_lon/install/ad_msgs/include/ad_msgs/ad_msgs/msg/vehicle_output.h
[5.194s] -- Symlinking: /home/jsyun/Programming/ROS2/automotive_software_lecture/simulator_projects/002_automotive_software_lon/install/ad_msgs/share/ad_msgs/environment/library_path.sh
[5.202s] -- Symlinking: /home/jsyun/Programming/ROS2/automotive_software_lecture/simulator_projects/002_automotive_software_lon/install/ad_msgs/share/ad_msgs/environment/library_path.dsv
[5.209s] -- Symlinking: /home/jsyun/Programming/ROS2/automotive_software_lecture/simulator_projects/002_automotive_software_lon/install/ad_msgs/include/ad_msgs/ad_msgs/msg/detail/lane_point_data__rosidl_typesupport_fastrtps_c.h
[5.216s] -- Symlinking: /home/jsyun/Programming/ROS2/automotive_software_lecture/simulator_projects/002_automotive_software_lon/install/ad_msgs/include/ad_msgs/ad_msgs/msg/detail/lane_point_data_array__rosidl_typesupport_fastrtps_c.h
[5.223s] -- Symlinking: /home/jsyun/Programming/ROS2/automotive_software_lecture/simulator_projects/002_automotive_software_lon/install/ad_msgs/include/ad_msgs/ad_msgs/msg/detail/polyfit_lane_data__rosidl_typesupport_fastrtps_c.h
[5.230s] -- Symlinking: /home/jsyun/Programming/ROS2/automotive_software_lecture/simulator_projects/002_automotive_software_lon/install/ad_msgs/include/ad_msgs/ad_msgs/msg/detail/polyfit_lane_data_array__rosidl_typesupport_fastrtps_c.h
[5.236s] -- Symlinking: /home/jsyun/Programming/ROS2/automotive_software_lecture/simulator_projects/002_automotive_software_lon/install/ad_msgs/include/ad_msgs/ad_msgs/msg/detail/vehicle_input__rosidl_typesupport_fastrtps_c.h
[5.244s] -- Symlinking: /home/jsyun/Programming/ROS2/automotive_software_lecture/simulator_projects/002_automotive_software_lon/install/ad_msgs/include/ad_msgs/ad_msgs/msg/detail/vehicle_output__rosidl_typesupport_fastrtps_c.h
[5.252s] -- Symlinking: /home/jsyun/Programming/ROS2/automotive_software_lecture/simulator_projects/002_automotive_software_lon/install/ad_msgs/include/ad_msgs/ad_msgs/msg/rosidl_typesupport_fastrtps_c__visibility_control.h
[5.259s] -- Symlinking: /home/jsyun/Programming/ROS2/automotive_software_lecture/simulator_projects/002_automotive_software_lon/install/ad_msgs/include/ad_msgs/ad_msgs/msg/detail/lane_point_data__rosidl_typesupport_introspection_c.h
[5.266s] -- Symlinking: /home/jsyun/Programming/ROS2/automotive_software_lecture/simulator_projects/002_automotive_software_lon/install/ad_msgs/include/ad_msgs/ad_msgs/msg/detail/lane_point_data_array__rosidl_typesupport_introspection_c.h
[5.273s] -- Symlinking: /home/jsyun/Programming/ROS2/automotive_software_lecture/simulator_projects/002_automotive_software_lon/install/ad_msgs/include/ad_msgs/ad_msgs/msg/detail/polyfit_lane_data__rosidl_typesupport_introspection_c.h
[5.280s] -- Symlinking: /home/jsyun/Programming/ROS2/automotive_software_lecture/simulator_projects/002_automotive_software_lon/install/ad_msgs/include/ad_msgs/ad_msgs/msg/detail/polyfit_lane_data_array__rosidl_typesupport_introspection_c.h
[5.287s] -- Symlinking: /home/jsyun/Programming/ROS2/automotive_software_lecture/simulator_projects/002_automotive_software_lon/install/ad_msgs/include/ad_msgs/ad_msgs/msg/detail/vehicle_input__rosidl_typesupport_introspection_c.h
[5.294s] -- Symlinking: /home/jsyun/Programming/ROS2/automotive_software_lecture/simulator_projects/002_automotive_software_lon/install/ad_msgs/include/ad_msgs/ad_msgs/msg/detail/vehicle_output__rosidl_typesupport_introspection_c.h
[5.301s] -- Symlinking: /home/jsyun/Programming/ROS2/automotive_software_lecture/simulator_projects/002_automotive_software_lon/install/ad_msgs/include/ad_msgs/ad_msgs/msg/rosidl_typesupport_introspection_c__visibility_control.h
[5.308s] -- Symlinking: /home/jsyun/Programming/ROS2/automotive_software_lecture/simulator_projects/002_automotive_software_lon/install/ad_msgs/include/ad_msgs/ad_msgs/msg/detail/lane_point_data__builder.hpp
[5.315s] -- Symlinking: /home/jsyun/Programming/ROS2/automotive_software_lecture/simulator_projects/002_automotive_software_lon/install/ad_msgs/include/ad_msgs/ad_msgs/msg/detail/lane_point_data__struct.hpp
[5.322s] -- Symlinking: /home/jsyun/Programming/ROS2/automotive_software_lecture/simulator_projects/002_automotive_software_lon/install/ad_msgs/include/ad_msgs/ad_msgs/msg/detail/lane_point_data__traits.hpp
[5.330s] -- Symlinking: /home/jsyun/Programming/ROS2/automotive_software_lecture/simulator_projects/002_automotive_software_lon/install/ad_msgs/include/ad_msgs/ad_msgs/msg/detail/lane_point_data_array__builder.hpp
[5.337s] -- Symlinking: /home/jsyun/Programming/ROS2/automotive_software_lecture/simulator_projects/002_automotive_software_lon/install/ad_msgs/include/ad_msgs/ad_msgs/msg/detail/lane_point_data_array__struct.hpp
[5.345s] -- Symlinking: /home/jsyun/Programming/ROS2/automotive_software_lecture/simulator_projects/002_automotive_software_lon/install/ad_msgs/include/ad_msgs/ad_msgs/msg/detail/lane_point_data_array__traits.hpp
[5.352s] -- Symlinking: /home/jsyun/Programming/ROS2/automotive_software_lecture/simulator_projects/002_automotive_software_lon/install/ad_msgs/include/ad_msgs/ad_msgs/msg/detail/polyfit_lane_data__builder.hpp
[5.359s] -- Symlinking: /home/jsyun/Programming/ROS2/automotive_software_lecture/simulator_projects/002_automotive_software_lon/install/ad_msgs/include/ad_msgs/ad_msgs/msg/detail/polyfit_lane_data__struct.hpp
[5.366s] -- Symlinking: /home/jsyun/Programming/ROS2/automotive_software_lecture/simulator_projects/002_automotive_software_lon/install/ad_msgs/include/ad_msgs/ad_msgs/msg/detail/polyfit_lane_data__traits.hpp
[5.373s] -- Symlinking: /home/jsyun/Programming/ROS2/automotive_software_lecture/simulator_projects/002_automotive_software_lon/install/ad_msgs/include/ad_msgs/ad_msgs/msg/detail/polyfit_lane_data_array__builder.hpp
[5.380s] -- Symlinking: /home/jsyun/Programming/ROS2/automotive_software_lecture/simulator_projects/002_automotive_software_lon/install/ad_msgs/include/ad_msgs/ad_msgs/msg/detail/polyfit_lane_data_array__struct.hpp
[5.387s] -- Symlinking: /home/jsyun/Programming/ROS2/automotive_software_lecture/simulator_projects/002_automotive_software_lon/install/ad_msgs/include/ad_msgs/ad_msgs/msg/detail/polyfit_lane_data_array__traits.hpp
[5.394s] -- Symlinking: /home/jsyun/Programming/ROS2/automotive_software_lecture/simulator_projects/002_automotive_software_lon/install/ad_msgs/include/ad_msgs/ad_msgs/msg/detail/vehicle_input__builder.hpp
[5.401s] -- Symlinking: /home/jsyun/Programming/ROS2/automotive_software_lecture/simulator_projects/002_automotive_software_lon/install/ad_msgs/include/ad_msgs/ad_msgs/msg/detail/vehicle_input__struct.hpp
[5.407s] -- Symlinking: /home/jsyun/Programming/ROS2/automotive_software_lecture/simulator_projects/002_automotive_software_lon/install/ad_msgs/include/ad_msgs/ad_msgs/msg/detail/vehicle_input__traits.hpp
[5.414s] -- Symlinking: /home/jsyun/Programming/ROS2/automotive_software_lecture/simulator_projects/002_automotive_software_lon/install/ad_msgs/include/ad_msgs/ad_msgs/msg/detail/vehicle_output__builder.hpp
[5.421s] -- Symlinking: /home/jsyun/Programming/ROS2/automotive_software_lecture/simulator_projects/002_automotive_software_lon/install/ad_msgs/include/ad_msgs/ad_msgs/msg/detail/vehicle_output__struct.hpp
[5.428s] -- Symlinking: /home/jsyun/Programming/ROS2/automotive_software_lecture/simulator_projects/002_automotive_software_lon/install/ad_msgs/include/ad_msgs/ad_msgs/msg/detail/vehicle_output__traits.hpp
[5.435s] -- Symlinking: /home/jsyun/Programming/ROS2/automotive_software_lecture/simulator_projects/002_automotive_software_lon/install/ad_msgs/include/ad_msgs/ad_msgs/msg/lane_point_data.hpp
[5.442s] -- Symlinking: /home/jsyun/Programming/ROS2/automotive_software_lecture/simulator_projects/002_automotive_software_lon/install/ad_msgs/include/ad_msgs/ad_msgs/msg/lane_point_data_array.hpp
[5.450s] -- Symlinking: /home/jsyun/Programming/ROS2/automotive_software_lecture/simulator_projects/002_automotive_software_lon/install/ad_msgs/include/ad_msgs/ad_msgs/msg/polyfit_lane_data.hpp
[5.457s] -- Symlinking: /home/jsyun/Programming/ROS2/automotive_software_lecture/simulator_projects/002_automotive_software_lon/install/ad_msgs/include/ad_msgs/ad_msgs/msg/polyfit_lane_data_array.hpp
[5.464s] -- Symlinking: /home/jsyun/Programming/ROS2/automotive_software_lecture/simulator_projects/002_automotive_software_lon/install/ad_msgs/include/ad_msgs/ad_msgs/msg/vehicle_input.hpp
[5.470s] -- Symlinking: /home/jsyun/Programming/ROS2/automotive_software_lecture/simulator_projects/002_automotive_software_lon/install/ad_msgs/include/ad_msgs/ad_msgs/msg/vehicle_output.hpp
[5.478s] -- Symlinking: /home/jsyun/Programming/ROS2/automotive_software_lecture/simulator_projects/002_automotive_software_lon/install/ad_msgs/include/ad_msgs/ad_msgs/msg/detail/lane_point_data__rosidl_typesupport_fastrtps_cpp.hpp
[5.485s] -- Symlinking: /home/jsyun/Programming/ROS2/automotive_software_lecture/simulator_projects/002_automotive_software_lon/install/ad_msgs/include/ad_msgs/ad_msgs/msg/detail/lane_point_data_array__rosidl_typesupport_fastrtps_cpp.hpp
[5.491s] -- Symlinking: /home/jsyun/Programming/ROS2/automotive_software_lecture/simulator_projects/002_automotive_software_lon/install/ad_msgs/include/ad_msgs/ad_msgs/msg/detail/polyfit_lane_data__rosidl_typesupport_fastrtps_cpp.hpp
[5.498s] -- Symlinking: /home/jsyun/Programming/ROS2/automotive_software_lecture/simulator_projects/002_automotive_software_lon/install/ad_msgs/include/ad_msgs/ad_msgs/msg/detail/polyfit_lane_data_array__rosidl_typesupport_fastrtps_cpp.hpp
[5.505s] -- Symlinking: /home/jsyun/Programming/ROS2/automotive_software_lecture/simulator_projects/002_automotive_software_lon/install/ad_msgs/include/ad_msgs/ad_msgs/msg/detail/vehicle_input__rosidl_typesupport_fastrtps_cpp.hpp
[5.512s] -- Symlinking: /home/jsyun/Programming/ROS2/automotive_software_lecture/simulator_projects/002_automotive_software_lon/install/ad_msgs/include/ad_msgs/ad_msgs/msg/detail/vehicle_output__rosidl_typesupport_fastrtps_cpp.hpp
[5.519s] -- Symlinking: /home/jsyun/Programming/ROS2/automotive_software_lecture/simulator_projects/002_automotive_software_lon/install/ad_msgs/include/ad_msgs/ad_msgs/msg/rosidl_typesupport_fastrtps_cpp__visibility_control.h
[5.526s] -- Symlinking: /home/jsyun/Programming/ROS2/automotive_software_lecture/simulator_projects/002_automotive_software_lon/install/ad_msgs/include/ad_msgs/ad_msgs/msg/detail/lane_point_data__rosidl_typesupport_introspection_cpp.hpp
[5.533s] -- Symlinking: /home/jsyun/Programming/ROS2/automotive_software_lecture/simulator_projects/002_automotive_software_lon/install/ad_msgs/include/ad_msgs/ad_msgs/msg/detail/lane_point_data_array__rosidl_typesupport_introspection_cpp.hpp
[5.540s] -- Symlinking: /home/jsyun/Programming/ROS2/automotive_software_lecture/simulator_projects/002_automotive_software_lon/install/ad_msgs/include/ad_msgs/ad_msgs/msg/detail/polyfit_lane_data__rosidl_typesupport_introspection_cpp.hpp
[5.548s] -- Symlinking: /home/jsyun/Programming/ROS2/automotive_software_lecture/simulator_projects/002_automotive_software_lon/install/ad_msgs/include/ad_msgs/ad_msgs/msg/detail/polyfit_lane_data_array__rosidl_typesupport_introspection_cpp.hpp
[5.555s] -- Symlinking: /home/jsyun/Programming/ROS2/automotive_software_lecture/simulator_projects/002_automotive_software_lon/install/ad_msgs/include/ad_msgs/ad_msgs/msg/detail/vehicle_input__rosidl_typesupport_introspection_cpp.hpp
[5.562s] -- Symlinking: /home/jsyun/Programming/ROS2/automotive_software_lecture/simulator_projects/002_automotive_software_lon/install/ad_msgs/include/ad_msgs/ad_msgs/msg/detail/vehicle_output__rosidl_typesupport_introspection_cpp.hpp
[5.569s] -- Symlinking: /home/jsyun/Programming/ROS2/automotive_software_lecture/simulator_projects/002_automotive_software_lon/install/ad_msgs/share/ad_msgs/environment/pythonpath.sh
[5.576s] -- Symlinking: /home/jsyun/Programming/ROS2/automotive_software_lecture/simulator_projects/002_automotive_software_lon/install/ad_msgs/share/ad_msgs/environment/pythonpath.dsv
[5.584s] -- Symlinking: /home/jsyun/Programming/ROS2/automotive_software_lecture/simulator_projects/002_automotive_software_lon/install/ad_msgs/local/lib/python3.10/dist-packages/ad_msgs-0.0.0-py3.10.egg-info/PKG-INFO
[5.591s] -- Symlinking: /home/jsyun/Programming/ROS2/automotive_software_lecture/simulator_projects/002_automotive_software_lon/install/ad_msgs/local/lib/python3.10/dist-packages/ad_msgs-0.0.0-py3.10.egg-info/SOURCES.txt
[5.598s] -- Symlinking: /home/jsyun/Programming/ROS2/automotive_software_lecture/simulator_projects/002_automotive_software_lon/install/ad_msgs/local/lib/python3.10/dist-packages/ad_msgs-0.0.0-py3.10.egg-info/dependency_links.txt
[5.605s] -- Symlinking: /home/jsyun/Programming/ROS2/automotive_software_lecture/simulator_projects/002_automotive_software_lon/install/ad_msgs/local/lib/python3.10/dist-packages/ad_msgs-0.0.0-py3.10.egg-info/top_level.txt
[5.612s] -- Symlinking: /home/jsyun/Programming/ROS2/automotive_software_lecture/simulator_projects/002_automotive_software_lon/install/ad_msgs/local/lib/python3.10/dist-packages/ad_msgs/__init__.py
[5.619s] -- Symlinking: /home/jsyun/Programming/ROS2/automotive_software_lecture/simulator_projects/002_automotive_software_lon/install/ad_msgs/local/lib/python3.10/dist-packages/ad_msgs/_ad_msgs_s.ep.rosidl_typesupport_c.c
[5.626s] -- Symlinking: /home/jsyun/Programming/ROS2/automotive_software_lecture/simulator_projects/002_automotive_software_lon/install/ad_msgs/local/lib/python3.10/dist-packages/ad_msgs/_ad_msgs_s.ep.rosidl_typesupport_fastrtps_c.c
[5.632s] -- Symlinking: /home/jsyun/Programming/ROS2/automotive_software_lecture/simulator_projects/002_automotive_software_lon/install/ad_msgs/local/lib/python3.10/dist-packages/ad_msgs/_ad_msgs_s.ep.rosidl_typesupport_introspection_c.c
[5.639s] -- Symlinking: /home/jsyun/Programming/ROS2/automotive_software_lecture/simulator_projects/002_automotive_software_lon/install/ad_msgs/local/lib/python3.10/dist-packages/ad_msgs/ad_msgs_s__rosidl_typesupport_c.cpython-310-x86_64-linux-gnu.so
[5.647s] -- Symlinking: /home/jsyun/Programming/ROS2/automotive_software_lecture/simulator_projects/002_automotive_software_lon/install/ad_msgs/local/lib/python3.10/dist-packages/ad_msgs/ad_msgs_s__rosidl_typesupport_fastrtps_c.cpython-310-x86_64-linux-gnu.so
[5.654s] -- Symlinking: /home/jsyun/Programming/ROS2/automotive_software_lecture/simulator_projects/002_automotive_software_lon/install/ad_msgs/local/lib/python3.10/dist-packages/ad_msgs/ad_msgs_s__rosidl_typesupport_introspection_c.cpython-310-x86_64-linux-gnu.so
[5.662s] -- Symlinking: /home/jsyun/Programming/ROS2/automotive_software_lecture/simulator_projects/002_automotive_software_lon/install/ad_msgs/local/lib/python3.10/dist-packages/ad_msgs/libad_msgs__rosidl_generator_py.so
[5.668s] -- Symlinking: /home/jsyun/Programming/ROS2/automotive_software_lecture/simulator_projects/002_automotive_software_lon/install/ad_msgs/local/lib/python3.10/dist-packages/ad_msgs/msg/__init__.py
[5.676s] -- Symlinking: /home/jsyun/Programming/ROS2/automotive_software_lecture/simulator_projects/002_automotive_software_lon/install/ad_msgs/local/lib/python3.10/dist-packages/ad_msgs/msg/_lane_point_data.py
[5.683s] -- Symlinking: /home/jsyun/Programming/ROS2/automotive_software_lecture/simulator_projects/002_automotive_software_lon/install/ad_msgs/local/lib/python3.10/dist-packages/ad_msgs/msg/_lane_point_data_array.py
[5.690s] -- Symlinking: /home/jsyun/Programming/ROS2/automotive_software_lecture/simulator_projects/002_automotive_software_lon/install/ad_msgs/local/lib/python3.10/dist-packages/ad_msgs/msg/_lane_point_data_array_s.c
[5.696s] -- Symlinking: /home/jsyun/Programming/ROS2/automotive_software_lecture/simulator_projects/002_automotive_software_lon/install/ad_msgs/local/lib/python3.10/dist-packages/ad_msgs/msg/_lane_point_data_s.c
[5.703s] -- Symlinking: /home/jsyun/Programming/ROS2/automotive_software_lecture/simulator_projects/002_automotive_software_lon/install/ad_msgs/local/lib/python3.10/dist-packages/ad_msgs/msg/_polyfit_lane_data.py
[5.710s] -- Symlinking: /home/jsyun/Programming/ROS2/automotive_software_lecture/simulator_projects/002_automotive_software_lon/install/ad_msgs/local/lib/python3.10/dist-packages/ad_msgs/msg/_polyfit_lane_data_array.py
[5.716s] -- Symlinking: /home/jsyun/Programming/ROS2/automotive_software_lecture/simulator_projects/002_automotive_software_lon/install/ad_msgs/local/lib/python3.10/dist-packages/ad_msgs/msg/_polyfit_lane_data_array_s.c
[5.723s] -- Symlinking: /home/jsyun/Programming/ROS2/automotive_software_lecture/simulator_projects/002_automotive_software_lon/install/ad_msgs/local/lib/python3.10/dist-packages/ad_msgs/msg/_polyfit_lane_data_s.c
[5.730s] -- Symlinking: /home/jsyun/Programming/ROS2/automotive_software_lecture/simulator_projects/002_automotive_software_lon/install/ad_msgs/local/lib/python3.10/dist-packages/ad_msgs/msg/_vehicle_input.py
[5.737s] -- Symlinking: /home/jsyun/Programming/ROS2/automotive_software_lecture/simulator_projects/002_automotive_software_lon/install/ad_msgs/local/lib/python3.10/dist-packages/ad_msgs/msg/_vehicle_input_s.c
[5.745s] -- Symlinking: /home/jsyun/Programming/ROS2/automotive_software_lecture/simulator_projects/002_automotive_software_lon/install/ad_msgs/local/lib/python3.10/dist-packages/ad_msgs/msg/_vehicle_output.py
[5.752s] -- Symlinking: /home/jsyun/Programming/ROS2/automotive_software_lecture/simulator_projects/002_automotive_software_lon/install/ad_msgs/local/lib/python3.10/dist-packages/ad_msgs/msg/_vehicle_output_s.c
[5.760s] -- Up-to-date symlink: /home/jsyun/Programming/ROS2/automotive_software_lecture/simulator_projects/002_automotive_software_lon/install/ad_msgs/local/lib/python3.10/dist-packages/ad_msgs/ad_msgs_s__rosidl_typesupport_fastrtps_c.cpython-310-x86_64-linux-gnu.so
[5.760s] -- Up-to-date symlink: /home/jsyun/Programming/ROS2/automotive_software_lecture/simulator_projects/002_automotive_software_lon/install/ad_msgs/local/lib/python3.10/dist-packages/ad_msgs/ad_msgs_s__rosidl_typesupport_introspection_c.cpython-310-x86_64-linux-gnu.so
[5.760s] -- Up-to-date symlink: /home/jsyun/Programming/ROS2/automotive_software_lecture/simulator_projects/002_automotive_software_lon/install/ad_msgs/local/lib/python3.10/dist-packages/ad_msgs/ad_msgs_s__rosidl_typesupport_c.cpython-310-x86_64-linux-gnu.so
[5.760s] -- Symlinking: /home/jsyun/Programming/ROS2/automotive_software_lecture/simulator_projects/002_automotive_software_lon/install/ad_msgs/share/ad_msgs/msg/VehicleOutput.idl
[5.767s] -- Symlinking: /home/jsyun/Programming/ROS2/automotive_software_lecture/simulator_projects/002_automotive_software_lon/install/ad_msgs/share/ad_msgs/msg/VehicleInput.idl
[5.774s] -- Symlinking: /home/jsyun/Programming/ROS2/automotive_software_lecture/simulator_projects/002_automotive_software_lon/install/ad_msgs/share/ad_msgs/msg/PolyfitLaneData.idl
[5.781s] -- Symlinking: /home/jsyun/Programming/ROS2/automotive_software_lecture/simulator_projects/002_automotive_software_lon/install/ad_msgs/share/ad_msgs/msg/LanePointData.idl
[5.788s] -- Symlinking: /home/jsyun/Programming/ROS2/automotive_software_lecture/simulator_projects/002_automotive_software_lon/install/ad_msgs/share/ad_msgs/msg/LanePointDataArray.idl
[5.795s] -- Symlinking: /home/jsyun/Programming/ROS2/automotive_software_lecture/simulator_projects/002_automotive_software_lon/install/ad_msgs/share/ad_msgs/msg/PolyfitLaneDataArray.idl
[5.802s] -- Symlinking: /home/jsyun/Programming/ROS2/automotive_software_lecture/simulator_projects/002_automotive_software_lon/install/ad_msgs/share/ad_msgs/msg/VehicleOutput.msg
[5.809s] -- Symlinking: /home/jsyun/Programming/ROS2/automotive_software_lecture/simulator_projects/002_automotive_software_lon/install/ad_msgs/share/ad_msgs/msg/VehicleInput.msg
[5.816s] -- Symlinking: /home/jsyun/Programming/ROS2/automotive_software_lecture/simulator_projects/002_automotive_software_lon/install/ad_msgs/share/ad_msgs/msg/PolyfitLaneData.msg
[5.822s] -- Symlinking: /home/jsyun/Programming/ROS2/automotive_software_lecture/simulator_projects/002_automotive_software_lon/install/ad_msgs/share/ad_msgs/msg/LanePointData.msg
[5.829s] -- Symlinking: /home/jsyun/Programming/ROS2/automotive_software_lecture/simulator_projects/002_automotive_software_lon/install/ad_msgs/share/ad_msgs/msg/LanePointDataArray.msg
[5.836s] -- Symlinking: /home/jsyun/Programming/ROS2/automotive_software_lecture/simulator_projects/002_automotive_software_lon/install/ad_msgs/share/ad_msgs/msg/PolyfitLaneDataArray.msg
[5.844s] -- Symlinking: /home/jsyun/Programming/ROS2/automotive_software_lecture/simulator_projects/002_automotive_software_lon/install/ad_msgs/share/ament_index/resource_index/package_run_dependencies/ad_msgs
[5.852s] -- Symlinking: /home/jsyun/Programming/ROS2/automotive_software_lecture/simulator_projects/002_automotive_software_lon/install/ad_msgs/share/ament_index/resource_index/parent_prefix_path/ad_msgs
[5.859s] -- Symlinking: /home/jsyun/Programming/ROS2/automotive_software_lecture/simulator_projects/002_automotive_software_lon/install/ad_msgs/share/ad_msgs/environment/ament_prefix_path.sh
[5.866s] -- Symlinking: /home/jsyun/Programming/ROS2/automotive_software_lecture/simulator_projects/002_automotive_software_lon/install/ad_msgs/share/ad_msgs/environment/ament_prefix_path.dsv
[5.873s] -- Symlinking: /home/jsyun/Programming/ROS2/automotive_software_lecture/simulator_projects/002_automotive_software_lon/install/ad_msgs/share/ad_msgs/environment/path.sh
[5.880s] -- Symlinking: /home/jsyun/Programming/ROS2/automotive_software_lecture/simulator_projects/002_automotive_software_lon/install/ad_msgs/share/ad_msgs/environment/path.dsv
[5.887s] -- Symlinking: /home/jsyun/Programming/ROS2/automotive_software_lecture/simulator_projects/002_automotive_software_lon/install/ad_msgs/share/ad_msgs/local_setup.bash
[5.894s] -- Symlinking: /home/jsyun/Programming/ROS2/automotive_software_lecture/simulator_projects/002_automotive_software_lon/install/ad_msgs/share/ad_msgs/local_setup.sh
[5.900s] -- Symlinking: /home/jsyun/Programming/ROS2/automotive_software_lecture/simulator_projects/002_automotive_software_lon/install/ad_msgs/share/ad_msgs/local_setup.zsh
[5.907s] -- Symlinking: /home/jsyun/Programming/ROS2/automotive_software_lecture/simulator_projects/002_automotive_software_lon/install/ad_msgs/share/ad_msgs/local_setup.dsv
[5.914s] -- Symlinking: /home/jsyun/Programming/ROS2/automotive_software_lecture/simulator_projects/002_automotive_software_lon/install/ad_msgs/share/ad_msgs/package.dsv
[5.921s] -- Symlinking: /home/jsyun/Programming/ROS2/automotive_software_lecture/simulator_projects/002_automotive_software_lon/install/ad_msgs/share/ament_index/resource_index/packages/ad_msgs
[5.928s] -- Symlinking: /home/jsyun/Programming/ROS2/automotive_software_lecture/simulator_projects/002_automotive_software_lon/install/ad_msgs/share/ad_msgs/cmake/rosidl_cmake-extras.cmake
[5.935s] -- Symlinking: /home/jsyun/Programming/ROS2/automotive_software_lecture/simulator_projects/002_automotive_software_lon/install/ad_msgs/share/ad_msgs/cmake/ament_cmake_export_dependencies-extras.cmake
[5.943s] -- Symlinking: /home/jsyun/Programming/ROS2/automotive_software_lecture/simulator_projects/002_automotive_software_lon/install/ad_msgs/share/ad_msgs/cmake/ament_cmake_export_include_directories-extras.cmake
[5.950s] -- Symlinking: /home/jsyun/Programming/ROS2/automotive_software_lecture/simulator_projects/002_automotive_software_lon/install/ad_msgs/share/ad_msgs/cmake/ament_cmake_export_libraries-extras.cmake
[5.957s] -- Symlinking: /home/jsyun/Programming/ROS2/automotive_software_lecture/simulator_projects/002_automotive_software_lon/install/ad_msgs/share/ad_msgs/cmake/ament_cmake_export_targets-extras.cmake
[5.964s] -- Symlinking: /home/jsyun/Programming/ROS2/automotive_software_lecture/simulator_projects/002_automotive_software_lon/install/ad_msgs/share/ad_msgs/cmake/rosidl_cmake_export_typesupport_targets-extras.cmake
[5.971s] -- Symlinking: /home/jsyun/Programming/ROS2/automotive_software_lecture/simulator_projects/002_automotive_software_lon/install/ad_msgs/share/ad_msgs/cmake/rosidl_cmake_export_typesupport_libraries-extras.cmake
[5.978s] -- Symlinking: /home/jsyun/Programming/ROS2/automotive_software_lecture/simulator_projects/002_automotive_software_lon/install/ad_msgs/share/ad_msgs/cmake/ad_msgsConfig.cmake
[5.985s] -- Symlinking: /home/jsyun/Programming/ROS2/automotive_software_lecture/simulator_projects/002_automotive_software_lon/install/ad_msgs/share/ad_msgs/cmake/ad_msgsConfig-version.cmake
[5.992s] -- Symlinking: /home/jsyun/Programming/ROS2/automotive_software_lecture/simulator_projects/002_automotive_software_lon/install/ad_msgs/share/ad_msgs/package.xml
[5.999s] -- Installing: /home/jsyun/Programming/ROS2/automotive_software_lecture/simulator_projects/002_automotive_software_lon/install/ad_msgs/lib/libad_msgs__rosidl_generator_c.so
[5.999s] -- Set runtime path of "/home/jsyun/Programming/ROS2/automotive_software_lecture/simulator_projects/002_automotive_software_lon/install/ad_msgs/lib/libad_msgs__rosidl_generator_c.so" to ""
[5.999s] -- Installing: /home/jsyun/Programming/ROS2/automotive_software_lecture/simulator_projects/002_automotive_software_lon/install/ad_msgs/lib/libad_msgs__rosidl_typesupport_fastrtps_c.so
[6.000s] -- Set runtime path of "/home/jsyun/Programming/ROS2/automotive_software_lecture/simulator_projects/002_automotive_software_lon/install/ad_msgs/lib/libad_msgs__rosidl_typesupport_fastrtps_c.so" to ""
[6.000s] -- Installing: /home/jsyun/Programming/ROS2/automotive_software_lecture/simulator_projects/002_automotive_software_lon/install/ad_msgs/lib/libad_msgs__rosidl_typesupport_introspection_c.so
[6.000s] -- Set runtime path of "/home/jsyun/Programming/ROS2/automotive_software_lecture/simulator_projects/002_automotive_software_lon/install/ad_msgs/lib/libad_msgs__rosidl_typesupport_introspection_c.so" to ""
[6.000s] -- Installing: /home/jsyun/Programming/ROS2/automotive_software_lecture/simulator_projects/002_automotive_software_lon/install/ad_msgs/lib/libad_msgs__rosidl_typesupport_c.so
[6.000s] -- Set runtime path of "/home/jsyun/Programming/ROS2/automotive_software_lecture/simulator_projects/002_automotive_software_lon/install/ad_msgs/lib/libad_msgs__rosidl_typesupport_c.so" to ""
[6.000s] -- Installing: /home/jsyun/Programming/ROS2/automotive_software_lecture/simulator_projects/002_automotive_software_lon/install/ad_msgs/lib/libad_msgs__rosidl_typesupport_fastrtps_cpp.so
[6.001s] -- Set runtime path of "/home/jsyun/Programming/ROS2/automotive_software_lecture/simulator_projects/002_automotive_software_lon/install/ad_msgs/lib/libad_msgs__rosidl_typesupport_fastrtps_cpp.so" to ""
[6.001s] -- Installing: /home/jsyun/Programming/ROS2/automotive_software_lecture/simulator_projects/002_automotive_software_lon/install/ad_msgs/lib/libad_msgs__rosidl_typesupport_introspection_cpp.so
[6.001s] -- Set runtime path of "/home/jsyun/Programming/ROS2/automotive_software_lecture/simulator_projects/002_automotive_software_lon/install/ad_msgs/lib/libad_msgs__rosidl_typesupport_introspection_cpp.so" to ""
[6.001s] -- Installing: /home/jsyun/Programming/ROS2/automotive_software_lecture/simulator_projects/002_automotive_software_lon/install/ad_msgs/lib/libad_msgs__rosidl_typesupport_cpp.so
[6.001s] -- Set runtime path of "/home/jsyun/Programming/ROS2/automotive_software_lecture/simulator_projects/002_automotive_software_lon/install/ad_msgs/lib/libad_msgs__rosidl_typesupport_cpp.so" to ""
[6.029s] Listing '/home/jsyun/Programming/ROS2/automotive_software_lecture/simulator_projects/002_automotive_software_lon/install/ad_msgs/local/lib/python3.10/dist-packages/ad_msgs'...
[6.029s] Compiling '/home/jsyun/Programming/ROS2/automotive_software_lecture/simulator_projects/002_automotive_software_lon/install/ad_msgs/local/lib/python3.10/dist-packages/ad_msgs/__init__.py'...
[6.029s] Listing '/home/jsyun/Programming/ROS2/automotive_software_lecture/simulator_projects/002_automotive_software_lon/install/ad_msgs/local/lib/python3.10/dist-packages/ad_msgs/msg'...
[6.029s] Compiling '/home/jsyun/Programming/ROS2/automotive_software_lecture/simulator_projects/002_automotive_software_lon/install/ad_msgs/local/lib/python3.10/dist-packages/ad_msgs/msg/__init__.py'...
[6.029s] Compiling '/home/jsyun/Programming/ROS2/automotive_software_lecture/simulator_projects/002_automotive_software_lon/install/ad_msgs/local/lib/python3.10/dist-packages/ad_msgs/msg/_lane_point_data.py'...
[6.029s] Compiling '/home/jsyun/Programming/ROS2/automotive_software_lecture/simulator_projects/002_automotive_software_lon/install/ad_msgs/local/lib/python3.10/dist-packages/ad_msgs/msg/_lane_point_data_array.py'...
[6.029s] Compiling '/home/jsyun/Programming/ROS2/automotive_software_lecture/simulator_projects/002_automotive_software_lon/install/ad_msgs/local/lib/python3.10/dist-packages/ad_msgs/msg/_polyfit_lane_data.py'...
[6.029s] Compiling '/home/jsyun/Programming/ROS2/automotive_software_lecture/simulator_projects/002_automotive_software_lon/install/ad_msgs/local/lib/python3.10/dist-packages/ad_msgs/msg/_polyfit_lane_data_array.py'...
[6.030s] Compiling '/home/jsyun/Programming/ROS2/automotive_software_lecture/simulator_projects/002_automotive_software_lon/install/ad_msgs/local/lib/python3.10/dist-packages/ad_msgs/msg/_vehicle_input.py'...
[6.030s] Compiling '/home/jsyun/Programming/ROS2/automotive_software_lecture/simulator_projects/002_automotive_software_lon/install/ad_msgs/local/lib/python3.10/dist-packages/ad_msgs/msg/_vehicle_output.py'...
[6.032s] -- Installing: /home/jsyun/Programming/ROS2/automotive_software_lecture/simulator_projects/002_automotive_software_lon/install/ad_msgs/lib/libad_msgs__rosidl_generator_py.so
[6.032s] -- Set runtime path of "/home/jsyun/Programming/ROS2/automotive_software_lecture/simulator_projects/002_automotive_software_lon/install/ad_msgs/lib/libad_msgs__rosidl_generator_py.so" to ""
[6.033s] -- Installing: /home/jsyun/Programming/ROS2/automotive_software_lecture/simulator_projects/002_automotive_software_lon/install/ad_msgs/share/ad_msgs/cmake/export_ad_msgs__rosidl_generator_cExport.cmake
[6.033s] -- Installing: /home/jsyun/Programming/ROS2/automotive_software_lecture/simulator_projects/002_automotive_software_lon/install/ad_msgs/share/ad_msgs/cmake/export_ad_msgs__rosidl_generator_cExport-release.cmake
[6.033s] -- Installing: /home/jsyun/Programming/ROS2/automotive_software_lecture/simulator_projects/002_automotive_software_lon/install/ad_msgs/share/ad_msgs/cmake/export_ad_msgs__rosidl_typesupport_fastrtps_cExport.cmake
[6.033s] -- Installing: /home/jsyun/Programming/ROS2/automotive_software_lecture/simulator_projects/002_automotive_software_lon/install/ad_msgs/share/ad_msgs/cmake/export_ad_msgs__rosidl_typesupport_fastrtps_cExport-release.cmake
[6.033s] -- Installing: /home/jsyun/Programming/ROS2/automotive_software_lecture/simulator_projects/002_automotive_software_lon/install/ad_msgs/share/ad_msgs/cmake/ad_msgs__rosidl_typesupport_introspection_cExport.cmake
[6.033s] -- Installing: /home/jsyun/Programming/ROS2/automotive_software_lecture/simulator_projects/002_automotive_software_lon/install/ad_msgs/share/ad_msgs/cmake/ad_msgs__rosidl_typesupport_introspection_cExport-release.cmake
[6.033s] -- Installing: /home/jsyun/Programming/ROS2/automotive_software_lecture/simulator_projects/002_automotive_software_lon/install/ad_msgs/share/ad_msgs/cmake/ad_msgs__rosidl_typesupport_cExport.cmake
[6.034s] -- Installing: /home/jsyun/Programming/ROS2/automotive_software_lecture/simulator_projects/002_automotive_software_lon/install/ad_msgs/share/ad_msgs/cmake/ad_msgs__rosidl_typesupport_cExport-release.cmake
[6.034s] -- Installing: /home/jsyun/Programming/ROS2/automotive_software_lecture/simulator_projects/002_automotive_software_lon/install/ad_msgs/share/ad_msgs/cmake/export_ad_msgs__rosidl_generator_cppExport.cmake
[6.034s] -- Installing: /home/jsyun/Programming/ROS2/automotive_software_lecture/simulator_projects/002_automotive_software_lon/install/ad_msgs/share/ad_msgs/cmake/export_ad_msgs__rosidl_typesupport_fastrtps_cppExport.cmake
[6.034s] -- Installing: /home/jsyun/Programming/ROS2/automotive_software_lecture/simulator_projects/002_automotive_software_lon/install/ad_msgs/share/ad_msgs/cmake/export_ad_msgs__rosidl_typesupport_fastrtps_cppExport-release.cmake
[6.034s] -- Installing: /home/jsyun/Programming/ROS2/automotive_software_lecture/simulator_projects/002_automotive_software_lon/install/ad_msgs/share/ad_msgs/cmake/ad_msgs__rosidl_typesupport_introspection_cppExport.cmake
[6.034s] -- Installing: /home/jsyun/Programming/ROS2/automotive_software_lecture/simulator_projects/002_automotive_software_lon/install/ad_msgs/share/ad_msgs/cmake/ad_msgs__rosidl_typesupport_introspection_cppExport-release.cmake
[6.034s] -- Installing: /home/jsyun/Programming/ROS2/automotive_software_lecture/simulator_projects/002_automotive_software_lon/install/ad_msgs/share/ad_msgs/cmake/ad_msgs__rosidl_typesupport_cppExport.cmake
[6.035s] -- Installing: /home/jsyun/Programming/ROS2/automotive_software_lecture/simulator_projects/002_automotive_software_lon/install/ad_msgs/share/ad_msgs/cmake/ad_msgs__rosidl_typesupport_cppExport-release.cmake
[6.035s] -- Installing: /home/jsyun/Programming/ROS2/automotive_software_lecture/simulator_projects/002_automotive_software_lon/install/ad_msgs/share/ad_msgs/cmake/export_ad_msgs__rosidl_generator_pyExport.cmake
[6.035s] -- Installing: /home/jsyun/Programming/ROS2/automotive_software_lecture/simulator_projects/002_automotive_software_lon/install/ad_msgs/share/ad_msgs/cmake/export_ad_msgs__rosidl_generator_pyExport-release.cmake
[6.037s] Invoked command in '/home/jsyun/Programming/ROS2/automotive_software_lecture/simulator_projects/002_automotive_software_lon/build/ad_msgs' returned '0': CMAKE_PREFIX_PATH=${CMAKE_PREFIX_PATH}:/opt/ros/humble /usr/bin/cmake --install /home/jsyun/Programming/ROS2/automotive_software_lecture/simulator_projects/002_automotive_software_lon/build/ad_msgs
