[0.007s] Invoking command in '/home/jsyun/ros2_turtle_project/build/turtle_controller': AMENT_PREFIX_PATH=/home/jsyun/ros2_turtle_project/install/turtle_interfaces:${AMENT_PREFIX_PATH} CMAKE_PREFIX_PATH=/home/jsyun/ros2_turtle_project/install/turtle_interfaces:/opt/ros/humble LD_LIBRARY_PATH=/home/jsyun/ros2_turtle_project/install/turtle_interfaces/lib:${LD_LIBRARY_PATH} PYTHONPATH=/home/jsyun/ros2_turtle_project/install/turtle_interfaces/local/lib/python3.10/dist-packages:${PYTHONPATH} /usr/bin/cmake --build /home/jsyun/ros2_turtle_project/build/turtle_controller -- -j12 -l12
[0.042s] [35m[1mConsolidate compiler generated dependencies of target moving_turtle[0m
[0.042s] [35m[1mConsolidate compiler generated dependencies of target hmi[0m
[0.042s] [35m[1mConsolidate compiler generated dependencies of target color_changer[0m
[0.055s] [ 83%] Built target color_changer
[0.055s] [ 83%] [32mBuilding CXX object CMakeFiles/hmi.dir/src/hmi.cpp.o[0m
[0.055s] [ 83%] Built target moving_turtle
[8.762s] [100%] [32m[1mLinking CXX executable hmi[0m
[9.170s] [100%] Built target hmi
[9.180s] Invoked command in '/home/jsyun/ros2_turtle_project/build/turtle_controller' returned '0': AMENT_PREFIX_PATH=/home/jsyun/ros2_turtle_project/install/turtle_interfaces:${AMENT_PREFIX_PATH} CMAKE_PREFIX_PATH=/home/jsyun/ros2_turtle_project/install/turtle_interfaces:/opt/ros/humble LD_LIBRARY_PATH=/home/jsyun/ros2_turtle_project/install/turtle_interfaces/lib:${LD_LIBRARY_PATH} PYTHONPATH=/home/jsyun/ros2_turtle_project/install/turtle_interfaces/local/lib/python3.10/dist-packages:${PYTHONPATH} /usr/bin/cmake --build /home/jsyun/ros2_turtle_project/build/turtle_controller -- -j12 -l12
[9.207s] Invoking command in '/home/jsyun/ros2_turtle_project/build/turtle_controller': AMENT_PREFIX_PATH=/home/jsyun/ros2_turtle_project/install/turtle_interfaces:${AMENT_PREFIX_PATH} CMAKE_PREFIX_PATH=/home/jsyun/ros2_turtle_project/install/turtle_interfaces:/opt/ros/humble LD_LIBRARY_PATH=/home/jsyun/ros2_turtle_project/install/turtle_interfaces/lib:${LD_LIBRARY_PATH} PYTHONPATH=/home/jsyun/ros2_turtle_project/install/turtle_interfaces/local/lib/python3.10/dist-packages:${PYTHONPATH} /usr/bin/cmake --install /home/jsyun/ros2_turtle_project/build/turtle_controller
[9.213s] -- Install configuration: ""
[9.214s] -- Execute custom install script
[9.214s] -- Up-to-date symlink: /home/jsyun/ros2_turtle_project/install/turtle_controller/lib/turtle_controller/moving_turtle
[9.214s] -- Up-to-date symlink: /home/jsyun/ros2_turtle_project/install/turtle_controller/lib/turtle_controller/color_changer
[9.214s] -- Up-to-date symlink: /home/jsyun/ros2_turtle_project/install/turtle_controller/lib/turtle_controller/hmi
[9.214s] -- Up-to-date symlink: /home/jsyun/ros2_turtle_project/install/turtle_controller/share/turtle_controller/launch/turtle_project.launch.xml
[9.215s] -- Up-to-date symlink: /home/jsyun/ros2_turtle_project/install/turtle_controller/share/ament_index/resource_index/package_run_dependencies/turtle_controller
[9.215s] -- Up-to-date symlink: /home/jsyun/ros2_turtle_project/install/turtle_controller/share/ament_index/resource_index/parent_prefix_path/turtle_controller
[9.215s] -- Up-to-date symlink: /home/jsyun/ros2_turtle_project/install/turtle_controller/share/turtle_controller/environment/ament_prefix_path.sh
[9.215s] -- Up-to-date symlink: /home/jsyun/ros2_turtle_project/install/turtle_controller/share/turtle_controller/environment/ament_prefix_path.dsv
[9.215s] -- Up-to-date symlink: /home/jsyun/ros2_turtle_project/install/turtle_controller/share/turtle_controller/environment/path.sh
[9.215s] -- Up-to-date symlink: /home/jsyun/ros2_turtle_project/install/turtle_controller/share/turtle_controller/environment/path.dsv
[9.215s] -- Up-to-date symlink: /home/jsyun/ros2_turtle_project/install/turtle_controller/share/turtle_controller/local_setup.bash
[9.215s] -- Up-to-date symlink: /home/jsyun/ros2_turtle_project/install/turtle_controller/share/turtle_controller/local_setup.sh
[9.215s] -- Up-to-date symlink: /home/jsyun/ros2_turtle_project/install/turtle_controller/share/turtle_controller/local_setup.zsh
[9.216s] -- Up-to-date symlink: /home/jsyun/ros2_turtle_project/install/turtle_controller/share/turtle_controller/local_setup.dsv
[9.216s] -- Symlinking: /home/jsyun/ros2_turtle_project/install/turtle_controller/share/turtle_controller/package.dsv
[9.223s] -- Up-to-date symlink: /home/jsyun/ros2_turtle_project/install/turtle_controller/share/ament_index/resource_index/packages/turtle_controller
[9.223s] -- Up-to-date symlink: /home/jsyun/ros2_turtle_project/install/turtle_controller/share/turtle_controller/cmake/turtle_controllerConfig.cmake
[9.223s] -- Up-to-date symlink: /home/jsyun/ros2_turtle_project/install/turtle_controller/share/turtle_controller/cmake/turtle_controllerConfig-version.cmake
[9.224s] -- Up-to-date symlink: /home/jsyun/ros2_turtle_project/install/turtle_controller/share/turtle_controller/package.xml
[9.226s] Invoked command in '/home/jsyun/ros2_turtle_project/build/turtle_controller' returned '0': AMENT_PREFIX_PATH=/home/jsyun/ros2_turtle_project/install/turtle_interfaces:${AMENT_PREFIX_PATH} CMAKE_PREFIX_PATH=/home/jsyun/ros2_turtle_project/install/turtle_interfaces:/opt/ros/humble LD_LIBRARY_PATH=/home/jsyun/ros2_turtle_project/install/turtle_interfaces/lib:${LD_LIBRARY_PATH} PYTHONPATH=/home/jsyun/ros2_turtle_project/install/turtle_interfaces/local/lib/python3.10/dist-packages:${PYTHONPATH} /usr/bin/cmake --install /home/jsyun/ros2_turtle_project/build/turtle_controller
