[0.007s] Invoking command in '/home/jsyun/ros2_turtle_project/build/turtle_interfaces': CMAKE_PREFIX_PATH=/opt/ros/humble /usr/bin/cmake /home/jsyun/ros2_turtle_project/src/turtle_interfaces -DAMENT_CMAKE_SYMLINK_INSTALL=1 -DCMAKE_INSTALL_PREFIX=/home/jsyun/ros2_turtle_project/install/turtle_interfaces
[0.051s] -- The C compiler identification is GNU 11.4.0
[0.094s] -- The CXX compiler identification is GNU 11.4.0
[0.100s] -- Detecting C compiler ABI info
[0.157s] -- Detecting C compiler ABI info - done
[0.162s] -- Check for working C compiler: /usr/bin/cc - skipped
[0.162s] -- Detecting C compile features
[0.162s] -- Detecting C compile features - done
[0.164s] -- Detecting CXX compiler ABI info
[0.229s] -- Detecting CXX compiler ABI info - done
[0.234s] -- Check for working CXX compiler: /usr/bin/c++ - skipped
[0.234s] -- Detecting CXX compile features
[0.234s] -- Detecting CXX compile features - done
[0.236s] -- Found ament_cmake: 1.3.10 (/opt/ros/humble/share/ament_cmake/cmake)
[0.346s] -- Found Python3: /usr/bin/python3 (found version "3.10.12") found components: Interpreter 
[0.390s] -- Override CMake install command with custom implementation using symlinks instead of copying resources
[0.409s] -- Found rosidl_default_generators: 1.2.0 (/opt/ros/humble/share/rosidl_default_generators/cmake)
[0.411s] -- Using all available rosidl_typesupport_c: rosidl_typesupport_fastrtps_c;rosidl_typesupport_introspection_c
[0.415s] -- Found rosidl_adapter: 3.1.5 (/opt/ros/humble/share/rosidl_adapter/cmake)
[0.444s] -- Using all available rosidl_typesupport_cpp: rosidl_typesupport_fastrtps_cpp;rosidl_typesupport_introspection_cpp
[0.642s] -- Found ament_cmake_ros: 0.10.0 (/opt/ros/humble/share/ament_cmake_ros/cmake)
[0.777s] -- Using all available rosidl_typesupport_c: rosidl_typesupport_fastrtps_c;rosidl_typesupport_introspection_c
[0.951s] -- Using all available rosidl_typesupport_cpp: rosidl_typesupport_fastrtps_cpp;rosidl_typesupport_introspection_cpp
[0.969s] -- Found PythonInterp: /usr/bin/python3 (found suitable version "3.10.12", minimum required is "3.6") 
[0.970s] -- Found python_cmake_module: 0.10.0 (/opt/ros/humble/share/python_cmake_module/cmake)
[0.989s] -- Found PythonLibs: /usr/lib/x86_64-linux-gnu/libpython3.10.so (found suitable version "3.10.12", minimum required is "3.5") 
[0.990s] -- Using PYTHON_EXECUTABLE: /usr/bin/python3
[0.990s] -- Using PYTHON_INCLUDE_DIRS: /usr/include/python3.10
[0.990s] -- Using PYTHON_LIBRARIES: /usr/lib/x86_64-linux-gnu/libpython3.10.so
[1.006s] -- Found PythonExtra: .so  
[1.037s] -- Configuring done
[1.060s] -- Generating done
[1.062s] -- Build files have been written to: /home/jsyun/ros2_turtle_project/build/turtle_interfaces
[1.070s] Invoked command in '/home/jsyun/ros2_turtle_project/build/turtle_interfaces' returned '0': CMAKE_PREFIX_PATH=/opt/ros/humble /usr/bin/cmake /home/jsyun/ros2_turtle_project/src/turtle_interfaces -DAMENT_CMAKE_SYMLINK_INSTALL=1 -DCMAKE_INSTALL_PREFIX=/home/jsyun/ros2_turtle_project/install/turtle_interfaces
[1.070s] Invoking command in '/home/jsyun/ros2_turtle_project/build/turtle_interfaces': CMAKE_PREFIX_PATH=/opt/ros/humble /usr/bin/cmake --build /home/jsyun/ros2_turtle_project/build/turtle_interfaces -- -j12 -l12
[1.103s] [  3%] [34m[1mGenerating C code for ROS interfaces[0m
[1.110s] [  6%] [34m[1mGenerating C++ code for ROS interfaces[0m
[1.118s] [  6%] Built target ament_cmake_python_symlink_turtle_interfaces
[1.296s] [  6%] Built target turtle_interfaces__cpp
[1.301s] [  9%] [32mBuilding C object CMakeFiles/turtle_interfaces__rosidl_generator_c.dir/rosidl_generator_c/turtle_interfaces/msg/detail/color_rgb__functions.c.o[0m
[1.305s] [ 16%] [34m[1mGenerating C++ type support dispatch for ROS interfaces[0m
[1.305s] [ 16%] [34m[1mGenerating C++ introspection for ROS interfaces[0m
[1.305s] [ 19%] [34m[1mGenerating C++ type support for eProsima Fast-RTPS[0m
[1.314s] running egg_info
[1.314s] creating turtle_interfaces.egg-info
[1.314s] writing turtle_interfaces.egg-info/PKG-INFO
[1.314s] writing dependency_links to turtle_interfaces.egg-info/dependency_links.txt
[1.315s] writing top-level names to turtle_interfaces.egg-info/top_level.txt
[1.315s] writing manifest file 'turtle_interfaces.egg-info/SOURCES.txt'
[1.316s] reading manifest file 'turtle_interfaces.egg-info/SOURCES.txt'
[1.317s] writing manifest file 'turtle_interfaces.egg-info/SOURCES.txt'
[1.344s] [ 22%] [32m[1mLinking C shared library libturtle_interfaces__rosidl_generator_c.so[0m
[1.351s] [ 22%] Built target ament_cmake_python_build_turtle_interfaces_egg
[1.378s] [ 22%] Built target turtle_interfaces__rosidl_generator_c
[1.388s] [ 32%] [34m[1mGenerating C type support dispatch for ROS interfaces[0m
[1.389s] [ 32%] [34m[1mGenerating C type support for eProsima Fast-RTPS[0m
[1.389s] [ 32%] [34m[1mGenerating C introspection for ROS interfaces[0m
[1.502s] [ 35%] [32mBuilding CXX object CMakeFiles/turtle_interfaces__rosidl_typesupport_cpp.dir/rosidl_typesupport_cpp/turtle_interfaces/msg/color_rgb__type_support.cpp.o[0m
[1.514s] [ 38%] [32mBuilding CXX object CMakeFiles/turtle_interfaces__rosidl_typesupport_introspection_cpp.dir/rosidl_typesupport_introspection_cpp/turtle_interfaces/msg/detail/color_rgb__type_support.cpp.o[0m
[1.525s] [ 41%] [32mBuilding CXX object CMakeFiles/turtle_interfaces__rosidl_typesupport_fastrtps_cpp.dir/rosidl_typesupport_fastrtps_cpp/turtle_interfaces/msg/detail/dds_fastrtps/color_rgb__type_support.cpp.o[0m
[1.586s] [ 45%] [32mBuilding CXX object CMakeFiles/turtle_interfaces__rosidl_typesupport_c.dir/rosidl_typesupport_c/turtle_interfaces/msg/color_rgb__type_support.cpp.o[0m
[1.612s] [ 48%] [32mBuilding C object CMakeFiles/turtle_interfaces__rosidl_typesupport_introspection_c.dir/rosidl_typesupport_introspection_c/turtle_interfaces/msg/detail/color_rgb__type_support.c.o[0m
[1.613s] [ 51%] [32mBuilding CXX object CMakeFiles/turtle_interfaces__rosidl_typesupport_fastrtps_c.dir/rosidl_typesupport_fastrtps_c/turtle_interfaces/msg/detail/color_rgb__type_support_c.cpp.o[0m
[1.613s] [ 54%] [32m[1mLinking CXX shared library libturtle_interfaces__rosidl_typesupport_c.so[0m
[1.646s] [ 58%] [32m[1mLinking C shared library libturtle_interfaces__rosidl_typesupport_introspection_c.so[0m
[1.657s] [ 58%] Built target turtle_interfaces__rosidl_typesupport_c
[1.679s] [ 58%] Built target turtle_interfaces__rosidl_typesupport_introspection_c
[1.734s] [ 61%] [32m[1mLinking CXX shared library libturtle_interfaces__rosidl_typesupport_cpp.so[0m
[1.773s] [ 61%] Built target turtle_interfaces__rosidl_typesupport_cpp
[1.832s] [ 64%] [32m[1mLinking CXX shared library libturtle_interfaces__rosidl_typesupport_introspection_cpp.so[0m
[1.857s] [ 67%] [32m[1mLinking CXX shared library libturtle_interfaces__rosidl_typesupport_fastrtps_cpp.so[0m
[1.868s] [ 67%] Built target turtle_interfaces__rosidl_typesupport_introspection_cpp
[1.883s] [ 70%] [32m[1mLinking CXX shared library libturtle_interfaces__rosidl_typesupport_fastrtps_c.so[0m
[1.922s] [ 70%] Built target turtle_interfaces__rosidl_typesupport_fastrtps_cpp
[1.944s] [ 70%] Built target turtle_interfaces__rosidl_typesupport_fastrtps_c
[1.960s] [ 70%] Built target turtle_interfaces
[1.976s] [ 74%] [34m[1mGenerating Python code for ROS interfaces[0m
[2.176s] [ 74%] Built target turtle_interfaces__py
[2.192s] [ 77%] [32mBuilding C object CMakeFiles/turtle_interfaces__rosidl_generator_py.dir/rosidl_generator_py/turtle_interfaces/msg/_color_rgb_s.c.o[0m
[2.265s] [ 80%] [32m[1mLinking C shared library rosidl_generator_py/turtle_interfaces/libturtle_interfaces__rosidl_generator_py.so[0m
[2.296s] [ 80%] Built target turtle_interfaces__rosidl_generator_py
[2.313s] [ 90%] [32mBuilding C object CMakeFiles/turtle_interfaces__rosidl_typesupport_introspection_c__pyext.dir/rosidl_generator_py/turtle_interfaces/_turtle_interfaces_s.ep.rosidl_typesupport_introspection_c.c.o[0m
[2.313s] [ 90%] [32mBuilding C object CMakeFiles/turtle_interfaces__rosidl_typesupport_fastrtps_c__pyext.dir/rosidl_generator_py/turtle_interfaces/_turtle_interfaces_s.ep.rosidl_typesupport_fastrtps_c.c.o[0m
[2.313s] [ 90%] [32mBuilding C object CMakeFiles/turtle_interfaces__rosidl_typesupport_c__pyext.dir/rosidl_generator_py/turtle_interfaces/_turtle_interfaces_s.ep.rosidl_typesupport_c.c.o[0m
[2.383s] [ 96%] [32m[1mLinking C shared library rosidl_generator_py/turtle_interfaces/turtle_interfaces_s__rosidl_typesupport_c.cpython-310-x86_64-linux-gnu.so[0m
[2.383s] [ 96%] [32m[1mLinking C shared library rosidl_generator_py/turtle_interfaces/turtle_interfaces_s__rosidl_typesupport_introspection_c.cpython-310-x86_64-linux-gnu.so[0m
[2.387s] [100%] [32m[1mLinking C shared library rosidl_generator_py/turtle_interfaces/turtle_interfaces_s__rosidl_typesupport_fastrtps_c.cpython-310-x86_64-linux-gnu.so[0m
[2.411s] [100%] Built target turtle_interfaces__rosidl_typesupport_introspection_c__pyext
[2.411s] [100%] Built target turtle_interfaces__rosidl_typesupport_c__pyext
[2.414s] [100%] Built target turtle_interfaces__rosidl_typesupport_fastrtps_c__pyext
[2.424s] Invoked command in '/home/jsyun/ros2_turtle_project/build/turtle_interfaces' returned '0': CMAKE_PREFIX_PATH=/opt/ros/humble /usr/bin/cmake --build /home/jsyun/ros2_turtle_project/build/turtle_interfaces -- -j12 -l12
[2.485s] Invoking command in '/home/jsyun/ros2_turtle_project/build/turtle_interfaces': CMAKE_PREFIX_PATH=/opt/ros/humble /usr/bin/cmake --install /home/jsyun/ros2_turtle_project/build/turtle_interfaces
[2.491s] -- Install configuration: ""
[2.491s] -- Execute custom install script
[2.491s] -- Symlinking: /home/jsyun/ros2_turtle_project/install/turtle_interfaces/share/ament_index/resource_index/rosidl_interfaces/turtle_interfaces
[2.499s] -- Symlinking: /home/jsyun/ros2_turtle_project/install/turtle_interfaces/include/turtle_interfaces/turtle_interfaces/msg/color_rgb.h
[2.506s] -- Symlinking: /home/jsyun/ros2_turtle_project/install/turtle_interfaces/include/turtle_interfaces/turtle_interfaces/msg/detail/color_rgb__functions.h
[2.515s] -- Symlinking: /home/jsyun/ros2_turtle_project/install/turtle_interfaces/include/turtle_interfaces/turtle_interfaces/msg/detail/color_rgb__struct.h
[2.522s] -- Symlinking: /home/jsyun/ros2_turtle_project/install/turtle_interfaces/include/turtle_interfaces/turtle_interfaces/msg/detail/color_rgb__type_support.h
[2.529s] -- Symlinking: /home/jsyun/ros2_turtle_project/install/turtle_interfaces/include/turtle_interfaces/turtle_interfaces/msg/rosidl_generator_c__visibility_control.h
[2.537s] -- Symlinking: /home/jsyun/ros2_turtle_project/install/turtle_interfaces/share/turtle_interfaces/environment/library_path.sh
[2.544s] -- Symlinking: /home/jsyun/ros2_turtle_project/install/turtle_interfaces/share/turtle_interfaces/environment/library_path.dsv
[2.551s] -- Symlinking: /home/jsyun/ros2_turtle_project/install/turtle_interfaces/include/turtle_interfaces/turtle_interfaces/msg/detail/color_rgb__rosidl_typesupport_fastrtps_c.h
[2.558s] -- Symlinking: /home/jsyun/ros2_turtle_project/install/turtle_interfaces/include/turtle_interfaces/turtle_interfaces/msg/rosidl_typesupport_fastrtps_c__visibility_control.h
[2.566s] -- Symlinking: /home/jsyun/ros2_turtle_project/install/turtle_interfaces/include/turtle_interfaces/turtle_interfaces/msg/detail/color_rgb__rosidl_typesupport_introspection_c.h
[2.573s] -- Symlinking: /home/jsyun/ros2_turtle_project/install/turtle_interfaces/include/turtle_interfaces/turtle_interfaces/msg/rosidl_typesupport_introspection_c__visibility_control.h
[2.580s] -- Symlinking: /home/jsyun/ros2_turtle_project/install/turtle_interfaces/include/turtle_interfaces/turtle_interfaces/msg/color_rgb.hpp
[2.586s] -- Symlinking: /home/jsyun/ros2_turtle_project/install/turtle_interfaces/include/turtle_interfaces/turtle_interfaces/msg/detail/color_rgb__builder.hpp
[2.593s] -- Symlinking: /home/jsyun/ros2_turtle_project/install/turtle_interfaces/include/turtle_interfaces/turtle_interfaces/msg/detail/color_rgb__struct.hpp
[2.601s] -- Symlinking: /home/jsyun/ros2_turtle_project/install/turtle_interfaces/include/turtle_interfaces/turtle_interfaces/msg/detail/color_rgb__traits.hpp
[2.608s] -- Symlinking: /home/jsyun/ros2_turtle_project/install/turtle_interfaces/include/turtle_interfaces/turtle_interfaces/msg/detail/color_rgb__rosidl_typesupport_fastrtps_cpp.hpp
[2.615s] -- Symlinking: /home/jsyun/ros2_turtle_project/install/turtle_interfaces/include/turtle_interfaces/turtle_interfaces/msg/rosidl_typesupport_fastrtps_cpp__visibility_control.h
[2.622s] -- Symlinking: /home/jsyun/ros2_turtle_project/install/turtle_interfaces/include/turtle_interfaces/turtle_interfaces/msg/detail/color_rgb__rosidl_typesupport_introspection_cpp.hpp
[2.629s] -- Symlinking: /home/jsyun/ros2_turtle_project/install/turtle_interfaces/share/turtle_interfaces/environment/pythonpath.sh
[2.637s] -- Symlinking: /home/jsyun/ros2_turtle_project/install/turtle_interfaces/share/turtle_interfaces/environment/pythonpath.dsv
[2.644s] -- Symlinking: /home/jsyun/ros2_turtle_project/install/turtle_interfaces/local/lib/python3.10/dist-packages/turtle_interfaces-0.0.1-py3.10.egg-info/PKG-INFO
[2.651s] -- Symlinking: /home/jsyun/ros2_turtle_project/install/turtle_interfaces/local/lib/python3.10/dist-packages/turtle_interfaces-0.0.1-py3.10.egg-info/SOURCES.txt
[2.658s] -- Symlinking: /home/jsyun/ros2_turtle_project/install/turtle_interfaces/local/lib/python3.10/dist-packages/turtle_interfaces-0.0.1-py3.10.egg-info/dependency_links.txt
[2.665s] -- Symlinking: /home/jsyun/ros2_turtle_project/install/turtle_interfaces/local/lib/python3.10/dist-packages/turtle_interfaces-0.0.1-py3.10.egg-info/top_level.txt
[2.673s] -- Symlinking: /home/jsyun/ros2_turtle_project/install/turtle_interfaces/local/lib/python3.10/dist-packages/turtle_interfaces/__init__.py
[2.680s] -- Symlinking: /home/jsyun/ros2_turtle_project/install/turtle_interfaces/local/lib/python3.10/dist-packages/turtle_interfaces/_turtle_interfaces_s.ep.rosidl_typesupport_c.c
[2.686s] -- Symlinking: /home/jsyun/ros2_turtle_project/install/turtle_interfaces/local/lib/python3.10/dist-packages/turtle_interfaces/_turtle_interfaces_s.ep.rosidl_typesupport_fastrtps_c.c
[2.693s] -- Symlinking: /home/jsyun/ros2_turtle_project/install/turtle_interfaces/local/lib/python3.10/dist-packages/turtle_interfaces/_turtle_interfaces_s.ep.rosidl_typesupport_introspection_c.c
[2.700s] -- Symlinking: /home/jsyun/ros2_turtle_project/install/turtle_interfaces/local/lib/python3.10/dist-packages/turtle_interfaces/libturtle_interfaces__rosidl_generator_py.so
[2.706s] -- Symlinking: /home/jsyun/ros2_turtle_project/install/turtle_interfaces/local/lib/python3.10/dist-packages/turtle_interfaces/msg/__init__.py
[2.713s] -- Symlinking: /home/jsyun/ros2_turtle_project/install/turtle_interfaces/local/lib/python3.10/dist-packages/turtle_interfaces/msg/_color_rgb.py
[2.720s] -- Symlinking: /home/jsyun/ros2_turtle_project/install/turtle_interfaces/local/lib/python3.10/dist-packages/turtle_interfaces/msg/_color_rgb_s.c
[2.727s] -- Symlinking: /home/jsyun/ros2_turtle_project/install/turtle_interfaces/local/lib/python3.10/dist-packages/turtle_interfaces/turtle_interfaces_s__rosidl_typesupport_c.cpython-310-x86_64-linux-gnu.so
[2.734s] -- Symlinking: /home/jsyun/ros2_turtle_project/install/turtle_interfaces/local/lib/python3.10/dist-packages/turtle_interfaces/turtle_interfaces_s__rosidl_typesupport_fastrtps_c.cpython-310-x86_64-linux-gnu.so
[2.741s] -- Symlinking: /home/jsyun/ros2_turtle_project/install/turtle_interfaces/local/lib/python3.10/dist-packages/turtle_interfaces/turtle_interfaces_s__rosidl_typesupport_introspection_c.cpython-310-x86_64-linux-gnu.so
[2.749s] -- Up-to-date symlink: /home/jsyun/ros2_turtle_project/install/turtle_interfaces/local/lib/python3.10/dist-packages/turtle_interfaces/turtle_interfaces_s__rosidl_typesupport_fastrtps_c.cpython-310-x86_64-linux-gnu.so
[2.749s] -- Up-to-date symlink: /home/jsyun/ros2_turtle_project/install/turtle_interfaces/local/lib/python3.10/dist-packages/turtle_interfaces/turtle_interfaces_s__rosidl_typesupport_introspection_c.cpython-310-x86_64-linux-gnu.so
[2.749s] -- Up-to-date symlink: /home/jsyun/ros2_turtle_project/install/turtle_interfaces/local/lib/python3.10/dist-packages/turtle_interfaces/turtle_interfaces_s__rosidl_typesupport_c.cpython-310-x86_64-linux-gnu.so
[2.749s] -- Symlinking: /home/jsyun/ros2_turtle_project/install/turtle_interfaces/share/turtle_interfaces/msg/ColorRGB.idl
[2.757s] -- Symlinking: /home/jsyun/ros2_turtle_project/install/turtle_interfaces/share/turtle_interfaces/msg/ColorRGB.msg
[2.764s] -- Symlinking: /home/jsyun/ros2_turtle_project/install/turtle_interfaces/share/ament_index/resource_index/package_run_dependencies/turtle_interfaces
[2.770s] -- Symlinking: /home/jsyun/ros2_turtle_project/install/turtle_interfaces/share/ament_index/resource_index/parent_prefix_path/turtle_interfaces
[2.777s] -- Symlinking: /home/jsyun/ros2_turtle_project/install/turtle_interfaces/share/turtle_interfaces/environment/ament_prefix_path.sh
[2.784s] -- Symlinking: /home/jsyun/ros2_turtle_project/install/turtle_interfaces/share/turtle_interfaces/environment/ament_prefix_path.dsv
[2.791s] -- Symlinking: /home/jsyun/ros2_turtle_project/install/turtle_interfaces/share/turtle_interfaces/environment/path.sh
[2.798s] -- Symlinking: /home/jsyun/ros2_turtle_project/install/turtle_interfaces/share/turtle_interfaces/environment/path.dsv
[2.805s] -- Symlinking: /home/jsyun/ros2_turtle_project/install/turtle_interfaces/share/turtle_interfaces/local_setup.bash
[2.812s] -- Symlinking: /home/jsyun/ros2_turtle_project/install/turtle_interfaces/share/turtle_interfaces/local_setup.sh
[2.819s] -- Symlinking: /home/jsyun/ros2_turtle_project/install/turtle_interfaces/share/turtle_interfaces/local_setup.zsh
[2.826s] -- Symlinking: /home/jsyun/ros2_turtle_project/install/turtle_interfaces/share/turtle_interfaces/local_setup.dsv
[2.833s] -- Symlinking: /home/jsyun/ros2_turtle_project/install/turtle_interfaces/share/turtle_interfaces/package.dsv
[2.840s] -- Symlinking: /home/jsyun/ros2_turtle_project/install/turtle_interfaces/share/ament_index/resource_index/packages/turtle_interfaces
[2.848s] -- Symlinking: /home/jsyun/ros2_turtle_project/install/turtle_interfaces/share/turtle_interfaces/cmake/rosidl_cmake-extras.cmake
[2.855s] -- Symlinking: /home/jsyun/ros2_turtle_project/install/turtle_interfaces/share/turtle_interfaces/cmake/ament_cmake_export_include_directories-extras.cmake
[2.862s] -- Symlinking: /home/jsyun/ros2_turtle_project/install/turtle_interfaces/share/turtle_interfaces/cmake/ament_cmake_export_libraries-extras.cmake
[2.868s] -- Symlinking: /home/jsyun/ros2_turtle_project/install/turtle_interfaces/share/turtle_interfaces/cmake/ament_cmake_export_targets-extras.cmake
[2.875s] -- Symlinking: /home/jsyun/ros2_turtle_project/install/turtle_interfaces/share/turtle_interfaces/cmake/rosidl_cmake_export_typesupport_targets-extras.cmake
[2.882s] -- Symlinking: /home/jsyun/ros2_turtle_project/install/turtle_interfaces/share/turtle_interfaces/cmake/ament_cmake_export_dependencies-extras.cmake
[2.889s] -- Symlinking: /home/jsyun/ros2_turtle_project/install/turtle_interfaces/share/turtle_interfaces/cmake/rosidl_cmake_export_typesupport_libraries-extras.cmake
[2.896s] -- Symlinking: /home/jsyun/ros2_turtle_project/install/turtle_interfaces/share/turtle_interfaces/cmake/turtle_interfacesConfig.cmake
[2.903s] -- Symlinking: /home/jsyun/ros2_turtle_project/install/turtle_interfaces/share/turtle_interfaces/cmake/turtle_interfacesConfig-version.cmake
[2.910s] -- Symlinking: /home/jsyun/ros2_turtle_project/install/turtle_interfaces/share/turtle_interfaces/package.xml
[2.917s] -- Installing: /home/jsyun/ros2_turtle_project/install/turtle_interfaces/lib/libturtle_interfaces__rosidl_generator_c.so
[2.917s] -- Set runtime path of "/home/jsyun/ros2_turtle_project/install/turtle_interfaces/lib/libturtle_interfaces__rosidl_generator_c.so" to ""
[2.917s] -- Installing: /home/jsyun/ros2_turtle_project/install/turtle_interfaces/lib/libturtle_interfaces__rosidl_typesupport_fastrtps_c.so
[2.918s] -- Set runtime path of "/home/jsyun/ros2_turtle_project/install/turtle_interfaces/lib/libturtle_interfaces__rosidl_typesupport_fastrtps_c.so" to ""
[2.918s] -- Installing: /home/jsyun/ros2_turtle_project/install/turtle_interfaces/lib/libturtle_interfaces__rosidl_typesupport_introspection_c.so
[2.918s] -- Set runtime path of "/home/jsyun/ros2_turtle_project/install/turtle_interfaces/lib/libturtle_interfaces__rosidl_typesupport_introspection_c.so" to ""
[2.918s] -- Installing: /home/jsyun/ros2_turtle_project/install/turtle_interfaces/lib/libturtle_interfaces__rosidl_typesupport_c.so
[2.918s] -- Set runtime path of "/home/jsyun/ros2_turtle_project/install/turtle_interfaces/lib/libturtle_interfaces__rosidl_typesupport_c.so" to ""
[2.918s] -- Installing: /home/jsyun/ros2_turtle_project/install/turtle_interfaces/lib/libturtle_interfaces__rosidl_typesupport_fastrtps_cpp.so
[2.919s] -- Set runtime path of "/home/jsyun/ros2_turtle_project/install/turtle_interfaces/lib/libturtle_interfaces__rosidl_typesupport_fastrtps_cpp.so" to ""
[2.919s] -- Installing: /home/jsyun/ros2_turtle_project/install/turtle_interfaces/lib/libturtle_interfaces__rosidl_typesupport_introspection_cpp.so
[2.919s] -- Set runtime path of "/home/jsyun/ros2_turtle_project/install/turtle_interfaces/lib/libturtle_interfaces__rosidl_typesupport_introspection_cpp.so" to ""
[2.919s] -- Installing: /home/jsyun/ros2_turtle_project/install/turtle_interfaces/lib/libturtle_interfaces__rosidl_typesupport_cpp.so
[2.919s] -- Set runtime path of "/home/jsyun/ros2_turtle_project/install/turtle_interfaces/lib/libturtle_interfaces__rosidl_typesupport_cpp.so" to ""
[2.943s] Listing '/home/jsyun/ros2_turtle_project/install/turtle_interfaces/local/lib/python3.10/dist-packages/turtle_interfaces'...
[2.943s] Compiling '/home/jsyun/ros2_turtle_project/install/turtle_interfaces/local/lib/python3.10/dist-packages/turtle_interfaces/__init__.py'...
[2.943s] Listing '/home/jsyun/ros2_turtle_project/install/turtle_interfaces/local/lib/python3.10/dist-packages/turtle_interfaces/msg'...
[2.943s] Compiling '/home/jsyun/ros2_turtle_project/install/turtle_interfaces/local/lib/python3.10/dist-packages/turtle_interfaces/msg/__init__.py'...
[2.944s] Compiling '/home/jsyun/ros2_turtle_project/install/turtle_interfaces/local/lib/python3.10/dist-packages/turtle_interfaces/msg/_color_rgb.py'...
[2.946s] -- Installing: /home/jsyun/ros2_turtle_project/install/turtle_interfaces/lib/libturtle_interfaces__rosidl_generator_py.so
[2.947s] -- Set runtime path of "/home/jsyun/ros2_turtle_project/install/turtle_interfaces/lib/libturtle_interfaces__rosidl_generator_py.so" to ""
[2.947s] -- Installing: /home/jsyun/ros2_turtle_project/install/turtle_interfaces/share/turtle_interfaces/cmake/export_turtle_interfaces__rosidl_generator_cExport.cmake
[2.947s] -- Installing: /home/jsyun/ros2_turtle_project/install/turtle_interfaces/share/turtle_interfaces/cmake/export_turtle_interfaces__rosidl_generator_cExport-noconfig.cmake
[2.947s] -- Installing: /home/jsyun/ros2_turtle_project/install/turtle_interfaces/share/turtle_interfaces/cmake/export_turtle_interfaces__rosidl_typesupport_fastrtps_cExport.cmake
[2.947s] -- Installing: /home/jsyun/ros2_turtle_project/install/turtle_interfaces/share/turtle_interfaces/cmake/export_turtle_interfaces__rosidl_typesupport_fastrtps_cExport-noconfig.cmake
[2.947s] -- Installing: /home/jsyun/ros2_turtle_project/install/turtle_interfaces/share/turtle_interfaces/cmake/turtle_interfaces__rosidl_typesupport_introspection_cExport.cmake
[2.948s] -- Installing: /home/jsyun/ros2_turtle_project/install/turtle_interfaces/share/turtle_interfaces/cmake/turtle_interfaces__rosidl_typesupport_introspection_cExport-noconfig.cmake
[2.948s] -- Installing: /home/jsyun/ros2_turtle_project/install/turtle_interfaces/share/turtle_interfaces/cmake/turtle_interfaces__rosidl_typesupport_cExport.cmake
[2.948s] -- Installing: /home/jsyun/ros2_turtle_project/install/turtle_interfaces/share/turtle_interfaces/cmake/turtle_interfaces__rosidl_typesupport_cExport-noconfig.cmake
[2.948s] -- Installing: /home/jsyun/ros2_turtle_project/install/turtle_interfaces/share/turtle_interfaces/cmake/export_turtle_interfaces__rosidl_generator_cppExport.cmake
[2.948s] -- Installing: /home/jsyun/ros2_turtle_project/install/turtle_interfaces/share/turtle_interfaces/cmake/export_turtle_interfaces__rosidl_typesupport_fastrtps_cppExport.cmake
[2.948s] -- Installing: /home/jsyun/ros2_turtle_project/install/turtle_interfaces/share/turtle_interfaces/cmake/export_turtle_interfaces__rosidl_typesupport_fastrtps_cppExport-noconfig.cmake
[2.948s] -- Installing: /home/jsyun/ros2_turtle_project/install/turtle_interfaces/share/turtle_interfaces/cmake/turtle_interfaces__rosidl_typesupport_introspection_cppExport.cmake
[2.949s] -- Installing: /home/jsyun/ros2_turtle_project/install/turtle_interfaces/share/turtle_interfaces/cmake/turtle_interfaces__rosidl_typesupport_introspection_cppExport-noconfig.cmake
[2.949s] -- Installing: /home/jsyun/ros2_turtle_project/install/turtle_interfaces/share/turtle_interfaces/cmake/turtle_interfaces__rosidl_typesupport_cppExport.cmake
[2.949s] -- Installing: /home/jsyun/ros2_turtle_project/install/turtle_interfaces/share/turtle_interfaces/cmake/turtle_interfaces__rosidl_typesupport_cppExport-noconfig.cmake
[2.949s] -- Installing: /home/jsyun/ros2_turtle_project/install/turtle_interfaces/share/turtle_interfaces/cmake/export_turtle_interfaces__rosidl_generator_pyExport.cmake
[2.949s] -- Installing: /home/jsyun/ros2_turtle_project/install/turtle_interfaces/share/turtle_interfaces/cmake/export_turtle_interfaces__rosidl_generator_pyExport-noconfig.cmake
[2.952s] Invoked command in '/home/jsyun/ros2_turtle_project/build/turtle_interfaces' returned '0': CMAKE_PREFIX_PATH=/opt/ros/humble /usr/bin/cmake --install /home/jsyun/ros2_turtle_project/build/turtle_interfaces
