[0.007s] Invoking command in '/home/jsyun/Programming/ROS2/automotive_software_simulator/build/ad_msgs': CMAKE_PREFIX_PATH=/opt/ros/humble /usr/bin/cmake /home/jsyun/Programming/ROS2/automotive_software_simulator/src/rte/msg/ad_msgs -DCMAKE_BUILD_TYPE=Release -DAMENT_CMAKE_SYMLINK_INSTALL=1 -DCMAKE_INSTALL_PREFIX=/home/jsyun/Programming/ROS2/automotive_software_simulator/install/ad_msgs
[0.018s] -- Found ament_cmake: 1.3.10 (/opt/ros/humble/share/ament_cmake/cmake)
[0.102s] -- Override CMake install command with custom implementation using symlinks instead of copying resources
[0.107s] -- Found rosidl_default_generators: 1.2.0 (/opt/ros/humble/share/rosidl_default_generators/cmake)
[0.108s] -- Using all available rosidl_typesupport_c: rosidl_typesupport_fastrtps_c;rosidl_typesupport_introspection_c
[0.110s] -- Found rosidl_adapter: 3.1.5 (/opt/ros/humble/share/rosidl_adapter/cmake)
[0.132s] -- Using all available rosidl_typesupport_cpp: rosidl_typesupport_fastrtps_cpp;rosidl_typesupport_introspection_cpp
[0.150s] -- Found std_msgs: 4.2.4 (/opt/ros/humble/share/std_msgs/cmake)
[0.165s] -- Found geometry_msgs: 4.2.4 (/opt/ros/humble/share/geometry_msgs/cmake)
[0.174s] -- Found visualization_msgs: 4.2.4 (/opt/ros/humble/share/visualization_msgs/cmake)
[0.200s] -- Found nav_msgs: 4.2.4 (/opt/ros/humble/share/nav_msgs/cmake)
[0.452s] -- Found ament_cmake_ros: 0.10.0 (/opt/ros/humble/share/ament_cmake_ros/cmake)
[0.676s] -- Using all available rosidl_typesupport_c: rosidl_typesupport_fastrtps_c;rosidl_typesupport_introspection_c
[0.971s] -- Using all available rosidl_typesupport_cpp: rosidl_typesupport_fastrtps_cpp;rosidl_typesupport_introspection_cpp
[0.988s] -- Found python_cmake_module: 0.10.0 (/opt/ros/humble/share/python_cmake_module/cmake)
[1.004s] -- Using PYTHON_EXECUTABLE: /usr/bin/python3
[1.004s] -- Using PYTHON_INCLUDE_DIRS: /usr/include/python3.10
[1.004s] -- Using PYTHON_LIBRARIES: /usr/lib/x86_64-linux-gnu/libpython3.10.so
[1.055s] -- Configuring done
[1.094s] -- Generating done
[1.097s] -- Build files have been written to: /home/jsyun/Programming/ROS2/automotive_software_simulator/build/ad_msgs
[1.103s] Invoked command in '/home/jsyun/Programming/ROS2/automotive_software_simulator/build/ad_msgs' returned '0': CMAKE_PREFIX_PATH=/opt/ros/humble /usr/bin/cmake /home/jsyun/Programming/ROS2/automotive_software_simulator/src/rte/msg/ad_msgs -DCMAKE_BUILD_TYPE=Release -DAMENT_CMAKE_SYMLINK_INSTALL=1 -DCMAKE_INSTALL_PREFIX=/home/jsyun/Programming/ROS2/automotive_software_simulator/install/ad_msgs
[1.105s] Invoking command in '/home/jsyun/Programming/ROS2/automotive_software_simulator/build/ad_msgs': CMAKE_PREFIX_PATH=/opt/ros/humble /usr/bin/cmake --build /home/jsyun/Programming/ROS2/automotive_software_simulator/build/ad_msgs -- -j12 -l12
[1.140s] [35m[1mConsolidate compiler generated dependencies of target ad_msgs__rosidl_generator_c[0m
[1.149s] [  1%] Built target ad_msgs__cpp
[1.152s] [  2%] [32mBuilding C object CMakeFiles/ad_msgs__rosidl_generator_c.dir/rosidl_generator_c/ad_msgs/msg/detail/polyfit_lane_data__functions.c.o[0m
[1.152s] [  4%] [32mBuilding C object CMakeFiles/ad_msgs__rosidl_generator_c.dir/rosidl_generator_c/ad_msgs/msg/detail/vehicle_input__functions.c.o[0m
[1.152s] [  5%] [32mBuilding C object CMakeFiles/ad_msgs__rosidl_generator_c.dir/rosidl_generator_c/ad_msgs/msg/detail/lane_point_data__functions.c.o[0m
[1.153s] [  7%] [32mBuilding C object CMakeFiles/ad_msgs__rosidl_generator_c.dir/rosidl_generator_c/ad_msgs/msg/detail/vehicle_output__functions.c.o[0m
[1.154s] [  9%] [32mBuilding C object CMakeFiles/ad_msgs__rosidl_generator_c.dir/rosidl_generator_c/ad_msgs/msg/detail/polyfit_lane_data_array__functions.c.o[0m
[1.154s] [  9%] [32mBuilding C object CMakeFiles/ad_msgs__rosidl_generator_c.dir/rosidl_generator_c/ad_msgs/msg/detail/lane_point_data_array__functions.c.o[0m
[1.161s] [  9%] Built target ament_cmake_python_symlink_ad_msgs
[1.163s] [35m[1mConsolidate compiler generated dependencies of target ad_msgs__rosidl_typesupport_cpp[0m
[1.164s] [35m[1mConsolidate compiler generated dependencies of target ad_msgs__rosidl_typesupport_fastrtps_cpp[0m
[1.165s] [35m[1mConsolidate compiler generated dependencies of target ad_msgs__rosidl_typesupport_introspection_cpp[0m
[1.188s] [ 14%] [32mBuilding CXX object CMakeFiles/ad_msgs__rosidl_typesupport_cpp.dir/rosidl_typesupport_cpp/ad_msgs/msg/vehicle_output__type_support.cpp.o[0m
[1.188s] [ 14%] [32mBuilding CXX object CMakeFiles/ad_msgs__rosidl_typesupport_fastrtps_cpp.dir/rosidl_typesupport_fastrtps_cpp/ad_msgs/msg/detail/dds_fastrtps/vehicle_input__type_support.cpp.o[0m
[1.188s] [ 14%] [32mBuilding CXX object CMakeFiles/ad_msgs__rosidl_typesupport_fastrtps_cpp.dir/rosidl_typesupport_fastrtps_cpp/ad_msgs/msg/detail/dds_fastrtps/vehicle_output__type_support.cpp.o[0m
[1.188s] [ 15%] [32mBuilding CXX object CMakeFiles/ad_msgs__rosidl_typesupport_cpp.dir/rosidl_typesupport_cpp/ad_msgs/msg/vehicle_input__type_support.cpp.o[0m
[1.188s] [ 16%] [32mBuilding CXX object CMakeFiles/ad_msgs__rosidl_typesupport_introspection_cpp.dir/rosidl_typesupport_introspection_cpp/ad_msgs/msg/detail/vehicle_output__type_support.cpp.o[0m
[1.280s] [ 23%] [32mBuilding CXX object CMakeFiles/ad_msgs__rosidl_typesupport_fastrtps_cpp.dir/rosidl_typesupport_fastrtps_cpp/ad_msgs/msg/detail/dds_fastrtps/polyfit_lane_data__type_support.cpp.o[0m
[1.281s] [ 23%] [32mBuilding CXX object CMakeFiles/ad_msgs__rosidl_typesupport_introspection_cpp.dir/rosidl_typesupport_introspection_cpp/ad_msgs/msg/detail/vehicle_input__type_support.cpp.o[0m
[1.281s] [ 23%] [32mBuilding CXX object CMakeFiles/ad_msgs__rosidl_typesupport_cpp.dir/rosidl_typesupport_cpp/ad_msgs/msg/polyfit_lane_data__type_support.cpp.o[0m
[1.281s] [ 23%] [32mBuilding CXX object CMakeFiles/ad_msgs__rosidl_typesupport_introspection_cpp.dir/rosidl_typesupport_introspection_cpp/ad_msgs/msg/detail/lane_point_data__type_support.cpp.o[0m
[1.281s] [ 23%] [32mBuilding CXX object CMakeFiles/ad_msgs__rosidl_typesupport_introspection_cpp.dir/rosidl_typesupport_introspection_cpp/ad_msgs/msg/detail/polyfit_lane_data__type_support.cpp.o[0m
[1.281s] [ 25%] [32m[1mLinking C shared library libad_msgs__rosidl_generator_c.so[0m
[1.345s] [ 26%] Built target ad_msgs__rosidl_generator_c
[1.359s] [ 28%] [32mBuilding CXX object CMakeFiles/ad_msgs__rosidl_typesupport_fastrtps_cpp.dir/rosidl_typesupport_fastrtps_cpp/ad_msgs/msg/detail/dds_fastrtps/lane_point_data__type_support.cpp.o[0m
[1.551s] running egg_info
[1.553s] writing ad_msgs.egg-info/PKG-INFO
[1.553s] writing dependency_links to ad_msgs.egg-info/dependency_links.txt
[1.554s] writing top-level names to ad_msgs.egg-info/top_level.txt
[1.559s] reading manifest file 'ad_msgs.egg-info/SOURCES.txt'
[1.559s] writing manifest file 'ad_msgs.egg-info/SOURCES.txt'
[1.621s] [ 29%] [32mBuilding CXX object CMakeFiles/ad_msgs__rosidl_typesupport_fastrtps_cpp.dir/rosidl_typesupport_fastrtps_cpp/ad_msgs/msg/detail/dds_fastrtps/lane_point_data_array__type_support.cpp.o[0m
[1.622s] [ 29%] Built target ament_cmake_python_build_ad_msgs_egg
[1.632s] [ 30%] [32mBuilding CXX object CMakeFiles/ad_msgs__rosidl_typesupport_cpp.dir/rosidl_typesupport_cpp/ad_msgs/msg/lane_point_data__type_support.cpp.o[0m
[1.639s] [ 32%] [32mBuilding CXX object CMakeFiles/ad_msgs__rosidl_typesupport_cpp.dir/rosidl_typesupport_cpp/ad_msgs/msg/lane_point_data_array__type_support.cpp.o[0m
[1.721s] [35m[1mConsolidate compiler generated dependencies of target ad_msgs__rosidl_typesupport_fastrtps_c[0m
[1.752s] [ 33%] [32mBuilding CXX object CMakeFiles/ad_msgs__rosidl_typesupport_fastrtps_c.dir/rosidl_typesupport_fastrtps_c/ad_msgs/msg/detail/vehicle_output__type_support_c.cpp.o[0m
[1.819s] [ 35%] [32mBuilding CXX object CMakeFiles/ad_msgs__rosidl_typesupport_fastrtps_c.dir/rosidl_typesupport_fastrtps_c/ad_msgs/msg/detail/vehicle_input__type_support_c.cpp.o[0m
[1.821s] [35m[1mConsolidate compiler generated dependencies of target ad_msgs__rosidl_typesupport_introspection_c[0m
[1.845s] [ 36%] [32mBuilding C object CMakeFiles/ad_msgs__rosidl_typesupport_introspection_c.dir/rosidl_typesupport_introspection_c/ad_msgs/msg/detail/vehicle_output__type_support.c.o[0m
[1.879s] [ 38%] [32mBuilding C object CMakeFiles/ad_msgs__rosidl_typesupport_introspection_c.dir/rosidl_typesupport_introspection_c/ad_msgs/msg/detail/vehicle_input__type_support.c.o[0m
[1.887s] [ 39%] [32mBuilding CXX object CMakeFiles/ad_msgs__rosidl_typesupport_cpp.dir/rosidl_typesupport_cpp/ad_msgs/msg/polyfit_lane_data_array__type_support.cpp.o[0m
[1.905s] [ 40%] [32mBuilding CXX object CMakeFiles/ad_msgs__rosidl_typesupport_fastrtps_cpp.dir/rosidl_typesupport_fastrtps_cpp/ad_msgs/msg/detail/dds_fastrtps/polyfit_lane_data_array__type_support.cpp.o[0m
[1.909s] [ 42%] [32mBuilding CXX object CMakeFiles/ad_msgs__rosidl_typesupport_fastrtps_c.dir/rosidl_typesupport_fastrtps_c/ad_msgs/msg/detail/polyfit_lane_data__type_support_c.cpp.o[0m
[1.949s] [ 43%] [32mBuilding C object CMakeFiles/ad_msgs__rosidl_typesupport_introspection_c.dir/rosidl_typesupport_introspection_c/ad_msgs/msg/detail/polyfit_lane_data__type_support.c.o[0m
[1.964s] [ 45%] [32mBuilding CXX object CMakeFiles/ad_msgs__rosidl_typesupport_introspection_cpp.dir/rosidl_typesupport_introspection_cpp/ad_msgs/msg/detail/lane_point_data_array__type_support.cpp.o[0m
[1.971s] [ 46%] [32mBuilding CXX object CMakeFiles/ad_msgs__rosidl_typesupport_introspection_cpp.dir/rosidl_typesupport_introspection_cpp/ad_msgs/msg/detail/polyfit_lane_data_array__type_support.cpp.o[0m
[2.009s] [ 47%] [32mBuilding C object CMakeFiles/ad_msgs__rosidl_typesupport_introspection_c.dir/rosidl_typesupport_introspection_c/ad_msgs/msg/detail/lane_point_data__type_support.c.o[0m
[2.068s] [ 49%] [32mBuilding CXX object CMakeFiles/ad_msgs__rosidl_typesupport_fastrtps_c.dir/rosidl_typesupport_fastrtps_c/ad_msgs/msg/detail/lane_point_data__type_support_c.cpp.o[0m
[2.079s] [35m[1mConsolidate compiler generated dependencies of target ad_msgs__rosidl_typesupport_c[0m
[2.086s] [ 50%] [32mBuilding C object CMakeFiles/ad_msgs__rosidl_typesupport_introspection_c.dir/rosidl_typesupport_introspection_c/ad_msgs/msg/detail/lane_point_data_array__type_support.c.o[0m
[2.102s] [ 52%] [32mBuilding CXX object CMakeFiles/ad_msgs__rosidl_typesupport_c.dir/rosidl_typesupport_c/ad_msgs/msg/vehicle_output__type_support.cpp.o[0m
[2.106s] [ 53%] [32mBuilding C object CMakeFiles/ad_msgs__rosidl_typesupport_introspection_c.dir/rosidl_typesupport_introspection_c/ad_msgs/msg/detail/polyfit_lane_data_array__type_support.c.o[0m
[2.163s] [ 54%] [32mBuilding CXX object CMakeFiles/ad_msgs__rosidl_typesupport_c.dir/rosidl_typesupport_c/ad_msgs/msg/vehicle_input__type_support.cpp.o[0m
[2.170s] [ 56%] [32mBuilding CXX object CMakeFiles/ad_msgs__rosidl_typesupport_fastrtps_c.dir/rosidl_typesupport_fastrtps_c/ad_msgs/msg/detail/lane_point_data_array__type_support_c.cpp.o[0m
[2.184s] [ 57%] [32m[1mLinking C shared library libad_msgs__rosidl_typesupport_introspection_c.so[0m
[2.216s] [ 59%] [32mBuilding CXX object CMakeFiles/ad_msgs__rosidl_typesupport_c.dir/rosidl_typesupport_c/ad_msgs/msg/polyfit_lane_data__type_support.cpp.o[0m
[2.245s] [ 60%] Built target ad_msgs__rosidl_typesupport_introspection_c
[2.262s] [ 61%] [32mBuilding CXX object CMakeFiles/ad_msgs__rosidl_typesupport_fastrtps_c.dir/rosidl_typesupport_fastrtps_c/ad_msgs/msg/detail/polyfit_lane_data_array__type_support_c.cpp.o[0m
[2.271s] [ 63%] [32mBuilding CXX object CMakeFiles/ad_msgs__rosidl_typesupport_c.dir/rosidl_typesupport_c/ad_msgs/msg/lane_point_data__type_support.cpp.o[0m
[2.320s] [ 64%] [32m[1mLinking CXX shared library libad_msgs__rosidl_typesupport_cpp.so[0m
[2.328s] [ 66%] [32mBuilding CXX object CMakeFiles/ad_msgs__rosidl_typesupport_c.dir/rosidl_typesupport_c/ad_msgs/msg/lane_point_data_array__type_support.cpp.o[0m
[2.372s] [ 67%] [32mBuilding CXX object CMakeFiles/ad_msgs__rosidl_typesupport_c.dir/rosidl_typesupport_c/ad_msgs/msg/polyfit_lane_data_array__type_support.cpp.o[0m
[2.396s] [ 69%] Built target ad_msgs__rosidl_typesupport_cpp
[2.409s] [ 70%] [32m[1mLinking CXX shared library libad_msgs__rosidl_typesupport_c.so[0m
[2.458s] [ 71%] Built target ad_msgs__rosidl_typesupport_c
[2.609s] [ 73%] [32m[1mLinking CXX shared library libad_msgs__rosidl_typesupport_fastrtps_cpp.so[0m
[2.659s] [ 74%] [32m[1mLinking CXX shared library libad_msgs__rosidl_typesupport_introspection_cpp.so[0m
[2.681s] [ 76%] Built target ad_msgs__rosidl_typesupport_fastrtps_cpp
[2.719s] [ 78%] [32m[1mLinking CXX shared library libad_msgs__rosidl_typesupport_fastrtps_c.so[0m
[2.719s] [ 78%] Built target ad_msgs__rosidl_typesupport_introspection_cpp
[2.780s] [ 80%] Built target ad_msgs__rosidl_typesupport_fastrtps_c
[2.796s] [ 80%] Built target ad_msgs
[2.813s] [ 81%] Built target ad_msgs__py
[2.821s] [35m[1mConsolidate compiler generated dependencies of target ad_msgs__rosidl_generator_py[0m
[2.850s] [ 87%] [32mBuilding C object CMakeFiles/ad_msgs__rosidl_generator_py.dir/rosidl_generator_py/ad_msgs/msg/_polyfit_lane_data_s.c.o[0m
[2.850s] [ 87%] [32mBuilding C object CMakeFiles/ad_msgs__rosidl_generator_py.dir/rosidl_generator_py/ad_msgs/msg/_lane_point_data_s.c.o[0m
[2.850s] [ 87%] [32mBuilding C object CMakeFiles/ad_msgs__rosidl_generator_py.dir/rosidl_generator_py/ad_msgs/msg/_lane_point_data_array_s.c.o[0m
[2.850s] [ 87%] [32mBuilding C object CMakeFiles/ad_msgs__rosidl_generator_py.dir/rosidl_generator_py/ad_msgs/msg/_vehicle_input_s.c.o[0m
[2.850s] [ 88%] [32mBuilding C object CMakeFiles/ad_msgs__rosidl_generator_py.dir/rosidl_generator_py/ad_msgs/msg/_vehicle_output_s.c.o[0m
[2.850s] [ 90%] [32mBuilding C object CMakeFiles/ad_msgs__rosidl_generator_py.dir/rosidl_generator_py/ad_msgs/msg/_polyfit_lane_data_array_s.c.o[0m
[2.977s] [ 91%] [32m[1mLinking C shared library rosidl_generator_py/ad_msgs/libad_msgs__rosidl_generator_py.so[0m
[3.014s] [ 91%] Built target ad_msgs__rosidl_generator_py
[3.023s] [35m[1mConsolidate compiler generated dependencies of target ad_msgs__rosidl_typesupport_fastrtps_c__pyext[0m
[3.023s] [35m[1mConsolidate compiler generated dependencies of target ad_msgs__rosidl_typesupport_introspection_c__pyext[0m
[3.023s] [35m[1mConsolidate compiler generated dependencies of target ad_msgs__rosidl_typesupport_c__pyext[0m
[3.033s] [ 95%] [32mBuilding C object CMakeFiles/ad_msgs__rosidl_typesupport_c__pyext.dir/rosidl_generator_py/ad_msgs/_ad_msgs_s.ep.rosidl_typesupport_c.c.o[0m
[3.034s] [ 95%] [32mBuilding C object CMakeFiles/ad_msgs__rosidl_typesupport_introspection_c__pyext.dir/rosidl_generator_py/ad_msgs/_ad_msgs_s.ep.rosidl_typesupport_introspection_c.c.o[0m
[3.034s] [ 95%] [32mBuilding C object CMakeFiles/ad_msgs__rosidl_typesupport_fastrtps_c__pyext.dir/rosidl_generator_py/ad_msgs/_ad_msgs_s.ep.rosidl_typesupport_fastrtps_c.c.o[0m
[3.172s] [100%] [32m[1mLinking C shared library rosidl_generator_py/ad_msgs/ad_msgs_s__rosidl_typesupport_c.cpython-310-x86_64-linux-gnu.so[0m
[3.172s] [100%] [32m[1mLinking C shared library rosidl_generator_py/ad_msgs/ad_msgs_s__rosidl_typesupport_fastrtps_c.cpython-310-x86_64-linux-gnu.so[0m
[3.172s] [100%] [32m[1mLinking C shared library rosidl_generator_py/ad_msgs/ad_msgs_s__rosidl_typesupport_introspection_c.cpython-310-x86_64-linux-gnu.so[0m
[3.213s] [100%] Built target ad_msgs__rosidl_typesupport_c__pyext
[3.213s] [100%] Built target ad_msgs__rosidl_typesupport_introspection_c__pyext
[3.213s] [100%] Built target ad_msgs__rosidl_typesupport_fastrtps_c__pyext
[3.223s] Invoked command in '/home/jsyun/Programming/ROS2/automotive_software_simulator/build/ad_msgs' returned '0': CMAKE_PREFIX_PATH=/opt/ros/humble /usr/bin/cmake --build /home/jsyun/Programming/ROS2/automotive_software_simulator/build/ad_msgs -- -j12 -l12
[3.363s] Invoking command in '/home/jsyun/Programming/ROS2/automotive_software_simulator/build/ad_msgs': CMAKE_PREFIX_PATH=/opt/ros/humble /usr/bin/cmake --install /home/jsyun/Programming/ROS2/automotive_software_simulator/build/ad_msgs
[3.370s] -- Install configuration: "Release"
[3.370s] -- Execute custom install script
[3.370s] -- Up-to-date symlink: /home/jsyun/Programming/ROS2/automotive_software_simulator/install/ad_msgs/share/ament_index/resource_index/rosidl_interfaces/ad_msgs
[3.371s] -- Up-to-date symlink: /home/jsyun/Programming/ROS2/automotive_software_simulator/install/ad_msgs/include/ad_msgs/ad_msgs/msg/detail/lane_point_data__functions.h
[3.371s] -- Up-to-date symlink: /home/jsyun/Programming/ROS2/automotive_software_simulator/install/ad_msgs/include/ad_msgs/ad_msgs/msg/detail/lane_point_data__struct.h
[3.371s] -- Up-to-date symlink: /home/jsyun/Programming/ROS2/automotive_software_simulator/install/ad_msgs/include/ad_msgs/ad_msgs/msg/detail/lane_point_data__type_support.h
[3.371s] -- Up-to-date symlink: /home/jsyun/Programming/ROS2/automotive_software_simulator/install/ad_msgs/include/ad_msgs/ad_msgs/msg/detail/lane_point_data_array__functions.h
[3.371s] -- Up-to-date symlink: /home/jsyun/Programming/ROS2/automotive_software_simulator/install/ad_msgs/include/ad_msgs/ad_msgs/msg/detail/lane_point_data_array__struct.h
[3.371s] -- Up-to-date symlink: /home/jsyun/Programming/ROS2/automotive_software_simulator/install/ad_msgs/include/ad_msgs/ad_msgs/msg/detail/lane_point_data_array__type_support.h
[3.371s] -- Up-to-date symlink: /home/jsyun/Programming/ROS2/automotive_software_simulator/install/ad_msgs/include/ad_msgs/ad_msgs/msg/detail/polyfit_lane_data__functions.h
[3.371s] -- Up-to-date symlink: /home/jsyun/Programming/ROS2/automotive_software_simulator/install/ad_msgs/include/ad_msgs/ad_msgs/msg/detail/polyfit_lane_data__struct.h
[3.371s] -- Up-to-date symlink: /home/jsyun/Programming/ROS2/automotive_software_simulator/install/ad_msgs/include/ad_msgs/ad_msgs/msg/detail/polyfit_lane_data__type_support.h
[3.372s] -- Up-to-date symlink: /home/jsyun/Programming/ROS2/automotive_software_simulator/install/ad_msgs/include/ad_msgs/ad_msgs/msg/detail/polyfit_lane_data_array__functions.h
[3.372s] -- Up-to-date symlink: /home/jsyun/Programming/ROS2/automotive_software_simulator/install/ad_msgs/include/ad_msgs/ad_msgs/msg/detail/polyfit_lane_data_array__struct.h
[3.372s] -- Up-to-date symlink: /home/jsyun/Programming/ROS2/automotive_software_simulator/install/ad_msgs/include/ad_msgs/ad_msgs/msg/detail/polyfit_lane_data_array__type_support.h
[3.372s] -- Up-to-date symlink: /home/jsyun/Programming/ROS2/automotive_software_simulator/install/ad_msgs/include/ad_msgs/ad_msgs/msg/detail/vehicle_input__functions.h
[3.372s] -- Up-to-date symlink: /home/jsyun/Programming/ROS2/automotive_software_simulator/install/ad_msgs/include/ad_msgs/ad_msgs/msg/detail/vehicle_input__struct.h
[3.372s] -- Up-to-date symlink: /home/jsyun/Programming/ROS2/automotive_software_simulator/install/ad_msgs/include/ad_msgs/ad_msgs/msg/detail/vehicle_input__type_support.h
[3.372s] -- Up-to-date symlink: /home/jsyun/Programming/ROS2/automotive_software_simulator/install/ad_msgs/include/ad_msgs/ad_msgs/msg/detail/vehicle_output__functions.h
[3.372s] -- Up-to-date symlink: /home/jsyun/Programming/ROS2/automotive_software_simulator/install/ad_msgs/include/ad_msgs/ad_msgs/msg/detail/vehicle_output__struct.h
[3.372s] -- Up-to-date symlink: /home/jsyun/Programming/ROS2/automotive_software_simulator/install/ad_msgs/include/ad_msgs/ad_msgs/msg/detail/vehicle_output__type_support.h
[3.372s] -- Up-to-date symlink: /home/jsyun/Programming/ROS2/automotive_software_simulator/install/ad_msgs/include/ad_msgs/ad_msgs/msg/lane_point_data.h
[3.373s] -- Up-to-date symlink: /home/jsyun/Programming/ROS2/automotive_software_simulator/install/ad_msgs/include/ad_msgs/ad_msgs/msg/lane_point_data_array.h
[3.373s] -- Up-to-date symlink: /home/jsyun/Programming/ROS2/automotive_software_simulator/install/ad_msgs/include/ad_msgs/ad_msgs/msg/polyfit_lane_data.h
[3.373s] -- Up-to-date symlink: /home/jsyun/Programming/ROS2/automotive_software_simulator/install/ad_msgs/include/ad_msgs/ad_msgs/msg/polyfit_lane_data_array.h
[3.373s] -- Up-to-date symlink: /home/jsyun/Programming/ROS2/automotive_software_simulator/install/ad_msgs/include/ad_msgs/ad_msgs/msg/rosidl_generator_c__visibility_control.h
[3.373s] -- Up-to-date symlink: /home/jsyun/Programming/ROS2/automotive_software_simulator/install/ad_msgs/include/ad_msgs/ad_msgs/msg/vehicle_input.h
[3.373s] -- Up-to-date symlink: /home/jsyun/Programming/ROS2/automotive_software_simulator/install/ad_msgs/include/ad_msgs/ad_msgs/msg/vehicle_output.h
[3.373s] -- Up-to-date symlink: /home/jsyun/Programming/ROS2/automotive_software_simulator/install/ad_msgs/share/ad_msgs/environment/library_path.sh
[3.373s] -- Up-to-date symlink: /home/jsyun/Programming/ROS2/automotive_software_simulator/install/ad_msgs/share/ad_msgs/environment/library_path.dsv
[3.374s] -- Up-to-date symlink: /home/jsyun/Programming/ROS2/automotive_software_simulator/install/ad_msgs/include/ad_msgs/ad_msgs/msg/detail/lane_point_data__rosidl_typesupport_fastrtps_c.h
[3.374s] -- Up-to-date symlink: /home/jsyun/Programming/ROS2/automotive_software_simulator/install/ad_msgs/include/ad_msgs/ad_msgs/msg/detail/lane_point_data_array__rosidl_typesupport_fastrtps_c.h
[3.374s] -- Up-to-date symlink: /home/jsyun/Programming/ROS2/automotive_software_simulator/install/ad_msgs/include/ad_msgs/ad_msgs/msg/detail/polyfit_lane_data__rosidl_typesupport_fastrtps_c.h
[3.374s] -- Up-to-date symlink: /home/jsyun/Programming/ROS2/automotive_software_simulator/install/ad_msgs/include/ad_msgs/ad_msgs/msg/detail/polyfit_lane_data_array__rosidl_typesupport_fastrtps_c.h
[3.374s] -- Up-to-date symlink: /home/jsyun/Programming/ROS2/automotive_software_simulator/install/ad_msgs/include/ad_msgs/ad_msgs/msg/detail/vehicle_input__rosidl_typesupport_fastrtps_c.h
[3.374s] -- Up-to-date symlink: /home/jsyun/Programming/ROS2/automotive_software_simulator/install/ad_msgs/include/ad_msgs/ad_msgs/msg/detail/vehicle_output__rosidl_typesupport_fastrtps_c.h
[3.374s] -- Up-to-date symlink: /home/jsyun/Programming/ROS2/automotive_software_simulator/install/ad_msgs/include/ad_msgs/ad_msgs/msg/rosidl_typesupport_fastrtps_c__visibility_control.h
[3.375s] -- Up-to-date symlink: /home/jsyun/Programming/ROS2/automotive_software_simulator/install/ad_msgs/include/ad_msgs/ad_msgs/msg/detail/lane_point_data__rosidl_typesupport_introspection_c.h
[3.375s] -- Up-to-date symlink: /home/jsyun/Programming/ROS2/automotive_software_simulator/install/ad_msgs/include/ad_msgs/ad_msgs/msg/detail/lane_point_data_array__rosidl_typesupport_introspection_c.h
[3.375s] -- Up-to-date symlink: /home/jsyun/Programming/ROS2/automotive_software_simulator/install/ad_msgs/include/ad_msgs/ad_msgs/msg/detail/polyfit_lane_data__rosidl_typesupport_introspection_c.h
[3.375s] -- Up-to-date symlink: /home/jsyun/Programming/ROS2/automotive_software_simulator/install/ad_msgs/include/ad_msgs/ad_msgs/msg/detail/polyfit_lane_data_array__rosidl_typesupport_introspection_c.h
[3.375s] -- Up-to-date symlink: /home/jsyun/Programming/ROS2/automotive_software_simulator/install/ad_msgs/include/ad_msgs/ad_msgs/msg/detail/vehicle_input__rosidl_typesupport_introspection_c.h
[3.375s] -- Up-to-date symlink: /home/jsyun/Programming/ROS2/automotive_software_simulator/install/ad_msgs/include/ad_msgs/ad_msgs/msg/detail/vehicle_output__rosidl_typesupport_introspection_c.h
[3.375s] -- Up-to-date symlink: /home/jsyun/Programming/ROS2/automotive_software_simulator/install/ad_msgs/include/ad_msgs/ad_msgs/msg/rosidl_typesupport_introspection_c__visibility_control.h
[3.376s] -- Up-to-date symlink: /home/jsyun/Programming/ROS2/automotive_software_simulator/install/ad_msgs/include/ad_msgs/ad_msgs/msg/detail/lane_point_data__builder.hpp
[3.376s] -- Up-to-date symlink: /home/jsyun/Programming/ROS2/automotive_software_simulator/install/ad_msgs/include/ad_msgs/ad_msgs/msg/detail/lane_point_data__struct.hpp
[3.376s] -- Up-to-date symlink: /home/jsyun/Programming/ROS2/automotive_software_simulator/install/ad_msgs/include/ad_msgs/ad_msgs/msg/detail/lane_point_data__traits.hpp
[3.376s] -- Up-to-date symlink: /home/jsyun/Programming/ROS2/automotive_software_simulator/install/ad_msgs/include/ad_msgs/ad_msgs/msg/detail/lane_point_data_array__builder.hpp
[3.376s] -- Up-to-date symlink: /home/jsyun/Programming/ROS2/automotive_software_simulator/install/ad_msgs/include/ad_msgs/ad_msgs/msg/detail/lane_point_data_array__struct.hpp
[3.376s] -- Up-to-date symlink: /home/jsyun/Programming/ROS2/automotive_software_simulator/install/ad_msgs/include/ad_msgs/ad_msgs/msg/detail/lane_point_data_array__traits.hpp
[3.376s] -- Up-to-date symlink: /home/jsyun/Programming/ROS2/automotive_software_simulator/install/ad_msgs/include/ad_msgs/ad_msgs/msg/detail/polyfit_lane_data__builder.hpp
[3.376s] -- Up-to-date symlink: /home/jsyun/Programming/ROS2/automotive_software_simulator/install/ad_msgs/include/ad_msgs/ad_msgs/msg/detail/polyfit_lane_data__struct.hpp
[3.376s] -- Up-to-date symlink: /home/jsyun/Programming/ROS2/automotive_software_simulator/install/ad_msgs/include/ad_msgs/ad_msgs/msg/detail/polyfit_lane_data__traits.hpp
[3.376s] -- Up-to-date symlink: /home/jsyun/Programming/ROS2/automotive_software_simulator/install/ad_msgs/include/ad_msgs/ad_msgs/msg/detail/polyfit_lane_data_array__builder.hpp
[3.377s] -- Up-to-date symlink: /home/jsyun/Programming/ROS2/automotive_software_simulator/install/ad_msgs/include/ad_msgs/ad_msgs/msg/detail/polyfit_lane_data_array__struct.hpp
[3.377s] -- Up-to-date symlink: /home/jsyun/Programming/ROS2/automotive_software_simulator/install/ad_msgs/include/ad_msgs/ad_msgs/msg/detail/polyfit_lane_data_array__traits.hpp
[3.377s] -- Up-to-date symlink: /home/jsyun/Programming/ROS2/automotive_software_simulator/install/ad_msgs/include/ad_msgs/ad_msgs/msg/detail/vehicle_input__builder.hpp
[3.377s] -- Up-to-date symlink: /home/jsyun/Programming/ROS2/automotive_software_simulator/install/ad_msgs/include/ad_msgs/ad_msgs/msg/detail/vehicle_input__struct.hpp
[3.377s] -- Up-to-date symlink: /home/jsyun/Programming/ROS2/automotive_software_simulator/install/ad_msgs/include/ad_msgs/ad_msgs/msg/detail/vehicle_input__traits.hpp
[3.377s] -- Up-to-date symlink: /home/jsyun/Programming/ROS2/automotive_software_simulator/install/ad_msgs/include/ad_msgs/ad_msgs/msg/detail/vehicle_output__builder.hpp
[3.377s] -- Up-to-date symlink: /home/jsyun/Programming/ROS2/automotive_software_simulator/install/ad_msgs/include/ad_msgs/ad_msgs/msg/detail/vehicle_output__struct.hpp
[3.377s] -- Up-to-date symlink: /home/jsyun/Programming/ROS2/automotive_software_simulator/install/ad_msgs/include/ad_msgs/ad_msgs/msg/detail/vehicle_output__traits.hpp
[3.377s] -- Up-to-date symlink: /home/jsyun/Programming/ROS2/automotive_software_simulator/install/ad_msgs/include/ad_msgs/ad_msgs/msg/lane_point_data.hpp
[3.377s] -- Up-to-date symlink: /home/jsyun/Programming/ROS2/automotive_software_simulator/install/ad_msgs/include/ad_msgs/ad_msgs/msg/lane_point_data_array.hpp
[3.378s] -- Up-to-date symlink: /home/jsyun/Programming/ROS2/automotive_software_simulator/install/ad_msgs/include/ad_msgs/ad_msgs/msg/polyfit_lane_data.hpp
[3.378s] -- Up-to-date symlink: /home/jsyun/Programming/ROS2/automotive_software_simulator/install/ad_msgs/include/ad_msgs/ad_msgs/msg/polyfit_lane_data_array.hpp
[3.378s] -- Up-to-date symlink: /home/jsyun/Programming/ROS2/automotive_software_simulator/install/ad_msgs/include/ad_msgs/ad_msgs/msg/vehicle_input.hpp
[3.378s] -- Up-to-date symlink: /home/jsyun/Programming/ROS2/automotive_software_simulator/install/ad_msgs/include/ad_msgs/ad_msgs/msg/vehicle_output.hpp
[3.378s] -- Up-to-date symlink: /home/jsyun/Programming/ROS2/automotive_software_simulator/install/ad_msgs/include/ad_msgs/ad_msgs/msg/detail/lane_point_data__rosidl_typesupport_fastrtps_cpp.hpp
[3.378s] -- Up-to-date symlink: /home/jsyun/Programming/ROS2/automotive_software_simulator/install/ad_msgs/include/ad_msgs/ad_msgs/msg/detail/lane_point_data_array__rosidl_typesupport_fastrtps_cpp.hpp
[3.378s] -- Up-to-date symlink: /home/jsyun/Programming/ROS2/automotive_software_simulator/install/ad_msgs/include/ad_msgs/ad_msgs/msg/detail/polyfit_lane_data__rosidl_typesupport_fastrtps_cpp.hpp
[3.379s] -- Up-to-date symlink: /home/jsyun/Programming/ROS2/automotive_software_simulator/install/ad_msgs/include/ad_msgs/ad_msgs/msg/detail/polyfit_lane_data_array__rosidl_typesupport_fastrtps_cpp.hpp
[3.379s] -- Up-to-date symlink: /home/jsyun/Programming/ROS2/automotive_software_simulator/install/ad_msgs/include/ad_msgs/ad_msgs/msg/detail/vehicle_input__rosidl_typesupport_fastrtps_cpp.hpp
[3.379s] -- Up-to-date symlink: /home/jsyun/Programming/ROS2/automotive_software_simulator/install/ad_msgs/include/ad_msgs/ad_msgs/msg/detail/vehicle_output__rosidl_typesupport_fastrtps_cpp.hpp
[3.379s] -- Up-to-date symlink: /home/jsyun/Programming/ROS2/automotive_software_simulator/install/ad_msgs/include/ad_msgs/ad_msgs/msg/rosidl_typesupport_fastrtps_cpp__visibility_control.h
[3.379s] -- Up-to-date symlink: /home/jsyun/Programming/ROS2/automotive_software_simulator/install/ad_msgs/include/ad_msgs/ad_msgs/msg/detail/lane_point_data__rosidl_typesupport_introspection_cpp.hpp
[3.379s] -- Up-to-date symlink: /home/jsyun/Programming/ROS2/automotive_software_simulator/install/ad_msgs/include/ad_msgs/ad_msgs/msg/detail/lane_point_data_array__rosidl_typesupport_introspection_cpp.hpp
[3.379s] -- Up-to-date symlink: /home/jsyun/Programming/ROS2/automotive_software_simulator/install/ad_msgs/include/ad_msgs/ad_msgs/msg/detail/polyfit_lane_data__rosidl_typesupport_introspection_cpp.hpp
[3.379s] -- Up-to-date symlink: /home/jsyun/Programming/ROS2/automotive_software_simulator/install/ad_msgs/include/ad_msgs/ad_msgs/msg/detail/polyfit_lane_data_array__rosidl_typesupport_introspection_cpp.hpp
[3.380s] -- Up-to-date symlink: /home/jsyun/Programming/ROS2/automotive_software_simulator/install/ad_msgs/include/ad_msgs/ad_msgs/msg/detail/vehicle_input__rosidl_typesupport_introspection_cpp.hpp
[3.380s] -- Up-to-date symlink: /home/jsyun/Programming/ROS2/automotive_software_simulator/install/ad_msgs/include/ad_msgs/ad_msgs/msg/detail/vehicle_output__rosidl_typesupport_introspection_cpp.hpp
[3.380s] -- Up-to-date symlink: /home/jsyun/Programming/ROS2/automotive_software_simulator/install/ad_msgs/share/ad_msgs/environment/pythonpath.sh
[3.380s] -- Up-to-date symlink: /home/jsyun/Programming/ROS2/automotive_software_simulator/install/ad_msgs/share/ad_msgs/environment/pythonpath.dsv
[3.380s] -- Up-to-date symlink: /home/jsyun/Programming/ROS2/automotive_software_simulator/install/ad_msgs/local/lib/python3.10/dist-packages/ad_msgs-0.0.0-py3.10.egg-info/PKG-INFO
[3.380s] -- Up-to-date symlink: /home/jsyun/Programming/ROS2/automotive_software_simulator/install/ad_msgs/local/lib/python3.10/dist-packages/ad_msgs-0.0.0-py3.10.egg-info/SOURCES.txt
[3.380s] -- Up-to-date symlink: /home/jsyun/Programming/ROS2/automotive_software_simulator/install/ad_msgs/local/lib/python3.10/dist-packages/ad_msgs-0.0.0-py3.10.egg-info/dependency_links.txt
[3.380s] -- Up-to-date symlink: /home/jsyun/Programming/ROS2/automotive_software_simulator/install/ad_msgs/local/lib/python3.10/dist-packages/ad_msgs-0.0.0-py3.10.egg-info/top_level.txt
[3.381s] -- Up-to-date symlink: /home/jsyun/Programming/ROS2/automotive_software_simulator/install/ad_msgs/local/lib/python3.10/dist-packages/ad_msgs/__init__.py
[3.381s] -- Up-to-date symlink: /home/jsyun/Programming/ROS2/automotive_software_simulator/install/ad_msgs/local/lib/python3.10/dist-packages/ad_msgs/_ad_msgs_s.ep.rosidl_typesupport_c.c
[3.381s] -- Up-to-date symlink: /home/jsyun/Programming/ROS2/automotive_software_simulator/install/ad_msgs/local/lib/python3.10/dist-packages/ad_msgs/_ad_msgs_s.ep.rosidl_typesupport_fastrtps_c.c
[3.381s] -- Up-to-date symlink: /home/jsyun/Programming/ROS2/automotive_software_simulator/install/ad_msgs/local/lib/python3.10/dist-packages/ad_msgs/_ad_msgs_s.ep.rosidl_typesupport_introspection_c.c
[3.381s] -- Up-to-date symlink: /home/jsyun/Programming/ROS2/automotive_software_simulator/install/ad_msgs/local/lib/python3.10/dist-packages/ad_msgs/ad_msgs_s__rosidl_typesupport_c.cpython-310-x86_64-linux-gnu.so
[3.381s] -- Up-to-date symlink: /home/jsyun/Programming/ROS2/automotive_software_simulator/install/ad_msgs/local/lib/python3.10/dist-packages/ad_msgs/ad_msgs_s__rosidl_typesupport_fastrtps_c.cpython-310-x86_64-linux-gnu.so
[3.382s] -- Up-to-date symlink: /home/jsyun/Programming/ROS2/automotive_software_simulator/install/ad_msgs/local/lib/python3.10/dist-packages/ad_msgs/ad_msgs_s__rosidl_typesupport_introspection_c.cpython-310-x86_64-linux-gnu.so
[3.382s] -- Up-to-date symlink: /home/jsyun/Programming/ROS2/automotive_software_simulator/install/ad_msgs/local/lib/python3.10/dist-packages/ad_msgs/libad_msgs__rosidl_generator_py.so
[3.382s] -- Up-to-date symlink: /home/jsyun/Programming/ROS2/automotive_software_simulator/install/ad_msgs/local/lib/python3.10/dist-packages/ad_msgs/msg/__init__.py
[3.382s] -- Up-to-date symlink: /home/jsyun/Programming/ROS2/automotive_software_simulator/install/ad_msgs/local/lib/python3.10/dist-packages/ad_msgs/msg/_lane_point_data.py
[3.382s] -- Up-to-date symlink: /home/jsyun/Programming/ROS2/automotive_software_simulator/install/ad_msgs/local/lib/python3.10/dist-packages/ad_msgs/msg/_lane_point_data_array.py
[3.382s] -- Up-to-date symlink: /home/jsyun/Programming/ROS2/automotive_software_simulator/install/ad_msgs/local/lib/python3.10/dist-packages/ad_msgs/msg/_lane_point_data_array_s.c
[3.382s] -- Up-to-date symlink: /home/jsyun/Programming/ROS2/automotive_software_simulator/install/ad_msgs/local/lib/python3.10/dist-packages/ad_msgs/msg/_lane_point_data_s.c
[3.382s] -- Up-to-date symlink: /home/jsyun/Programming/ROS2/automotive_software_simulator/install/ad_msgs/local/lib/python3.10/dist-packages/ad_msgs/msg/_polyfit_lane_data.py
[3.382s] -- Up-to-date symlink: /home/jsyun/Programming/ROS2/automotive_software_simulator/install/ad_msgs/local/lib/python3.10/dist-packages/ad_msgs/msg/_polyfit_lane_data_array.py
[3.382s] -- Up-to-date symlink: /home/jsyun/Programming/ROS2/automotive_software_simulator/install/ad_msgs/local/lib/python3.10/dist-packages/ad_msgs/msg/_polyfit_lane_data_array_s.c
[3.382s] -- Up-to-date symlink: /home/jsyun/Programming/ROS2/automotive_software_simulator/install/ad_msgs/local/lib/python3.10/dist-packages/ad_msgs/msg/_polyfit_lane_data_s.c
[3.383s] -- Up-to-date symlink: /home/jsyun/Programming/ROS2/automotive_software_simulator/install/ad_msgs/local/lib/python3.10/dist-packages/ad_msgs/msg/_vehicle_input.py
[3.383s] -- Up-to-date symlink: /home/jsyun/Programming/ROS2/automotive_software_simulator/install/ad_msgs/local/lib/python3.10/dist-packages/ad_msgs/msg/_vehicle_input_s.c
[3.383s] -- Up-to-date symlink: /home/jsyun/Programming/ROS2/automotive_software_simulator/install/ad_msgs/local/lib/python3.10/dist-packages/ad_msgs/msg/_vehicle_output.py
[3.383s] -- Up-to-date symlink: /home/jsyun/Programming/ROS2/automotive_software_simulator/install/ad_msgs/local/lib/python3.10/dist-packages/ad_msgs/msg/_vehicle_output_s.c
[3.383s] -- Up-to-date symlink: /home/jsyun/Programming/ROS2/automotive_software_simulator/install/ad_msgs/local/lib/python3.10/dist-packages/ad_msgs/ad_msgs_s__rosidl_typesupport_fastrtps_c.cpython-310-x86_64-linux-gnu.so
[3.383s] -- Up-to-date symlink: /home/jsyun/Programming/ROS2/automotive_software_simulator/install/ad_msgs/local/lib/python3.10/dist-packages/ad_msgs/ad_msgs_s__rosidl_typesupport_introspection_c.cpython-310-x86_64-linux-gnu.so
[3.383s] -- Up-to-date symlink: /home/jsyun/Programming/ROS2/automotive_software_simulator/install/ad_msgs/local/lib/python3.10/dist-packages/ad_msgs/ad_msgs_s__rosidl_typesupport_c.cpython-310-x86_64-linux-gnu.so
[3.384s] -- Up-to-date symlink: /home/jsyun/Programming/ROS2/automotive_software_simulator/install/ad_msgs/share/ad_msgs/msg/VehicleOutput.idl
[3.384s] -- Up-to-date symlink: /home/jsyun/Programming/ROS2/automotive_software_simulator/install/ad_msgs/share/ad_msgs/msg/VehicleInput.idl
[3.384s] -- Up-to-date symlink: /home/jsyun/Programming/ROS2/automotive_software_simulator/install/ad_msgs/share/ad_msgs/msg/PolyfitLaneData.idl
[3.384s] -- Up-to-date symlink: /home/jsyun/Programming/ROS2/automotive_software_simulator/install/ad_msgs/share/ad_msgs/msg/LanePointData.idl
[3.384s] -- Up-to-date symlink: /home/jsyun/Programming/ROS2/automotive_software_simulator/install/ad_msgs/share/ad_msgs/msg/LanePointDataArray.idl
[3.384s] -- Up-to-date symlink: /home/jsyun/Programming/ROS2/automotive_software_simulator/install/ad_msgs/share/ad_msgs/msg/PolyfitLaneDataArray.idl
[3.384s] -- Up-to-date symlink: /home/jsyun/Programming/ROS2/automotive_software_simulator/install/ad_msgs/share/ad_msgs/msg/VehicleOutput.msg
[3.384s] -- Up-to-date symlink: /home/jsyun/Programming/ROS2/automotive_software_simulator/install/ad_msgs/share/ad_msgs/msg/VehicleInput.msg
[3.385s] -- Up-to-date symlink: /home/jsyun/Programming/ROS2/automotive_software_simulator/install/ad_msgs/share/ad_msgs/msg/PolyfitLaneData.msg
[3.385s] -- Up-to-date symlink: /home/jsyun/Programming/ROS2/automotive_software_simulator/install/ad_msgs/share/ad_msgs/msg/LanePointData.msg
[3.385s] -- Up-to-date symlink: /home/jsyun/Programming/ROS2/automotive_software_simulator/install/ad_msgs/share/ad_msgs/msg/LanePointDataArray.msg
[3.385s] -- Up-to-date symlink: /home/jsyun/Programming/ROS2/automotive_software_simulator/install/ad_msgs/share/ad_msgs/msg/PolyfitLaneDataArray.msg
[3.385s] -- Up-to-date symlink: /home/jsyun/Programming/ROS2/automotive_software_simulator/install/ad_msgs/share/ament_index/resource_index/package_run_dependencies/ad_msgs
[3.385s] -- Up-to-date symlink: /home/jsyun/Programming/ROS2/automotive_software_simulator/install/ad_msgs/share/ament_index/resource_index/parent_prefix_path/ad_msgs
[3.385s] -- Up-to-date symlink: /home/jsyun/Programming/ROS2/automotive_software_simulator/install/ad_msgs/share/ad_msgs/environment/ament_prefix_path.sh
[3.385s] -- Up-to-date symlink: /home/jsyun/Programming/ROS2/automotive_software_simulator/install/ad_msgs/share/ad_msgs/environment/ament_prefix_path.dsv
[3.385s] -- Up-to-date symlink: /home/jsyun/Programming/ROS2/automotive_software_simulator/install/ad_msgs/share/ad_msgs/environment/path.sh
[3.386s] -- Up-to-date symlink: /home/jsyun/Programming/ROS2/automotive_software_simulator/install/ad_msgs/share/ad_msgs/environment/path.dsv
[3.386s] -- Up-to-date symlink: /home/jsyun/Programming/ROS2/automotive_software_simulator/install/ad_msgs/share/ad_msgs/local_setup.bash
[3.386s] -- Up-to-date symlink: /home/jsyun/Programming/ROS2/automotive_software_simulator/install/ad_msgs/share/ad_msgs/local_setup.sh
[3.386s] -- Up-to-date symlink: /home/jsyun/Programming/ROS2/automotive_software_simulator/install/ad_msgs/share/ad_msgs/local_setup.zsh
[3.386s] -- Up-to-date symlink: /home/jsyun/Programming/ROS2/automotive_software_simulator/install/ad_msgs/share/ad_msgs/local_setup.dsv
[3.386s] -- Symlinking: /home/jsyun/Programming/ROS2/automotive_software_simulator/install/ad_msgs/share/ad_msgs/package.dsv
[3.394s] -- Up-to-date symlink: /home/jsyun/Programming/ROS2/automotive_software_simulator/install/ad_msgs/share/ament_index/resource_index/packages/ad_msgs
[3.394s] -- Up-to-date symlink: /home/jsyun/Programming/ROS2/automotive_software_simulator/install/ad_msgs/share/ad_msgs/cmake/rosidl_cmake-extras.cmake
[3.394s] -- Up-to-date symlink: /home/jsyun/Programming/ROS2/automotive_software_simulator/install/ad_msgs/share/ad_msgs/cmake/ament_cmake_export_dependencies-extras.cmake
[3.394s] -- Up-to-date symlink: /home/jsyun/Programming/ROS2/automotive_software_simulator/install/ad_msgs/share/ad_msgs/cmake/ament_cmake_export_include_directories-extras.cmake
[3.394s] -- Up-to-date symlink: /home/jsyun/Programming/ROS2/automotive_software_simulator/install/ad_msgs/share/ad_msgs/cmake/ament_cmake_export_libraries-extras.cmake
[3.394s] -- Up-to-date symlink: /home/jsyun/Programming/ROS2/automotive_software_simulator/install/ad_msgs/share/ad_msgs/cmake/ament_cmake_export_targets-extras.cmake
[3.394s] -- Up-to-date symlink: /home/jsyun/Programming/ROS2/automotive_software_simulator/install/ad_msgs/share/ad_msgs/cmake/rosidl_cmake_export_typesupport_targets-extras.cmake
[3.395s] -- Up-to-date symlink: /home/jsyun/Programming/ROS2/automotive_software_simulator/install/ad_msgs/share/ad_msgs/cmake/rosidl_cmake_export_typesupport_libraries-extras.cmake
[3.395s] -- Up-to-date symlink: /home/jsyun/Programming/ROS2/automotive_software_simulator/install/ad_msgs/share/ad_msgs/cmake/ad_msgsConfig.cmake
[3.395s] -- Up-to-date symlink: /home/jsyun/Programming/ROS2/automotive_software_simulator/install/ad_msgs/share/ad_msgs/cmake/ad_msgsConfig-version.cmake
[3.395s] -- Up-to-date symlink: /home/jsyun/Programming/ROS2/automotive_software_simulator/install/ad_msgs/share/ad_msgs/package.xml
[3.395s] -- Installing: /home/jsyun/Programming/ROS2/automotive_software_simulator/install/ad_msgs/lib/libad_msgs__rosidl_generator_c.so
[3.395s] -- Set runtime path of "/home/jsyun/Programming/ROS2/automotive_software_simulator/install/ad_msgs/lib/libad_msgs__rosidl_generator_c.so" to ""
[3.396s] -- Installing: /home/jsyun/Programming/ROS2/automotive_software_simulator/install/ad_msgs/lib/libad_msgs__rosidl_typesupport_fastrtps_c.so
[3.396s] -- Set runtime path of "/home/jsyun/Programming/ROS2/automotive_software_simulator/install/ad_msgs/lib/libad_msgs__rosidl_typesupport_fastrtps_c.so" to ""
[3.396s] -- Installing: /home/jsyun/Programming/ROS2/automotive_software_simulator/install/ad_msgs/lib/libad_msgs__rosidl_typesupport_introspection_c.so
[3.396s] -- Set runtime path of "/home/jsyun/Programming/ROS2/automotive_software_simulator/install/ad_msgs/lib/libad_msgs__rosidl_typesupport_introspection_c.so" to ""
[3.396s] -- Installing: /home/jsyun/Programming/ROS2/automotive_software_simulator/install/ad_msgs/lib/libad_msgs__rosidl_typesupport_c.so
[3.397s] -- Set runtime path of "/home/jsyun/Programming/ROS2/automotive_software_simulator/install/ad_msgs/lib/libad_msgs__rosidl_typesupport_c.so" to ""
[3.397s] -- Installing: /home/jsyun/Programming/ROS2/automotive_software_simulator/install/ad_msgs/lib/libad_msgs__rosidl_typesupport_fastrtps_cpp.so
[3.397s] -- Set runtime path of "/home/jsyun/Programming/ROS2/automotive_software_simulator/install/ad_msgs/lib/libad_msgs__rosidl_typesupport_fastrtps_cpp.so" to ""
[3.397s] -- Installing: /home/jsyun/Programming/ROS2/automotive_software_simulator/install/ad_msgs/lib/libad_msgs__rosidl_typesupport_introspection_cpp.so
[3.398s] -- Set runtime path of "/home/jsyun/Programming/ROS2/automotive_software_simulator/install/ad_msgs/lib/libad_msgs__rosidl_typesupport_introspection_cpp.so" to ""
[3.398s] -- Installing: /home/jsyun/Programming/ROS2/automotive_software_simulator/install/ad_msgs/lib/libad_msgs__rosidl_typesupport_cpp.so
[3.398s] -- Set runtime path of "/home/jsyun/Programming/ROS2/automotive_software_simulator/install/ad_msgs/lib/libad_msgs__rosidl_typesupport_cpp.so" to ""
[3.422s] Listing '/home/jsyun/Programming/ROS2/automotive_software_simulator/install/ad_msgs/local/lib/python3.10/dist-packages/ad_msgs'...
[3.422s] Compiling '/home/jsyun/Programming/ROS2/automotive_software_simulator/install/ad_msgs/local/lib/python3.10/dist-packages/ad_msgs/__init__.py'...
[3.422s] Listing '/home/jsyun/Programming/ROS2/automotive_software_simulator/install/ad_msgs/local/lib/python3.10/dist-packages/ad_msgs/msg'...
[3.425s] -- Installing: /home/jsyun/Programming/ROS2/automotive_software_simulator/install/ad_msgs/lib/libad_msgs__rosidl_generator_py.so
[3.425s] -- Set runtime path of "/home/jsyun/Programming/ROS2/automotive_software_simulator/install/ad_msgs/lib/libad_msgs__rosidl_generator_py.so" to ""
[3.425s] -- Up-to-date: /home/jsyun/Programming/ROS2/automotive_software_simulator/install/ad_msgs/share/ad_msgs/cmake/export_ad_msgs__rosidl_generator_cExport.cmake
[3.425s] -- Installing: /home/jsyun/Programming/ROS2/automotive_software_simulator/install/ad_msgs/share/ad_msgs/cmake/export_ad_msgs__rosidl_generator_cExport-release.cmake
[3.426s] -- Up-to-date: /home/jsyun/Programming/ROS2/automotive_software_simulator/install/ad_msgs/share/ad_msgs/cmake/export_ad_msgs__rosidl_typesupport_fastrtps_cExport.cmake
[3.426s] -- Installing: /home/jsyun/Programming/ROS2/automotive_software_simulator/install/ad_msgs/share/ad_msgs/cmake/export_ad_msgs__rosidl_typesupport_fastrtps_cExport-release.cmake
[3.426s] -- Up-to-date: /home/jsyun/Programming/ROS2/automotive_software_simulator/install/ad_msgs/share/ad_msgs/cmake/ad_msgs__rosidl_typesupport_introspection_cExport.cmake
[3.426s] -- Installing: /home/jsyun/Programming/ROS2/automotive_software_simulator/install/ad_msgs/share/ad_msgs/cmake/ad_msgs__rosidl_typesupport_introspection_cExport-release.cmake
[3.426s] -- Up-to-date: /home/jsyun/Programming/ROS2/automotive_software_simulator/install/ad_msgs/share/ad_msgs/cmake/ad_msgs__rosidl_typesupport_cExport.cmake
[3.426s] -- Installing: /home/jsyun/Programming/ROS2/automotive_software_simulator/install/ad_msgs/share/ad_msgs/cmake/ad_msgs__rosidl_typesupport_cExport-release.cmake
[3.426s] -- Up-to-date: /home/jsyun/Programming/ROS2/automotive_software_simulator/install/ad_msgs/share/ad_msgs/cmake/export_ad_msgs__rosidl_generator_cppExport.cmake
[3.426s] -- Up-to-date: /home/jsyun/Programming/ROS2/automotive_software_simulator/install/ad_msgs/share/ad_msgs/cmake/export_ad_msgs__rosidl_typesupport_fastrtps_cppExport.cmake
[3.426s] -- Installing: /home/jsyun/Programming/ROS2/automotive_software_simulator/install/ad_msgs/share/ad_msgs/cmake/export_ad_msgs__rosidl_typesupport_fastrtps_cppExport-release.cmake
[3.426s] -- Up-to-date: /home/jsyun/Programming/ROS2/automotive_software_simulator/install/ad_msgs/share/ad_msgs/cmake/ad_msgs__rosidl_typesupport_introspection_cppExport.cmake
[3.426s] -- Installing: /home/jsyun/Programming/ROS2/automotive_software_simulator/install/ad_msgs/share/ad_msgs/cmake/ad_msgs__rosidl_typesupport_introspection_cppExport-release.cmake
[3.427s] -- Up-to-date: /home/jsyun/Programming/ROS2/automotive_software_simulator/install/ad_msgs/share/ad_msgs/cmake/ad_msgs__rosidl_typesupport_cppExport.cmake
[3.427s] -- Installing: /home/jsyun/Programming/ROS2/automotive_software_simulator/install/ad_msgs/share/ad_msgs/cmake/ad_msgs__rosidl_typesupport_cppExport-release.cmake
[3.427s] -- Up-to-date: /home/jsyun/Programming/ROS2/automotive_software_simulator/install/ad_msgs/share/ad_msgs/cmake/export_ad_msgs__rosidl_generator_pyExport.cmake
[3.427s] -- Installing: /home/jsyun/Programming/ROS2/automotive_software_simulator/install/ad_msgs/share/ad_msgs/cmake/export_ad_msgs__rosidl_generator_pyExport-release.cmake
[3.429s] Invoked command in '/home/jsyun/Programming/ROS2/automotive_software_simulator/build/ad_msgs' returned '0': CMAKE_PREFIX_PATH=/opt/ros/humble /usr/bin/cmake --install /home/jsyun/Programming/ROS2/automotive_software_simulator/build/ad_msgs
