[0.008s] Invoking command in '/home/jsyun/Programming/ROS2/automotive_software_lecture/ros2_turtlesim_project/build/custom_interfaces': CMAKE_PREFIX_PATH=${CMAKE_PREFIX_PATH}:/opt/ros/humble /usr/bin/cmake /home/jsyun/Programming/ROS2/automotive_software_lecture/ros2_turtlesim_project/src/custom_interfaces -DAMENT_CMAKE_SYMLINK_INSTALL=1 -DCMAKE_INSTALL_PREFIX=/home/jsyun/Programming/ROS2/automotive_software_lecture/ros2_turtlesim_project/install/custom_interfaces
[0.098s] -- The C compiler identification is GNU 11.4.0
[0.174s] -- The CXX compiler identification is GNU 11.4.0
[0.182s] -- Detecting C compiler ABI info
[0.242s] -- Detecting C compiler ABI info - done
[0.248s] -- Check for working C compiler: /usr/bin/cc - skipped
[0.248s] -- Detecting C compile features
[0.248s] -- Detecting C compile features - done
[0.251s] -- Detecting CXX compiler ABI info
[0.317s] -- Detecting CXX compiler ABI info - done
[0.323s] -- Check for working CXX compiler: /usr/bin/c++ - skipped
[0.323s] -- Detecting CXX compile features
[0.323s] -- Detecting CXX compile features - done
[0.327s] -- Found ament_cmake: 1.3.10 (/opt/ros/humble/share/ament_cmake/cmake)
[0.439s] -- Found Python3: /usr/bin/python3 (found version "3.10.12") found components: Interpreter 
[0.486s] -- Override CMake install command with custom implementation using symlinks instead of copying resources
[0.511s] -- Found geometry_msgs: 4.2.4 (/opt/ros/humble/share/geometry_msgs/cmake)
[0.545s] -- Found rosidl_generator_c: 3.1.5 (/opt/ros/humble/share/rosidl_generator_c/cmake)
[0.550s] -- Found rosidl_adapter: 3.1.5 (/opt/ros/humble/share/rosidl_adapter/cmake)
[0.558s] -- Found rosidl_generator_cpp: 3.1.5 (/opt/ros/humble/share/rosidl_generator_cpp/cmake)
[0.568s] -- Using all available rosidl_typesupport_c: rosidl_typesupport_fastrtps_c;rosidl_typesupport_introspection_c
[0.583s] -- Using all available rosidl_typesupport_cpp: rosidl_typesupport_fastrtps_cpp;rosidl_typesupport_introspection_cpp
[0.616s] -- Found rosidl_default_generators: 1.2.0 (/opt/ros/humble/share/rosidl_default_generators/cmake)
[0.835s] -- Found ament_cmake_ros: 0.10.0 (/opt/ros/humble/share/ament_cmake_ros/cmake)
[1.145s] -- Using all available rosidl_typesupport_c: rosidl_typesupport_fastrtps_c;rosidl_typesupport_introspection_c
[1.264s] -- Using all available rosidl_typesupport_cpp: rosidl_typesupport_fastrtps_cpp;rosidl_typesupport_introspection_cpp
[1.281s] -- Found PythonInterp: /usr/bin/python3 (found suitable version "3.10.12", minimum required is "3.6") 
[1.282s] -- Found python_cmake_module: 0.10.0 (/opt/ros/humble/share/python_cmake_module/cmake)
[1.303s] -- Found PythonLibs: /usr/lib/x86_64-linux-gnu/libpython3.10.so (found suitable version "3.10.12", minimum required is "3.5") 
[1.304s] -- Using PYTHON_EXECUTABLE: /usr/bin/python3
[1.304s] -- Using PYTHON_INCLUDE_DIRS: /usr/include/python3.10
[1.304s] -- Using PYTHON_LIBRARIES: /usr/lib/x86_64-linux-gnu/libpython3.10.so
[1.319s] -- Found PythonExtra: .so  
[1.374s] -- Configuring done
[1.405s] -- Generating done
[1.408s] -- Build files have been written to: /home/jsyun/Programming/ROS2/automotive_software_lecture/ros2_turtlesim_project/build/custom_interfaces
[1.414s] Invoked command in '/home/jsyun/Programming/ROS2/automotive_software_lecture/ros2_turtlesim_project/build/custom_interfaces' returned '0': CMAKE_PREFIX_PATH=${CMAKE_PREFIX_PATH}:/opt/ros/humble /usr/bin/cmake /home/jsyun/Programming/ROS2/automotive_software_lecture/ros2_turtlesim_project/src/custom_interfaces -DAMENT_CMAKE_SYMLINK_INSTALL=1 -DCMAKE_INSTALL_PREFIX=/home/jsyun/Programming/ROS2/automotive_software_lecture/ros2_turtlesim_project/install/custom_interfaces
[1.416s] Invoking command in '/home/jsyun/Programming/ROS2/automotive_software_lecture/ros2_turtlesim_project/build/custom_interfaces': CMAKE_PREFIX_PATH=${CMAKE_PREFIX_PATH}:/opt/ros/humble /usr/bin/cmake --build /home/jsyun/Programming/ROS2/automotive_software_lecture/ros2_turtlesim_project/build/custom_interfaces -- -j12 -l12
[1.450s] [  2%] [34m[1mGenerating C code for ROS interfaces[0m
[1.458s] [  4%] [34m[1mGenerating C++ code for ROS interfaces[0m
[1.465s] [  4%] Built target ament_cmake_python_symlink_custom_interfaces
[1.656s] running egg_info
[1.657s] creating custom_interfaces.egg-info
[1.657s] writing custom_interfaces.egg-info/PKG-INFO
[1.657s] writing dependency_links to custom_interfaces.egg-info/dependency_links.txt
[1.657s] writing top-level names to custom_interfaces.egg-info/top_level.txt
[1.657s] writing manifest file 'custom_interfaces.egg-info/SOURCES.txt'
[1.659s] reading manifest file 'custom_interfaces.egg-info/SOURCES.txt'
[1.659s] writing manifest file 'custom_interfaces.egg-info/SOURCES.txt'
[1.686s] [  4%] Built target ament_cmake_python_build_custom_interfaces_egg
[1.707s] [  4%] Built target custom_interfaces__cpp
[1.717s] [ 10%] [34m[1mGenerating C++ introspection for ROS interfaces[0m
[1.717s] [ 10%] [34m[1mGenerating C++ type support dispatch for ROS interfaces[0m
[1.717s] [ 10%] [34m[1mGenerating C++ type support for eProsima Fast-RTPS[0m
[1.729s] [ 17%] [32mBuilding C object CMakeFiles/custom_interfaces__rosidl_generator_c.dir/rosidl_generator_c/custom_interfaces/msg/detail/turtle_color__functions.c.o[0m
[1.729s] [ 17%] [32mBuilding C object CMakeFiles/custom_interfaces__rosidl_generator_c.dir/rosidl_generator_c/custom_interfaces/msg/detail/turtle_state__functions.c.o[0m
[1.729s] [ 17%] [32mBuilding C object CMakeFiles/custom_interfaces__rosidl_generator_c.dir/rosidl_generator_c/custom_interfaces/msg/detail/sphere__functions.c.o[0m
[1.788s] [ 19%] [32m[1mLinking C shared library libcustom_interfaces__rosidl_generator_c.so[0m
[1.827s] [ 19%] Built target custom_interfaces__rosidl_generator_c
[1.839s] [ 23%] [34m[1mGenerating C introspection for ROS interfaces[0m
[1.839s] [ 23%] [34m[1mGenerating C type support dispatch for ROS interfaces[0m
[1.841s] [ 25%] [34m[1mGenerating C type support for eProsima Fast-RTPS[0m
[1.947s] [ 27%] [32mBuilding CXX object CMakeFiles/custom_interfaces__rosidl_typesupport_cpp.dir/rosidl_typesupport_cpp/custom_interfaces/msg/sphere__type_support.cpp.o[0m
[1.949s] [ 29%] [32mBuilding CXX object CMakeFiles/custom_interfaces__rosidl_typesupport_cpp.dir/rosidl_typesupport_cpp/custom_interfaces/msg/turtle_color__type_support.cpp.o[0m
[1.949s] [ 31%] [32mBuilding CXX object CMakeFiles/custom_interfaces__rosidl_typesupport_cpp.dir/rosidl_typesupport_cpp/custom_interfaces/msg/turtle_state__type_support.cpp.o[0m
[1.996s] [ 34%] [32mBuilding CXX object CMakeFiles/custom_interfaces__rosidl_typesupport_introspection_cpp.dir/rosidl_typesupport_introspection_cpp/custom_interfaces/msg/detail/sphere__type_support.cpp.o[0m
[1.997s] [ 36%] [32mBuilding CXX object CMakeFiles/custom_interfaces__rosidl_typesupport_introspection_cpp.dir/rosidl_typesupport_introspection_cpp/custom_interfaces/msg/detail/turtle_color__type_support.cpp.o[0m
[1.998s] [ 38%] [32mBuilding CXX object CMakeFiles/custom_interfaces__rosidl_typesupport_introspection_cpp.dir/rosidl_typesupport_introspection_cpp/custom_interfaces/msg/detail/turtle_state__type_support.cpp.o[0m
[2.014s] [ 42%] [32mBuilding CXX object CMakeFiles/custom_interfaces__rosidl_typesupport_fastrtps_cpp.dir/rosidl_typesupport_fastrtps_cpp/custom_interfaces/msg/detail/dds_fastrtps/turtle_state__type_support.cpp.o[0m
[2.014s] [ 42%] [32mBuilding CXX object CMakeFiles/custom_interfaces__rosidl_typesupport_fastrtps_cpp.dir/rosidl_typesupport_fastrtps_cpp/custom_interfaces/msg/detail/dds_fastrtps/sphere__type_support.cpp.o[0m
[2.014s] [ 44%] [32mBuilding CXX object CMakeFiles/custom_interfaces__rosidl_typesupport_fastrtps_cpp.dir/rosidl_typesupport_fastrtps_cpp/custom_interfaces/msg/detail/dds_fastrtps/turtle_color__type_support.cpp.o[0m
[2.207s] [ 46%] [32mBuilding CXX object CMakeFiles/custom_interfaces__rosidl_typesupport_c.dir/rosidl_typesupport_c/custom_interfaces/msg/sphere__type_support.cpp.o[0m
[2.262s] [ 48%] [32mBuilding CXX object CMakeFiles/custom_interfaces__rosidl_typesupport_c.dir/rosidl_typesupport_c/custom_interfaces/msg/turtle_color__type_support.cpp.o[0m
[2.278s] [ 51%] [32mBuilding C object CMakeFiles/custom_interfaces__rosidl_typesupport_introspection_c.dir/rosidl_typesupport_introspection_c/custom_interfaces/msg/detail/sphere__type_support.c.o[0m
[2.310s] [ 53%] [32mBuilding CXX object CMakeFiles/custom_interfaces__rosidl_typesupport_fastrtps_c.dir/rosidl_typesupport_fastrtps_c/custom_interfaces/msg/detail/sphere__type_support_c.cpp.o[0m
[2.314s] [ 55%] [32mBuilding CXX object CMakeFiles/custom_interfaces__rosidl_typesupport_c.dir/rosidl_typesupport_c/custom_interfaces/msg/turtle_state__type_support.cpp.o[0m
[2.337s] [ 57%] [32mBuilding C object CMakeFiles/custom_interfaces__rosidl_typesupport_introspection_c.dir/rosidl_typesupport_introspection_c/custom_interfaces/msg/detail/turtle_color__type_support.c.o[0m
[2.346s] [ 59%] [32mBuilding CXX object CMakeFiles/custom_interfaces__rosidl_typesupport_fastrtps_c.dir/rosidl_typesupport_fastrtps_c/custom_interfaces/msg/detail/turtle_color__type_support_c.cpp.o[0m
[2.355s] [ 61%] [32mBuilding CXX object CMakeFiles/custom_interfaces__rosidl_typesupport_fastrtps_c.dir/rosidl_typesupport_fastrtps_c/custom_interfaces/msg/detail/turtle_state__type_support_c.cpp.o[0m
[2.356s] [ 63%] [32m[1mLinking CXX shared library libcustom_interfaces__rosidl_typesupport_cpp.so[0m
[2.357s] [ 65%] [32m[1mLinking CXX shared library libcustom_interfaces__rosidl_typesupport_c.so[0m
[2.390s] [ 68%] [32mBuilding C object CMakeFiles/custom_interfaces__rosidl_typesupport_introspection_c.dir/rosidl_typesupport_introspection_c/custom_interfaces/msg/detail/turtle_state__type_support.c.o[0m
[2.425s] [ 68%] Built target custom_interfaces__rosidl_typesupport_cpp
[2.425s] [ 68%] Built target custom_interfaces__rosidl_typesupport_c
[2.443s] [ 70%] [32m[1mLinking C shared library libcustom_interfaces__rosidl_typesupport_introspection_c.so[0m
[2.482s] [ 70%] Built target custom_interfaces__rosidl_typesupport_introspection_c
[2.576s] [ 72%] [32m[1mLinking CXX shared library libcustom_interfaces__rosidl_typesupport_introspection_cpp.so[0m
[2.596s] [ 74%] [32m[1mLinking CXX shared library libcustom_interfaces__rosidl_typesupport_fastrtps_cpp.so[0m
[2.648s] [ 74%] Built target custom_interfaces__rosidl_typesupport_introspection_cpp
[2.681s] [ 74%] Built target custom_interfaces__rosidl_typesupport_fastrtps_cpp
[2.725s] [ 76%] [32m[1mLinking CXX shared library libcustom_interfaces__rosidl_typesupport_fastrtps_c.so[0m
[2.784s] [ 76%] Built target custom_interfaces__rosidl_typesupport_fastrtps_c
[2.800s] [ 76%] Built target custom_interfaces
[2.816s] [ 78%] [34m[1mGenerating Python code for ROS interfaces[0m
[3.149s] [ 78%] Built target custom_interfaces__py
[3.166s] [ 85%] [32mBuilding C object CMakeFiles/custom_interfaces__rosidl_generator_py.dir/rosidl_generator_py/custom_interfaces/msg/_sphere_s.c.o[0m
[3.166s] [ 85%] [32mBuilding C object CMakeFiles/custom_interfaces__rosidl_generator_py.dir/rosidl_generator_py/custom_interfaces/msg/_turtle_state_s.c.o[0m
[3.166s] [ 85%] [32mBuilding C object CMakeFiles/custom_interfaces__rosidl_generator_py.dir/rosidl_generator_py/custom_interfaces/msg/_turtle_color_s.c.o[0m
[3.260s] [ 87%] [32m[1mLinking C shared library rosidl_generator_py/custom_interfaces/libcustom_interfaces__rosidl_generator_py.so[0m
[3.295s] [ 87%] Built target custom_interfaces__rosidl_generator_py
[3.312s] [ 93%] [32mBuilding C object CMakeFiles/custom_interfaces__rosidl_typesupport_introspection_c__pyext.dir/rosidl_generator_py/custom_interfaces/_custom_interfaces_s.ep.rosidl_typesupport_introspection_c.c.o[0m
[3.312s] [ 93%] [32mBuilding C object CMakeFiles/custom_interfaces__rosidl_typesupport_fastrtps_c__pyext.dir/rosidl_generator_py/custom_interfaces/_custom_interfaces_s.ep.rosidl_typesupport_fastrtps_c.c.o[0m
[3.312s] [ 93%] [32mBuilding C object CMakeFiles/custom_interfaces__rosidl_typesupport_c__pyext.dir/rosidl_generator_py/custom_interfaces/_custom_interfaces_s.ep.rosidl_typesupport_c.c.o[0m
[3.398s] [ 97%] [32m[1mLinking C shared library rosidl_generator_py/custom_interfaces/custom_interfaces_s__rosidl_typesupport_introspection_c.cpython-310-x86_64-linux-gnu.so[0m
[3.398s] [ 97%] [32m[1mLinking C shared library rosidl_generator_py/custom_interfaces/custom_interfaces_s__rosidl_typesupport_fastrtps_c.cpython-310-x86_64-linux-gnu.so[0m
[3.398s] [100%] [32m[1mLinking C shared library rosidl_generator_py/custom_interfaces/custom_interfaces_s__rosidl_typesupport_c.cpython-310-x86_64-linux-gnu.so[0m
[3.435s] [100%] Built target custom_interfaces__rosidl_typesupport_fastrtps_c__pyext
[3.435s] [100%] Built target custom_interfaces__rosidl_typesupport_c__pyext
[3.435s] [100%] Built target custom_interfaces__rosidl_typesupport_introspection_c__pyext
[3.446s] Invoked command in '/home/jsyun/Programming/ROS2/automotive_software_lecture/ros2_turtlesim_project/build/custom_interfaces' returned '0': CMAKE_PREFIX_PATH=${CMAKE_PREFIX_PATH}:/opt/ros/humble /usr/bin/cmake --build /home/jsyun/Programming/ROS2/automotive_software_lecture/ros2_turtlesim_project/build/custom_interfaces -- -j12 -l12
[3.541s] Invoking command in '/home/jsyun/Programming/ROS2/automotive_software_lecture/ros2_turtlesim_project/build/custom_interfaces': CMAKE_PREFIX_PATH=${CMAKE_PREFIX_PATH}:/opt/ros/humble /usr/bin/cmake --install /home/jsyun/Programming/ROS2/automotive_software_lecture/ros2_turtlesim_project/build/custom_interfaces
[3.546s] -- Install configuration: ""
[3.547s] -- Execute custom install script
[3.547s] -- Symlinking: /home/jsyun/Programming/ROS2/automotive_software_lecture/ros2_turtlesim_project/install/custom_interfaces/share/ament_index/resource_index/rosidl_interfaces/custom_interfaces
[3.555s] -- Symlinking: /home/jsyun/Programming/ROS2/automotive_software_lecture/ros2_turtlesim_project/install/custom_interfaces/include/custom_interfaces/custom_interfaces/msg/detail/sphere__functions.h
[3.562s] -- Symlinking: /home/jsyun/Programming/ROS2/automotive_software_lecture/ros2_turtlesim_project/install/custom_interfaces/include/custom_interfaces/custom_interfaces/msg/detail/sphere__struct.h
[3.568s] -- Symlinking: /home/jsyun/Programming/ROS2/automotive_software_lecture/ros2_turtlesim_project/install/custom_interfaces/include/custom_interfaces/custom_interfaces/msg/detail/sphere__type_support.h
[3.575s] -- Symlinking: /home/jsyun/Programming/ROS2/automotive_software_lecture/ros2_turtlesim_project/install/custom_interfaces/include/custom_interfaces/custom_interfaces/msg/detail/turtle_color__functions.h
[3.581s] -- Symlinking: /home/jsyun/Programming/ROS2/automotive_software_lecture/ros2_turtlesim_project/install/custom_interfaces/include/custom_interfaces/custom_interfaces/msg/detail/turtle_color__struct.h
[3.588s] -- Symlinking: /home/jsyun/Programming/ROS2/automotive_software_lecture/ros2_turtlesim_project/install/custom_interfaces/include/custom_interfaces/custom_interfaces/msg/detail/turtle_color__type_support.h
[3.595s] -- Symlinking: /home/jsyun/Programming/ROS2/automotive_software_lecture/ros2_turtlesim_project/install/custom_interfaces/include/custom_interfaces/custom_interfaces/msg/detail/turtle_state__functions.h
[3.602s] -- Symlinking: /home/jsyun/Programming/ROS2/automotive_software_lecture/ros2_turtlesim_project/install/custom_interfaces/include/custom_interfaces/custom_interfaces/msg/detail/turtle_state__struct.h
[3.608s] -- Symlinking: /home/jsyun/Programming/ROS2/automotive_software_lecture/ros2_turtlesim_project/install/custom_interfaces/include/custom_interfaces/custom_interfaces/msg/detail/turtle_state__type_support.h
[3.615s] -- Symlinking: /home/jsyun/Programming/ROS2/automotive_software_lecture/ros2_turtlesim_project/install/custom_interfaces/include/custom_interfaces/custom_interfaces/msg/rosidl_generator_c__visibility_control.h
[3.621s] -- Symlinking: /home/jsyun/Programming/ROS2/automotive_software_lecture/ros2_turtlesim_project/install/custom_interfaces/include/custom_interfaces/custom_interfaces/msg/sphere.h
[3.628s] -- Symlinking: /home/jsyun/Programming/ROS2/automotive_software_lecture/ros2_turtlesim_project/install/custom_interfaces/include/custom_interfaces/custom_interfaces/msg/turtle_color.h
[3.635s] -- Symlinking: /home/jsyun/Programming/ROS2/automotive_software_lecture/ros2_turtlesim_project/install/custom_interfaces/include/custom_interfaces/custom_interfaces/msg/turtle_state.h
[3.643s] -- Symlinking: /home/jsyun/Programming/ROS2/automotive_software_lecture/ros2_turtlesim_project/install/custom_interfaces/share/custom_interfaces/environment/library_path.sh
[3.650s] -- Symlinking: /home/jsyun/Programming/ROS2/automotive_software_lecture/ros2_turtlesim_project/install/custom_interfaces/share/custom_interfaces/environment/library_path.dsv
[3.657s] -- Symlinking: /home/jsyun/Programming/ROS2/automotive_software_lecture/ros2_turtlesim_project/install/custom_interfaces/include/custom_interfaces/custom_interfaces/msg/detail/sphere__rosidl_typesupport_fastrtps_c.h
[3.664s] -- Symlinking: /home/jsyun/Programming/ROS2/automotive_software_lecture/ros2_turtlesim_project/install/custom_interfaces/include/custom_interfaces/custom_interfaces/msg/detail/turtle_color__rosidl_typesupport_fastrtps_c.h
[3.671s] -- Symlinking: /home/jsyun/Programming/ROS2/automotive_software_lecture/ros2_turtlesim_project/install/custom_interfaces/include/custom_interfaces/custom_interfaces/msg/detail/turtle_state__rosidl_typesupport_fastrtps_c.h
[3.678s] -- Symlinking: /home/jsyun/Programming/ROS2/automotive_software_lecture/ros2_turtlesim_project/install/custom_interfaces/include/custom_interfaces/custom_interfaces/msg/rosidl_typesupport_fastrtps_c__visibility_control.h
[3.685s] -- Symlinking: /home/jsyun/Programming/ROS2/automotive_software_lecture/ros2_turtlesim_project/install/custom_interfaces/include/custom_interfaces/custom_interfaces/msg/detail/sphere__builder.hpp
[3.692s] -- Symlinking: /home/jsyun/Programming/ROS2/automotive_software_lecture/ros2_turtlesim_project/install/custom_interfaces/include/custom_interfaces/custom_interfaces/msg/detail/sphere__struct.hpp
[3.699s] -- Symlinking: /home/jsyun/Programming/ROS2/automotive_software_lecture/ros2_turtlesim_project/install/custom_interfaces/include/custom_interfaces/custom_interfaces/msg/detail/sphere__traits.hpp
[3.705s] -- Symlinking: /home/jsyun/Programming/ROS2/automotive_software_lecture/ros2_turtlesim_project/install/custom_interfaces/include/custom_interfaces/custom_interfaces/msg/detail/turtle_color__builder.hpp
[3.712s] -- Symlinking: /home/jsyun/Programming/ROS2/automotive_software_lecture/ros2_turtlesim_project/install/custom_interfaces/include/custom_interfaces/custom_interfaces/msg/detail/turtle_color__struct.hpp
[3.719s] -- Symlinking: /home/jsyun/Programming/ROS2/automotive_software_lecture/ros2_turtlesim_project/install/custom_interfaces/include/custom_interfaces/custom_interfaces/msg/detail/turtle_color__traits.hpp
[3.725s] -- Symlinking: /home/jsyun/Programming/ROS2/automotive_software_lecture/ros2_turtlesim_project/install/custom_interfaces/include/custom_interfaces/custom_interfaces/msg/detail/turtle_state__builder.hpp
[3.732s] -- Symlinking: /home/jsyun/Programming/ROS2/automotive_software_lecture/ros2_turtlesim_project/install/custom_interfaces/include/custom_interfaces/custom_interfaces/msg/detail/turtle_state__struct.hpp
[3.740s] -- Symlinking: /home/jsyun/Programming/ROS2/automotive_software_lecture/ros2_turtlesim_project/install/custom_interfaces/include/custom_interfaces/custom_interfaces/msg/detail/turtle_state__traits.hpp
[3.747s] -- Symlinking: /home/jsyun/Programming/ROS2/automotive_software_lecture/ros2_turtlesim_project/install/custom_interfaces/include/custom_interfaces/custom_interfaces/msg/sphere.hpp
[3.754s] -- Symlinking: /home/jsyun/Programming/ROS2/automotive_software_lecture/ros2_turtlesim_project/install/custom_interfaces/include/custom_interfaces/custom_interfaces/msg/turtle_color.hpp
[3.761s] -- Symlinking: /home/jsyun/Programming/ROS2/automotive_software_lecture/ros2_turtlesim_project/install/custom_interfaces/include/custom_interfaces/custom_interfaces/msg/turtle_state.hpp
[3.768s] -- Symlinking: /home/jsyun/Programming/ROS2/automotive_software_lecture/ros2_turtlesim_project/install/custom_interfaces/include/custom_interfaces/custom_interfaces/msg/detail/sphere__rosidl_typesupport_fastrtps_cpp.hpp
[3.775s] -- Symlinking: /home/jsyun/Programming/ROS2/automotive_software_lecture/ros2_turtlesim_project/install/custom_interfaces/include/custom_interfaces/custom_interfaces/msg/detail/turtle_color__rosidl_typesupport_fastrtps_cpp.hpp
[3.782s] -- Symlinking: /home/jsyun/Programming/ROS2/automotive_software_lecture/ros2_turtlesim_project/install/custom_interfaces/include/custom_interfaces/custom_interfaces/msg/detail/turtle_state__rosidl_typesupport_fastrtps_cpp.hpp
[3.790s] -- Symlinking: /home/jsyun/Programming/ROS2/automotive_software_lecture/ros2_turtlesim_project/install/custom_interfaces/include/custom_interfaces/custom_interfaces/msg/rosidl_typesupport_fastrtps_cpp__visibility_control.h
[3.797s] -- Symlinking: /home/jsyun/Programming/ROS2/automotive_software_lecture/ros2_turtlesim_project/install/custom_interfaces/include/custom_interfaces/custom_interfaces/msg/detail/sphere__rosidl_typesupport_introspection_c.h
[3.804s] -- Symlinking: /home/jsyun/Programming/ROS2/automotive_software_lecture/ros2_turtlesim_project/install/custom_interfaces/include/custom_interfaces/custom_interfaces/msg/detail/turtle_color__rosidl_typesupport_introspection_c.h
[3.811s] -- Symlinking: /home/jsyun/Programming/ROS2/automotive_software_lecture/ros2_turtlesim_project/install/custom_interfaces/include/custom_interfaces/custom_interfaces/msg/detail/turtle_state__rosidl_typesupport_introspection_c.h
[3.818s] -- Symlinking: /home/jsyun/Programming/ROS2/automotive_software_lecture/ros2_turtlesim_project/install/custom_interfaces/include/custom_interfaces/custom_interfaces/msg/rosidl_typesupport_introspection_c__visibility_control.h
[3.825s] -- Symlinking: /home/jsyun/Programming/ROS2/automotive_software_lecture/ros2_turtlesim_project/install/custom_interfaces/include/custom_interfaces/custom_interfaces/msg/detail/sphere__rosidl_typesupport_introspection_cpp.hpp
[3.832s] -- Symlinking: /home/jsyun/Programming/ROS2/automotive_software_lecture/ros2_turtlesim_project/install/custom_interfaces/include/custom_interfaces/custom_interfaces/msg/detail/turtle_color__rosidl_typesupport_introspection_cpp.hpp
[3.840s] -- Symlinking: /home/jsyun/Programming/ROS2/automotive_software_lecture/ros2_turtlesim_project/install/custom_interfaces/include/custom_interfaces/custom_interfaces/msg/detail/turtle_state__rosidl_typesupport_introspection_cpp.hpp
[3.847s] -- Symlinking: /home/jsyun/Programming/ROS2/automotive_software_lecture/ros2_turtlesim_project/install/custom_interfaces/share/custom_interfaces/environment/pythonpath.sh
[3.854s] -- Symlinking: /home/jsyun/Programming/ROS2/automotive_software_lecture/ros2_turtlesim_project/install/custom_interfaces/share/custom_interfaces/environment/pythonpath.dsv
[3.861s] -- Symlinking: /home/jsyun/Programming/ROS2/automotive_software_lecture/ros2_turtlesim_project/install/custom_interfaces/local/lib/python3.10/dist-packages/custom_interfaces-0.0.1-py3.10.egg-info/PKG-INFO
[3.868s] -- Symlinking: /home/jsyun/Programming/ROS2/automotive_software_lecture/ros2_turtlesim_project/install/custom_interfaces/local/lib/python3.10/dist-packages/custom_interfaces-0.0.1-py3.10.egg-info/SOURCES.txt
[3.875s] -- Symlinking: /home/jsyun/Programming/ROS2/automotive_software_lecture/ros2_turtlesim_project/install/custom_interfaces/local/lib/python3.10/dist-packages/custom_interfaces-0.0.1-py3.10.egg-info/dependency_links.txt
[3.882s] -- Symlinking: /home/jsyun/Programming/ROS2/automotive_software_lecture/ros2_turtlesim_project/install/custom_interfaces/local/lib/python3.10/dist-packages/custom_interfaces-0.0.1-py3.10.egg-info/top_level.txt
[3.890s] -- Symlinking: /home/jsyun/Programming/ROS2/automotive_software_lecture/ros2_turtlesim_project/install/custom_interfaces/local/lib/python3.10/dist-packages/custom_interfaces/__init__.py
[3.896s] -- Symlinking: /home/jsyun/Programming/ROS2/automotive_software_lecture/ros2_turtlesim_project/install/custom_interfaces/local/lib/python3.10/dist-packages/custom_interfaces/_custom_interfaces_s.ep.rosidl_typesupport_c.c
[3.903s] -- Symlinking: /home/jsyun/Programming/ROS2/automotive_software_lecture/ros2_turtlesim_project/install/custom_interfaces/local/lib/python3.10/dist-packages/custom_interfaces/_custom_interfaces_s.ep.rosidl_typesupport_fastrtps_c.c
[3.910s] -- Symlinking: /home/jsyun/Programming/ROS2/automotive_software_lecture/ros2_turtlesim_project/install/custom_interfaces/local/lib/python3.10/dist-packages/custom_interfaces/_custom_interfaces_s.ep.rosidl_typesupport_introspection_c.c
[3.917s] -- Symlinking: /home/jsyun/Programming/ROS2/automotive_software_lecture/ros2_turtlesim_project/install/custom_interfaces/local/lib/python3.10/dist-packages/custom_interfaces/custom_interfaces_s__rosidl_typesupport_c.cpython-310-x86_64-linux-gnu.so
[3.924s] -- Symlinking: /home/jsyun/Programming/ROS2/automotive_software_lecture/ros2_turtlesim_project/install/custom_interfaces/local/lib/python3.10/dist-packages/custom_interfaces/custom_interfaces_s__rosidl_typesupport_fastrtps_c.cpython-310-x86_64-linux-gnu.so
[3.930s] -- Symlinking: /home/jsyun/Programming/ROS2/automotive_software_lecture/ros2_turtlesim_project/install/custom_interfaces/local/lib/python3.10/dist-packages/custom_interfaces/custom_interfaces_s__rosidl_typesupport_introspection_c.cpython-310-x86_64-linux-gnu.so
[3.938s] -- Symlinking: /home/jsyun/Programming/ROS2/automotive_software_lecture/ros2_turtlesim_project/install/custom_interfaces/local/lib/python3.10/dist-packages/custom_interfaces/libcustom_interfaces__rosidl_generator_py.so
[3.946s] -- Symlinking: /home/jsyun/Programming/ROS2/automotive_software_lecture/ros2_turtlesim_project/install/custom_interfaces/local/lib/python3.10/dist-packages/custom_interfaces/msg/__init__.py
[3.952s] -- Symlinking: /home/jsyun/Programming/ROS2/automotive_software_lecture/ros2_turtlesim_project/install/custom_interfaces/local/lib/python3.10/dist-packages/custom_interfaces/msg/_sphere.py
[3.959s] -- Symlinking: /home/jsyun/Programming/ROS2/automotive_software_lecture/ros2_turtlesim_project/install/custom_interfaces/local/lib/python3.10/dist-packages/custom_interfaces/msg/_sphere_s.c
[3.966s] -- Symlinking: /home/jsyun/Programming/ROS2/automotive_software_lecture/ros2_turtlesim_project/install/custom_interfaces/local/lib/python3.10/dist-packages/custom_interfaces/msg/_turtle_color.py
[3.973s] -- Symlinking: /home/jsyun/Programming/ROS2/automotive_software_lecture/ros2_turtlesim_project/install/custom_interfaces/local/lib/python3.10/dist-packages/custom_interfaces/msg/_turtle_color_s.c
[3.980s] -- Symlinking: /home/jsyun/Programming/ROS2/automotive_software_lecture/ros2_turtlesim_project/install/custom_interfaces/local/lib/python3.10/dist-packages/custom_interfaces/msg/_turtle_state.py
[3.987s] -- Symlinking: /home/jsyun/Programming/ROS2/automotive_software_lecture/ros2_turtlesim_project/install/custom_interfaces/local/lib/python3.10/dist-packages/custom_interfaces/msg/_turtle_state_s.c
[3.994s] -- Up-to-date symlink: /home/jsyun/Programming/ROS2/automotive_software_lecture/ros2_turtlesim_project/install/custom_interfaces/local/lib/python3.10/dist-packages/custom_interfaces/custom_interfaces_s__rosidl_typesupport_fastrtps_c.cpython-310-x86_64-linux-gnu.so
[3.994s] -- Up-to-date symlink: /home/jsyun/Programming/ROS2/automotive_software_lecture/ros2_turtlesim_project/install/custom_interfaces/local/lib/python3.10/dist-packages/custom_interfaces/custom_interfaces_s__rosidl_typesupport_introspection_c.cpython-310-x86_64-linux-gnu.so
[3.994s] -- Up-to-date symlink: /home/jsyun/Programming/ROS2/automotive_software_lecture/ros2_turtlesim_project/install/custom_interfaces/local/lib/python3.10/dist-packages/custom_interfaces/custom_interfaces_s__rosidl_typesupport_c.cpython-310-x86_64-linux-gnu.so
[3.994s] -- Symlinking: /home/jsyun/Programming/ROS2/automotive_software_lecture/ros2_turtlesim_project/install/custom_interfaces/share/custom_interfaces/msg/Sphere.idl
[4.001s] -- Symlinking: /home/jsyun/Programming/ROS2/automotive_software_lecture/ros2_turtlesim_project/install/custom_interfaces/share/custom_interfaces/msg/TurtleColor.idl
[4.008s] -- Symlinking: /home/jsyun/Programming/ROS2/automotive_software_lecture/ros2_turtlesim_project/install/custom_interfaces/share/custom_interfaces/msg/TurtleState.idl
[4.015s] -- Symlinking: /home/jsyun/Programming/ROS2/automotive_software_lecture/ros2_turtlesim_project/install/custom_interfaces/share/custom_interfaces/msg/Sphere.msg
[4.022s] -- Symlinking: /home/jsyun/Programming/ROS2/automotive_software_lecture/ros2_turtlesim_project/install/custom_interfaces/share/custom_interfaces/msg/TurtleColor.msg
[4.028s] -- Symlinking: /home/jsyun/Programming/ROS2/automotive_software_lecture/ros2_turtlesim_project/install/custom_interfaces/share/custom_interfaces/msg/TurtleState.msg
[4.035s] -- Symlinking: /home/jsyun/Programming/ROS2/automotive_software_lecture/ros2_turtlesim_project/install/custom_interfaces/share/ament_index/resource_index/package_run_dependencies/custom_interfaces
[4.043s] -- Symlinking: /home/jsyun/Programming/ROS2/automotive_software_lecture/ros2_turtlesim_project/install/custom_interfaces/share/ament_index/resource_index/parent_prefix_path/custom_interfaces
[4.050s] -- Symlinking: /home/jsyun/Programming/ROS2/automotive_software_lecture/ros2_turtlesim_project/install/custom_interfaces/share/custom_interfaces/environment/ament_prefix_path.sh
[4.057s] -- Symlinking: /home/jsyun/Programming/ROS2/automotive_software_lecture/ros2_turtlesim_project/install/custom_interfaces/share/custom_interfaces/environment/ament_prefix_path.dsv
[4.064s] -- Symlinking: /home/jsyun/Programming/ROS2/automotive_software_lecture/ros2_turtlesim_project/install/custom_interfaces/share/custom_interfaces/environment/path.sh
[4.071s] -- Symlinking: /home/jsyun/Programming/ROS2/automotive_software_lecture/ros2_turtlesim_project/install/custom_interfaces/share/custom_interfaces/environment/path.dsv
[4.077s] -- Symlinking: /home/jsyun/Programming/ROS2/automotive_software_lecture/ros2_turtlesim_project/install/custom_interfaces/share/custom_interfaces/local_setup.bash
[4.084s] -- Symlinking: /home/jsyun/Programming/ROS2/automotive_software_lecture/ros2_turtlesim_project/install/custom_interfaces/share/custom_interfaces/local_setup.sh
[4.091s] -- Symlinking: /home/jsyun/Programming/ROS2/automotive_software_lecture/ros2_turtlesim_project/install/custom_interfaces/share/custom_interfaces/local_setup.zsh
[4.098s] -- Symlinking: /home/jsyun/Programming/ROS2/automotive_software_lecture/ros2_turtlesim_project/install/custom_interfaces/share/custom_interfaces/local_setup.dsv
[4.104s] -- Symlinking: /home/jsyun/Programming/ROS2/automotive_software_lecture/ros2_turtlesim_project/install/custom_interfaces/share/custom_interfaces/package.dsv
[4.111s] -- Symlinking: /home/jsyun/Programming/ROS2/automotive_software_lecture/ros2_turtlesim_project/install/custom_interfaces/share/ament_index/resource_index/packages/custom_interfaces
[4.118s] -- Symlinking: /home/jsyun/Programming/ROS2/automotive_software_lecture/ros2_turtlesim_project/install/custom_interfaces/share/custom_interfaces/cmake/rosidl_cmake-extras.cmake
[4.125s] -- Symlinking: /home/jsyun/Programming/ROS2/automotive_software_lecture/ros2_turtlesim_project/install/custom_interfaces/share/custom_interfaces/cmake/ament_cmake_export_dependencies-extras.cmake
[4.131s] -- Symlinking: /home/jsyun/Programming/ROS2/automotive_software_lecture/ros2_turtlesim_project/install/custom_interfaces/share/custom_interfaces/cmake/ament_cmake_export_include_directories-extras.cmake
[4.139s] -- Symlinking: /home/jsyun/Programming/ROS2/automotive_software_lecture/ros2_turtlesim_project/install/custom_interfaces/share/custom_interfaces/cmake/ament_cmake_export_libraries-extras.cmake
[4.146s] -- Symlinking: /home/jsyun/Programming/ROS2/automotive_software_lecture/ros2_turtlesim_project/install/custom_interfaces/share/custom_interfaces/cmake/ament_cmake_export_targets-extras.cmake
[4.153s] -- Symlinking: /home/jsyun/Programming/ROS2/automotive_software_lecture/ros2_turtlesim_project/install/custom_interfaces/share/custom_interfaces/cmake/rosidl_cmake_export_typesupport_targets-extras.cmake
[4.160s] -- Symlinking: /home/jsyun/Programming/ROS2/automotive_software_lecture/ros2_turtlesim_project/install/custom_interfaces/share/custom_interfaces/cmake/rosidl_cmake_export_typesupport_libraries-extras.cmake
[4.167s] -- Symlinking: /home/jsyun/Programming/ROS2/automotive_software_lecture/ros2_turtlesim_project/install/custom_interfaces/share/custom_interfaces/cmake/custom_interfacesConfig.cmake
[4.174s] -- Symlinking: /home/jsyun/Programming/ROS2/automotive_software_lecture/ros2_turtlesim_project/install/custom_interfaces/share/custom_interfaces/cmake/custom_interfacesConfig-version.cmake
[4.181s] -- Symlinking: /home/jsyun/Programming/ROS2/automotive_software_lecture/ros2_turtlesim_project/install/custom_interfaces/share/custom_interfaces/package.xml
[4.188s] -- Installing: /home/jsyun/Programming/ROS2/automotive_software_lecture/ros2_turtlesim_project/install/custom_interfaces/lib/libcustom_interfaces__rosidl_generator_c.so
[4.188s] -- Set runtime path of "/home/jsyun/Programming/ROS2/automotive_software_lecture/ros2_turtlesim_project/install/custom_interfaces/lib/libcustom_interfaces__rosidl_generator_c.so" to ""
[4.188s] -- Installing: /home/jsyun/Programming/ROS2/automotive_software_lecture/ros2_turtlesim_project/install/custom_interfaces/lib/libcustom_interfaces__rosidl_typesupport_fastrtps_c.so
[4.188s] -- Set runtime path of "/home/jsyun/Programming/ROS2/automotive_software_lecture/ros2_turtlesim_project/install/custom_interfaces/lib/libcustom_interfaces__rosidl_typesupport_fastrtps_c.so" to ""
[4.188s] -- Installing: /home/jsyun/Programming/ROS2/automotive_software_lecture/ros2_turtlesim_project/install/custom_interfaces/lib/libcustom_interfaces__rosidl_typesupport_fastrtps_cpp.so
[4.189s] -- Set runtime path of "/home/jsyun/Programming/ROS2/automotive_software_lecture/ros2_turtlesim_project/install/custom_interfaces/lib/libcustom_interfaces__rosidl_typesupport_fastrtps_cpp.so" to ""
[4.189s] -- Installing: /home/jsyun/Programming/ROS2/automotive_software_lecture/ros2_turtlesim_project/install/custom_interfaces/lib/libcustom_interfaces__rosidl_typesupport_introspection_c.so
[4.189s] -- Set runtime path of "/home/jsyun/Programming/ROS2/automotive_software_lecture/ros2_turtlesim_project/install/custom_interfaces/lib/libcustom_interfaces__rosidl_typesupport_introspection_c.so" to ""
[4.189s] -- Installing: /home/jsyun/Programming/ROS2/automotive_software_lecture/ros2_turtlesim_project/install/custom_interfaces/lib/libcustom_interfaces__rosidl_typesupport_c.so
[4.189s] -- Set runtime path of "/home/jsyun/Programming/ROS2/automotive_software_lecture/ros2_turtlesim_project/install/custom_interfaces/lib/libcustom_interfaces__rosidl_typesupport_c.so" to ""
[4.189s] -- Installing: /home/jsyun/Programming/ROS2/automotive_software_lecture/ros2_turtlesim_project/install/custom_interfaces/lib/libcustom_interfaces__rosidl_typesupport_introspection_cpp.so
[4.190s] -- Set runtime path of "/home/jsyun/Programming/ROS2/automotive_software_lecture/ros2_turtlesim_project/install/custom_interfaces/lib/libcustom_interfaces__rosidl_typesupport_introspection_cpp.so" to ""
[4.190s] -- Installing: /home/jsyun/Programming/ROS2/automotive_software_lecture/ros2_turtlesim_project/install/custom_interfaces/lib/libcustom_interfaces__rosidl_typesupport_cpp.so
[4.190s] -- Set runtime path of "/home/jsyun/Programming/ROS2/automotive_software_lecture/ros2_turtlesim_project/install/custom_interfaces/lib/libcustom_interfaces__rosidl_typesupport_cpp.so" to ""
[4.216s] Listing '/home/jsyun/Programming/ROS2/automotive_software_lecture/ros2_turtlesim_project/install/custom_interfaces/local/lib/python3.10/dist-packages/custom_interfaces'...
[4.216s] Compiling '/home/jsyun/Programming/ROS2/automotive_software_lecture/ros2_turtlesim_project/install/custom_interfaces/local/lib/python3.10/dist-packages/custom_interfaces/__init__.py'...
[4.216s] Listing '/home/jsyun/Programming/ROS2/automotive_software_lecture/ros2_turtlesim_project/install/custom_interfaces/local/lib/python3.10/dist-packages/custom_interfaces/msg'...
[4.216s] Compiling '/home/jsyun/Programming/ROS2/automotive_software_lecture/ros2_turtlesim_project/install/custom_interfaces/local/lib/python3.10/dist-packages/custom_interfaces/msg/__init__.py'...
[4.216s] Compiling '/home/jsyun/Programming/ROS2/automotive_software_lecture/ros2_turtlesim_project/install/custom_interfaces/local/lib/python3.10/dist-packages/custom_interfaces/msg/_sphere.py'...
[4.216s] Compiling '/home/jsyun/Programming/ROS2/automotive_software_lecture/ros2_turtlesim_project/install/custom_interfaces/local/lib/python3.10/dist-packages/custom_interfaces/msg/_turtle_color.py'...
[4.216s] Compiling '/home/jsyun/Programming/ROS2/automotive_software_lecture/ros2_turtlesim_project/install/custom_interfaces/local/lib/python3.10/dist-packages/custom_interfaces/msg/_turtle_state.py'...
[4.219s] -- Installing: /home/jsyun/Programming/ROS2/automotive_software_lecture/ros2_turtlesim_project/install/custom_interfaces/lib/libcustom_interfaces__rosidl_generator_py.so
[4.219s] -- Set runtime path of "/home/jsyun/Programming/ROS2/automotive_software_lecture/ros2_turtlesim_project/install/custom_interfaces/lib/libcustom_interfaces__rosidl_generator_py.so" to ""
[4.219s] -- Installing: /home/jsyun/Programming/ROS2/automotive_software_lecture/ros2_turtlesim_project/install/custom_interfaces/share/custom_interfaces/cmake/export_custom_interfaces__rosidl_generator_cExport.cmake
[4.219s] -- Installing: /home/jsyun/Programming/ROS2/automotive_software_lecture/ros2_turtlesim_project/install/custom_interfaces/share/custom_interfaces/cmake/export_custom_interfaces__rosidl_generator_cExport-noconfig.cmake
[4.219s] -- Installing: /home/jsyun/Programming/ROS2/automotive_software_lecture/ros2_turtlesim_project/install/custom_interfaces/share/custom_interfaces/cmake/export_custom_interfaces__rosidl_typesupport_fastrtps_cExport.cmake
[4.220s] -- Installing: /home/jsyun/Programming/ROS2/automotive_software_lecture/ros2_turtlesim_project/install/custom_interfaces/share/custom_interfaces/cmake/export_custom_interfaces__rosidl_typesupport_fastrtps_cExport-noconfig.cmake
[4.220s] -- Installing: /home/jsyun/Programming/ROS2/automotive_software_lecture/ros2_turtlesim_project/install/custom_interfaces/share/custom_interfaces/cmake/export_custom_interfaces__rosidl_generator_cppExport.cmake
[4.220s] -- Installing: /home/jsyun/Programming/ROS2/automotive_software_lecture/ros2_turtlesim_project/install/custom_interfaces/share/custom_interfaces/cmake/export_custom_interfaces__rosidl_typesupport_fastrtps_cppExport.cmake
[4.220s] -- Installing: /home/jsyun/Programming/ROS2/automotive_software_lecture/ros2_turtlesim_project/install/custom_interfaces/share/custom_interfaces/cmake/export_custom_interfaces__rosidl_typesupport_fastrtps_cppExport-noconfig.cmake
[4.220s] -- Installing: /home/jsyun/Programming/ROS2/automotive_software_lecture/ros2_turtlesim_project/install/custom_interfaces/share/custom_interfaces/cmake/custom_interfaces__rosidl_typesupport_introspection_cExport.cmake
[4.220s] -- Installing: /home/jsyun/Programming/ROS2/automotive_software_lecture/ros2_turtlesim_project/install/custom_interfaces/share/custom_interfaces/cmake/custom_interfaces__rosidl_typesupport_introspection_cExport-noconfig.cmake
[4.220s] -- Installing: /home/jsyun/Programming/ROS2/automotive_software_lecture/ros2_turtlesim_project/install/custom_interfaces/share/custom_interfaces/cmake/custom_interfaces__rosidl_typesupport_cExport.cmake
[4.220s] -- Installing: /home/jsyun/Programming/ROS2/automotive_software_lecture/ros2_turtlesim_project/install/custom_interfaces/share/custom_interfaces/cmake/custom_interfaces__rosidl_typesupport_cExport-noconfig.cmake
[4.221s] -- Installing: /home/jsyun/Programming/ROS2/automotive_software_lecture/ros2_turtlesim_project/install/custom_interfaces/share/custom_interfaces/cmake/custom_interfaces__rosidl_typesupport_introspection_cppExport.cmake
[4.221s] -- Installing: /home/jsyun/Programming/ROS2/automotive_software_lecture/ros2_turtlesim_project/install/custom_interfaces/share/custom_interfaces/cmake/custom_interfaces__rosidl_typesupport_introspection_cppExport-noconfig.cmake
[4.221s] -- Installing: /home/jsyun/Programming/ROS2/automotive_software_lecture/ros2_turtlesim_project/install/custom_interfaces/share/custom_interfaces/cmake/custom_interfaces__rosidl_typesupport_cppExport.cmake
[4.221s] -- Installing: /home/jsyun/Programming/ROS2/automotive_software_lecture/ros2_turtlesim_project/install/custom_interfaces/share/custom_interfaces/cmake/custom_interfaces__rosidl_typesupport_cppExport-noconfig.cmake
[4.221s] -- Installing: /home/jsyun/Programming/ROS2/automotive_software_lecture/ros2_turtlesim_project/install/custom_interfaces/share/custom_interfaces/cmake/export_custom_interfaces__rosidl_generator_pyExport.cmake
[4.221s] -- Installing: /home/jsyun/Programming/ROS2/automotive_software_lecture/ros2_turtlesim_project/install/custom_interfaces/share/custom_interfaces/cmake/export_custom_interfaces__rosidl_generator_pyExport-noconfig.cmake
[4.224s] Invoked command in '/home/jsyun/Programming/ROS2/automotive_software_lecture/ros2_turtlesim_project/build/custom_interfaces' returned '0': CMAKE_PREFIX_PATH=${CMAKE_PREFIX_PATH}:/opt/ros/humble /usr/bin/cmake --install /home/jsyun/Programming/ROS2/automotive_software_lecture/ros2_turtlesim_project/build/custom_interfaces
