[0.008s] Invoking command in '/home/jsyun/ros2_turtle_project/build/turtle_interfaces': CMAKE_PREFIX_PATH=/opt/ros/humble /usr/bin/cmake --build /home/jsyun/ros2_turtle_project/build/turtle_interfaces -- -j12 -l12
[0.042s] [35m[1mConsolidate compiler generated dependencies of target turtle_interfaces__rosidl_generator_c[0m
[0.050s] [  3%] Built target turtle_interfaces__cpp
[0.051s] [ 12%] Built target turtle_interfaces__rosidl_generator_c
[0.058s] [ 12%] Built target ament_cmake_python_symlink_turtle_interfaces
[0.059s] [35m[1mConsolidate compiler generated dependencies of target turtle_interfaces__rosidl_typesupport_fastrtps_cpp[0m
[0.060s] [35m[1mConsolidate compiler generated dependencies of target turtle_interfaces__rosidl_typesupport_introspection_cpp[0m
[0.060s] [35m[1mConsolidate compiler generated dependencies of target turtle_interfaces__rosidl_typesupport_cpp[0m
[0.060s] [35m[1mConsolidate compiler generated dependencies of target turtle_interfaces__rosidl_typesupport_introspection_c[0m
[0.060s] [35m[1mConsolidate compiler generated dependencies of target turtle_interfaces__rosidl_typesupport_fastrtps_c[0m
[0.063s] [35m[1mConsolidate compiler generated dependencies of target turtle_interfaces__rosidl_typesupport_c[0m
[0.071s] [ 32%] Built target turtle_interfaces__rosidl_typesupport_fastrtps_cpp
[0.072s] [ 32%] Built target turtle_interfaces__rosidl_typesupport_introspection_c
[0.072s] [ 41%] Built target turtle_interfaces__rosidl_typesupport_introspection_cpp
[0.073s] [ 51%] Built target turtle_interfaces__rosidl_typesupport_cpp
[0.073s] [ 61%] Built target turtle_interfaces__rosidl_typesupport_c
[0.074s] [ 70%] Built target turtle_interfaces__rosidl_typesupport_fastrtps_c
[0.091s] [ 70%] Built target turtle_interfaces
[0.108s] [ 74%] Built target turtle_interfaces__py
[0.117s] [35m[1mConsolidate compiler generated dependencies of target turtle_interfaces__rosidl_generator_py[0m
[0.129s] [ 80%] Built target turtle_interfaces__rosidl_generator_py
[0.138s] [35m[1mConsolidate compiler generated dependencies of target turtle_interfaces__rosidl_typesupport_c__pyext[0m
[0.138s] [35m[1mConsolidate compiler generated dependencies of target turtle_interfaces__rosidl_typesupport_fastrtps_c__pyext[0m
[0.138s] [35m[1mConsolidate compiler generated dependencies of target turtle_interfaces__rosidl_typesupport_introspection_c__pyext[0m
[0.149s] [100%] Built target turtle_interfaces__rosidl_typesupport_c__pyext
[0.150s] [100%] Built target turtle_interfaces__rosidl_typesupport_fastrtps_c__pyext
[0.150s] [100%] Built target turtle_interfaces__rosidl_typesupport_introspection_c__pyext
[0.241s] running egg_info
[0.242s] writing turtle_interfaces.egg-info/PKG-INFO
[0.242s] writing dependency_links to turtle_interfaces.egg-info/dependency_links.txt
[0.242s] writing top-level names to turtle_interfaces.egg-info/top_level.txt
[0.244s] reading manifest file 'turtle_interfaces.egg-info/SOURCES.txt'
[0.244s] writing manifest file 'turtle_interfaces.egg-info/SOURCES.txt'
[0.266s] [100%] Built target ament_cmake_python_build_turtle_interfaces_egg
[0.276s] Invoked command in '/home/jsyun/ros2_turtle_project/build/turtle_interfaces' returned '0': CMAKE_PREFIX_PATH=/opt/ros/humble /usr/bin/cmake --build /home/jsyun/ros2_turtle_project/build/turtle_interfaces -- -j12 -l12
[0.335s] Invoking command in '/home/jsyun/ros2_turtle_project/build/turtle_interfaces': CMAKE_PREFIX_PATH=/opt/ros/humble /usr/bin/cmake --install /home/jsyun/ros2_turtle_project/build/turtle_interfaces
[0.341s] -- Install configuration: ""
[0.341s] -- Execute custom install script
[0.341s] -- Up-to-date symlink: /home/jsyun/ros2_turtle_project/install/turtle_interfaces/share/ament_index/resource_index/rosidl_interfaces/turtle_interfaces
[0.342s] -- Up-to-date symlink: /home/jsyun/ros2_turtle_project/install/turtle_interfaces/include/turtle_interfaces/turtle_interfaces/msg/color_rgb.h
[0.342s] -- Up-to-date symlink: /home/jsyun/ros2_turtle_project/install/turtle_interfaces/include/turtle_interfaces/turtle_interfaces/msg/detail/color_rgb__functions.h
[0.342s] -- Up-to-date symlink: /home/jsyun/ros2_turtle_project/install/turtle_interfaces/include/turtle_interfaces/turtle_interfaces/msg/detail/color_rgb__struct.h
[0.342s] -- Up-to-date symlink: /home/jsyun/ros2_turtle_project/install/turtle_interfaces/include/turtle_interfaces/turtle_interfaces/msg/detail/color_rgb__type_support.h
[0.342s] -- Up-to-date symlink: /home/jsyun/ros2_turtle_project/install/turtle_interfaces/include/turtle_interfaces/turtle_interfaces/msg/rosidl_generator_c__visibility_control.h
[0.342s] -- Up-to-date symlink: /home/jsyun/ros2_turtle_project/install/turtle_interfaces/share/turtle_interfaces/environment/library_path.sh
[0.342s] -- Up-to-date symlink: /home/jsyun/ros2_turtle_project/install/turtle_interfaces/share/turtle_interfaces/environment/library_path.dsv
[0.342s] -- Up-to-date symlink: /home/jsyun/ros2_turtle_project/install/turtle_interfaces/include/turtle_interfaces/turtle_interfaces/msg/detail/color_rgb__rosidl_typesupport_fastrtps_c.h
[0.343s] -- Up-to-date symlink: /home/jsyun/ros2_turtle_project/install/turtle_interfaces/include/turtle_interfaces/turtle_interfaces/msg/rosidl_typesupport_fastrtps_c__visibility_control.h
[0.343s] -- Up-to-date symlink: /home/jsyun/ros2_turtle_project/install/turtle_interfaces/include/turtle_interfaces/turtle_interfaces/msg/detail/color_rgb__rosidl_typesupport_introspection_c.h
[0.343s] -- Up-to-date symlink: /home/jsyun/ros2_turtle_project/install/turtle_interfaces/include/turtle_interfaces/turtle_interfaces/msg/rosidl_typesupport_introspection_c__visibility_control.h
[0.343s] -- Up-to-date symlink: /home/jsyun/ros2_turtle_project/install/turtle_interfaces/include/turtle_interfaces/turtle_interfaces/msg/color_rgb.hpp
[0.343s] -- Up-to-date symlink: /home/jsyun/ros2_turtle_project/install/turtle_interfaces/include/turtle_interfaces/turtle_interfaces/msg/detail/color_rgb__builder.hpp
[0.343s] -- Up-to-date symlink: /home/jsyun/ros2_turtle_project/install/turtle_interfaces/include/turtle_interfaces/turtle_interfaces/msg/detail/color_rgb__struct.hpp
[0.344s] -- Up-to-date symlink: /home/jsyun/ros2_turtle_project/install/turtle_interfaces/include/turtle_interfaces/turtle_interfaces/msg/detail/color_rgb__traits.hpp
[0.344s] -- Up-to-date symlink: /home/jsyun/ros2_turtle_project/install/turtle_interfaces/include/turtle_interfaces/turtle_interfaces/msg/detail/color_rgb__rosidl_typesupport_fastrtps_cpp.hpp
[0.344s] -- Up-to-date symlink: /home/jsyun/ros2_turtle_project/install/turtle_interfaces/include/turtle_interfaces/turtle_interfaces/msg/rosidl_typesupport_fastrtps_cpp__visibility_control.h
[0.344s] -- Up-to-date symlink: /home/jsyun/ros2_turtle_project/install/turtle_interfaces/include/turtle_interfaces/turtle_interfaces/msg/detail/color_rgb__rosidl_typesupport_introspection_cpp.hpp
[0.344s] -- Up-to-date symlink: /home/jsyun/ros2_turtle_project/install/turtle_interfaces/share/turtle_interfaces/environment/pythonpath.sh
[0.344s] -- Up-to-date symlink: /home/jsyun/ros2_turtle_project/install/turtle_interfaces/share/turtle_interfaces/environment/pythonpath.dsv
[0.344s] -- Up-to-date symlink: /home/jsyun/ros2_turtle_project/install/turtle_interfaces/local/lib/python3.10/dist-packages/turtle_interfaces-0.0.1-py3.10.egg-info/PKG-INFO
[0.344s] -- Up-to-date symlink: /home/jsyun/ros2_turtle_project/install/turtle_interfaces/local/lib/python3.10/dist-packages/turtle_interfaces-0.0.1-py3.10.egg-info/SOURCES.txt
[0.345s] -- Up-to-date symlink: /home/jsyun/ros2_turtle_project/install/turtle_interfaces/local/lib/python3.10/dist-packages/turtle_interfaces-0.0.1-py3.10.egg-info/dependency_links.txt
[0.345s] -- Up-to-date symlink: /home/jsyun/ros2_turtle_project/install/turtle_interfaces/local/lib/python3.10/dist-packages/turtle_interfaces-0.0.1-py3.10.egg-info/top_level.txt
[0.345s] -- Up-to-date symlink: /home/jsyun/ros2_turtle_project/install/turtle_interfaces/local/lib/python3.10/dist-packages/turtle_interfaces/__init__.py
[0.345s] -- Up-to-date symlink: /home/jsyun/ros2_turtle_project/install/turtle_interfaces/local/lib/python3.10/dist-packages/turtle_interfaces/_turtle_interfaces_s.ep.rosidl_typesupport_c.c
[0.345s] -- Up-to-date symlink: /home/jsyun/ros2_turtle_project/install/turtle_interfaces/local/lib/python3.10/dist-packages/turtle_interfaces/_turtle_interfaces_s.ep.rosidl_typesupport_fastrtps_c.c
[0.345s] -- Up-to-date symlink: /home/jsyun/ros2_turtle_project/install/turtle_interfaces/local/lib/python3.10/dist-packages/turtle_interfaces/_turtle_interfaces_s.ep.rosidl_typesupport_introspection_c.c
[0.345s] -- Up-to-date symlink: /home/jsyun/ros2_turtle_project/install/turtle_interfaces/local/lib/python3.10/dist-packages/turtle_interfaces/libturtle_interfaces__rosidl_generator_py.so
[0.345s] -- Up-to-date symlink: /home/jsyun/ros2_turtle_project/install/turtle_interfaces/local/lib/python3.10/dist-packages/turtle_interfaces/msg/__init__.py
[0.346s] -- Up-to-date symlink: /home/jsyun/ros2_turtle_project/install/turtle_interfaces/local/lib/python3.10/dist-packages/turtle_interfaces/msg/_color_rgb.py
[0.346s] -- Up-to-date symlink: /home/jsyun/ros2_turtle_project/install/turtle_interfaces/local/lib/python3.10/dist-packages/turtle_interfaces/msg/_color_rgb_s.c
[0.346s] -- Up-to-date symlink: /home/jsyun/ros2_turtle_project/install/turtle_interfaces/local/lib/python3.10/dist-packages/turtle_interfaces/turtle_interfaces_s__rosidl_typesupport_c.cpython-310-x86_64-linux-gnu.so
[0.346s] -- Up-to-date symlink: /home/jsyun/ros2_turtle_project/install/turtle_interfaces/local/lib/python3.10/dist-packages/turtle_interfaces/turtle_interfaces_s__rosidl_typesupport_fastrtps_c.cpython-310-x86_64-linux-gnu.so
[0.346s] -- Up-to-date symlink: /home/jsyun/ros2_turtle_project/install/turtle_interfaces/local/lib/python3.10/dist-packages/turtle_interfaces/turtle_interfaces_s__rosidl_typesupport_introspection_c.cpython-310-x86_64-linux-gnu.so
[0.346s] -- Up-to-date symlink: /home/jsyun/ros2_turtle_project/install/turtle_interfaces/local/lib/python3.10/dist-packages/turtle_interfaces/turtle_interfaces_s__rosidl_typesupport_fastrtps_c.cpython-310-x86_64-linux-gnu.so
[0.346s] -- Up-to-date symlink: /home/jsyun/ros2_turtle_project/install/turtle_interfaces/local/lib/python3.10/dist-packages/turtle_interfaces/turtle_interfaces_s__rosidl_typesupport_introspection_c.cpython-310-x86_64-linux-gnu.so
[0.346s] -- Up-to-date symlink: /home/jsyun/ros2_turtle_project/install/turtle_interfaces/local/lib/python3.10/dist-packages/turtle_interfaces/turtle_interfaces_s__rosidl_typesupport_c.cpython-310-x86_64-linux-gnu.so
[0.346s] -- Up-to-date symlink: /home/jsyun/ros2_turtle_project/install/turtle_interfaces/share/turtle_interfaces/msg/ColorRGB.idl
[0.347s] -- Up-to-date symlink: /home/jsyun/ros2_turtle_project/install/turtle_interfaces/share/turtle_interfaces/msg/ColorRGB.msg
[0.347s] -- Up-to-date symlink: /home/jsyun/ros2_turtle_project/install/turtle_interfaces/share/ament_index/resource_index/package_run_dependencies/turtle_interfaces
[0.347s] -- Up-to-date symlink: /home/jsyun/ros2_turtle_project/install/turtle_interfaces/share/ament_index/resource_index/parent_prefix_path/turtle_interfaces
[0.347s] -- Up-to-date symlink: /home/jsyun/ros2_turtle_project/install/turtle_interfaces/share/turtle_interfaces/environment/ament_prefix_path.sh
[0.347s] -- Up-to-date symlink: /home/jsyun/ros2_turtle_project/install/turtle_interfaces/share/turtle_interfaces/environment/ament_prefix_path.dsv
[0.347s] -- Up-to-date symlink: /home/jsyun/ros2_turtle_project/install/turtle_interfaces/share/turtle_interfaces/environment/path.sh
[0.347s] -- Up-to-date symlink: /home/jsyun/ros2_turtle_project/install/turtle_interfaces/share/turtle_interfaces/environment/path.dsv
[0.347s] -- Up-to-date symlink: /home/jsyun/ros2_turtle_project/install/turtle_interfaces/share/turtle_interfaces/local_setup.bash
[0.347s] -- Up-to-date symlink: /home/jsyun/ros2_turtle_project/install/turtle_interfaces/share/turtle_interfaces/local_setup.sh
[0.348s] -- Up-to-date symlink: /home/jsyun/ros2_turtle_project/install/turtle_interfaces/share/turtle_interfaces/local_setup.zsh
[0.348s] -- Up-to-date symlink: /home/jsyun/ros2_turtle_project/install/turtle_interfaces/share/turtle_interfaces/local_setup.dsv
[0.348s] -- Symlinking: /home/jsyun/ros2_turtle_project/install/turtle_interfaces/share/turtle_interfaces/package.dsv
[0.355s] -- Up-to-date symlink: /home/jsyun/ros2_turtle_project/install/turtle_interfaces/share/ament_index/resource_index/packages/turtle_interfaces
[0.355s] -- Up-to-date symlink: /home/jsyun/ros2_turtle_project/install/turtle_interfaces/share/turtle_interfaces/cmake/rosidl_cmake-extras.cmake
[0.355s] -- Up-to-date symlink: /home/jsyun/ros2_turtle_project/install/turtle_interfaces/share/turtle_interfaces/cmake/ament_cmake_export_include_directories-extras.cmake
[0.356s] -- Up-to-date symlink: /home/jsyun/ros2_turtle_project/install/turtle_interfaces/share/turtle_interfaces/cmake/ament_cmake_export_libraries-extras.cmake
[0.356s] -- Up-to-date symlink: /home/jsyun/ros2_turtle_project/install/turtle_interfaces/share/turtle_interfaces/cmake/ament_cmake_export_targets-extras.cmake
[0.356s] -- Up-to-date symlink: /home/jsyun/ros2_turtle_project/install/turtle_interfaces/share/turtle_interfaces/cmake/rosidl_cmake_export_typesupport_targets-extras.cmake
[0.356s] -- Up-to-date symlink: /home/jsyun/ros2_turtle_project/install/turtle_interfaces/share/turtle_interfaces/cmake/ament_cmake_export_dependencies-extras.cmake
[0.356s] -- Up-to-date symlink: /home/jsyun/ros2_turtle_project/install/turtle_interfaces/share/turtle_interfaces/cmake/rosidl_cmake_export_typesupport_libraries-extras.cmake
[0.356s] -- Up-to-date symlink: /home/jsyun/ros2_turtle_project/install/turtle_interfaces/share/turtle_interfaces/cmake/turtle_interfacesConfig.cmake
[0.356s] -- Up-to-date symlink: /home/jsyun/ros2_turtle_project/install/turtle_interfaces/share/turtle_interfaces/cmake/turtle_interfacesConfig-version.cmake
[0.356s] -- Up-to-date symlink: /home/jsyun/ros2_turtle_project/install/turtle_interfaces/share/turtle_interfaces/package.xml
[0.357s] -- Up-to-date: /home/jsyun/ros2_turtle_project/install/turtle_interfaces/lib/libturtle_interfaces__rosidl_generator_c.so
[0.357s] -- Up-to-date: /home/jsyun/ros2_turtle_project/install/turtle_interfaces/lib/libturtle_interfaces__rosidl_typesupport_fastrtps_c.so
[0.357s] -- Up-to-date: /home/jsyun/ros2_turtle_project/install/turtle_interfaces/lib/libturtle_interfaces__rosidl_typesupport_introspection_c.so
[0.357s] -- Up-to-date: /home/jsyun/ros2_turtle_project/install/turtle_interfaces/lib/libturtle_interfaces__rosidl_typesupport_c.so
[0.357s] -- Up-to-date: /home/jsyun/ros2_turtle_project/install/turtle_interfaces/lib/libturtle_interfaces__rosidl_typesupport_fastrtps_cpp.so
[0.358s] -- Up-to-date: /home/jsyun/ros2_turtle_project/install/turtle_interfaces/lib/libturtle_interfaces__rosidl_typesupport_introspection_cpp.so
[0.358s] -- Up-to-date: /home/jsyun/ros2_turtle_project/install/turtle_interfaces/lib/libturtle_interfaces__rosidl_typesupport_cpp.so
[0.380s] Listing '/home/jsyun/ros2_turtle_project/install/turtle_interfaces/local/lib/python3.10/dist-packages/turtle_interfaces'...
[0.380s] Listing '/home/jsyun/ros2_turtle_project/install/turtle_interfaces/local/lib/python3.10/dist-packages/turtle_interfaces/msg'...
[0.383s] -- Up-to-date: /home/jsyun/ros2_turtle_project/install/turtle_interfaces/lib/libturtle_interfaces__rosidl_generator_py.so
[0.383s] -- Up-to-date: /home/jsyun/ros2_turtle_project/install/turtle_interfaces/share/turtle_interfaces/cmake/export_turtle_interfaces__rosidl_generator_cExport.cmake
[0.383s] -- Up-to-date: /home/jsyun/ros2_turtle_project/install/turtle_interfaces/share/turtle_interfaces/cmake/export_turtle_interfaces__rosidl_generator_cExport-noconfig.cmake
[0.383s] -- Up-to-date: /home/jsyun/ros2_turtle_project/install/turtle_interfaces/share/turtle_interfaces/cmake/export_turtle_interfaces__rosidl_typesupport_fastrtps_cExport.cmake
[0.383s] -- Up-to-date: /home/jsyun/ros2_turtle_project/install/turtle_interfaces/share/turtle_interfaces/cmake/export_turtle_interfaces__rosidl_typesupport_fastrtps_cExport-noconfig.cmake
[0.383s] -- Up-to-date: /home/jsyun/ros2_turtle_project/install/turtle_interfaces/share/turtle_interfaces/cmake/turtle_interfaces__rosidl_typesupport_introspection_cExport.cmake
[0.383s] -- Up-to-date: /home/jsyun/ros2_turtle_project/install/turtle_interfaces/share/turtle_interfaces/cmake/turtle_interfaces__rosidl_typesupport_introspection_cExport-noconfig.cmake
[0.384s] -- Up-to-date: /home/jsyun/ros2_turtle_project/install/turtle_interfaces/share/turtle_interfaces/cmake/turtle_interfaces__rosidl_typesupport_cExport.cmake
[0.384s] -- Up-to-date: /home/jsyun/ros2_turtle_project/install/turtle_interfaces/share/turtle_interfaces/cmake/turtle_interfaces__rosidl_typesupport_cExport-noconfig.cmake
[0.384s] -- Up-to-date: /home/jsyun/ros2_turtle_project/install/turtle_interfaces/share/turtle_interfaces/cmake/export_turtle_interfaces__rosidl_generator_cppExport.cmake
[0.384s] -- Up-to-date: /home/jsyun/ros2_turtle_project/install/turtle_interfaces/share/turtle_interfaces/cmake/export_turtle_interfaces__rosidl_typesupport_fastrtps_cppExport.cmake
[0.384s] -- Up-to-date: /home/jsyun/ros2_turtle_project/install/turtle_interfaces/share/turtle_interfaces/cmake/export_turtle_interfaces__rosidl_typesupport_fastrtps_cppExport-noconfig.cmake
[0.384s] -- Up-to-date: /home/jsyun/ros2_turtle_project/install/turtle_interfaces/share/turtle_interfaces/cmake/turtle_interfaces__rosidl_typesupport_introspection_cppExport.cmake
[0.384s] -- Up-to-date: /home/jsyun/ros2_turtle_project/install/turtle_interfaces/share/turtle_interfaces/cmake/turtle_interfaces__rosidl_typesupport_introspection_cppExport-noconfig.cmake
[0.384s] -- Up-to-date: /home/jsyun/ros2_turtle_project/install/turtle_interfaces/share/turtle_interfaces/cmake/turtle_interfaces__rosidl_typesupport_cppExport.cmake
[0.384s] -- Up-to-date: /home/jsyun/ros2_turtle_project/install/turtle_interfaces/share/turtle_interfaces/cmake/turtle_interfaces__rosidl_typesupport_cppExport-noconfig.cmake
[0.384s] -- Up-to-date: /home/jsyun/ros2_turtle_project/install/turtle_interfaces/share/turtle_interfaces/cmake/export_turtle_interfaces__rosidl_generator_pyExport.cmake
[0.384s] -- Up-to-date: /home/jsyun/ros2_turtle_project/install/turtle_interfaces/share/turtle_interfaces/cmake/export_turtle_interfaces__rosidl_generator_pyExport-noconfig.cmake
[0.386s] Invoked command in '/home/jsyun/ros2_turtle_project/build/turtle_interfaces' returned '0': CMAKE_PREFIX_PATH=/opt/ros/humble /usr/bin/cmake --install /home/jsyun/ros2_turtle_project/build/turtle_interfaces
