[0.009s] Invoking command in '/home/jsyun/Programming/ROS2/automotive_software_simulator/build/autonomous_driving': AMENT_PREFIX_PATH=/home/jsyun/Programming/ROS2/automotive_software_simulator/install/ad_msgs:${AMENT_PREFIX_PATH} CMAKE_PREFIX_PATH=/home/jsyun/Programming/ROS2/automotive_software_simulator/install/ad_msgs:/opt/ros/humble LD_LIBRARY_PATH=/home/jsyun/Programming/ROS2/automotive_software_simulator/install/ad_msgs/lib:${LD_LIBRARY_PATH} PYTHONPATH=/home/jsyun/Programming/ROS2/automotive_software_simulator/install/ad_msgs/local/lib/python3.10/dist-packages:${PYTHONPATH} /usr/bin/cmake --build /home/jsyun/Programming/ROS2/automotive_software_simulator/build/autonomous_driving -- -j12 -l12
[0.045s] [35m[1mConsolidate compiler generated dependencies of target autonomous_driving[0m
[0.062s] [100%] Built target autonomous_driving
[0.072s] Invoked command in '/home/jsyun/Programming/ROS2/automotive_software_simulator/build/autonomous_driving' returned '0': AMENT_PREFIX_PATH=/home/jsyun/Programming/ROS2/automotive_software_simulator/install/ad_msgs:${AMENT_PREFIX_PATH} CMAKE_PREFIX_PATH=/home/jsyun/Programming/ROS2/automotive_software_simulator/install/ad_msgs:/opt/ros/humble LD_LIBRARY_PATH=/home/jsyun/Programming/ROS2/automotive_software_simulator/install/ad_msgs/lib:${LD_LIBRARY_PATH} PYTHONPATH=/home/jsyun/Programming/ROS2/automotive_software_simulator/install/ad_msgs/local/lib/python3.10/dist-packages:${PYTHONPATH} /usr/bin/cmake --build /home/jsyun/Programming/ROS2/automotive_software_simulator/build/autonomous_driving -- -j12 -l12
[0.095s] Invoking command in '/home/jsyun/Programming/ROS2/automotive_software_simulator/build/autonomous_driving': AMENT_PREFIX_PATH=/home/jsyun/Programming/ROS2/automotive_software_simulator/install/ad_msgs:${AMENT_PREFIX_PATH} CMAKE_PREFIX_PATH=/home/jsyun/Programming/ROS2/automotive_software_simulator/install/ad_msgs:/opt/ros/humble LD_LIBRARY_PATH=/home/jsyun/Programming/ROS2/automotive_software_simulator/install/ad_msgs/lib:${LD_LIBRARY_PATH} PYTHONPATH=/home/jsyun/Programming/ROS2/automotive_software_simulator/install/ad_msgs/local/lib/python3.10/dist-packages:${PYTHONPATH} /usr/bin/cmake --install /home/jsyun/Programming/ROS2/automotive_software_simulator/build/autonomous_driving
[0.102s] -- Install configuration: ""
[0.103s] -- Execute custom install script
[0.103s] -- Up-to-date symlink: /home/jsyun/Programming/ROS2/automotive_software_simulator/install/autonomous_driving/lib/autonomous_driving/autonomous_driving
[0.103s] -- Up-to-date symlink: /home/jsyun/Programming/ROS2/automotive_software_simulator/install/autonomous_driving/lib/autonomous_driving/simultaneous_inputs.py
[0.103s] -- Up-to-date symlink: /home/jsyun/Programming/ROS2/automotive_software_simulator/install/autonomous_driving/share/ament_index/resource_index/package_run_dependencies/autonomous_driving
[0.104s] -- Up-to-date symlink: /home/jsyun/Programming/ROS2/automotive_software_simulator/install/autonomous_driving/share/ament_index/resource_index/parent_prefix_path/autonomous_driving
[0.104s] -- Up-to-date symlink: /home/jsyun/Programming/ROS2/automotive_software_simulator/install/autonomous_driving/share/autonomous_driving/environment/ament_prefix_path.sh
[0.104s] -- Up-to-date symlink: /home/jsyun/Programming/ROS2/automotive_software_simulator/install/autonomous_driving/share/autonomous_driving/environment/ament_prefix_path.dsv
[0.104s] -- Up-to-date symlink: /home/jsyun/Programming/ROS2/automotive_software_simulator/install/autonomous_driving/share/autonomous_driving/environment/path.sh
[0.104s] -- Up-to-date symlink: /home/jsyun/Programming/ROS2/automotive_software_simulator/install/autonomous_driving/share/autonomous_driving/environment/path.dsv
[0.104s] -- Up-to-date symlink: /home/jsyun/Programming/ROS2/automotive_software_simulator/install/autonomous_driving/share/autonomous_driving/local_setup.bash
[0.104s] -- Up-to-date symlink: /home/jsyun/Programming/ROS2/automotive_software_simulator/install/autonomous_driving/share/autonomous_driving/local_setup.sh
[0.104s] -- Up-to-date symlink: /home/jsyun/Programming/ROS2/automotive_software_simulator/install/autonomous_driving/share/autonomous_driving/local_setup.zsh
[0.105s] -- Up-to-date symlink: /home/jsyun/Programming/ROS2/automotive_software_simulator/install/autonomous_driving/share/autonomous_driving/local_setup.dsv
[0.105s] -- Symlinking: /home/jsyun/Programming/ROS2/automotive_software_simulator/install/autonomous_driving/share/autonomous_driving/package.dsv
[0.113s] -- Up-to-date symlink: /home/jsyun/Programming/ROS2/automotive_software_simulator/install/autonomous_driving/share/ament_index/resource_index/packages/autonomous_driving
[0.113s] -- Up-to-date symlink: /home/jsyun/Programming/ROS2/automotive_software_simulator/install/autonomous_driving/share/autonomous_driving/cmake/autonomous_drivingConfig.cmake
[0.113s] -- Up-to-date symlink: /home/jsyun/Programming/ROS2/automotive_software_simulator/install/autonomous_driving/share/autonomous_driving/cmake/autonomous_drivingConfig-version.cmake
[0.114s] -- Up-to-date symlink: /home/jsyun/Programming/ROS2/automotive_software_simulator/install/autonomous_driving/share/autonomous_driving/package.xml
[0.116s] Invoked command in '/home/jsyun/Programming/ROS2/automotive_software_simulator/build/autonomous_driving' returned '0': AMENT_PREFIX_PATH=/home/jsyun/Programming/ROS2/automotive_software_simulator/install/ad_msgs:${AMENT_PREFIX_PATH} CMAKE_PREFIX_PATH=/home/jsyun/Programming/ROS2/automotive_software_simulator/install/ad_msgs:/opt/ros/humble LD_LIBRARY_PATH=/home/jsyun/Programming/ROS2/automotive_software_simulator/install/ad_msgs/lib:${LD_LIBRARY_PATH} PYTHONPATH=/home/jsyun/Programming/ROS2/automotive_software_simulator/install/ad_msgs/local/lib/python3.10/dist-packages:${PYTHONPATH} /usr/bin/cmake --install /home/jsyun/Programming/ROS2/automotive_software_simulator/build/autonomous_driving
