[0.183s] DEBUG:colcon:Command line arguments: ['/usr/bin/colcon', 'build', '--symlink-install']
[0.183s] DEBUG:colcon:Parsed command line arguments: Namespace(log_base=None, log_level=None, verb_name='build', build_base='build', install_base='install', merge_install=False, symlink_install=True, test_result_base=None, continue_on_error=False, executor='parallel', parallel_workers=12, event_handlers=None, ignore_user_meta=False, metas=['./colcon.meta'], base_paths=['.'], packages_ignore=None, packages_ignore_regex=None, paths=None, packages_up_to=None, packages_up_to_regex=None, packages_above=None, packages_above_and_dependencies=None, packages_above_depth=None, packages_select_by_dep=None, packages_skip_by_dep=None, packages_skip_up_to=None, packages_select_build_failed=False, packages_skip_build_finished=False, packages_select_test_failures=False, packages_skip_test_passed=False, packages_select=None, packages_skip=None, packages_select_regex=None, packages_skip_regex=None, packages_start=None, packages_end=None, allow_overriding=[], lookup_in_workspace=False, cargo_args=None, clean_build=False, cmake_args=None, cmake_target=None, cmake_target_skip_unavailable=False, cmake_clean_cache=False, cmake_clean_first=False, cmake_force_configure=False, ament_cmake_args=None, catkin_cmake_args=None, catkin_skip_building_tests=False, mixin_files=None, mixin=None, verb_parser=<colcon_mixin.mixin.mixin_argument.MixinArgumentDecorator object at 0x7e68c9f3ed10>, verb_extension=<colcon_core.verb.build.BuildVerb object at 0x7e68c9f3e770>, main=<bound method BuildVerb.main of <colcon_core.verb.build.BuildVerb object at 0x7e68c9f3e770>>, mixin_verb=('build',))
[0.367s] Level 1:colcon.colcon_core.package_discovery:discover_packages(colcon_meta) check parameters
[0.367s] Level 1:colcon.colcon_core.package_discovery:discover_packages(recursive) check parameters
[0.367s] Level 1:colcon.colcon_core.package_discovery:discover_packages(ignore) check parameters
[0.367s] Level 1:colcon.colcon_core.package_discovery:discover_packages(path) check parameters
[0.367s] Level 1:colcon.colcon_core.package_discovery:discover_packages(colcon_meta) discover
[0.367s] Level 1:colcon.colcon_core.package_discovery:discover_packages(recursive) discover
[0.367s] INFO:colcon.colcon_core.package_discovery:Crawling recursively for packages in '/home/jsyun/Programming/ROS2/automotive_software_lecture/ros2_turtlesim_project'
[0.367s] Level 1:colcon.colcon_core.package_identification:_identify(.) by extensions ['ignore', 'ignore_ament_install']
[0.367s] Level 1:colcon.colcon_core.package_identification:_identify(.) by extension 'ignore'
[0.367s] Level 1:colcon.colcon_core.package_identification:_identify(.) by extension 'ignore_ament_install'
[0.367s] Level 1:colcon.colcon_core.package_identification:_identify(.) by extensions ['colcon_pkg']
[0.367s] Level 1:colcon.colcon_core.package_identification:_identify(.) by extension 'colcon_pkg'
[0.367s] Level 1:colcon.colcon_core.package_identification:_identify(.) by extensions ['colcon_meta']
[0.367s] Level 1:colcon.colcon_core.package_identification:_identify(.) by extension 'colcon_meta'
[0.367s] Level 1:colcon.colcon_core.package_identification:_identify(.) by extensions ['ament_cargo']
[0.367s] Level 1:colcon.colcon_core.package_identification:_identify(.) by extension 'ament_cargo'
[0.367s] Level 1:colcon.colcon_core.package_identification:_identify(.) by extensions ['ros']
[0.367s] Level 1:colcon.colcon_core.package_identification:_identify(.) by extension 'ros'
[0.376s] Level 1:colcon.colcon_core.package_identification:_identify(.) by extensions ['cargo', 'cmake', 'python']
[0.376s] Level 1:colcon.colcon_core.package_identification:_identify(.) by extension 'cargo'
[0.376s] Level 1:colcon.colcon_core.package_identification:_identify(.) by extension 'cmake'
[0.376s] Level 1:colcon.colcon_core.package_identification:_identify(.) by extension 'python'
[0.377s] Level 1:colcon.colcon_core.package_identification:_identify(.) by extensions ['python_setup_py']
[0.377s] Level 1:colcon.colcon_core.package_identification:_identify(.) by extension 'python_setup_py'
[0.377s] Level 1:colcon.colcon_core.package_identification:_identify(build) by extensions ['ignore', 'ignore_ament_install']
[0.377s] Level 1:colcon.colcon_core.package_identification:_identify(build) by extension 'ignore'
[0.377s] Level 1:colcon.colcon_core.package_identification:_identify(build) ignored
[0.377s] Level 1:colcon.colcon_core.package_identification:_identify(install) by extensions ['ignore', 'ignore_ament_install']
[0.377s] Level 1:colcon.colcon_core.package_identification:_identify(install) by extension 'ignore'
[0.377s] Level 1:colcon.colcon_core.package_identification:_identify(install) ignored
[0.377s] Level 1:colcon.colcon_core.package_identification:_identify(log) by extensions ['ignore', 'ignore_ament_install']
[0.377s] Level 1:colcon.colcon_core.package_identification:_identify(log) by extension 'ignore'
[0.377s] Level 1:colcon.colcon_core.package_identification:_identify(log) ignored
[0.377s] Level 1:colcon.colcon_core.package_identification:_identify(ros2_miniproject1_photos) by extensions ['ignore', 'ignore_ament_install']
[0.377s] Level 1:colcon.colcon_core.package_identification:_identify(ros2_miniproject1_photos) by extension 'ignore'
[0.377s] Level 1:colcon.colcon_core.package_identification:_identify(ros2_miniproject1_photos) by extension 'ignore_ament_install'
[0.377s] Level 1:colcon.colcon_core.package_identification:_identify(ros2_miniproject1_photos) by extensions ['colcon_pkg']
[0.377s] Level 1:colcon.colcon_core.package_identification:_identify(ros2_miniproject1_photos) by extension 'colcon_pkg'
[0.377s] Level 1:colcon.colcon_core.package_identification:_identify(ros2_miniproject1_photos) by extensions ['colcon_meta']
[0.377s] Level 1:colcon.colcon_core.package_identification:_identify(ros2_miniproject1_photos) by extension 'colcon_meta'
[0.377s] Level 1:colcon.colcon_core.package_identification:_identify(ros2_miniproject1_photos) by extensions ['ament_cargo']
[0.377s] Level 1:colcon.colcon_core.package_identification:_identify(ros2_miniproject1_photos) by extension 'ament_cargo'
[0.377s] Level 1:colcon.colcon_core.package_identification:_identify(ros2_miniproject1_photos) by extensions ['ros']
[0.377s] Level 1:colcon.colcon_core.package_identification:_identify(ros2_miniproject1_photos) by extension 'ros'
[0.377s] Level 1:colcon.colcon_core.package_identification:_identify(ros2_miniproject1_photos) by extensions ['cargo', 'cmake', 'python']
[0.378s] Level 1:colcon.colcon_core.package_identification:_identify(ros2_miniproject1_photos) by extension 'cargo'
[0.378s] Level 1:colcon.colcon_core.package_identification:_identify(ros2_miniproject1_photos) by extension 'cmake'
[0.378s] Level 1:colcon.colcon_core.package_identification:_identify(ros2_miniproject1_photos) by extension 'python'
[0.378s] Level 1:colcon.colcon_core.package_identification:_identify(ros2_miniproject1_photos) by extensions ['python_setup_py']
[0.378s] Level 1:colcon.colcon_core.package_identification:_identify(ros2_miniproject1_photos) by extension 'python_setup_py'
[0.378s] Level 1:colcon.colcon_core.package_identification:_identify(ros2bag) by extensions ['ignore', 'ignore_ament_install']
[0.378s] Level 1:colcon.colcon_core.package_identification:_identify(ros2bag) by extension 'ignore'
[0.378s] Level 1:colcon.colcon_core.package_identification:_identify(ros2bag) by extension 'ignore_ament_install'
[0.378s] Level 1:colcon.colcon_core.package_identification:_identify(ros2bag) by extensions ['colcon_pkg']
[0.378s] Level 1:colcon.colcon_core.package_identification:_identify(ros2bag) by extension 'colcon_pkg'
[0.378s] Level 1:colcon.colcon_core.package_identification:_identify(ros2bag) by extensions ['colcon_meta']
[0.378s] Level 1:colcon.colcon_core.package_identification:_identify(ros2bag) by extension 'colcon_meta'
[0.378s] Level 1:colcon.colcon_core.package_identification:_identify(ros2bag) by extensions ['ament_cargo']
[0.378s] Level 1:colcon.colcon_core.package_identification:_identify(ros2bag) by extension 'ament_cargo'
[0.378s] Level 1:colcon.colcon_core.package_identification:_identify(ros2bag) by extensions ['ros']
[0.378s] Level 1:colcon.colcon_core.package_identification:_identify(ros2bag) by extension 'ros'
[0.378s] Level 1:colcon.colcon_core.package_identification:_identify(ros2bag) by extensions ['cargo', 'cmake', 'python']
[0.378s] Level 1:colcon.colcon_core.package_identification:_identify(ros2bag) by extension 'cargo'
[0.378s] Level 1:colcon.colcon_core.package_identification:_identify(ros2bag) by extension 'cmake'
[0.378s] Level 1:colcon.colcon_core.package_identification:_identify(ros2bag) by extension 'python'
[0.378s] Level 1:colcon.colcon_core.package_identification:_identify(ros2bag) by extensions ['python_setup_py']
[0.378s] Level 1:colcon.colcon_core.package_identification:_identify(ros2bag) by extension 'python_setup_py'
[0.378s] Level 1:colcon.colcon_core.package_identification:_identify(ros2bag/rosbag2_2024_10_08-00_55_44) by extensions ['ignore', 'ignore_ament_install']
[0.378s] Level 1:colcon.colcon_core.package_identification:_identify(ros2bag/rosbag2_2024_10_08-00_55_44) by extension 'ignore'
[0.378s] Level 1:colcon.colcon_core.package_identification:_identify(ros2bag/rosbag2_2024_10_08-00_55_44) by extension 'ignore_ament_install'
[0.378s] Level 1:colcon.colcon_core.package_identification:_identify(ros2bag/rosbag2_2024_10_08-00_55_44) by extensions ['colcon_pkg']
[0.378s] Level 1:colcon.colcon_core.package_identification:_identify(ros2bag/rosbag2_2024_10_08-00_55_44) by extension 'colcon_pkg'
[0.378s] Level 1:colcon.colcon_core.package_identification:_identify(ros2bag/rosbag2_2024_10_08-00_55_44) by extensions ['colcon_meta']
[0.378s] Level 1:colcon.colcon_core.package_identification:_identify(ros2bag/rosbag2_2024_10_08-00_55_44) by extension 'colcon_meta'
[0.378s] Level 1:colcon.colcon_core.package_identification:_identify(ros2bag/rosbag2_2024_10_08-00_55_44) by extensions ['ament_cargo']
[0.379s] Level 1:colcon.colcon_core.package_identification:_identify(ros2bag/rosbag2_2024_10_08-00_55_44) by extension 'ament_cargo'
[0.379s] Level 1:colcon.colcon_core.package_identification:_identify(ros2bag/rosbag2_2024_10_08-00_55_44) by extensions ['ros']
[0.379s] Level 1:colcon.colcon_core.package_identification:_identify(ros2bag/rosbag2_2024_10_08-00_55_44) by extension 'ros'
[0.379s] Level 1:colcon.colcon_core.package_identification:_identify(ros2bag/rosbag2_2024_10_08-00_55_44) by extensions ['cargo', 'cmake', 'python']
[0.379s] Level 1:colcon.colcon_core.package_identification:_identify(ros2bag/rosbag2_2024_10_08-00_55_44) by extension 'cargo'
[0.379s] Level 1:colcon.colcon_core.package_identification:_identify(ros2bag/rosbag2_2024_10_08-00_55_44) by extension 'cmake'
[0.379s] Level 1:colcon.colcon_core.package_identification:_identify(ros2bag/rosbag2_2024_10_08-00_55_44) by extension 'python'
[0.379s] Level 1:colcon.colcon_core.package_identification:_identify(ros2bag/rosbag2_2024_10_08-00_55_44) by extensions ['python_setup_py']
[0.379s] Level 1:colcon.colcon_core.package_identification:_identify(ros2bag/rosbag2_2024_10_08-00_55_44) by extension 'python_setup_py'
[0.379s] Level 1:colcon.colcon_core.package_identification:_identify(src) by extensions ['ignore', 'ignore_ament_install']
[0.379s] Level 1:colcon.colcon_core.package_identification:_identify(src) by extension 'ignore'
[0.379s] Level 1:colcon.colcon_core.package_identification:_identify(src) by extension 'ignore_ament_install'
[0.379s] Level 1:colcon.colcon_core.package_identification:_identify(src) by extensions ['colcon_pkg']
[0.379s] Level 1:colcon.colcon_core.package_identification:_identify(src) by extension 'colcon_pkg'
[0.379s] Level 1:colcon.colcon_core.package_identification:_identify(src) by extensions ['colcon_meta']
[0.379s] Level 1:colcon.colcon_core.package_identification:_identify(src) by extension 'colcon_meta'
[0.379s] Level 1:colcon.colcon_core.package_identification:_identify(src) by extensions ['ament_cargo']
[0.379s] Level 1:colcon.colcon_core.package_identification:_identify(src) by extension 'ament_cargo'
[0.379s] Level 1:colcon.colcon_core.package_identification:_identify(src) by extensions ['ros']
[0.379s] Level 1:colcon.colcon_core.package_identification:_identify(src) by extension 'ros'
[0.379s] Level 1:colcon.colcon_core.package_identification:_identify(src) by extensions ['cargo', 'cmake', 'python']
[0.379s] Level 1:colcon.colcon_core.package_identification:_identify(src) by extension 'cargo'
[0.379s] Level 1:colcon.colcon_core.package_identification:_identify(src) by extension 'cmake'
[0.379s] Level 1:colcon.colcon_core.package_identification:_identify(src) by extension 'python'
[0.379s] Level 1:colcon.colcon_core.package_identification:_identify(src) by extensions ['python_setup_py']
[0.379s] Level 1:colcon.colcon_core.package_identification:_identify(src) by extension 'python_setup_py'
[0.379s] Level 1:colcon.colcon_core.package_identification:_identify(src/custom_interfaces) by extensions ['ignore', 'ignore_ament_install']
[0.379s] Level 1:colcon.colcon_core.package_identification:_identify(src/custom_interfaces) by extension 'ignore'
[0.379s] Level 1:colcon.colcon_core.package_identification:_identify(src/custom_interfaces) by extension 'ignore_ament_install'
[0.380s] Level 1:colcon.colcon_core.package_identification:_identify(src/custom_interfaces) by extensions ['colcon_pkg']
[0.380s] Level 1:colcon.colcon_core.package_identification:_identify(src/custom_interfaces) by extension 'colcon_pkg'
[0.380s] Level 1:colcon.colcon_core.package_identification:_identify(src/custom_interfaces) by extensions ['colcon_meta']
[0.380s] Level 1:colcon.colcon_core.package_identification:_identify(src/custom_interfaces) by extension 'colcon_meta'
[0.380s] Level 1:colcon.colcon_core.package_identification:_identify(src/custom_interfaces) by extensions ['ament_cargo']
[0.380s] Level 1:colcon.colcon_core.package_identification:_identify(src/custom_interfaces) by extension 'ament_cargo'
[0.380s] Level 1:colcon.colcon_core.package_identification:_identify(src/custom_interfaces) by extensions ['ros']
[0.380s] Level 1:colcon.colcon_core.package_identification:_identify(src/custom_interfaces) by extension 'ros'
[0.382s] DEBUG:colcon.colcon_core.package_identification:Package 'src/custom_interfaces' with type 'ros.ament_cmake' and name 'custom_interfaces'
[0.382s] Level 1:colcon.colcon_core.package_identification:_identify(src/turtlesim_project) by extensions ['ignore', 'ignore_ament_install']
[0.382s] Level 1:colcon.colcon_core.package_identification:_identify(src/turtlesim_project) by extension 'ignore'
[0.382s] Level 1:colcon.colcon_core.package_identification:_identify(src/turtlesim_project) by extension 'ignore_ament_install'
[0.382s] Level 1:colcon.colcon_core.package_identification:_identify(src/turtlesim_project) by extensions ['colcon_pkg']
[0.382s] Level 1:colcon.colcon_core.package_identification:_identify(src/turtlesim_project) by extension 'colcon_pkg'
[0.382s] Level 1:colcon.colcon_core.package_identification:_identify(src/turtlesim_project) by extensions ['colcon_meta']
[0.382s] Level 1:colcon.colcon_core.package_identification:_identify(src/turtlesim_project) by extension 'colcon_meta'
[0.382s] Level 1:colcon.colcon_core.package_identification:_identify(src/turtlesim_project) by extensions ['ament_cargo']
[0.382s] Level 1:colcon.colcon_core.package_identification:_identify(src/turtlesim_project) by extension 'ament_cargo'
[0.382s] Level 1:colcon.colcon_core.package_identification:_identify(src/turtlesim_project) by extensions ['ros']
[0.383s] Level 1:colcon.colcon_core.package_identification:_identify(src/turtlesim_project) by extension 'ros'
[0.383s] DEBUG:colcon.colcon_core.package_identification:Package 'src/turtlesim_project' with type 'ros.ament_cmake' and name 'turtlesim_project'
[0.383s] Level 1:colcon.colcon_core.package_discovery:discover_packages(recursive) using defaults
[0.383s] Level 1:colcon.colcon_core.package_discovery:discover_packages(ignore) discover
[0.383s] Level 1:colcon.colcon_core.package_discovery:discover_packages(ignore) using defaults
[0.383s] Level 1:colcon.colcon_core.package_discovery:discover_packages(path) discover
[0.383s] Level 1:colcon.colcon_core.package_discovery:discover_packages(path) using defaults
[0.409s] Level 1:colcon.colcon_core.package_discovery:discover_packages(prefix_path) check parameters
[0.409s] Level 1:colcon.colcon_core.package_discovery:discover_packages(prefix_path) discover
[0.410s] WARNING:colcon.colcon_ros.prefix_path.catkin:The path '/home/jsyun/Programming/ROS2/automotive_software_lecture/ros2_turtlesim_project/install/turtlesim_project' in the environment variable CMAKE_PREFIX_PATH doesn't exist
[0.410s] WARNING:colcon.colcon_ros.prefix_path.catkin:The path '/home/jsyun/Programming/ROS2/automotive_software_lecture/ros2_turtlesim_project/install/custom_interfaces' in the environment variable CMAKE_PREFIX_PATH doesn't exist
[0.411s] DEBUG:colcon.colcon_installed_package_information.package_discovery:Found 0 installed packages in /home/jsyun/Programming/ROS2/automotive_software_lecture/ros2_turtlesim_project/install
[0.412s] DEBUG:colcon.colcon_installed_package_information.package_discovery:Found 302 installed packages in /opt/ros/humble
[0.413s] Level 1:colcon.colcon_core.package_discovery:discover_packages(prefix_path) using defaults
[0.444s] Level 5:colcon.colcon_core.verb:set package 'custom_interfaces' build argument 'lookup_in_workspace' from command line to 'False'
[0.444s] Level 5:colcon.colcon_core.verb:set package 'custom_interfaces' build argument 'cargo_args' from command line to 'None'
[0.444s] Level 5:colcon.colcon_core.verb:set package 'custom_interfaces' build argument 'clean_build' from command line to 'False'
[0.444s] Level 5:colcon.colcon_core.verb:set package 'custom_interfaces' build argument 'cmake_args' from command line to 'None'
[0.444s] Level 5:colcon.colcon_core.verb:set package 'custom_interfaces' build argument 'cmake_target' from command line to 'None'
[0.444s] Level 5:colcon.colcon_core.verb:set package 'custom_interfaces' build argument 'cmake_target_skip_unavailable' from command line to 'False'
[0.444s] Level 5:colcon.colcon_core.verb:set package 'custom_interfaces' build argument 'cmake_clean_cache' from command line to 'False'
[0.444s] Level 5:colcon.colcon_core.verb:set package 'custom_interfaces' build argument 'cmake_clean_first' from command line to 'False'
[0.444s] Level 5:colcon.colcon_core.verb:set package 'custom_interfaces' build argument 'cmake_force_configure' from command line to 'False'
[0.444s] Level 5:colcon.colcon_core.verb:set package 'custom_interfaces' build argument 'ament_cmake_args' from command line to 'None'
[0.444s] Level 5:colcon.colcon_core.verb:set package 'custom_interfaces' build argument 'catkin_cmake_args' from command line to 'None'
[0.444s] Level 5:colcon.colcon_core.verb:set package 'custom_interfaces' build argument 'catkin_skip_building_tests' from command line to 'False'
[0.445s] DEBUG:colcon.colcon_core.verb:Building package 'custom_interfaces' with the following arguments: {'ament_cmake_args': None, 'build_base': '/home/jsyun/Programming/ROS2/automotive_software_lecture/ros2_turtlesim_project/build/custom_interfaces', 'cargo_args': None, 'catkin_cmake_args': None, 'catkin_skip_building_tests': False, 'clean_build': False, 'cmake_args': None, 'cmake_clean_cache': False, 'cmake_clean_first': False, 'cmake_force_configure': False, 'cmake_target': None, 'cmake_target_skip_unavailable': False, 'install_base': '/home/jsyun/Programming/ROS2/automotive_software_lecture/ros2_turtlesim_project/install/custom_interfaces', 'lookup_in_workspace': False, 'merge_install': False, 'path': '/home/jsyun/Programming/ROS2/automotive_software_lecture/ros2_turtlesim_project/src/custom_interfaces', 'symlink_install': True, 'test_result_base': None}
[0.445s] Level 5:colcon.colcon_core.verb:set package 'turtlesim_project' build argument 'lookup_in_workspace' from command line to 'False'
[0.445s] Level 5:colcon.colcon_core.verb:set package 'turtlesim_project' build argument 'cargo_args' from command line to 'None'
[0.445s] Level 5:colcon.colcon_core.verb:set package 'turtlesim_project' build argument 'clean_build' from command line to 'False'
[0.445s] Level 5:colcon.colcon_core.verb:set package 'turtlesim_project' build argument 'cmake_args' from command line to 'None'
[0.445s] Level 5:colcon.colcon_core.verb:set package 'turtlesim_project' build argument 'cmake_target' from command line to 'None'
[0.445s] Level 5:colcon.colcon_core.verb:set package 'turtlesim_project' build argument 'cmake_target_skip_unavailable' from command line to 'False'
[0.445s] Level 5:colcon.colcon_core.verb:set package 'turtlesim_project' build argument 'cmake_clean_cache' from command line to 'False'
[0.445s] Level 5:colcon.colcon_core.verb:set package 'turtlesim_project' build argument 'cmake_clean_first' from command line to 'False'
[0.445s] Level 5:colcon.colcon_core.verb:set package 'turtlesim_project' build argument 'cmake_force_configure' from command line to 'False'
[0.445s] Level 5:colcon.colcon_core.verb:set package 'turtlesim_project' build argument 'ament_cmake_args' from command line to 'None'
[0.445s] Level 5:colcon.colcon_core.verb:set package 'turtlesim_project' build argument 'catkin_cmake_args' from command line to 'None'
[0.445s] Level 5:colcon.colcon_core.verb:set package 'turtlesim_project' build argument 'catkin_skip_building_tests' from command line to 'False'
[0.445s] DEBUG:colcon.colcon_core.verb:Building package 'turtlesim_project' with the following arguments: {'ament_cmake_args': None, 'build_base': '/home/jsyun/Programming/ROS2/automotive_software_lecture/ros2_turtlesim_project/build/turtlesim_project', 'cargo_args': None, 'catkin_cmake_args': None, 'catkin_skip_building_tests': False, 'clean_build': False, 'cmake_args': None, 'cmake_clean_cache': False, 'cmake_clean_first': False, 'cmake_force_configure': False, 'cmake_target': None, 'cmake_target_skip_unavailable': False, 'install_base': '/home/jsyun/Programming/ROS2/automotive_software_lecture/ros2_turtlesim_project/install/turtlesim_project', 'lookup_in_workspace': False, 'merge_install': False, 'path': '/home/jsyun/Programming/ROS2/automotive_software_lecture/ros2_turtlesim_project/src/turtlesim_project', 'symlink_install': True, 'test_result_base': None}
[0.445s] INFO:colcon.colcon_core.executor:Executing jobs using 'parallel' executor
[0.446s] DEBUG:colcon.colcon_parallel_executor.executor.parallel:run_until_complete
[0.446s] INFO:colcon.colcon_ros.task.ament_cmake.build:Building ROS package in '/home/jsyun/Programming/ROS2/automotive_software_lecture/ros2_turtlesim_project/src/custom_interfaces' with build type 'ament_cmake'
[0.446s] INFO:colcon.colcon_cmake.task.cmake.build:Building CMake package in '/home/jsyun/Programming/ROS2/automotive_software_lecture/ros2_turtlesim_project/src/custom_interfaces'
[0.449s] INFO:colcon.colcon_core.plugin_system:Skipping extension 'colcon_core.shell.bat': Not used on non-Windows systems
[0.449s] INFO:colcon.colcon_core.shell:Skip shell extension 'powershell' for command environment: Not usable outside of PowerShell
[0.449s] DEBUG:colcon.colcon_core.shell:Skip shell extension 'dsv' for command environment
[0.455s] DEBUG:colcon.colcon_core.event_handler.log_command:Invoking command in '/home/jsyun/Programming/ROS2/automotive_software_lecture/ros2_turtlesim_project/build/custom_interfaces': CMAKE_PREFIX_PATH=${CMAKE_PREFIX_PATH}:/opt/ros/humble /usr/bin/cmake /home/jsyun/Programming/ROS2/automotive_software_lecture/ros2_turtlesim_project/src/custom_interfaces -DAMENT_CMAKE_SYMLINK_INSTALL=1 -DCMAKE_INSTALL_PREFIX=/home/jsyun/Programming/ROS2/automotive_software_lecture/ros2_turtlesim_project/install/custom_interfaces
[1.861s] DEBUG:colcon.colcon_core.event_handler.log_command:Invoked command in '/home/jsyun/Programming/ROS2/automotive_software_lecture/ros2_turtlesim_project/build/custom_interfaces' returned '0': CMAKE_PREFIX_PATH=${CMAKE_PREFIX_PATH}:/opt/ros/humble /usr/bin/cmake /home/jsyun/Programming/ROS2/automotive_software_lecture/ros2_turtlesim_project/src/custom_interfaces -DAMENT_CMAKE_SYMLINK_INSTALL=1 -DCMAKE_INSTALL_PREFIX=/home/jsyun/Programming/ROS2/automotive_software_lecture/ros2_turtlesim_project/install/custom_interfaces
[1.863s] DEBUG:colcon.colcon_core.event_handler.log_command:Invoking command in '/home/jsyun/Programming/ROS2/automotive_software_lecture/ros2_turtlesim_project/build/custom_interfaces': CMAKE_PREFIX_PATH=${CMAKE_PREFIX_PATH}:/opt/ros/humble /usr/bin/cmake --build /home/jsyun/Programming/ROS2/automotive_software_lecture/ros2_turtlesim_project/build/custom_interfaces -- -j12 -l12
[3.892s] DEBUG:colcon.colcon_core.event_handler.log_command:Invoked command in '/home/jsyun/Programming/ROS2/automotive_software_lecture/ros2_turtlesim_project/build/custom_interfaces' returned '0': CMAKE_PREFIX_PATH=${CMAKE_PREFIX_PATH}:/opt/ros/humble /usr/bin/cmake --build /home/jsyun/Programming/ROS2/automotive_software_lecture/ros2_turtlesim_project/build/custom_interfaces -- -j12 -l12
[3.987s] DEBUG:colcon.colcon_core.event_handler.log_command:Invoking command in '/home/jsyun/Programming/ROS2/automotive_software_lecture/ros2_turtlesim_project/build/custom_interfaces': CMAKE_PREFIX_PATH=${CMAKE_PREFIX_PATH}:/opt/ros/humble /usr/bin/cmake --install /home/jsyun/Programming/ROS2/automotive_software_lecture/ros2_turtlesim_project/build/custom_interfaces
[4.670s] Level 1:colcon.colcon_core.environment:create_environment_scripts_only(custom_interfaces)
[4.670s] DEBUG:colcon.colcon_core.event_handler.log_command:Invoked command in '/home/jsyun/Programming/ROS2/automotive_software_lecture/ros2_turtlesim_project/build/custom_interfaces' returned '0': CMAKE_PREFIX_PATH=${CMAKE_PREFIX_PATH}:/opt/ros/humble /usr/bin/cmake --install /home/jsyun/Programming/ROS2/automotive_software_lecture/ros2_turtlesim_project/build/custom_interfaces
[4.674s] Level 1:colcon.colcon_core.environment:checking '/home/jsyun/Programming/ROS2/automotive_software_lecture/ros2_turtlesim_project/install/custom_interfaces' for CMake module files
[4.674s] Level 1:colcon.colcon_core.environment:checking '/home/jsyun/Programming/ROS2/automotive_software_lecture/ros2_turtlesim_project/install/custom_interfaces' for CMake config files
[4.675s] Level 1:colcon.colcon_core.shell:create_environment_hook('custom_interfaces', 'cmake_prefix_path')
[4.675s] INFO:colcon.colcon_core.shell:Creating environment hook '/home/jsyun/Programming/ROS2/automotive_software_lecture/ros2_turtlesim_project/install/custom_interfaces/share/custom_interfaces/hook/cmake_prefix_path.ps1'
[4.676s] INFO:colcon.colcon_core.shell:Creating environment descriptor '/home/jsyun/Programming/ROS2/automotive_software_lecture/ros2_turtlesim_project/install/custom_interfaces/share/custom_interfaces/hook/cmake_prefix_path.dsv'
[4.676s] INFO:colcon.colcon_core.shell:Creating environment hook '/home/jsyun/Programming/ROS2/automotive_software_lecture/ros2_turtlesim_project/install/custom_interfaces/share/custom_interfaces/hook/cmake_prefix_path.sh'
[4.677s] Level 1:colcon.colcon_core.environment:checking '/home/jsyun/Programming/ROS2/automotive_software_lecture/ros2_turtlesim_project/install/custom_interfaces/lib'
[4.677s] Level 1:colcon.colcon_core.shell:create_environment_hook('custom_interfaces', 'ld_library_path_lib')
[4.677s] INFO:colcon.colcon_core.shell:Creating environment hook '/home/jsyun/Programming/ROS2/automotive_software_lecture/ros2_turtlesim_project/install/custom_interfaces/share/custom_interfaces/hook/ld_library_path_lib.ps1'
[4.678s] INFO:colcon.colcon_core.shell:Creating environment descriptor '/home/jsyun/Programming/ROS2/automotive_software_lecture/ros2_turtlesim_project/install/custom_interfaces/share/custom_interfaces/hook/ld_library_path_lib.dsv'
[4.678s] INFO:colcon.colcon_core.shell:Creating environment hook '/home/jsyun/Programming/ROS2/automotive_software_lecture/ros2_turtlesim_project/install/custom_interfaces/share/custom_interfaces/hook/ld_library_path_lib.sh'
[4.678s] Level 1:colcon.colcon_core.environment:checking '/home/jsyun/Programming/ROS2/automotive_software_lecture/ros2_turtlesim_project/install/custom_interfaces/bin'
[4.678s] Level 1:colcon.colcon_core.environment:checking '/home/jsyun/Programming/ROS2/automotive_software_lecture/ros2_turtlesim_project/install/custom_interfaces/lib/pkgconfig/custom_interfaces.pc'
[4.678s] Level 1:colcon.colcon_core.environment:checking '/home/jsyun/Programming/ROS2/automotive_software_lecture/ros2_turtlesim_project/install/custom_interfaces/lib/python3.10/site-packages'
[4.678s] Level 1:colcon.colcon_core.environment:checking '/home/jsyun/Programming/ROS2/automotive_software_lecture/ros2_turtlesim_project/install/custom_interfaces/bin'
[4.679s] INFO:colcon.colcon_core.shell:Creating package script '/home/jsyun/Programming/ROS2/automotive_software_lecture/ros2_turtlesim_project/install/custom_interfaces/share/custom_interfaces/package.ps1'
[4.679s] INFO:colcon.colcon_core.shell:Creating package descriptor '/home/jsyun/Programming/ROS2/automotive_software_lecture/ros2_turtlesim_project/install/custom_interfaces/share/custom_interfaces/package.dsv'
[4.680s] INFO:colcon.colcon_core.shell:Creating package script '/home/jsyun/Programming/ROS2/automotive_software_lecture/ros2_turtlesim_project/install/custom_interfaces/share/custom_interfaces/package.sh'
[4.680s] INFO:colcon.colcon_core.shell:Creating package script '/home/jsyun/Programming/ROS2/automotive_software_lecture/ros2_turtlesim_project/install/custom_interfaces/share/custom_interfaces/package.bash'
[4.681s] INFO:colcon.colcon_core.shell:Creating package script '/home/jsyun/Programming/ROS2/automotive_software_lecture/ros2_turtlesim_project/install/custom_interfaces/share/custom_interfaces/package.zsh'
[4.682s] Level 1:colcon.colcon_core.environment:create_file_with_runtime_dependencies(/home/jsyun/Programming/ROS2/automotive_software_lecture/ros2_turtlesim_project/install/custom_interfaces/share/colcon-core/packages/custom_interfaces)
[4.770s] Level 1:colcon.colcon_core.environment:create_environment_scripts_only(custom_interfaces)
[4.770s] Level 1:colcon.colcon_core.environment:checking '/home/jsyun/Programming/ROS2/automotive_software_lecture/ros2_turtlesim_project/install/custom_interfaces' for CMake module files
[4.770s] Level 1:colcon.colcon_core.environment:checking '/home/jsyun/Programming/ROS2/automotive_software_lecture/ros2_turtlesim_project/install/custom_interfaces' for CMake config files
[4.771s] Level 1:colcon.colcon_core.shell:create_environment_hook('custom_interfaces', 'cmake_prefix_path')
[4.771s] INFO:colcon.colcon_core.shell:Creating environment hook '/home/jsyun/Programming/ROS2/automotive_software_lecture/ros2_turtlesim_project/install/custom_interfaces/share/custom_interfaces/hook/cmake_prefix_path.ps1'
[4.772s] INFO:colcon.colcon_core.shell:Creating environment descriptor '/home/jsyun/Programming/ROS2/automotive_software_lecture/ros2_turtlesim_project/install/custom_interfaces/share/custom_interfaces/hook/cmake_prefix_path.dsv'
[4.772s] INFO:colcon.colcon_core.shell:Creating environment hook '/home/jsyun/Programming/ROS2/automotive_software_lecture/ros2_turtlesim_project/install/custom_interfaces/share/custom_interfaces/hook/cmake_prefix_path.sh'
[4.772s] Level 1:colcon.colcon_core.environment:checking '/home/jsyun/Programming/ROS2/automotive_software_lecture/ros2_turtlesim_project/install/custom_interfaces/lib'
[4.773s] Level 1:colcon.colcon_core.shell:create_environment_hook('custom_interfaces', 'ld_library_path_lib')
[4.773s] INFO:colcon.colcon_core.shell:Creating environment hook '/home/jsyun/Programming/ROS2/automotive_software_lecture/ros2_turtlesim_project/install/custom_interfaces/share/custom_interfaces/hook/ld_library_path_lib.ps1'
[4.773s] INFO:colcon.colcon_core.shell:Creating environment descriptor '/home/jsyun/Programming/ROS2/automotive_software_lecture/ros2_turtlesim_project/install/custom_interfaces/share/custom_interfaces/hook/ld_library_path_lib.dsv'
[4.773s] INFO:colcon.colcon_core.shell:Creating environment hook '/home/jsyun/Programming/ROS2/automotive_software_lecture/ros2_turtlesim_project/install/custom_interfaces/share/custom_interfaces/hook/ld_library_path_lib.sh'
[4.773s] Level 1:colcon.colcon_core.environment:checking '/home/jsyun/Programming/ROS2/automotive_software_lecture/ros2_turtlesim_project/install/custom_interfaces/bin'
[4.773s] Level 1:colcon.colcon_core.environment:checking '/home/jsyun/Programming/ROS2/automotive_software_lecture/ros2_turtlesim_project/install/custom_interfaces/lib/pkgconfig/custom_interfaces.pc'
[4.774s] Level 1:colcon.colcon_core.environment:checking '/home/jsyun/Programming/ROS2/automotive_software_lecture/ros2_turtlesim_project/install/custom_interfaces/lib/python3.10/site-packages'
[4.774s] Level 1:colcon.colcon_core.environment:checking '/home/jsyun/Programming/ROS2/automotive_software_lecture/ros2_turtlesim_project/install/custom_interfaces/bin'
[4.774s] INFO:colcon.colcon_core.shell:Creating package script '/home/jsyun/Programming/ROS2/automotive_software_lecture/ros2_turtlesim_project/install/custom_interfaces/share/custom_interfaces/package.ps1'
[4.774s] INFO:colcon.colcon_core.shell:Creating package descriptor '/home/jsyun/Programming/ROS2/automotive_software_lecture/ros2_turtlesim_project/install/custom_interfaces/share/custom_interfaces/package.dsv'
[4.775s] INFO:colcon.colcon_core.shell:Creating package script '/home/jsyun/Programming/ROS2/automotive_software_lecture/ros2_turtlesim_project/install/custom_interfaces/share/custom_interfaces/package.sh'
[4.775s] INFO:colcon.colcon_core.shell:Creating package script '/home/jsyun/Programming/ROS2/automotive_software_lecture/ros2_turtlesim_project/install/custom_interfaces/share/custom_interfaces/package.bash'
[4.775s] INFO:colcon.colcon_core.shell:Creating package script '/home/jsyun/Programming/ROS2/automotive_software_lecture/ros2_turtlesim_project/install/custom_interfaces/share/custom_interfaces/package.zsh'
[4.776s] Level 1:colcon.colcon_core.environment:create_file_with_runtime_dependencies(/home/jsyun/Programming/ROS2/automotive_software_lecture/ros2_turtlesim_project/install/custom_interfaces/share/colcon-core/packages/custom_interfaces)
[4.776s] INFO:colcon.colcon_ros.task.ament_cmake.build:Building ROS package in '/home/jsyun/Programming/ROS2/automotive_software_lecture/ros2_turtlesim_project/src/turtlesim_project' with build type 'ament_cmake'
[4.776s] INFO:colcon.colcon_cmake.task.cmake.build:Building CMake package in '/home/jsyun/Programming/ROS2/automotive_software_lecture/ros2_turtlesim_project/src/turtlesim_project'
[4.776s] INFO:colcon.colcon_core.shell:Skip shell extension 'powershell' for command environment: Not usable outside of PowerShell
[4.776s] DEBUG:colcon.colcon_core.shell:Skip shell extension 'dsv' for command environment
[4.784s] DEBUG:colcon.colcon_core.event_handler.log_command:Invoking command in '/home/jsyun/Programming/ROS2/automotive_software_lecture/ros2_turtlesim_project/build/turtlesim_project': AMENT_PREFIX_PATH=/home/jsyun/Programming/ROS2/automotive_software_lecture/ros2_turtlesim_project/install/custom_interfaces:${AMENT_PREFIX_PATH} CMAKE_PREFIX_PATH=/home/jsyun/Programming/ROS2/automotive_software_lecture/ros2_turtlesim_project/install/custom_interfaces:/home/jsyun/Programming/ROS2/automotive_software_lecture/ros2_turtlesim_project/install/turtlesim_project:/opt/ros/humble PYTHONPATH=/home/jsyun/Programming/ROS2/automotive_software_lecture/ros2_turtlesim_project/install/custom_interfaces/local/lib/python3.10/dist-packages:${PYTHONPATH} /usr/bin/cmake /home/jsyun/Programming/ROS2/automotive_software_lecture/ros2_turtlesim_project/src/turtlesim_project -DAMENT_CMAKE_SYMLINK_INSTALL=1 -DCMAKE_INSTALL_PREFIX=/home/jsyun/Programming/ROS2/automotive_software_lecture/ros2_turtlesim_project/install/turtlesim_project
[5.767s] DEBUG:colcon.colcon_core.event_handler.log_command:Invoked command in '/home/jsyun/Programming/ROS2/automotive_software_lecture/ros2_turtlesim_project/build/turtlesim_project' returned '0': AMENT_PREFIX_PATH=/home/jsyun/Programming/ROS2/automotive_software_lecture/ros2_turtlesim_project/install/custom_interfaces:${AMENT_PREFIX_PATH} CMAKE_PREFIX_PATH=/home/jsyun/Programming/ROS2/automotive_software_lecture/ros2_turtlesim_project/install/custom_interfaces:/home/jsyun/Programming/ROS2/automotive_software_lecture/ros2_turtlesim_project/install/turtlesim_project:/opt/ros/humble PYTHONPATH=/home/jsyun/Programming/ROS2/automotive_software_lecture/ros2_turtlesim_project/install/custom_interfaces/local/lib/python3.10/dist-packages:${PYTHONPATH} /usr/bin/cmake /home/jsyun/Programming/ROS2/automotive_software_lecture/ros2_turtlesim_project/src/turtlesim_project -DAMENT_CMAKE_SYMLINK_INSTALL=1 -DCMAKE_INSTALL_PREFIX=/home/jsyun/Programming/ROS2/automotive_software_lecture/ros2_turtlesim_project/install/turtlesim_project
[5.768s] DEBUG:colcon.colcon_core.event_handler.log_command:Invoking command in '/home/jsyun/Programming/ROS2/automotive_software_lecture/ros2_turtlesim_project/build/turtlesim_project': AMENT_PREFIX_PATH=/home/jsyun/Programming/ROS2/automotive_software_lecture/ros2_turtlesim_project/install/custom_interfaces:${AMENT_PREFIX_PATH} CMAKE_PREFIX_PATH=/home/jsyun/Programming/ROS2/automotive_software_lecture/ros2_turtlesim_project/install/custom_interfaces:/home/jsyun/Programming/ROS2/automotive_software_lecture/ros2_turtlesim_project/install/turtlesim_project:/opt/ros/humble PYTHONPATH=/home/jsyun/Programming/ROS2/automotive_software_lecture/ros2_turtlesim_project/install/custom_interfaces/local/lib/python3.10/dist-packages:${PYTHONPATH} /usr/bin/cmake --build /home/jsyun/Programming/ROS2/automotive_software_lecture/ros2_turtlesim_project/build/turtlesim_project -- -j12 -l12
[19.040s] DEBUG:colcon.colcon_core.event_handler.log_command:Invoked command in '/home/jsyun/Programming/ROS2/automotive_software_lecture/ros2_turtlesim_project/build/turtlesim_project' returned '0': AMENT_PREFIX_PATH=/home/jsyun/Programming/ROS2/automotive_software_lecture/ros2_turtlesim_project/install/custom_interfaces:${AMENT_PREFIX_PATH} CMAKE_PREFIX_PATH=/home/jsyun/Programming/ROS2/automotive_software_lecture/ros2_turtlesim_project/install/custom_interfaces:/home/jsyun/Programming/ROS2/automotive_software_lecture/ros2_turtlesim_project/install/turtlesim_project:/opt/ros/humble PYTHONPATH=/home/jsyun/Programming/ROS2/automotive_software_lecture/ros2_turtlesim_project/install/custom_interfaces/local/lib/python3.10/dist-packages:${PYTHONPATH} /usr/bin/cmake --build /home/jsyun/Programming/ROS2/automotive_software_lecture/ros2_turtlesim_project/build/turtlesim_project -- -j12 -l12
[19.067s] DEBUG:colcon.colcon_core.event_handler.log_command:Invoking command in '/home/jsyun/Programming/ROS2/automotive_software_lecture/ros2_turtlesim_project/build/turtlesim_project': AMENT_PREFIX_PATH=/home/jsyun/Programming/ROS2/automotive_software_lecture/ros2_turtlesim_project/install/custom_interfaces:${AMENT_PREFIX_PATH} CMAKE_PREFIX_PATH=/home/jsyun/Programming/ROS2/automotive_software_lecture/ros2_turtlesim_project/install/custom_interfaces:/home/jsyun/Programming/ROS2/automotive_software_lecture/ros2_turtlesim_project/install/turtlesim_project:/opt/ros/humble PYTHONPATH=/home/jsyun/Programming/ROS2/automotive_software_lecture/ros2_turtlesim_project/install/custom_interfaces/local/lib/python3.10/dist-packages:${PYTHONPATH} /usr/bin/cmake --install /home/jsyun/Programming/ROS2/automotive_software_lecture/ros2_turtlesim_project/build/turtlesim_project
[19.206s] Level 1:colcon.colcon_core.environment:create_environment_scripts_only(turtlesim_project)
[19.206s] Level 1:colcon.colcon_core.environment:checking '/home/jsyun/Programming/ROS2/automotive_software_lecture/ros2_turtlesim_project/install/turtlesim_project' for CMake module files
[19.207s] DEBUG:colcon.colcon_core.event_handler.log_command:Invoked command in '/home/jsyun/Programming/ROS2/automotive_software_lecture/ros2_turtlesim_project/build/turtlesim_project' returned '0': AMENT_PREFIX_PATH=/home/jsyun/Programming/ROS2/automotive_software_lecture/ros2_turtlesim_project/install/custom_interfaces:${AMENT_PREFIX_PATH} CMAKE_PREFIX_PATH=/home/jsyun/Programming/ROS2/automotive_software_lecture/ros2_turtlesim_project/install/custom_interfaces:/home/jsyun/Programming/ROS2/automotive_software_lecture/ros2_turtlesim_project/install/turtlesim_project:/opt/ros/humble PYTHONPATH=/home/jsyun/Programming/ROS2/automotive_software_lecture/ros2_turtlesim_project/install/custom_interfaces/local/lib/python3.10/dist-packages:${PYTHONPATH} /usr/bin/cmake --install /home/jsyun/Programming/ROS2/automotive_software_lecture/ros2_turtlesim_project/build/turtlesim_project
[19.207s] Level 1:colcon.colcon_core.environment:checking '/home/jsyun/Programming/ROS2/automotive_software_lecture/ros2_turtlesim_project/install/turtlesim_project' for CMake config files
[19.207s] Level 1:colcon.colcon_core.shell:create_environment_hook('turtlesim_project', 'cmake_prefix_path')
[19.207s] INFO:colcon.colcon_core.shell:Creating environment hook '/home/jsyun/Programming/ROS2/automotive_software_lecture/ros2_turtlesim_project/install/turtlesim_project/share/turtlesim_project/hook/cmake_prefix_path.ps1'
[19.208s] INFO:colcon.colcon_core.shell:Creating environment descriptor '/home/jsyun/Programming/ROS2/automotive_software_lecture/ros2_turtlesim_project/install/turtlesim_project/share/turtlesim_project/hook/cmake_prefix_path.dsv'
[19.208s] INFO:colcon.colcon_core.shell:Creating environment hook '/home/jsyun/Programming/ROS2/automotive_software_lecture/ros2_turtlesim_project/install/turtlesim_project/share/turtlesim_project/hook/cmake_prefix_path.sh'
[19.208s] Level 1:colcon.colcon_core.environment:checking '/home/jsyun/Programming/ROS2/automotive_software_lecture/ros2_turtlesim_project/install/turtlesim_project/lib'
[19.208s] Level 1:colcon.colcon_core.environment:checking '/home/jsyun/Programming/ROS2/automotive_software_lecture/ros2_turtlesim_project/install/turtlesim_project/bin'
[19.209s] Level 1:colcon.colcon_core.environment:checking '/home/jsyun/Programming/ROS2/automotive_software_lecture/ros2_turtlesim_project/install/turtlesim_project/lib/pkgconfig/turtlesim_project.pc'
[19.209s] Level 1:colcon.colcon_core.environment:checking '/home/jsyun/Programming/ROS2/automotive_software_lecture/ros2_turtlesim_project/install/turtlesim_project/lib/python3.10/site-packages'
[19.209s] Level 1:colcon.colcon_core.environment:checking '/home/jsyun/Programming/ROS2/automotive_software_lecture/ros2_turtlesim_project/install/turtlesim_project/bin'
[19.209s] INFO:colcon.colcon_core.shell:Creating package script '/home/jsyun/Programming/ROS2/automotive_software_lecture/ros2_turtlesim_project/install/turtlesim_project/share/turtlesim_project/package.ps1'
[19.209s] INFO:colcon.colcon_core.shell:Creating package descriptor '/home/jsyun/Programming/ROS2/automotive_software_lecture/ros2_turtlesim_project/install/turtlesim_project/share/turtlesim_project/package.dsv'
[19.210s] INFO:colcon.colcon_core.shell:Creating package script '/home/jsyun/Programming/ROS2/automotive_software_lecture/ros2_turtlesim_project/install/turtlesim_project/share/turtlesim_project/package.sh'
[19.210s] INFO:colcon.colcon_core.shell:Creating package script '/home/jsyun/Programming/ROS2/automotive_software_lecture/ros2_turtlesim_project/install/turtlesim_project/share/turtlesim_project/package.bash'
[19.210s] INFO:colcon.colcon_core.shell:Creating package script '/home/jsyun/Programming/ROS2/automotive_software_lecture/ros2_turtlesim_project/install/turtlesim_project/share/turtlesim_project/package.zsh'
[19.210s] Level 1:colcon.colcon_core.environment:create_file_with_runtime_dependencies(/home/jsyun/Programming/ROS2/automotive_software_lecture/ros2_turtlesim_project/install/turtlesim_project/share/colcon-core/packages/turtlesim_project)
[19.238s] Level 1:colcon.colcon_core.environment:create_environment_scripts_only(turtlesim_project)
[19.238s] Level 1:colcon.colcon_core.environment:checking '/home/jsyun/Programming/ROS2/automotive_software_lecture/ros2_turtlesim_project/install/turtlesim_project' for CMake module files
[19.238s] Level 1:colcon.colcon_core.environment:checking '/home/jsyun/Programming/ROS2/automotive_software_lecture/ros2_turtlesim_project/install/turtlesim_project' for CMake config files
[19.239s] Level 1:colcon.colcon_core.shell:create_environment_hook('turtlesim_project', 'cmake_prefix_path')
[19.239s] INFO:colcon.colcon_core.shell:Creating environment hook '/home/jsyun/Programming/ROS2/automotive_software_lecture/ros2_turtlesim_project/install/turtlesim_project/share/turtlesim_project/hook/cmake_prefix_path.ps1'
[19.239s] INFO:colcon.colcon_core.shell:Creating environment descriptor '/home/jsyun/Programming/ROS2/automotive_software_lecture/ros2_turtlesim_project/install/turtlesim_project/share/turtlesim_project/hook/cmake_prefix_path.dsv'
[19.239s] INFO:colcon.colcon_core.shell:Creating environment hook '/home/jsyun/Programming/ROS2/automotive_software_lecture/ros2_turtlesim_project/install/turtlesim_project/share/turtlesim_project/hook/cmake_prefix_path.sh'
[19.240s] Level 1:colcon.colcon_core.environment:checking '/home/jsyun/Programming/ROS2/automotive_software_lecture/ros2_turtlesim_project/install/turtlesim_project/lib'
[19.240s] Level 1:colcon.colcon_core.environment:checking '/home/jsyun/Programming/ROS2/automotive_software_lecture/ros2_turtlesim_project/install/turtlesim_project/bin'
[19.240s] Level 1:colcon.colcon_core.environment:checking '/home/jsyun/Programming/ROS2/automotive_software_lecture/ros2_turtlesim_project/install/turtlesim_project/lib/pkgconfig/turtlesim_project.pc'
[19.240s] Level 1:colcon.colcon_core.environment:checking '/home/jsyun/Programming/ROS2/automotive_software_lecture/ros2_turtlesim_project/install/turtlesim_project/lib/python3.10/site-packages'
[19.240s] Level 1:colcon.colcon_core.environment:checking '/home/jsyun/Programming/ROS2/automotive_software_lecture/ros2_turtlesim_project/install/turtlesim_project/bin'
[19.240s] INFO:colcon.colcon_core.shell:Creating package script '/home/jsyun/Programming/ROS2/automotive_software_lecture/ros2_turtlesim_project/install/turtlesim_project/share/turtlesim_project/package.ps1'
[19.241s] INFO:colcon.colcon_core.shell:Creating package descriptor '/home/jsyun/Programming/ROS2/automotive_software_lecture/ros2_turtlesim_project/install/turtlesim_project/share/turtlesim_project/package.dsv'
[19.241s] INFO:colcon.colcon_core.shell:Creating package script '/home/jsyun/Programming/ROS2/automotive_software_lecture/ros2_turtlesim_project/install/turtlesim_project/share/turtlesim_project/package.sh'
[19.241s] INFO:colcon.colcon_core.shell:Creating package script '/home/jsyun/Programming/ROS2/automotive_software_lecture/ros2_turtlesim_project/install/turtlesim_project/share/turtlesim_project/package.bash'
[19.242s] INFO:colcon.colcon_core.shell:Creating package script '/home/jsyun/Programming/ROS2/automotive_software_lecture/ros2_turtlesim_project/install/turtlesim_project/share/turtlesim_project/package.zsh'
[19.242s] Level 1:colcon.colcon_core.environment:create_file_with_runtime_dependencies(/home/jsyun/Programming/ROS2/automotive_software_lecture/ros2_turtlesim_project/install/turtlesim_project/share/colcon-core/packages/turtlesim_project)
[19.242s] DEBUG:colcon.colcon_parallel_executor.executor.parallel:closing loop
[19.242s] DEBUG:colcon.colcon_parallel_executor.executor.parallel:loop closed
[19.242s] DEBUG:colcon.colcon_parallel_executor.executor.parallel:run_until_complete finished with '0'
[19.242s] DEBUG:colcon.colcon_core.event_reactor:joining thread
[19.247s] INFO:colcon.colcon_core.plugin_system:Skipping extension 'colcon_notification.desktop_notification.terminal_notifier': Not used on non-Darwin systems
[19.247s] INFO:colcon.colcon_core.plugin_system:Skipping extension 'colcon_notification.desktop_notification.win32': Not used on non-Windows systems
[19.247s] INFO:colcon.colcon_notification.desktop_notification:Sending desktop notification using 'notify2'
[19.259s] DEBUG:colcon.colcon_core.event_reactor:joined thread
[19.260s] INFO:colcon.colcon_core.shell:Creating prefix script '/home/jsyun/Programming/ROS2/automotive_software_lecture/ros2_turtlesim_project/install/local_setup.ps1'
[19.261s] INFO:colcon.colcon_core.shell:Creating prefix util module '/home/jsyun/Programming/ROS2/automotive_software_lecture/ros2_turtlesim_project/install/_local_setup_util_ps1.py'
[19.262s] INFO:colcon.colcon_core.shell:Creating prefix chain script '/home/jsyun/Programming/ROS2/automotive_software_lecture/ros2_turtlesim_project/install/setup.ps1'
[19.262s] INFO:colcon.colcon_core.shell:Creating prefix script '/home/jsyun/Programming/ROS2/automotive_software_lecture/ros2_turtlesim_project/install/local_setup.sh'
[19.263s] INFO:colcon.colcon_core.shell:Creating prefix util module '/home/jsyun/Programming/ROS2/automotive_software_lecture/ros2_turtlesim_project/install/_local_setup_util_sh.py'
[19.263s] INFO:colcon.colcon_core.shell:Creating prefix chain script '/home/jsyun/Programming/ROS2/automotive_software_lecture/ros2_turtlesim_project/install/setup.sh'
[19.264s] INFO:colcon.colcon_core.shell:Creating prefix script '/home/jsyun/Programming/ROS2/automotive_software_lecture/ros2_turtlesim_project/install/local_setup.bash'
[19.265s] INFO:colcon.colcon_core.shell:Creating prefix chain script '/home/jsyun/Programming/ROS2/automotive_software_lecture/ros2_turtlesim_project/install/setup.bash'
[19.265s] INFO:colcon.colcon_core.shell:Creating prefix script '/home/jsyun/Programming/ROS2/automotive_software_lecture/ros2_turtlesim_project/install/local_setup.zsh'
[19.266s] INFO:colcon.colcon_core.shell:Creating prefix chain script '/home/jsyun/Programming/ROS2/automotive_software_lecture/ros2_turtlesim_project/install/setup.zsh'
