-- The C compiler identification is GNU 11.4.0
-- The CXX compiler identification is GNU 11.4.0
-- Detecting C compiler ABI info
-- Detecting C compiler ABI info - done
-- Check for working C compiler: /usr/bin/cc - skipped
-- Detecting C compile features
-- Detecting C compile features - done
-- Detecting CXX compiler ABI info
-- Detecting CXX compiler ABI info - done
-- Check for working CXX compiler: /usr/bin/c++ - skipped
-- Detecting CXX compile features
-- Detecting CXX compile features - done
-- Found ament_cmake: 1.3.10 (/opt/ros/humble/share/ament_cmake/cmake)
-- Found Python3: /usr/bin/python3 (found version "3.10.12") found components: Interpreter 
-- Override CMake install command with custom implementation using symlinks instead of copying resources
-- Found rclcpp: 16.0.10 (/opt/ros/humble/share/rclcpp/cmake)
-- Found rosidl_generator_c: 3.1.5 (/opt/ros/humble/share/rosidl_generator_c/cmake)
-- Found rosidl_adapter: 3.1.5 (/opt/ros/humble/share/rosidl_adapter/cmake)
-- Found rosidl_generator_cpp: 3.1.5 (/opt/ros/humble/share/rosidl_generator_cpp/cmake)
-- Using all available rosidl_typesupport_c: rosidl_typesupport_fastrtps_c;rosidl_typesupport_introspection_c
-- Using all available rosidl_typesupport_cpp: rosidl_typesupport_fastrtps_cpp;rosidl_typesupport_introspection_cpp
-- Found rmw_implementation_cmake: 6.1.2 (/opt/ros/humble/share/rmw_implementation_cmake/cmake)
-- Found rmw_fastrtps_cpp: 6.2.7 (/opt/ros/humble/share/rmw_fastrtps_cpp/cmake)
-- Found OpenSSL: /usr/lib/x86_64-linux-gnu/libcrypto.so (found version "3.0.2")  
-- Found FastRTPS: /opt/ros/humble/include  
-- Using RMW implementation 'rmw_fastrtps_cpp' as default
-- Looking for pthread.h
-- Looking for pthread.h - found
-- Performing Test CMAKE_HAVE_LIBC_PTHREAD
-- Performing Test CMAKE_HAVE_LIBC_PTHREAD - Success
-- Found Threads: TRUE  
-- Found geometry_msgs: 4.2.4 (/opt/ros/humble/share/geometry_msgs/cmake)
-- Found turtlesim: 1.4.2 (/opt/ros/humble/share/turtlesim/cmake)
-- Found custom_interfaces: 0.0.1 (/home/jsyun/Programming/ROS2/automotive_software_lecture/ros2_turtlesim_project/install/custom_interfaces/share/custom_interfaces/cmake)
-- Found visualization_msgs: 4.2.4 (/opt/ros/humble/share/visualization_msgs/cmake)
-- Configuring done
-- Generating done
-- Build files have been written to: /home/jsyun/Programming/ROS2/automotive_software_lecture/ros2_turtlesim_project/build/turtlesim_project
[ 50%] [32mBuilding CXX object CMakeFiles/color_changer.dir/src/color_changer.cpp.o[0m
[ 50%] [32mBuilding CXX object CMakeFiles/moving_turtle.dir/src/moving_turtle.cpp.o[0m
[ 50%] [32mBuilding CXX object CMakeFiles/hmi.dir/src/hmi.cpp.o[0m
[ 66%] [32m[1mLinking CXX executable moving_turtle[0m
[ 66%] Built target moving_turtle
[ 83%] [32m[1mLinking CXX executable color_changer[0m
[ 83%] Built target color_changer
[100%] [32m[1mLinking CXX executable hmi[0m
[100%] Built target hmi
-- Install configuration: ""
-- Execute custom install script
-- Symlinking: /home/jsyun/Programming/ROS2/automotive_software_lecture/ros2_turtlesim_project/install/turtlesim_project/lib/turtlesim_project/moving_turtle
-- Symlinking: /home/jsyun/Programming/ROS2/automotive_software_lecture/ros2_turtlesim_project/install/turtlesim_project/lib/turtlesim_project/color_changer
-- Symlinking: /home/jsyun/Programming/ROS2/automotive_software_lecture/ros2_turtlesim_project/install/turtlesim_project/lib/turtlesim_project/hmi
-- Symlinking: /home/jsyun/Programming/ROS2/automotive_software_lecture/ros2_turtlesim_project/install/turtlesim_project/share/turtlesim_project//launch/turtlesim_project.launch.xml
-- Symlinking: /home/jsyun/Programming/ROS2/automotive_software_lecture/ros2_turtlesim_project/install/turtlesim_project/share/ament_index/resource_index/package_run_dependencies/turtlesim_project
-- Symlinking: /home/jsyun/Programming/ROS2/automotive_software_lecture/ros2_turtlesim_project/install/turtlesim_project/share/ament_index/resource_index/parent_prefix_path/turtlesim_project
-- Symlinking: /home/jsyun/Programming/ROS2/automotive_software_lecture/ros2_turtlesim_project/install/turtlesim_project/share/turtlesim_project/environment/ament_prefix_path.sh
-- Symlinking: /home/jsyun/Programming/ROS2/automotive_software_lecture/ros2_turtlesim_project/install/turtlesim_project/share/turtlesim_project/environment/ament_prefix_path.dsv
-- Symlinking: /home/jsyun/Programming/ROS2/automotive_software_lecture/ros2_turtlesim_project/install/turtlesim_project/share/turtlesim_project/environment/path.sh
-- Symlinking: /home/jsyun/Programming/ROS2/automotive_software_lecture/ros2_turtlesim_project/install/turtlesim_project/share/turtlesim_project/environment/path.dsv
-- Symlinking: /home/jsyun/Programming/ROS2/automotive_software_lecture/ros2_turtlesim_project/install/turtlesim_project/share/turtlesim_project/local_setup.bash
-- Symlinking: /home/jsyun/Programming/ROS2/automotive_software_lecture/ros2_turtlesim_project/install/turtlesim_project/share/turtlesim_project/local_setup.sh
-- Symlinking: /home/jsyun/Programming/ROS2/automotive_software_lecture/ros2_turtlesim_project/install/turtlesim_project/share/turtlesim_project/local_setup.zsh
-- Symlinking: /home/jsyun/Programming/ROS2/automotive_software_lecture/ros2_turtlesim_project/install/turtlesim_project/share/turtlesim_project/local_setup.dsv
-- Symlinking: /home/jsyun/Programming/ROS2/automotive_software_lecture/ros2_turtlesim_project/install/turtlesim_project/share/turtlesim_project/package.dsv
-- Symlinking: /home/jsyun/Programming/ROS2/automotive_software_lecture/ros2_turtlesim_project/install/turtlesim_project/share/ament_index/resource_index/packages/turtlesim_project
-- Symlinking: /home/jsyun/Programming/ROS2/automotive_software_lecture/ros2_turtlesim_project/install/turtlesim_project/share/turtlesim_project/cmake/turtlesim_projectConfig.cmake
-- Symlinking: /home/jsyun/Programming/ROS2/automotive_software_lecture/ros2_turtlesim_project/install/turtlesim_project/share/turtlesim_project/cmake/turtlesim_projectConfig-version.cmake
-- Symlinking: /home/jsyun/Programming/ROS2/automotive_software_lecture/ros2_turtlesim_project/install/turtlesim_project/share/turtlesim_project/package.xml
