[0.011s] Invoking command in '/home/jsyun/Programming/ROS2/automotive_software_simulator/build/simulator': CMAKE_PREFIX_PATH=/home/jsyun/Programming/ROS2/automotive_software_simulator/install/ad_msgs:/home/jsyun/Programming/ROS2/automotive_software_simulator/install/simulator:/home/jsyun/Programming/ROS2/automotive_software_simulator/install/evaluation:/home/jsyun/Programming/ROS2/automotive_software_simulator/install/autonomous_driving:/opt/ros/humble /usr/bin/cmake --build /home/jsyun/Programming/ROS2/automotive_software_simulator/build/simulator -- -j12 -l12
[0.046s] [35m[1mConsolidate compiler generated dependencies of target vehicle[0m
[0.046s] [35m[1mConsolidate compiler generated dependencies of target display[0m
[0.048s] [35m[1mConsolidate compiler generated dependencies of target lane_detection[0m
[0.062s] [ 50%] Built target vehicle
[0.062s] [ 50%] Built target display
[0.070s] [100%] Built target lane_detection
[0.080s] Invoked command in '/home/jsyun/Programming/ROS2/automotive_software_simulator/build/simulator' returned '0': CMAKE_PREFIX_PATH=/home/jsyun/Programming/ROS2/automotive_software_simulator/install/ad_msgs:/home/jsyun/Programming/ROS2/automotive_software_simulator/install/simulator:/home/jsyun/Programming/ROS2/automotive_software_simulator/install/evaluation:/home/jsyun/Programming/ROS2/automotive_software_simulator/install/autonomous_driving:/opt/ros/humble /usr/bin/cmake --build /home/jsyun/Programming/ROS2/automotive_software_simulator/build/simulator -- -j12 -l12
[0.116s] Invoking command in '/home/jsyun/Programming/ROS2/automotive_software_simulator/build/simulator': CMAKE_PREFIX_PATH=/home/jsyun/Programming/ROS2/automotive_software_simulator/install/ad_msgs:/home/jsyun/Programming/ROS2/automotive_software_simulator/install/simulator:/home/jsyun/Programming/ROS2/automotive_software_simulator/install/evaluation:/home/jsyun/Programming/ROS2/automotive_software_simulator/install/autonomous_driving:/opt/ros/humble /usr/bin/cmake --install /home/jsyun/Programming/ROS2/automotive_software_simulator/build/simulator
[0.121s] -- Install configuration: "Release"
[0.121s] -- Execute custom install script
[0.122s] -- Up-to-date symlink: /home/jsyun/Programming/ROS2/automotive_software_simulator/install/simulator/lib/simulator/vehicle
[0.122s] -- Up-to-date symlink: /home/jsyun/Programming/ROS2/automotive_software_simulator/install/simulator/lib/simulator/lane_detection
[0.122s] -- Up-to-date symlink: /home/jsyun/Programming/ROS2/automotive_software_simulator/install/simulator/lib/simulator/display
[0.123s] -- Up-to-date symlink: /home/jsyun/Programming/ROS2/automotive_software_simulator/install/simulator/share/simulator/launch/simulation.launch.xml
[0.123s] -- Up-to-date symlink: /home/jsyun/Programming/ROS2/automotive_software_simulator/install/simulator/share/ament_index/resource_index/package_run_dependencies/simulator
[0.123s] -- Up-to-date symlink: /home/jsyun/Programming/ROS2/automotive_software_simulator/install/simulator/share/ament_index/resource_index/parent_prefix_path/simulator
[0.123s] -- Up-to-date symlink: /home/jsyun/Programming/ROS2/automotive_software_simulator/install/simulator/share/simulator/environment/ament_prefix_path.sh
[0.123s] -- Up-to-date symlink: /home/jsyun/Programming/ROS2/automotive_software_simulator/install/simulator/share/simulator/environment/ament_prefix_path.dsv
[0.123s] -- Up-to-date symlink: /home/jsyun/Programming/ROS2/automotive_software_simulator/install/simulator/share/simulator/environment/path.sh
[0.123s] -- Up-to-date symlink: /home/jsyun/Programming/ROS2/automotive_software_simulator/install/simulator/share/simulator/environment/path.dsv
[0.124s] -- Up-to-date symlink: /home/jsyun/Programming/ROS2/automotive_software_simulator/install/simulator/share/simulator/local_setup.bash
[0.124s] -- Up-to-date symlink: /home/jsyun/Programming/ROS2/automotive_software_simulator/install/simulator/share/simulator/local_setup.sh
[0.124s] -- Up-to-date symlink: /home/jsyun/Programming/ROS2/automotive_software_simulator/install/simulator/share/simulator/local_setup.zsh
[0.124s] -- Up-to-date symlink: /home/jsyun/Programming/ROS2/automotive_software_simulator/install/simulator/share/simulator/local_setup.dsv
[0.124s] -- Symlinking: /home/jsyun/Programming/ROS2/automotive_software_simulator/install/simulator/share/simulator/package.dsv
[0.132s] -- Up-to-date symlink: /home/jsyun/Programming/ROS2/automotive_software_simulator/install/simulator/share/ament_index/resource_index/packages/simulator
[0.132s] -- Up-to-date symlink: /home/jsyun/Programming/ROS2/automotive_software_simulator/install/simulator/share/simulator/cmake/simulatorConfig.cmake
[0.132s] -- Up-to-date symlink: /home/jsyun/Programming/ROS2/automotive_software_simulator/install/simulator/share/simulator/cmake/simulatorConfig-version.cmake
[0.132s] -- Up-to-date symlink: /home/jsyun/Programming/ROS2/automotive_software_simulator/install/simulator/share/simulator/package.xml
[0.134s] Invoked command in '/home/jsyun/Programming/ROS2/automotive_software_simulator/build/simulator' returned '0': CMAKE_PREFIX_PATH=/home/jsyun/Programming/ROS2/automotive_software_simulator/install/ad_msgs:/home/jsyun/Programming/ROS2/automotive_software_simulator/install/simulator:/home/jsyun/Programming/ROS2/automotive_software_simulator/install/evaluation:/home/jsyun/Programming/ROS2/automotive_software_simulator/install/autonomous_driving:/opt/ros/humble /usr/bin/cmake --install /home/jsyun/Programming/ROS2/automotive_software_simulator/build/simulator
