[0.155s] DEBUG:colcon:Command line arguments: ['/usr/bin/colcon', 'build', '--symlink-install']
[0.155s] DEBUG:colcon:Parsed command line arguments: Namespace(log_base=None, log_level=None, verb_name='build', build_base='build', install_base='install', merge_install=False, symlink_install=True, test_result_base=None, continue_on_error=False, executor='parallel', parallel_workers=12, event_handlers=None, ignore_user_meta=False, metas=['./colcon.meta'], base_paths=['.'], packages_ignore=None, packages_ignore_regex=None, paths=None, packages_up_to=None, packages_up_to_regex=None, packages_above=None, packages_above_and_dependencies=None, packages_above_depth=None, packages_select_by_dep=None, packages_skip_by_dep=None, packages_skip_up_to=None, packages_select_build_failed=False, packages_skip_build_finished=False, packages_select_test_failures=False, packages_skip_test_passed=False, packages_select=None, packages_skip=None, packages_select_regex=None, packages_skip_regex=None, packages_start=None, packages_end=None, allow_overriding=[], lookup_in_workspace=False, cargo_args=None, clean_build=False, cmake_args=None, cmake_target=None, cmake_target_skip_unavailable=False, cmake_clean_cache=False, cmake_clean_first=False, cmake_force_configure=False, ament_cmake_args=None, catkin_cmake_args=None, catkin_skip_building_tests=False, mixin_files=None, mixin=None, verb_parser=<colcon_mixin.mixin.mixin_argument.MixinArgumentDecorator object at 0x7ef55b03a950>, verb_extension=<colcon_core.verb.build.BuildVerb object at 0x7ef55b152ec0>, main=<bound method BuildVerb.main of <colcon_core.verb.build.BuildVerb object at 0x7ef55b152ec0>>, mixin_verb=('build',))
[0.345s] Level 1:colcon.colcon_core.package_discovery:discover_packages(colcon_meta) check parameters
[0.345s] Level 1:colcon.colcon_core.package_discovery:discover_packages(recursive) check parameters
[0.345s] Level 1:colcon.colcon_core.package_discovery:discover_packages(ignore) check parameters
[0.345s] Level 1:colcon.colcon_core.package_discovery:discover_packages(path) check parameters
[0.345s] Level 1:colcon.colcon_core.package_discovery:discover_packages(colcon_meta) discover
[0.345s] Level 1:colcon.colcon_core.package_discovery:discover_packages(recursive) discover
[0.345s] INFO:colcon.colcon_core.package_discovery:Crawling recursively for packages in '/home/jsyun/Programming/ROS2/automotive_software_simulator'
[0.345s] Level 1:colcon.colcon_core.package_identification:_identify(.) by extensions ['ignore', 'ignore_ament_install']
[0.345s] Level 1:colcon.colcon_core.package_identification:_identify(.) by extension 'ignore'
[0.345s] Level 1:colcon.colcon_core.package_identification:_identify(.) by extension 'ignore_ament_install'
[0.345s] Level 1:colcon.colcon_core.package_identification:_identify(.) by extensions ['colcon_pkg']
[0.345s] Level 1:colcon.colcon_core.package_identification:_identify(.) by extension 'colcon_pkg'
[0.345s] Level 1:colcon.colcon_core.package_identification:_identify(.) by extensions ['colcon_meta']
[0.345s] Level 1:colcon.colcon_core.package_identification:_identify(.) by extension 'colcon_meta'
[0.345s] Level 1:colcon.colcon_core.package_identification:_identify(.) by extensions ['ament_cargo']
[0.345s] Level 1:colcon.colcon_core.package_identification:_identify(.) by extension 'ament_cargo'
[0.346s] Level 1:colcon.colcon_core.package_identification:_identify(.) by extensions ['ros']
[0.346s] Level 1:colcon.colcon_core.package_identification:_identify(.) by extension 'ros'
[0.355s] Level 1:colcon.colcon_core.package_identification:_identify(.) by extensions ['cargo', 'cmake', 'python']
[0.355s] Level 1:colcon.colcon_core.package_identification:_identify(.) by extension 'cargo'
[0.355s] Level 1:colcon.colcon_core.package_identification:_identify(.) by extension 'cmake'
[0.355s] Level 1:colcon.colcon_core.package_identification:_identify(.) by extension 'python'
[0.355s] Level 1:colcon.colcon_core.package_identification:_identify(.) by extensions ['python_setup_py']
[0.355s] Level 1:colcon.colcon_core.package_identification:_identify(.) by extension 'python_setup_py'
[0.355s] Level 1:colcon.colcon_core.package_identification:_identify(build) by extensions ['ignore', 'ignore_ament_install']
[0.356s] Level 1:colcon.colcon_core.package_identification:_identify(build) by extension 'ignore'
[0.356s] Level 1:colcon.colcon_core.package_identification:_identify(build) ignored
[0.356s] Level 1:colcon.colcon_core.package_identification:_identify(install) by extensions ['ignore', 'ignore_ament_install']
[0.356s] Level 1:colcon.colcon_core.package_identification:_identify(install) by extension 'ignore'
[0.356s] Level 1:colcon.colcon_core.package_identification:_identify(install) ignored
[0.356s] Level 1:colcon.colcon_core.package_identification:_identify(log) by extensions ['ignore', 'ignore_ament_install']
[0.356s] Level 1:colcon.colcon_core.package_identification:_identify(log) by extension 'ignore'
[0.356s] Level 1:colcon.colcon_core.package_identification:_identify(log) ignored
[0.356s] Level 1:colcon.colcon_core.package_identification:_identify(resources) by extensions ['ignore', 'ignore_ament_install']
[0.356s] Level 1:colcon.colcon_core.package_identification:_identify(resources) by extension 'ignore'
[0.356s] Level 1:colcon.colcon_core.package_identification:_identify(resources) by extension 'ignore_ament_install'
[0.356s] Level 1:colcon.colcon_core.package_identification:_identify(resources) by extensions ['colcon_pkg']
[0.356s] Level 1:colcon.colcon_core.package_identification:_identify(resources) by extension 'colcon_pkg'
[0.356s] Level 1:colcon.colcon_core.package_identification:_identify(resources) by extensions ['colcon_meta']
[0.356s] Level 1:colcon.colcon_core.package_identification:_identify(resources) by extension 'colcon_meta'
[0.356s] Level 1:colcon.colcon_core.package_identification:_identify(resources) by extensions ['ament_cargo']
[0.356s] Level 1:colcon.colcon_core.package_identification:_identify(resources) by extension 'ament_cargo'
[0.356s] Level 1:colcon.colcon_core.package_identification:_identify(resources) by extensions ['ros']
[0.356s] Level 1:colcon.colcon_core.package_identification:_identify(resources) by extension 'ros'
[0.356s] Level 1:colcon.colcon_core.package_identification:_identify(resources) by extensions ['cargo', 'cmake', 'python']
[0.356s] Level 1:colcon.colcon_core.package_identification:_identify(resources) by extension 'cargo'
[0.356s] Level 1:colcon.colcon_core.package_identification:_identify(resources) by extension 'cmake'
[0.356s] Level 1:colcon.colcon_core.package_identification:_identify(resources) by extension 'python'
[0.356s] Level 1:colcon.colcon_core.package_identification:_identify(resources) by extensions ['python_setup_py']
[0.357s] Level 1:colcon.colcon_core.package_identification:_identify(resources) by extension 'python_setup_py'
[0.357s] Level 1:colcon.colcon_core.package_identification:_identify(resources/csv) by extensions ['ignore', 'ignore_ament_install']
[0.357s] Level 1:colcon.colcon_core.package_identification:_identify(resources/csv) by extension 'ignore'
[0.357s] Level 1:colcon.colcon_core.package_identification:_identify(resources/csv) by extension 'ignore_ament_install'
[0.357s] Level 1:colcon.colcon_core.package_identification:_identify(resources/csv) by extensions ['colcon_pkg']
[0.357s] Level 1:colcon.colcon_core.package_identification:_identify(resources/csv) by extension 'colcon_pkg'
[0.357s] Level 1:colcon.colcon_core.package_identification:_identify(resources/csv) by extensions ['colcon_meta']
[0.357s] Level 1:colcon.colcon_core.package_identification:_identify(resources/csv) by extension 'colcon_meta'
[0.357s] Level 1:colcon.colcon_core.package_identification:_identify(resources/csv) by extensions ['ament_cargo']
[0.357s] Level 1:colcon.colcon_core.package_identification:_identify(resources/csv) by extension 'ament_cargo'
[0.357s] Level 1:colcon.colcon_core.package_identification:_identify(resources/csv) by extensions ['ros']
[0.357s] Level 1:colcon.colcon_core.package_identification:_identify(resources/csv) by extension 'ros'
[0.357s] Level 1:colcon.colcon_core.package_identification:_identify(resources/csv) by extensions ['cargo', 'cmake', 'python']
[0.357s] Level 1:colcon.colcon_core.package_identification:_identify(resources/csv) by extension 'cargo'
[0.357s] Level 1:colcon.colcon_core.package_identification:_identify(resources/csv) by extension 'cmake'
[0.357s] Level 1:colcon.colcon_core.package_identification:_identify(resources/csv) by extension 'python'
[0.357s] Level 1:colcon.colcon_core.package_identification:_identify(resources/csv) by extensions ['python_setup_py']
[0.357s] Level 1:colcon.colcon_core.package_identification:_identify(resources/csv) by extension 'python_setup_py'
[0.357s] Level 1:colcon.colcon_core.package_identification:_identify(resources/csv/evaluation_lane) by extensions ['ignore', 'ignore_ament_install']
[0.357s] Level 1:colcon.colcon_core.package_identification:_identify(resources/csv/evaluation_lane) by extension 'ignore'
[0.357s] Level 1:colcon.colcon_core.package_identification:_identify(resources/csv/evaluation_lane) by extension 'ignore_ament_install'
[0.357s] Level 1:colcon.colcon_core.package_identification:_identify(resources/csv/evaluation_lane) by extensions ['colcon_pkg']
[0.357s] Level 1:colcon.colcon_core.package_identification:_identify(resources/csv/evaluation_lane) by extension 'colcon_pkg'
[0.357s] Level 1:colcon.colcon_core.package_identification:_identify(resources/csv/evaluation_lane) by extensions ['colcon_meta']
[0.357s] Level 1:colcon.colcon_core.package_identification:_identify(resources/csv/evaluation_lane) by extension 'colcon_meta'
[0.357s] Level 1:colcon.colcon_core.package_identification:_identify(resources/csv/evaluation_lane) by extensions ['ament_cargo']
[0.358s] Level 1:colcon.colcon_core.package_identification:_identify(resources/csv/evaluation_lane) by extension 'ament_cargo'
[0.358s] Level 1:colcon.colcon_core.package_identification:_identify(resources/csv/evaluation_lane) by extensions ['ros']
[0.358s] Level 1:colcon.colcon_core.package_identification:_identify(resources/csv/evaluation_lane) by extension 'ros'
[0.358s] Level 1:colcon.colcon_core.package_identification:_identify(resources/csv/evaluation_lane) by extensions ['cargo', 'cmake', 'python']
[0.358s] Level 1:colcon.colcon_core.package_identification:_identify(resources/csv/evaluation_lane) by extension 'cargo'
[0.358s] Level 1:colcon.colcon_core.package_identification:_identify(resources/csv/evaluation_lane) by extension 'cmake'
[0.358s] Level 1:colcon.colcon_core.package_identification:_identify(resources/csv/evaluation_lane) by extension 'python'
[0.358s] Level 1:colcon.colcon_core.package_identification:_identify(resources/csv/evaluation_lane) by extensions ['python_setup_py']
[0.358s] Level 1:colcon.colcon_core.package_identification:_identify(resources/csv/evaluation_lane) by extension 'python_setup_py'
[0.358s] Level 1:colcon.colcon_core.package_identification:_identify(resources/csv/simulation_lane) by extensions ['ignore', 'ignore_ament_install']
[0.358s] Level 1:colcon.colcon_core.package_identification:_identify(resources/csv/simulation_lane) by extension 'ignore'
[0.358s] Level 1:colcon.colcon_core.package_identification:_identify(resources/csv/simulation_lane) by extension 'ignore_ament_install'
[0.358s] Level 1:colcon.colcon_core.package_identification:_identify(resources/csv/simulation_lane) by extensions ['colcon_pkg']
[0.358s] Level 1:colcon.colcon_core.package_identification:_identify(resources/csv/simulation_lane) by extension 'colcon_pkg'
[0.358s] Level 1:colcon.colcon_core.package_identification:_identify(resources/csv/simulation_lane) by extensions ['colcon_meta']
[0.358s] Level 1:colcon.colcon_core.package_identification:_identify(resources/csv/simulation_lane) by extension 'colcon_meta'
[0.358s] Level 1:colcon.colcon_core.package_identification:_identify(resources/csv/simulation_lane) by extensions ['ament_cargo']
[0.358s] Level 1:colcon.colcon_core.package_identification:_identify(resources/csv/simulation_lane) by extension 'ament_cargo'
[0.358s] Level 1:colcon.colcon_core.package_identification:_identify(resources/csv/simulation_lane) by extensions ['ros']
[0.358s] Level 1:colcon.colcon_core.package_identification:_identify(resources/csv/simulation_lane) by extension 'ros'
[0.358s] Level 1:colcon.colcon_core.package_identification:_identify(resources/csv/simulation_lane) by extensions ['cargo', 'cmake', 'python']
[0.358s] Level 1:colcon.colcon_core.package_identification:_identify(resources/csv/simulation_lane) by extension 'cargo'
[0.358s] Level 1:colcon.colcon_core.package_identification:_identify(resources/csv/simulation_lane) by extension 'cmake'
[0.358s] Level 1:colcon.colcon_core.package_identification:_identify(resources/csv/simulation_lane) by extension 'python'
[0.358s] Level 1:colcon.colcon_core.package_identification:_identify(resources/csv/simulation_lane) by extensions ['python_setup_py']
[0.358s] Level 1:colcon.colcon_core.package_identification:_identify(resources/csv/simulation_lane) by extension 'python_setup_py'
[0.358s] Level 1:colcon.colcon_core.package_identification:_identify(resources/meshes) by extensions ['ignore', 'ignore_ament_install']
[0.359s] Level 1:colcon.colcon_core.package_identification:_identify(resources/meshes) by extension 'ignore'
[0.359s] Level 1:colcon.colcon_core.package_identification:_identify(resources/meshes) by extension 'ignore_ament_install'
[0.359s] Level 1:colcon.colcon_core.package_identification:_identify(resources/meshes) by extensions ['colcon_pkg']
[0.359s] Level 1:colcon.colcon_core.package_identification:_identify(resources/meshes) by extension 'colcon_pkg'
[0.359s] Level 1:colcon.colcon_core.package_identification:_identify(resources/meshes) by extensions ['colcon_meta']
[0.359s] Level 1:colcon.colcon_core.package_identification:_identify(resources/meshes) by extension 'colcon_meta'
[0.359s] Level 1:colcon.colcon_core.package_identification:_identify(resources/meshes) by extensions ['ament_cargo']
[0.359s] Level 1:colcon.colcon_core.package_identification:_identify(resources/meshes) by extension 'ament_cargo'
[0.359s] Level 1:colcon.colcon_core.package_identification:_identify(resources/meshes) by extensions ['ros']
[0.359s] Level 1:colcon.colcon_core.package_identification:_identify(resources/meshes) by extension 'ros'
[0.359s] Level 1:colcon.colcon_core.package_identification:_identify(resources/meshes) by extensions ['cargo', 'cmake', 'python']
[0.359s] Level 1:colcon.colcon_core.package_identification:_identify(resources/meshes) by extension 'cargo'
[0.359s] Level 1:colcon.colcon_core.package_identification:_identify(resources/meshes) by extension 'cmake'
[0.359s] Level 1:colcon.colcon_core.package_identification:_identify(resources/meshes) by extension 'python'
[0.359s] Level 1:colcon.colcon_core.package_identification:_identify(resources/meshes) by extensions ['python_setup_py']
[0.359s] Level 1:colcon.colcon_core.package_identification:_identify(resources/meshes) by extension 'python_setup_py'
[0.359s] Level 1:colcon.colcon_core.package_identification:_identify(resources/rviz) by extensions ['ignore', 'ignore_ament_install']
[0.359s] Level 1:colcon.colcon_core.package_identification:_identify(resources/rviz) by extension 'ignore'
[0.359s] Level 1:colcon.colcon_core.package_identification:_identify(resources/rviz) by extension 'ignore_ament_install'
[0.359s] Level 1:colcon.colcon_core.package_identification:_identify(resources/rviz) by extensions ['colcon_pkg']
[0.359s] Level 1:colcon.colcon_core.package_identification:_identify(resources/rviz) by extension 'colcon_pkg'
[0.359s] Level 1:colcon.colcon_core.package_identification:_identify(resources/rviz) by extensions ['colcon_meta']
[0.359s] Level 1:colcon.colcon_core.package_identification:_identify(resources/rviz) by extension 'colcon_meta'
[0.359s] Level 1:colcon.colcon_core.package_identification:_identify(resources/rviz) by extensions ['ament_cargo']
[0.359s] Level 1:colcon.colcon_core.package_identification:_identify(resources/rviz) by extension 'ament_cargo'
[0.359s] Level 1:colcon.colcon_core.package_identification:_identify(resources/rviz) by extensions ['ros']
[0.359s] Level 1:colcon.colcon_core.package_identification:_identify(resources/rviz) by extension 'ros'
[0.360s] Level 1:colcon.colcon_core.package_identification:_identify(resources/rviz) by extensions ['cargo', 'cmake', 'python']
[0.360s] Level 1:colcon.colcon_core.package_identification:_identify(resources/rviz) by extension 'cargo'
[0.360s] Level 1:colcon.colcon_core.package_identification:_identify(resources/rviz) by extension 'cmake'
[0.360s] Level 1:colcon.colcon_core.package_identification:_identify(resources/rviz) by extension 'python'
[0.360s] Level 1:colcon.colcon_core.package_identification:_identify(resources/rviz) by extensions ['python_setup_py']
[0.360s] Level 1:colcon.colcon_core.package_identification:_identify(resources/rviz) by extension 'python_setup_py'
[0.360s] Level 1:colcon.colcon_core.package_identification:_identify(src) by extensions ['ignore', 'ignore_ament_install']
[0.360s] Level 1:colcon.colcon_core.package_identification:_identify(src) by extension 'ignore'
[0.360s] Level 1:colcon.colcon_core.package_identification:_identify(src) by extension 'ignore_ament_install'
[0.360s] Level 1:colcon.colcon_core.package_identification:_identify(src) by extensions ['colcon_pkg']
[0.360s] Level 1:colcon.colcon_core.package_identification:_identify(src) by extension 'colcon_pkg'
[0.360s] Level 1:colcon.colcon_core.package_identification:_identify(src) by extensions ['colcon_meta']
[0.360s] Level 1:colcon.colcon_core.package_identification:_identify(src) by extension 'colcon_meta'
[0.360s] Level 1:colcon.colcon_core.package_identification:_identify(src) by extensions ['ament_cargo']
[0.360s] Level 1:colcon.colcon_core.package_identification:_identify(src) by extension 'ament_cargo'
[0.360s] Level 1:colcon.colcon_core.package_identification:_identify(src) by extensions ['ros']
[0.360s] Level 1:colcon.colcon_core.package_identification:_identify(src) by extension 'ros'
[0.360s] Level 1:colcon.colcon_core.package_identification:_identify(src) by extensions ['cargo', 'cmake', 'python']
[0.360s] Level 1:colcon.colcon_core.package_identification:_identify(src) by extension 'cargo'
[0.360s] Level 1:colcon.colcon_core.package_identification:_identify(src) by extension 'cmake'
[0.360s] Level 1:colcon.colcon_core.package_identification:_identify(src) by extension 'python'
[0.360s] Level 1:colcon.colcon_core.package_identification:_identify(src) by extensions ['python_setup_py']
[0.360s] Level 1:colcon.colcon_core.package_identification:_identify(src) by extension 'python_setup_py'
[0.360s] Level 1:colcon.colcon_core.package_identification:_identify(src/app) by extensions ['ignore', 'ignore_ament_install']
[0.360s] Level 1:colcon.colcon_core.package_identification:_identify(src/app) by extension 'ignore'
[0.360s] Level 1:colcon.colcon_core.package_identification:_identify(src/app) by extension 'ignore_ament_install'
[0.360s] Level 1:colcon.colcon_core.package_identification:_identify(src/app) by extensions ['colcon_pkg']
[0.361s] Level 1:colcon.colcon_core.package_identification:_identify(src/app) by extension 'colcon_pkg'
[0.361s] Level 1:colcon.colcon_core.package_identification:_identify(src/app) by extensions ['colcon_meta']
[0.361s] Level 1:colcon.colcon_core.package_identification:_identify(src/app) by extension 'colcon_meta'
[0.361s] Level 1:colcon.colcon_core.package_identification:_identify(src/app) by extensions ['ament_cargo']
[0.361s] Level 1:colcon.colcon_core.package_identification:_identify(src/app) by extension 'ament_cargo'
[0.361s] Level 1:colcon.colcon_core.package_identification:_identify(src/app) by extensions ['ros']
[0.361s] Level 1:colcon.colcon_core.package_identification:_identify(src/app) by extension 'ros'
[0.361s] Level 1:colcon.colcon_core.package_identification:_identify(src/app) by extensions ['cargo', 'cmake', 'python']
[0.361s] Level 1:colcon.colcon_core.package_identification:_identify(src/app) by extension 'cargo'
[0.361s] Level 1:colcon.colcon_core.package_identification:_identify(src/app) by extension 'cmake'
[0.361s] Level 1:colcon.colcon_core.package_identification:_identify(src/app) by extension 'python'
[0.361s] Level 1:colcon.colcon_core.package_identification:_identify(src/app) by extensions ['python_setup_py']
[0.361s] Level 1:colcon.colcon_core.package_identification:_identify(src/app) by extension 'python_setup_py'
[0.361s] Level 1:colcon.colcon_core.package_identification:_identify(src/app/autonomous_driving) by extensions ['ignore', 'ignore_ament_install']
[0.361s] Level 1:colcon.colcon_core.package_identification:_identify(src/app/autonomous_driving) by extension 'ignore'
[0.361s] Level 1:colcon.colcon_core.package_identification:_identify(src/app/autonomous_driving) by extension 'ignore_ament_install'
[0.361s] Level 1:colcon.colcon_core.package_identification:_identify(src/app/autonomous_driving) by extensions ['colcon_pkg']
[0.361s] Level 1:colcon.colcon_core.package_identification:_identify(src/app/autonomous_driving) by extension 'colcon_pkg'
[0.361s] Level 1:colcon.colcon_core.package_identification:_identify(src/app/autonomous_driving) by extensions ['colcon_meta']
[0.361s] Level 1:colcon.colcon_core.package_identification:_identify(src/app/autonomous_driving) by extension 'colcon_meta'
[0.361s] Level 1:colcon.colcon_core.package_identification:_identify(src/app/autonomous_driving) by extensions ['ament_cargo']
[0.361s] Level 1:colcon.colcon_core.package_identification:_identify(src/app/autonomous_driving) by extension 'ament_cargo'
[0.361s] Level 1:colcon.colcon_core.package_identification:_identify(src/app/autonomous_driving) by extensions ['ros']
[0.361s] Level 1:colcon.colcon_core.package_identification:_identify(src/app/autonomous_driving) by extension 'ros'
[0.363s] DEBUG:colcon.colcon_core.package_identification:Package 'src/app/autonomous_driving' with type 'ros.ament_cmake' and name 'autonomous_driving'
[0.363s] Level 1:colcon.colcon_core.package_identification:_identify(src/app/evaluation) by extensions ['ignore', 'ignore_ament_install']
[0.364s] Level 1:colcon.colcon_core.package_identification:_identify(src/app/evaluation) by extension 'ignore'
[0.364s] Level 1:colcon.colcon_core.package_identification:_identify(src/app/evaluation) by extension 'ignore_ament_install'
[0.364s] Level 1:colcon.colcon_core.package_identification:_identify(src/app/evaluation) by extensions ['colcon_pkg']
[0.364s] Level 1:colcon.colcon_core.package_identification:_identify(src/app/evaluation) by extension 'colcon_pkg'
[0.364s] Level 1:colcon.colcon_core.package_identification:_identify(src/app/evaluation) by extensions ['colcon_meta']
[0.364s] Level 1:colcon.colcon_core.package_identification:_identify(src/app/evaluation) by extension 'colcon_meta'
[0.364s] Level 1:colcon.colcon_core.package_identification:_identify(src/app/evaluation) by extensions ['ament_cargo']
[0.364s] Level 1:colcon.colcon_core.package_identification:_identify(src/app/evaluation) by extension 'ament_cargo'
[0.364s] Level 1:colcon.colcon_core.package_identification:_identify(src/app/evaluation) by extensions ['ros']
[0.364s] Level 1:colcon.colcon_core.package_identification:_identify(src/app/evaluation) by extension 'ros'
[0.364s] DEBUG:colcon.colcon_core.package_identification:Package 'src/app/evaluation' with type 'ros.ament_cmake' and name 'evaluation'
[0.364s] Level 1:colcon.colcon_core.package_identification:_identify(src/app/simulator) by extensions ['ignore', 'ignore_ament_install']
[0.364s] Level 1:colcon.colcon_core.package_identification:_identify(src/app/simulator) by extension 'ignore'
[0.364s] Level 1:colcon.colcon_core.package_identification:_identify(src/app/simulator) by extension 'ignore_ament_install'
[0.365s] Level 1:colcon.colcon_core.package_identification:_identify(src/app/simulator) by extensions ['colcon_pkg']
[0.365s] Level 1:colcon.colcon_core.package_identification:_identify(src/app/simulator) by extension 'colcon_pkg'
[0.365s] Level 1:colcon.colcon_core.package_identification:_identify(src/app/simulator) by extensions ['colcon_meta']
[0.365s] Level 1:colcon.colcon_core.package_identification:_identify(src/app/simulator) by extension 'colcon_meta'
[0.365s] Level 1:colcon.colcon_core.package_identification:_identify(src/app/simulator) by extensions ['ament_cargo']
[0.365s] Level 1:colcon.colcon_core.package_identification:_identify(src/app/simulator) by extension 'ament_cargo'
[0.365s] Level 1:colcon.colcon_core.package_identification:_identify(src/app/simulator) by extensions ['ros']
[0.365s] Level 1:colcon.colcon_core.package_identification:_identify(src/app/simulator) by extension 'ros'
[0.365s] DEBUG:colcon.colcon_core.package_identification:Package 'src/app/simulator' with type 'ros.ament_cmake' and name 'simulator'
[0.365s] Level 1:colcon.colcon_core.package_identification:_identify(src/bsw) by extensions ['ignore', 'ignore_ament_install']
[0.365s] Level 1:colcon.colcon_core.package_identification:_identify(src/bsw) by extension 'ignore'
[0.365s] Level 1:colcon.colcon_core.package_identification:_identify(src/bsw) by extension 'ignore_ament_install'
[0.365s] Level 1:colcon.colcon_core.package_identification:_identify(src/bsw) by extensions ['colcon_pkg']
[0.365s] Level 1:colcon.colcon_core.package_identification:_identify(src/bsw) by extension 'colcon_pkg'
[0.365s] Level 1:colcon.colcon_core.package_identification:_identify(src/bsw) by extensions ['colcon_meta']
[0.365s] Level 1:colcon.colcon_core.package_identification:_identify(src/bsw) by extension 'colcon_meta'
[0.365s] Level 1:colcon.colcon_core.package_identification:_identify(src/bsw) by extensions ['ament_cargo']
[0.366s] Level 1:colcon.colcon_core.package_identification:_identify(src/bsw) by extension 'ament_cargo'
[0.366s] Level 1:colcon.colcon_core.package_identification:_identify(src/bsw) by extensions ['ros']
[0.366s] Level 1:colcon.colcon_core.package_identification:_identify(src/bsw) by extension 'ros'
[0.366s] Level 1:colcon.colcon_core.package_identification:_identify(src/bsw) by extensions ['cargo', 'cmake', 'python']
[0.366s] Level 1:colcon.colcon_core.package_identification:_identify(src/bsw) by extension 'cargo'
[0.366s] Level 1:colcon.colcon_core.package_identification:_identify(src/bsw) by extension 'cmake'
[0.366s] Level 1:colcon.colcon_core.package_identification:_identify(src/bsw) by extension 'python'
[0.366s] Level 1:colcon.colcon_core.package_identification:_identify(src/bsw) by extensions ['python_setup_py']
[0.366s] Level 1:colcon.colcon_core.package_identification:_identify(src/bsw) by extension 'python_setup_py'
[0.366s] Level 1:colcon.colcon_core.package_identification:_identify(src/bsw/system) by extensions ['ignore', 'ignore_ament_install']
[0.366s] Level 1:colcon.colcon_core.package_identification:_identify(src/bsw/system) by extension 'ignore'
[0.366s] Level 1:colcon.colcon_core.package_identification:_identify(src/bsw/system) by extension 'ignore_ament_install'
[0.366s] Level 1:colcon.colcon_core.package_identification:_identify(src/bsw/system) by extensions ['colcon_pkg']
[0.366s] Level 1:colcon.colcon_core.package_identification:_identify(src/bsw/system) by extension 'colcon_pkg'
[0.366s] Level 1:colcon.colcon_core.package_identification:_identify(src/bsw/system) by extensions ['colcon_meta']
[0.366s] Level 1:colcon.colcon_core.package_identification:_identify(src/bsw/system) by extension 'colcon_meta'
[0.366s] Level 1:colcon.colcon_core.package_identification:_identify(src/bsw/system) by extensions ['ament_cargo']
[0.366s] Level 1:colcon.colcon_core.package_identification:_identify(src/bsw/system) by extension 'ament_cargo'
[0.366s] Level 1:colcon.colcon_core.package_identification:_identify(src/bsw/system) by extensions ['ros']
[0.366s] Level 1:colcon.colcon_core.package_identification:_identify(src/bsw/system) by extension 'ros'
[0.366s] Level 1:colcon.colcon_core.package_identification:_identify(src/bsw/system) by extensions ['cargo', 'cmake', 'python']
[0.366s] Level 1:colcon.colcon_core.package_identification:_identify(src/bsw/system) by extension 'cargo'
[0.366s] Level 1:colcon.colcon_core.package_identification:_identify(src/bsw/system) by extension 'cmake'
[0.366s] Level 1:colcon.colcon_core.package_identification:_identify(src/bsw/system) by extension 'python'
[0.366s] Level 1:colcon.colcon_core.package_identification:_identify(src/bsw/system) by extensions ['python_setup_py']
[0.366s] Level 1:colcon.colcon_core.package_identification:_identify(src/bsw/system) by extension 'python_setup_py'
[0.366s] Level 1:colcon.colcon_core.package_identification:_identify(src/bsw/system/interface) by extensions ['ignore', 'ignore_ament_install']
[0.367s] Level 1:colcon.colcon_core.package_identification:_identify(src/bsw/system/interface) by extension 'ignore'
[0.367s] Level 1:colcon.colcon_core.package_identification:_identify(src/bsw/system/interface) by extension 'ignore_ament_install'
[0.367s] Level 1:colcon.colcon_core.package_identification:_identify(src/bsw/system/interface) by extensions ['colcon_pkg']
[0.367s] Level 1:colcon.colcon_core.package_identification:_identify(src/bsw/system/interface) by extension 'colcon_pkg'
[0.367s] Level 1:colcon.colcon_core.package_identification:_identify(src/bsw/system/interface) by extensions ['colcon_meta']
[0.367s] Level 1:colcon.colcon_core.package_identification:_identify(src/bsw/system/interface) by extension 'colcon_meta'
[0.367s] Level 1:colcon.colcon_core.package_identification:_identify(src/bsw/system/interface) by extensions ['ament_cargo']
[0.367s] Level 1:colcon.colcon_core.package_identification:_identify(src/bsw/system/interface) by extension 'ament_cargo'
[0.367s] Level 1:colcon.colcon_core.package_identification:_identify(src/bsw/system/interface) by extensions ['ros']
[0.367s] Level 1:colcon.colcon_core.package_identification:_identify(src/bsw/system/interface) by extension 'ros'
[0.367s] Level 1:colcon.colcon_core.package_identification:_identify(src/bsw/system/interface) by extensions ['cargo', 'cmake', 'python']
[0.367s] Level 1:colcon.colcon_core.package_identification:_identify(src/bsw/system/interface) by extension 'cargo'
[0.367s] Level 1:colcon.colcon_core.package_identification:_identify(src/bsw/system/interface) by extension 'cmake'
[0.367s] Level 1:colcon.colcon_core.package_identification:_identify(src/bsw/system/interface) by extension 'python'
[0.367s] Level 1:colcon.colcon_core.package_identification:_identify(src/bsw/system/interface) by extensions ['python_setup_py']
[0.367s] Level 1:colcon.colcon_core.package_identification:_identify(src/bsw/system/interface) by extension 'python_setup_py'
[0.367s] Level 1:colcon.colcon_core.package_identification:_identify(src/rte) by extensions ['ignore', 'ignore_ament_install']
[0.367s] Level 1:colcon.colcon_core.package_identification:_identify(src/rte) by extension 'ignore'
[0.367s] Level 1:colcon.colcon_core.package_identification:_identify(src/rte) by extension 'ignore_ament_install'
[0.367s] Level 1:colcon.colcon_core.package_identification:_identify(src/rte) by extensions ['colcon_pkg']
[0.367s] Level 1:colcon.colcon_core.package_identification:_identify(src/rte) by extension 'colcon_pkg'
[0.367s] Level 1:colcon.colcon_core.package_identification:_identify(src/rte) by extensions ['colcon_meta']
[0.367s] Level 1:colcon.colcon_core.package_identification:_identify(src/rte) by extension 'colcon_meta'
[0.367s] Level 1:colcon.colcon_core.package_identification:_identify(src/rte) by extensions ['ament_cargo']
[0.367s] Level 1:colcon.colcon_core.package_identification:_identify(src/rte) by extension 'ament_cargo'
[0.367s] Level 1:colcon.colcon_core.package_identification:_identify(src/rte) by extensions ['ros']
[0.367s] Level 1:colcon.colcon_core.package_identification:_identify(src/rte) by extension 'ros'
[0.367s] Level 1:colcon.colcon_core.package_identification:_identify(src/rte) by extensions ['cargo', 'cmake', 'python']
[0.367s] Level 1:colcon.colcon_core.package_identification:_identify(src/rte) by extension 'cargo'
[0.367s] Level 1:colcon.colcon_core.package_identification:_identify(src/rte) by extension 'cmake'
[0.368s] Level 1:colcon.colcon_core.package_identification:_identify(src/rte) by extension 'python'
[0.368s] Level 1:colcon.colcon_core.package_identification:_identify(src/rte) by extensions ['python_setup_py']
[0.368s] Level 1:colcon.colcon_core.package_identification:_identify(src/rte) by extension 'python_setup_py'
[0.368s] Level 1:colcon.colcon_core.package_identification:_identify(src/rte/msg) by extensions ['ignore', 'ignore_ament_install']
[0.368s] Level 1:colcon.colcon_core.package_identification:_identify(src/rte/msg) by extension 'ignore'
[0.368s] Level 1:colcon.colcon_core.package_identification:_identify(src/rte/msg) by extension 'ignore_ament_install'
[0.368s] Level 1:colcon.colcon_core.package_identification:_identify(src/rte/msg) by extensions ['colcon_pkg']
[0.368s] Level 1:colcon.colcon_core.package_identification:_identify(src/rte/msg) by extension 'colcon_pkg'
[0.368s] Level 1:colcon.colcon_core.package_identification:_identify(src/rte/msg) by extensions ['colcon_meta']
[0.368s] Level 1:colcon.colcon_core.package_identification:_identify(src/rte/msg) by extension 'colcon_meta'
[0.368s] Level 1:colcon.colcon_core.package_identification:_identify(src/rte/msg) by extensions ['ament_cargo']
[0.368s] Level 1:colcon.colcon_core.package_identification:_identify(src/rte/msg) by extension 'ament_cargo'
[0.368s] Level 1:colcon.colcon_core.package_identification:_identify(src/rte/msg) by extensions ['ros']
[0.368s] Level 1:colcon.colcon_core.package_identification:_identify(src/rte/msg) by extension 'ros'
[0.368s] Level 1:colcon.colcon_core.package_identification:_identify(src/rte/msg) by extensions ['cargo', 'cmake', 'python']
[0.368s] Level 1:colcon.colcon_core.package_identification:_identify(src/rte/msg) by extension 'cargo'
[0.368s] Level 1:colcon.colcon_core.package_identification:_identify(src/rte/msg) by extension 'cmake'
[0.368s] Level 1:colcon.colcon_core.package_identification:_identify(src/rte/msg) by extension 'python'
[0.368s] Level 1:colcon.colcon_core.package_identification:_identify(src/rte/msg) by extensions ['python_setup_py']
[0.368s] Level 1:colcon.colcon_core.package_identification:_identify(src/rte/msg) by extension 'python_setup_py'
[0.368s] Level 1:colcon.colcon_core.package_identification:_identify(src/rte/msg/ad_msgs) by extensions ['ignore', 'ignore_ament_install']
[0.368s] Level 1:colcon.colcon_core.package_identification:_identify(src/rte/msg/ad_msgs) by extension 'ignore'
[0.368s] Level 1:colcon.colcon_core.package_identification:_identify(src/rte/msg/ad_msgs) by extension 'ignore_ament_install'
[0.368s] Level 1:colcon.colcon_core.package_identification:_identify(src/rte/msg/ad_msgs) by extensions ['colcon_pkg']
[0.368s] Level 1:colcon.colcon_core.package_identification:_identify(src/rte/msg/ad_msgs) by extension 'colcon_pkg'
[0.368s] Level 1:colcon.colcon_core.package_identification:_identify(src/rte/msg/ad_msgs) by extensions ['colcon_meta']
[0.368s] Level 1:colcon.colcon_core.package_identification:_identify(src/rte/msg/ad_msgs) by extension 'colcon_meta'
[0.369s] Level 1:colcon.colcon_core.package_identification:_identify(src/rte/msg/ad_msgs) by extensions ['ament_cargo']
[0.369s] Level 1:colcon.colcon_core.package_identification:_identify(src/rte/msg/ad_msgs) by extension 'ament_cargo'
[0.369s] Level 1:colcon.colcon_core.package_identification:_identify(src/rte/msg/ad_msgs) by extensions ['ros']
[0.369s] Level 1:colcon.colcon_core.package_identification:_identify(src/rte/msg/ad_msgs) by extension 'ros'
[0.369s] DEBUG:colcon.colcon_core.package_identification:Package 'src/rte/msg/ad_msgs' with type 'ros.ament_cmake' and name 'ad_msgs'
[0.369s] Level 1:colcon.colcon_core.package_discovery:discover_packages(recursive) using defaults
[0.369s] Level 1:colcon.colcon_core.package_discovery:discover_packages(ignore) discover
[0.369s] Level 1:colcon.colcon_core.package_discovery:discover_packages(ignore) using defaults
[0.369s] Level 1:colcon.colcon_core.package_discovery:discover_packages(path) discover
[0.369s] Level 1:colcon.colcon_core.package_discovery:discover_packages(path) using defaults
[0.386s] Level 1:colcon.colcon_core.package_discovery:discover_packages(prefix_path) check parameters
[0.386s] Level 1:colcon.colcon_core.package_discovery:discover_packages(prefix_path) discover
[0.389s] DEBUG:colcon.colcon_installed_package_information.package_discovery:Found 302 installed packages in /opt/ros/humble
[0.399s] Level 1:colcon.colcon_core.package_discovery:discover_packages(prefix_path) using defaults
[0.428s] Level 5:colcon.colcon_core.verb:set package 'ad_msgs' build argument 'lookup_in_workspace' from command line to 'False'
[0.428s] Level 5:colcon.colcon_core.verb:set package 'ad_msgs' build argument 'cargo_args' from command line to 'None'
[0.428s] Level 5:colcon.colcon_core.verb:set package 'ad_msgs' build argument 'clean_build' from command line to 'False'
[0.428s] Level 5:colcon.colcon_core.verb:set package 'ad_msgs' build argument 'cmake_args' from command line to 'None'
[0.428s] Level 5:colcon.colcon_core.verb:set package 'ad_msgs' build argument 'cmake_target' from command line to 'None'
[0.428s] Level 5:colcon.colcon_core.verb:set package 'ad_msgs' build argument 'cmake_target_skip_unavailable' from command line to 'False'
[0.428s] Level 5:colcon.colcon_core.verb:set package 'ad_msgs' build argument 'cmake_clean_cache' from command line to 'False'
[0.429s] Level 5:colcon.colcon_core.verb:set package 'ad_msgs' build argument 'cmake_clean_first' from command line to 'False'
[0.429s] Level 5:colcon.colcon_core.verb:set package 'ad_msgs' build argument 'cmake_force_configure' from command line to 'False'
[0.429s] Level 5:colcon.colcon_core.verb:set package 'ad_msgs' build argument 'ament_cmake_args' from command line to 'None'
[0.429s] Level 5:colcon.colcon_core.verb:set package 'ad_msgs' build argument 'catkin_cmake_args' from command line to 'None'
[0.429s] Level 5:colcon.colcon_core.verb:set package 'ad_msgs' build argument 'catkin_skip_building_tests' from command line to 'False'
[0.429s] DEBUG:colcon.colcon_core.verb:Building package 'ad_msgs' with the following arguments: {'ament_cmake_args': None, 'build_base': '/home/jsyun/Programming/ROS2/automotive_software_simulator/build/ad_msgs', 'cargo_args': None, 'catkin_cmake_args': None, 'catkin_skip_building_tests': False, 'clean_build': False, 'cmake_args': None, 'cmake_clean_cache': False, 'cmake_clean_first': False, 'cmake_force_configure': False, 'cmake_target': None, 'cmake_target_skip_unavailable': False, 'install_base': '/home/jsyun/Programming/ROS2/automotive_software_simulator/install/ad_msgs', 'lookup_in_workspace': False, 'merge_install': False, 'path': '/home/jsyun/Programming/ROS2/automotive_software_simulator/src/rte/msg/ad_msgs', 'symlink_install': True, 'test_result_base': None}
[0.429s] Level 5:colcon.colcon_core.verb:set package 'autonomous_driving' build argument 'lookup_in_workspace' from command line to 'False'
[0.429s] Level 5:colcon.colcon_core.verb:set package 'autonomous_driving' build argument 'cargo_args' from command line to 'None'
[0.429s] Level 5:colcon.colcon_core.verb:set package 'autonomous_driving' build argument 'clean_build' from command line to 'False'
[0.429s] Level 5:colcon.colcon_core.verb:set package 'autonomous_driving' build argument 'cmake_args' from command line to 'None'
[0.429s] Level 5:colcon.colcon_core.verb:set package 'autonomous_driving' build argument 'cmake_target' from command line to 'None'
[0.429s] Level 5:colcon.colcon_core.verb:set package 'autonomous_driving' build argument 'cmake_target_skip_unavailable' from command line to 'False'
[0.429s] Level 5:colcon.colcon_core.verb:set package 'autonomous_driving' build argument 'cmake_clean_cache' from command line to 'False'
[0.429s] Level 5:colcon.colcon_core.verb:set package 'autonomous_driving' build argument 'cmake_clean_first' from command line to 'False'
[0.429s] Level 5:colcon.colcon_core.verb:set package 'autonomous_driving' build argument 'cmake_force_configure' from command line to 'False'
[0.429s] Level 5:colcon.colcon_core.verb:set package 'autonomous_driving' build argument 'ament_cmake_args' from command line to 'None'
[0.429s] Level 5:colcon.colcon_core.verb:set package 'autonomous_driving' build argument 'catkin_cmake_args' from command line to 'None'
[0.429s] Level 5:colcon.colcon_core.verb:set package 'autonomous_driving' build argument 'catkin_skip_building_tests' from command line to 'False'
[0.429s] DEBUG:colcon.colcon_core.verb:Building package 'autonomous_driving' with the following arguments: {'ament_cmake_args': None, 'build_base': '/home/jsyun/Programming/ROS2/automotive_software_simulator/build/autonomous_driving', 'cargo_args': None, 'catkin_cmake_args': None, 'catkin_skip_building_tests': False, 'clean_build': False, 'cmake_args': None, 'cmake_clean_cache': False, 'cmake_clean_first': False, 'cmake_force_configure': False, 'cmake_target': None, 'cmake_target_skip_unavailable': False, 'install_base': '/home/jsyun/Programming/ROS2/automotive_software_simulator/install/autonomous_driving', 'lookup_in_workspace': False, 'merge_install': False, 'path': '/home/jsyun/Programming/ROS2/automotive_software_simulator/src/app/autonomous_driving', 'symlink_install': True, 'test_result_base': None}
[0.429s] Level 5:colcon.colcon_core.verb:set package 'evaluation' build argument 'lookup_in_workspace' from command line to 'False'
[0.429s] Level 5:colcon.colcon_core.verb:set package 'evaluation' build argument 'cargo_args' from command line to 'None'
[0.430s] Level 5:colcon.colcon_core.verb:set package 'evaluation' build argument 'clean_build' from command line to 'False'
[0.430s] Level 5:colcon.colcon_core.verb:set package 'evaluation' build argument 'cmake_args' from command line to 'None'
[0.430s] Level 5:colcon.colcon_core.verb:set package 'evaluation' build argument 'cmake_target' from command line to 'None'
[0.430s] Level 5:colcon.colcon_core.verb:set package 'evaluation' build argument 'cmake_target_skip_unavailable' from command line to 'False'
[0.430s] Level 5:colcon.colcon_core.verb:set package 'evaluation' build argument 'cmake_clean_cache' from command line to 'False'
[0.430s] Level 5:colcon.colcon_core.verb:set package 'evaluation' build argument 'cmake_clean_first' from command line to 'False'
[0.430s] Level 5:colcon.colcon_core.verb:set package 'evaluation' build argument 'cmake_force_configure' from command line to 'False'
[0.430s] Level 5:colcon.colcon_core.verb:set package 'evaluation' build argument 'ament_cmake_args' from command line to 'None'
[0.430s] Level 5:colcon.colcon_core.verb:set package 'evaluation' build argument 'catkin_cmake_args' from command line to 'None'
[0.430s] Level 5:colcon.colcon_core.verb:set package 'evaluation' build argument 'catkin_skip_building_tests' from command line to 'False'
[0.430s] DEBUG:colcon.colcon_core.verb:Building package 'evaluation' with the following arguments: {'ament_cmake_args': None, 'build_base': '/home/jsyun/Programming/ROS2/automotive_software_simulator/build/evaluation', 'cargo_args': None, 'catkin_cmake_args': None, 'catkin_skip_building_tests': False, 'clean_build': False, 'cmake_args': None, 'cmake_clean_cache': False, 'cmake_clean_first': False, 'cmake_force_configure': False, 'cmake_target': None, 'cmake_target_skip_unavailable': False, 'install_base': '/home/jsyun/Programming/ROS2/automotive_software_simulator/install/evaluation', 'lookup_in_workspace': False, 'merge_install': False, 'path': '/home/jsyun/Programming/ROS2/automotive_software_simulator/src/app/evaluation', 'symlink_install': True, 'test_result_base': None}
[0.430s] Level 5:colcon.colcon_core.verb:set package 'simulator' build argument 'lookup_in_workspace' from command line to 'False'
[0.430s] Level 5:colcon.colcon_core.verb:set package 'simulator' build argument 'cargo_args' from command line to 'None'
[0.430s] Level 5:colcon.colcon_core.verb:set package 'simulator' build argument 'clean_build' from command line to 'False'
[0.430s] Level 5:colcon.colcon_core.verb:set package 'simulator' build argument 'cmake_args' from command line to 'None'
[0.430s] Level 5:colcon.colcon_core.verb:set package 'simulator' build argument 'cmake_target' from command line to 'None'
[0.430s] Level 5:colcon.colcon_core.verb:set package 'simulator' build argument 'cmake_target_skip_unavailable' from command line to 'False'
[0.430s] Level 5:colcon.colcon_core.verb:set package 'simulator' build argument 'cmake_clean_cache' from command line to 'False'
[0.430s] Level 5:colcon.colcon_core.verb:set package 'simulator' build argument 'cmake_clean_first' from command line to 'False'
[0.430s] Level 5:colcon.colcon_core.verb:set package 'simulator' build argument 'cmake_force_configure' from command line to 'False'
[0.430s] Level 5:colcon.colcon_core.verb:set package 'simulator' build argument 'ament_cmake_args' from command line to 'None'
[0.430s] Level 5:colcon.colcon_core.verb:set package 'simulator' build argument 'catkin_cmake_args' from command line to 'None'
[0.430s] Level 5:colcon.colcon_core.verb:set package 'simulator' build argument 'catkin_skip_building_tests' from command line to 'False'
[0.430s] DEBUG:colcon.colcon_core.verb:Building package 'simulator' with the following arguments: {'ament_cmake_args': None, 'build_base': '/home/jsyun/Programming/ROS2/automotive_software_simulator/build/simulator', 'cargo_args': None, 'catkin_cmake_args': None, 'catkin_skip_building_tests': False, 'clean_build': False, 'cmake_args': None, 'cmake_clean_cache': False, 'cmake_clean_first': False, 'cmake_force_configure': False, 'cmake_target': None, 'cmake_target_skip_unavailable': False, 'install_base': '/home/jsyun/Programming/ROS2/automotive_software_simulator/install/simulator', 'lookup_in_workspace': False, 'merge_install': False, 'path': '/home/jsyun/Programming/ROS2/automotive_software_simulator/src/app/simulator', 'symlink_install': True, 'test_result_base': None}
[0.430s] INFO:colcon.colcon_core.executor:Executing jobs using 'parallel' executor
[0.431s] DEBUG:colcon.colcon_parallel_executor.executor.parallel:run_until_complete
[0.431s] INFO:colcon.colcon_ros.task.ament_cmake.build:Building ROS package in '/home/jsyun/Programming/ROS2/automotive_software_simulator/src/rte/msg/ad_msgs' with build type 'ament_cmake'
[0.431s] INFO:colcon.colcon_cmake.task.cmake.build:Building CMake package in '/home/jsyun/Programming/ROS2/automotive_software_simulator/src/rte/msg/ad_msgs'
[0.434s] INFO:colcon.colcon_core.plugin_system:Skipping extension 'colcon_core.shell.bat': Not used on non-Windows systems
[0.434s] INFO:colcon.colcon_core.shell:Skip shell extension 'powershell' for command environment: Not usable outside of PowerShell
[0.434s] DEBUG:colcon.colcon_core.shell:Skip shell extension 'dsv' for command environment
[0.439s] DEBUG:colcon.colcon_core.event_handler.log_command:Invoking command in '/home/jsyun/Programming/ROS2/automotive_software_simulator/build/ad_msgs': CMAKE_PREFIX_PATH=/opt/ros/humble /usr/bin/cmake /home/jsyun/Programming/ROS2/automotive_software_simulator/src/rte/msg/ad_msgs -DAMENT_CMAKE_SYMLINK_INSTALL=1 -DCMAKE_INSTALL_PREFIX=/home/jsyun/Programming/ROS2/automotive_software_simulator/install/ad_msgs
[1.969s] DEBUG:colcon.colcon_core.event_handler.log_command:Invoked command in '/home/jsyun/Programming/ROS2/automotive_software_simulator/build/ad_msgs' returned '0': CMAKE_PREFIX_PATH=/opt/ros/humble /usr/bin/cmake /home/jsyun/Programming/ROS2/automotive_software_simulator/src/rte/msg/ad_msgs -DAMENT_CMAKE_SYMLINK_INSTALL=1 -DCMAKE_INSTALL_PREFIX=/home/jsyun/Programming/ROS2/automotive_software_simulator/install/ad_msgs
[1.971s] DEBUG:colcon.colcon_core.event_handler.log_command:Invoking command in '/home/jsyun/Programming/ROS2/automotive_software_simulator/build/ad_msgs': CMAKE_PREFIX_PATH=/opt/ros/humble /usr/bin/cmake --build /home/jsyun/Programming/ROS2/automotive_software_simulator/build/ad_msgs -- -j12 -l12
[5.093s] DEBUG:colcon.colcon_core.event_handler.log_command:Invoked command in '/home/jsyun/Programming/ROS2/automotive_software_simulator/build/ad_msgs' returned '0': CMAKE_PREFIX_PATH=/opt/ros/humble /usr/bin/cmake --build /home/jsyun/Programming/ROS2/automotive_software_simulator/build/ad_msgs -- -j12 -l12
[5.231s] DEBUG:colcon.colcon_core.event_handler.log_command:Invoking command in '/home/jsyun/Programming/ROS2/automotive_software_simulator/build/ad_msgs': CMAKE_PREFIX_PATH=/opt/ros/humble /usr/bin/cmake --install /home/jsyun/Programming/ROS2/automotive_software_simulator/build/ad_msgs
[6.242s] Level 1:colcon.colcon_core.environment:create_environment_scripts_only(ad_msgs)
[6.242s] DEBUG:colcon.colcon_core.event_handler.log_command:Invoked command in '/home/jsyun/Programming/ROS2/automotive_software_simulator/build/ad_msgs' returned '0': CMAKE_PREFIX_PATH=/opt/ros/humble /usr/bin/cmake --install /home/jsyun/Programming/ROS2/automotive_software_simulator/build/ad_msgs
[6.245s] Level 1:colcon.colcon_core.environment:checking '/home/jsyun/Programming/ROS2/automotive_software_simulator/install/ad_msgs' for CMake module files
[6.246s] Level 1:colcon.colcon_core.environment:checking '/home/jsyun/Programming/ROS2/automotive_software_simulator/install/ad_msgs' for CMake config files
[6.247s] Level 1:colcon.colcon_core.shell:create_environment_hook('ad_msgs', 'cmake_prefix_path')
[6.247s] INFO:colcon.colcon_core.shell:Creating environment hook '/home/jsyun/Programming/ROS2/automotive_software_simulator/install/ad_msgs/share/ad_msgs/hook/cmake_prefix_path.ps1'
[6.247s] INFO:colcon.colcon_core.shell:Creating environment descriptor '/home/jsyun/Programming/ROS2/automotive_software_simulator/install/ad_msgs/share/ad_msgs/hook/cmake_prefix_path.dsv'
[6.248s] INFO:colcon.colcon_core.shell:Creating environment hook '/home/jsyun/Programming/ROS2/automotive_software_simulator/install/ad_msgs/share/ad_msgs/hook/cmake_prefix_path.sh'
[6.249s] Level 1:colcon.colcon_core.environment:checking '/home/jsyun/Programming/ROS2/automotive_software_simulator/install/ad_msgs/lib'
[6.249s] Level 1:colcon.colcon_core.shell:create_environment_hook('ad_msgs', 'ld_library_path_lib')
[6.249s] INFO:colcon.colcon_core.shell:Creating environment hook '/home/jsyun/Programming/ROS2/automotive_software_simulator/install/ad_msgs/share/ad_msgs/hook/ld_library_path_lib.ps1'
[6.249s] INFO:colcon.colcon_core.shell:Creating environment descriptor '/home/jsyun/Programming/ROS2/automotive_software_simulator/install/ad_msgs/share/ad_msgs/hook/ld_library_path_lib.dsv'
[6.249s] INFO:colcon.colcon_core.shell:Creating environment hook '/home/jsyun/Programming/ROS2/automotive_software_simulator/install/ad_msgs/share/ad_msgs/hook/ld_library_path_lib.sh'
[6.249s] Level 1:colcon.colcon_core.environment:checking '/home/jsyun/Programming/ROS2/automotive_software_simulator/install/ad_msgs/bin'
[6.250s] Level 1:colcon.colcon_core.environment:checking '/home/jsyun/Programming/ROS2/automotive_software_simulator/install/ad_msgs/lib/pkgconfig/ad_msgs.pc'
[6.250s] Level 1:colcon.colcon_core.environment:checking '/home/jsyun/Programming/ROS2/automotive_software_simulator/install/ad_msgs/lib/python3.10/site-packages'
[6.250s] Level 1:colcon.colcon_core.environment:checking '/home/jsyun/Programming/ROS2/automotive_software_simulator/install/ad_msgs/bin'
[6.250s] INFO:colcon.colcon_core.shell:Creating package script '/home/jsyun/Programming/ROS2/automotive_software_simulator/install/ad_msgs/share/ad_msgs/package.ps1'
[6.251s] INFO:colcon.colcon_core.shell:Creating package descriptor '/home/jsyun/Programming/ROS2/automotive_software_simulator/install/ad_msgs/share/ad_msgs/package.dsv'
[6.251s] INFO:colcon.colcon_core.shell:Creating package script '/home/jsyun/Programming/ROS2/automotive_software_simulator/install/ad_msgs/share/ad_msgs/package.sh'
[6.252s] INFO:colcon.colcon_core.shell:Creating package script '/home/jsyun/Programming/ROS2/automotive_software_simulator/install/ad_msgs/share/ad_msgs/package.bash'
[6.252s] INFO:colcon.colcon_core.shell:Creating package script '/home/jsyun/Programming/ROS2/automotive_software_simulator/install/ad_msgs/share/ad_msgs/package.zsh'
[6.253s] Level 1:colcon.colcon_core.environment:create_file_with_runtime_dependencies(/home/jsyun/Programming/ROS2/automotive_software_simulator/install/ad_msgs/share/colcon-core/packages/ad_msgs)
[6.381s] Level 1:colcon.colcon_core.environment:create_environment_scripts_only(ad_msgs)
[6.381s] Level 1:colcon.colcon_core.environment:checking '/home/jsyun/Programming/ROS2/automotive_software_simulator/install/ad_msgs' for CMake module files
[6.382s] Level 1:colcon.colcon_core.environment:checking '/home/jsyun/Programming/ROS2/automotive_software_simulator/install/ad_msgs' for CMake config files
[6.383s] Level 1:colcon.colcon_core.shell:create_environment_hook('ad_msgs', 'cmake_prefix_path')
[6.383s] INFO:colcon.colcon_core.shell:Creating environment hook '/home/jsyun/Programming/ROS2/automotive_software_simulator/install/ad_msgs/share/ad_msgs/hook/cmake_prefix_path.ps1'
[6.384s] INFO:colcon.colcon_core.shell:Creating environment descriptor '/home/jsyun/Programming/ROS2/automotive_software_simulator/install/ad_msgs/share/ad_msgs/hook/cmake_prefix_path.dsv'
[6.384s] INFO:colcon.colcon_core.shell:Creating environment hook '/home/jsyun/Programming/ROS2/automotive_software_simulator/install/ad_msgs/share/ad_msgs/hook/cmake_prefix_path.sh'
[6.384s] Level 1:colcon.colcon_core.environment:checking '/home/jsyun/Programming/ROS2/automotive_software_simulator/install/ad_msgs/lib'
[6.384s] Level 1:colcon.colcon_core.shell:create_environment_hook('ad_msgs', 'ld_library_path_lib')
[6.384s] INFO:colcon.colcon_core.shell:Creating environment hook '/home/jsyun/Programming/ROS2/automotive_software_simulator/install/ad_msgs/share/ad_msgs/hook/ld_library_path_lib.ps1'
[6.385s] INFO:colcon.colcon_core.shell:Creating environment descriptor '/home/jsyun/Programming/ROS2/automotive_software_simulator/install/ad_msgs/share/ad_msgs/hook/ld_library_path_lib.dsv'
[6.385s] INFO:colcon.colcon_core.shell:Creating environment hook '/home/jsyun/Programming/ROS2/automotive_software_simulator/install/ad_msgs/share/ad_msgs/hook/ld_library_path_lib.sh'
[6.385s] Level 1:colcon.colcon_core.environment:checking '/home/jsyun/Programming/ROS2/automotive_software_simulator/install/ad_msgs/bin'
[6.385s] Level 1:colcon.colcon_core.environment:checking '/home/jsyun/Programming/ROS2/automotive_software_simulator/install/ad_msgs/lib/pkgconfig/ad_msgs.pc'
[6.385s] Level 1:colcon.colcon_core.environment:checking '/home/jsyun/Programming/ROS2/automotive_software_simulator/install/ad_msgs/lib/python3.10/site-packages'
[6.385s] Level 1:colcon.colcon_core.environment:checking '/home/jsyun/Programming/ROS2/automotive_software_simulator/install/ad_msgs/bin'
[6.386s] INFO:colcon.colcon_core.shell:Creating package script '/home/jsyun/Programming/ROS2/automotive_software_simulator/install/ad_msgs/share/ad_msgs/package.ps1'
[6.386s] INFO:colcon.colcon_core.shell:Creating package descriptor '/home/jsyun/Programming/ROS2/automotive_software_simulator/install/ad_msgs/share/ad_msgs/package.dsv'
[6.386s] INFO:colcon.colcon_core.shell:Creating package script '/home/jsyun/Programming/ROS2/automotive_software_simulator/install/ad_msgs/share/ad_msgs/package.sh'
[6.387s] INFO:colcon.colcon_core.shell:Creating package script '/home/jsyun/Programming/ROS2/automotive_software_simulator/install/ad_msgs/share/ad_msgs/package.bash'
[6.387s] INFO:colcon.colcon_core.shell:Creating package script '/home/jsyun/Programming/ROS2/automotive_software_simulator/install/ad_msgs/share/ad_msgs/package.zsh'
[6.387s] Level 1:colcon.colcon_core.environment:create_file_with_runtime_dependencies(/home/jsyun/Programming/ROS2/automotive_software_simulator/install/ad_msgs/share/colcon-core/packages/ad_msgs)
[6.387s] INFO:colcon.colcon_ros.task.ament_cmake.build:Building ROS package in '/home/jsyun/Programming/ROS2/automotive_software_simulator/src/app/autonomous_driving' with build type 'ament_cmake'
[6.387s] INFO:colcon.colcon_cmake.task.cmake.build:Building CMake package in '/home/jsyun/Programming/ROS2/automotive_software_simulator/src/app/autonomous_driving'
[6.388s] INFO:colcon.colcon_core.shell:Skip shell extension 'powershell' for command environment: Not usable outside of PowerShell
[6.388s] DEBUG:colcon.colcon_core.shell:Skip shell extension 'dsv' for command environment
[6.390s] INFO:colcon.colcon_ros.task.ament_cmake.build:Building ROS package in '/home/jsyun/Programming/ROS2/automotive_software_simulator/src/app/evaluation' with build type 'ament_cmake'
[6.390s] INFO:colcon.colcon_cmake.task.cmake.build:Building CMake package in '/home/jsyun/Programming/ROS2/automotive_software_simulator/src/app/evaluation'
[6.390s] INFO:colcon.colcon_core.shell:Skip shell extension 'powershell' for command environment: Not usable outside of PowerShell
[6.390s] DEBUG:colcon.colcon_core.shell:Skip shell extension 'dsv' for command environment
[6.392s] INFO:colcon.colcon_ros.task.ament_cmake.build:Building ROS package in '/home/jsyun/Programming/ROS2/automotive_software_simulator/src/app/simulator' with build type 'ament_cmake'
[6.392s] INFO:colcon.colcon_cmake.task.cmake.build:Building CMake package in '/home/jsyun/Programming/ROS2/automotive_software_simulator/src/app/simulator'
[6.392s] INFO:colcon.colcon_core.shell:Skip shell extension 'powershell' for command environment: Not usable outside of PowerShell
[6.392s] DEBUG:colcon.colcon_core.shell:Skip shell extension 'dsv' for command environment
[6.397s] DEBUG:colcon.colcon_core.event_handler.log_command:Invoking command in '/home/jsyun/Programming/ROS2/automotive_software_simulator/build/autonomous_driving': AMENT_PREFIX_PATH=/home/jsyun/Programming/ROS2/automotive_software_simulator/install/ad_msgs:${AMENT_PREFIX_PATH} CMAKE_PREFIX_PATH=/home/jsyun/Programming/ROS2/automotive_software_simulator/install/ad_msgs:/opt/ros/humble LD_LIBRARY_PATH=/home/jsyun/Programming/ROS2/automotive_software_simulator/install/ad_msgs/lib:${LD_LIBRARY_PATH} PYTHONPATH=/home/jsyun/Programming/ROS2/automotive_software_simulator/install/ad_msgs/local/lib/python3.10/dist-packages:${PYTHONPATH} /usr/bin/cmake /home/jsyun/Programming/ROS2/automotive_software_simulator/src/app/autonomous_driving -DAMENT_CMAKE_SYMLINK_INSTALL=1 -DCMAKE_INSTALL_PREFIX=/home/jsyun/Programming/ROS2/automotive_software_simulator/install/autonomous_driving
[6.399s] DEBUG:colcon.colcon_core.event_handler.log_command:Invoking command in '/home/jsyun/Programming/ROS2/automotive_software_simulator/build/evaluation': AMENT_PREFIX_PATH=/home/jsyun/Programming/ROS2/automotive_software_simulator/install/ad_msgs:${AMENT_PREFIX_PATH} CMAKE_PREFIX_PATH=/home/jsyun/Programming/ROS2/automotive_software_simulator/install/ad_msgs:/opt/ros/humble LD_LIBRARY_PATH=/home/jsyun/Programming/ROS2/automotive_software_simulator/install/ad_msgs/lib:${LD_LIBRARY_PATH} PYTHONPATH=/home/jsyun/Programming/ROS2/automotive_software_simulator/install/ad_msgs/local/lib/python3.10/dist-packages:${PYTHONPATH} /usr/bin/cmake /home/jsyun/Programming/ROS2/automotive_software_simulator/src/app/evaluation -DAMENT_CMAKE_SYMLINK_INSTALL=1 -DCMAKE_INSTALL_PREFIX=/home/jsyun/Programming/ROS2/automotive_software_simulator/install/evaluation
[6.400s] DEBUG:colcon.colcon_core.event_handler.log_command:Invoking command in '/home/jsyun/Programming/ROS2/automotive_software_simulator/build/simulator': AMENT_PREFIX_PATH=/home/jsyun/Programming/ROS2/automotive_software_simulator/install/ad_msgs:${AMENT_PREFIX_PATH} CMAKE_PREFIX_PATH=/home/jsyun/Programming/ROS2/automotive_software_simulator/install/ad_msgs:/opt/ros/humble LD_LIBRARY_PATH=/home/jsyun/Programming/ROS2/automotive_software_simulator/install/ad_msgs/lib:${LD_LIBRARY_PATH} PYTHONPATH=/home/jsyun/Programming/ROS2/automotive_software_simulator/install/ad_msgs/local/lib/python3.10/dist-packages:${PYTHONPATH} /usr/bin/cmake /home/jsyun/Programming/ROS2/automotive_software_simulator/src/app/simulator -DAMENT_CMAKE_SYMLINK_INSTALL=1 -DCMAKE_INSTALL_PREFIX=/home/jsyun/Programming/ROS2/automotive_software_simulator/install/simulator
[7.390s] DEBUG:colcon.colcon_core.event_handler.log_command:Invoked command in '/home/jsyun/Programming/ROS2/automotive_software_simulator/build/autonomous_driving' returned '0': AMENT_PREFIX_PATH=/home/jsyun/Programming/ROS2/automotive_software_simulator/install/ad_msgs:${AMENT_PREFIX_PATH} CMAKE_PREFIX_PATH=/home/jsyun/Programming/ROS2/automotive_software_simulator/install/ad_msgs:/opt/ros/humble LD_LIBRARY_PATH=/home/jsyun/Programming/ROS2/automotive_software_simulator/install/ad_msgs/lib:${LD_LIBRARY_PATH} PYTHONPATH=/home/jsyun/Programming/ROS2/automotive_software_simulator/install/ad_msgs/local/lib/python3.10/dist-packages:${PYTHONPATH} /usr/bin/cmake /home/jsyun/Programming/ROS2/automotive_software_simulator/src/app/autonomous_driving -DAMENT_CMAKE_SYMLINK_INSTALL=1 -DCMAKE_INSTALL_PREFIX=/home/jsyun/Programming/ROS2/automotive_software_simulator/install/autonomous_driving
[7.392s] DEBUG:colcon.colcon_core.event_handler.log_command:Invoking command in '/home/jsyun/Programming/ROS2/automotive_software_simulator/build/autonomous_driving': AMENT_PREFIX_PATH=/home/jsyun/Programming/ROS2/automotive_software_simulator/install/ad_msgs:${AMENT_PREFIX_PATH} CMAKE_PREFIX_PATH=/home/jsyun/Programming/ROS2/automotive_software_simulator/install/ad_msgs:/opt/ros/humble LD_LIBRARY_PATH=/home/jsyun/Programming/ROS2/automotive_software_simulator/install/ad_msgs/lib:${LD_LIBRARY_PATH} PYTHONPATH=/home/jsyun/Programming/ROS2/automotive_software_simulator/install/ad_msgs/local/lib/python3.10/dist-packages:${PYTHONPATH} /usr/bin/cmake --build /home/jsyun/Programming/ROS2/automotive_software_simulator/build/autonomous_driving -- -j12 -l12
[7.518s] DEBUG:colcon.colcon_core.event_handler.log_command:Invoked command in '/home/jsyun/Programming/ROS2/automotive_software_simulator/build/simulator' returned '0': AMENT_PREFIX_PATH=/home/jsyun/Programming/ROS2/automotive_software_simulator/install/ad_msgs:${AMENT_PREFIX_PATH} CMAKE_PREFIX_PATH=/home/jsyun/Programming/ROS2/automotive_software_simulator/install/ad_msgs:/opt/ros/humble LD_LIBRARY_PATH=/home/jsyun/Programming/ROS2/automotive_software_simulator/install/ad_msgs/lib:${LD_LIBRARY_PATH} PYTHONPATH=/home/jsyun/Programming/ROS2/automotive_software_simulator/install/ad_msgs/local/lib/python3.10/dist-packages:${PYTHONPATH} /usr/bin/cmake /home/jsyun/Programming/ROS2/automotive_software_simulator/src/app/simulator -DAMENT_CMAKE_SYMLINK_INSTALL=1 -DCMAKE_INSTALL_PREFIX=/home/jsyun/Programming/ROS2/automotive_software_simulator/install/simulator
[7.518s] DEBUG:colcon.colcon_core.event_handler.log_command:Invoking command in '/home/jsyun/Programming/ROS2/automotive_software_simulator/build/simulator': AMENT_PREFIX_PATH=/home/jsyun/Programming/ROS2/automotive_software_simulator/install/ad_msgs:${AMENT_PREFIX_PATH} CMAKE_PREFIX_PATH=/home/jsyun/Programming/ROS2/automotive_software_simulator/install/ad_msgs:/opt/ros/humble LD_LIBRARY_PATH=/home/jsyun/Programming/ROS2/automotive_software_simulator/install/ad_msgs/lib:${LD_LIBRARY_PATH} PYTHONPATH=/home/jsyun/Programming/ROS2/automotive_software_simulator/install/ad_msgs/local/lib/python3.10/dist-packages:${PYTHONPATH} /usr/bin/cmake --build /home/jsyun/Programming/ROS2/automotive_software_simulator/build/simulator -- -j12 -l12
[7.518s] DEBUG:colcon.colcon_core.event_handler.log_command:Invoked command in '/home/jsyun/Programming/ROS2/automotive_software_simulator/build/evaluation' returned '0': AMENT_PREFIX_PATH=/home/jsyun/Programming/ROS2/automotive_software_simulator/install/ad_msgs:${AMENT_PREFIX_PATH} CMAKE_PREFIX_PATH=/home/jsyun/Programming/ROS2/automotive_software_simulator/install/ad_msgs:/opt/ros/humble LD_LIBRARY_PATH=/home/jsyun/Programming/ROS2/automotive_software_simulator/install/ad_msgs/lib:${LD_LIBRARY_PATH} PYTHONPATH=/home/jsyun/Programming/ROS2/automotive_software_simulator/install/ad_msgs/local/lib/python3.10/dist-packages:${PYTHONPATH} /usr/bin/cmake /home/jsyun/Programming/ROS2/automotive_software_simulator/src/app/evaluation -DAMENT_CMAKE_SYMLINK_INSTALL=1 -DCMAKE_INSTALL_PREFIX=/home/jsyun/Programming/ROS2/automotive_software_simulator/install/evaluation
[7.519s] DEBUG:colcon.colcon_core.event_handler.log_command:Invoking command in '/home/jsyun/Programming/ROS2/automotive_software_simulator/build/evaluation': AMENT_PREFIX_PATH=/home/jsyun/Programming/ROS2/automotive_software_simulator/install/ad_msgs:${AMENT_PREFIX_PATH} CMAKE_PREFIX_PATH=/home/jsyun/Programming/ROS2/automotive_software_simulator/install/ad_msgs:/opt/ros/humble LD_LIBRARY_PATH=/home/jsyun/Programming/ROS2/automotive_software_simulator/install/ad_msgs/lib:${LD_LIBRARY_PATH} PYTHONPATH=/home/jsyun/Programming/ROS2/automotive_software_simulator/install/ad_msgs/local/lib/python3.10/dist-packages:${PYTHONPATH} /usr/bin/cmake --build /home/jsyun/Programming/ROS2/automotive_software_simulator/build/evaluation -- -j12 -l12
[16.745s] DEBUG:colcon.colcon_core.event_handler.log_command:Invoked command in '/home/jsyun/Programming/ROS2/automotive_software_simulator/build/evaluation' returned '0': AMENT_PREFIX_PATH=/home/jsyun/Programming/ROS2/automotive_software_simulator/install/ad_msgs:${AMENT_PREFIX_PATH} CMAKE_PREFIX_PATH=/home/jsyun/Programming/ROS2/automotive_software_simulator/install/ad_msgs:/opt/ros/humble LD_LIBRARY_PATH=/home/jsyun/Programming/ROS2/automotive_software_simulator/install/ad_msgs/lib:${LD_LIBRARY_PATH} PYTHONPATH=/home/jsyun/Programming/ROS2/automotive_software_simulator/install/ad_msgs/local/lib/python3.10/dist-packages:${PYTHONPATH} /usr/bin/cmake --build /home/jsyun/Programming/ROS2/automotive_software_simulator/build/evaluation -- -j12 -l12
[16.775s] DEBUG:colcon.colcon_core.event_handler.log_command:Invoking command in '/home/jsyun/Programming/ROS2/automotive_software_simulator/build/evaluation': AMENT_PREFIX_PATH=/home/jsyun/Programming/ROS2/automotive_software_simulator/install/ad_msgs:${AMENT_PREFIX_PATH} CMAKE_PREFIX_PATH=/home/jsyun/Programming/ROS2/automotive_software_simulator/install/ad_msgs:/opt/ros/humble LD_LIBRARY_PATH=/home/jsyun/Programming/ROS2/automotive_software_simulator/install/ad_msgs/lib:${LD_LIBRARY_PATH} PYTHONPATH=/home/jsyun/Programming/ROS2/automotive_software_simulator/install/ad_msgs/local/lib/python3.10/dist-packages:${PYTHONPATH} /usr/bin/cmake --install /home/jsyun/Programming/ROS2/automotive_software_simulator/build/evaluation
[16.949s] Level 1:colcon.colcon_core.environment:create_environment_scripts_only(evaluation)
[16.949s] Level 1:colcon.colcon_core.environment:checking '/home/jsyun/Programming/ROS2/automotive_software_simulator/install/evaluation' for CMake module files
[16.950s] DEBUG:colcon.colcon_core.event_handler.log_command:Invoked command in '/home/jsyun/Programming/ROS2/automotive_software_simulator/build/evaluation' returned '0': AMENT_PREFIX_PATH=/home/jsyun/Programming/ROS2/automotive_software_simulator/install/ad_msgs:${AMENT_PREFIX_PATH} CMAKE_PREFIX_PATH=/home/jsyun/Programming/ROS2/automotive_software_simulator/install/ad_msgs:/opt/ros/humble LD_LIBRARY_PATH=/home/jsyun/Programming/ROS2/automotive_software_simulator/install/ad_msgs/lib:${LD_LIBRARY_PATH} PYTHONPATH=/home/jsyun/Programming/ROS2/automotive_software_simulator/install/ad_msgs/local/lib/python3.10/dist-packages:${PYTHONPATH} /usr/bin/cmake --install /home/jsyun/Programming/ROS2/automotive_software_simulator/build/evaluation
[16.950s] Level 1:colcon.colcon_core.environment:checking '/home/jsyun/Programming/ROS2/automotive_software_simulator/install/evaluation' for CMake config files
[16.950s] Level 1:colcon.colcon_core.shell:create_environment_hook('evaluation', 'cmake_prefix_path')
[16.951s] INFO:colcon.colcon_core.shell:Creating environment hook '/home/jsyun/Programming/ROS2/automotive_software_simulator/install/evaluation/share/evaluation/hook/cmake_prefix_path.ps1'
[16.951s] INFO:colcon.colcon_core.shell:Creating environment descriptor '/home/jsyun/Programming/ROS2/automotive_software_simulator/install/evaluation/share/evaluation/hook/cmake_prefix_path.dsv'
[16.951s] INFO:colcon.colcon_core.shell:Creating environment hook '/home/jsyun/Programming/ROS2/automotive_software_simulator/install/evaluation/share/evaluation/hook/cmake_prefix_path.sh'
[16.952s] Level 1:colcon.colcon_core.environment:checking '/home/jsyun/Programming/ROS2/automotive_software_simulator/install/evaluation/lib'
[16.952s] Level 1:colcon.colcon_core.environment:checking '/home/jsyun/Programming/ROS2/automotive_software_simulator/install/evaluation/bin'
[16.952s] Level 1:colcon.colcon_core.environment:checking '/home/jsyun/Programming/ROS2/automotive_software_simulator/install/evaluation/lib/pkgconfig/evaluation.pc'
[16.952s] Level 1:colcon.colcon_core.environment:checking '/home/jsyun/Programming/ROS2/automotive_software_simulator/install/evaluation/lib/python3.10/site-packages'
[16.952s] Level 1:colcon.colcon_core.environment:checking '/home/jsyun/Programming/ROS2/automotive_software_simulator/install/evaluation/bin'
[16.952s] INFO:colcon.colcon_core.shell:Creating package script '/home/jsyun/Programming/ROS2/automotive_software_simulator/install/evaluation/share/evaluation/package.ps1'
[16.953s] INFO:colcon.colcon_core.shell:Creating package descriptor '/home/jsyun/Programming/ROS2/automotive_software_simulator/install/evaluation/share/evaluation/package.dsv'
[16.953s] INFO:colcon.colcon_core.shell:Creating package script '/home/jsyun/Programming/ROS2/automotive_software_simulator/install/evaluation/share/evaluation/package.sh'
[16.953s] INFO:colcon.colcon_core.shell:Creating package script '/home/jsyun/Programming/ROS2/automotive_software_simulator/install/evaluation/share/evaluation/package.bash'
[16.953s] INFO:colcon.colcon_core.shell:Creating package script '/home/jsyun/Programming/ROS2/automotive_software_simulator/install/evaluation/share/evaluation/package.zsh'
[16.954s] Level 1:colcon.colcon_core.environment:create_file_with_runtime_dependencies(/home/jsyun/Programming/ROS2/automotive_software_simulator/install/evaluation/share/colcon-core/packages/evaluation)
[16.982s] Level 1:colcon.colcon_core.environment:create_environment_scripts_only(evaluation)
[16.983s] Level 1:colcon.colcon_core.environment:checking '/home/jsyun/Programming/ROS2/automotive_software_simulator/install/evaluation' for CMake module files
[16.983s] Level 1:colcon.colcon_core.environment:checking '/home/jsyun/Programming/ROS2/automotive_software_simulator/install/evaluation' for CMake config files
[16.983s] Level 1:colcon.colcon_core.shell:create_environment_hook('evaluation', 'cmake_prefix_path')
[16.984s] INFO:colcon.colcon_core.shell:Creating environment hook '/home/jsyun/Programming/ROS2/automotive_software_simulator/install/evaluation/share/evaluation/hook/cmake_prefix_path.ps1'
[16.984s] INFO:colcon.colcon_core.shell:Creating environment descriptor '/home/jsyun/Programming/ROS2/automotive_software_simulator/install/evaluation/share/evaluation/hook/cmake_prefix_path.dsv'
[16.984s] INFO:colcon.colcon_core.shell:Creating environment hook '/home/jsyun/Programming/ROS2/automotive_software_simulator/install/evaluation/share/evaluation/hook/cmake_prefix_path.sh'
[16.985s] Level 1:colcon.colcon_core.environment:checking '/home/jsyun/Programming/ROS2/automotive_software_simulator/install/evaluation/lib'
[16.985s] Level 1:colcon.colcon_core.environment:checking '/home/jsyun/Programming/ROS2/automotive_software_simulator/install/evaluation/bin'
[16.985s] Level 1:colcon.colcon_core.environment:checking '/home/jsyun/Programming/ROS2/automotive_software_simulator/install/evaluation/lib/pkgconfig/evaluation.pc'
[16.985s] Level 1:colcon.colcon_core.environment:checking '/home/jsyun/Programming/ROS2/automotive_software_simulator/install/evaluation/lib/python3.10/site-packages'
[16.985s] Level 1:colcon.colcon_core.environment:checking '/home/jsyun/Programming/ROS2/automotive_software_simulator/install/evaluation/bin'
[16.985s] INFO:colcon.colcon_core.shell:Creating package script '/home/jsyun/Programming/ROS2/automotive_software_simulator/install/evaluation/share/evaluation/package.ps1'
[16.986s] INFO:colcon.colcon_core.shell:Creating package descriptor '/home/jsyun/Programming/ROS2/automotive_software_simulator/install/evaluation/share/evaluation/package.dsv'
[16.986s] INFO:colcon.colcon_core.shell:Creating package script '/home/jsyun/Programming/ROS2/automotive_software_simulator/install/evaluation/share/evaluation/package.sh'
[16.986s] INFO:colcon.colcon_core.shell:Creating package script '/home/jsyun/Programming/ROS2/automotive_software_simulator/install/evaluation/share/evaluation/package.bash'
[16.987s] INFO:colcon.colcon_core.shell:Creating package script '/home/jsyun/Programming/ROS2/automotive_software_simulator/install/evaluation/share/evaluation/package.zsh'
[16.987s] Level 1:colcon.colcon_core.environment:create_file_with_runtime_dependencies(/home/jsyun/Programming/ROS2/automotive_software_simulator/install/evaluation/share/colcon-core/packages/evaluation)
[23.287s] DEBUG:colcon.colcon_core.event_handler.log_command:Invoked command in '/home/jsyun/Programming/ROS2/automotive_software_simulator/build/autonomous_driving' returned '0': AMENT_PREFIX_PATH=/home/jsyun/Programming/ROS2/automotive_software_simulator/install/ad_msgs:${AMENT_PREFIX_PATH} CMAKE_PREFIX_PATH=/home/jsyun/Programming/ROS2/automotive_software_simulator/install/ad_msgs:/opt/ros/humble LD_LIBRARY_PATH=/home/jsyun/Programming/ROS2/automotive_software_simulator/install/ad_msgs/lib:${LD_LIBRARY_PATH} PYTHONPATH=/home/jsyun/Programming/ROS2/automotive_software_simulator/install/ad_msgs/local/lib/python3.10/dist-packages:${PYTHONPATH} /usr/bin/cmake --build /home/jsyun/Programming/ROS2/automotive_software_simulator/build/autonomous_driving -- -j12 -l12
[23.312s] DEBUG:colcon.colcon_core.event_handler.log_command:Invoking command in '/home/jsyun/Programming/ROS2/automotive_software_simulator/build/autonomous_driving': AMENT_PREFIX_PATH=/home/jsyun/Programming/ROS2/automotive_software_simulator/install/ad_msgs:${AMENT_PREFIX_PATH} CMAKE_PREFIX_PATH=/home/jsyun/Programming/ROS2/automotive_software_simulator/install/ad_msgs:/opt/ros/humble LD_LIBRARY_PATH=/home/jsyun/Programming/ROS2/automotive_software_simulator/install/ad_msgs/lib:${LD_LIBRARY_PATH} PYTHONPATH=/home/jsyun/Programming/ROS2/automotive_software_simulator/install/ad_msgs/local/lib/python3.10/dist-packages:${PYTHONPATH} /usr/bin/cmake --install /home/jsyun/Programming/ROS2/automotive_software_simulator/build/autonomous_driving
[23.480s] Level 1:colcon.colcon_core.environment:create_environment_scripts_only(autonomous_driving)
[23.480s] Level 1:colcon.colcon_core.environment:checking '/home/jsyun/Programming/ROS2/automotive_software_simulator/install/autonomous_driving' for CMake module files
[23.480s] DEBUG:colcon.colcon_core.event_handler.log_command:Invoked command in '/home/jsyun/Programming/ROS2/automotive_software_simulator/build/autonomous_driving' returned '0': AMENT_PREFIX_PATH=/home/jsyun/Programming/ROS2/automotive_software_simulator/install/ad_msgs:${AMENT_PREFIX_PATH} CMAKE_PREFIX_PATH=/home/jsyun/Programming/ROS2/automotive_software_simulator/install/ad_msgs:/opt/ros/humble LD_LIBRARY_PATH=/home/jsyun/Programming/ROS2/automotive_software_simulator/install/ad_msgs/lib:${LD_LIBRARY_PATH} PYTHONPATH=/home/jsyun/Programming/ROS2/automotive_software_simulator/install/ad_msgs/local/lib/python3.10/dist-packages:${PYTHONPATH} /usr/bin/cmake --install /home/jsyun/Programming/ROS2/automotive_software_simulator/build/autonomous_driving
[23.481s] Level 1:colcon.colcon_core.environment:checking '/home/jsyun/Programming/ROS2/automotive_software_simulator/install/autonomous_driving' for CMake config files
[23.481s] Level 1:colcon.colcon_core.shell:create_environment_hook('autonomous_driving', 'cmake_prefix_path')
[23.481s] INFO:colcon.colcon_core.shell:Creating environment hook '/home/jsyun/Programming/ROS2/automotive_software_simulator/install/autonomous_driving/share/autonomous_driving/hook/cmake_prefix_path.ps1'
[23.482s] INFO:colcon.colcon_core.shell:Creating environment descriptor '/home/jsyun/Programming/ROS2/automotive_software_simulator/install/autonomous_driving/share/autonomous_driving/hook/cmake_prefix_path.dsv'
[23.482s] INFO:colcon.colcon_core.shell:Creating environment hook '/home/jsyun/Programming/ROS2/automotive_software_simulator/install/autonomous_driving/share/autonomous_driving/hook/cmake_prefix_path.sh'
[23.482s] Level 1:colcon.colcon_core.environment:checking '/home/jsyun/Programming/ROS2/automotive_software_simulator/install/autonomous_driving/lib'
[23.482s] Level 1:colcon.colcon_core.environment:checking '/home/jsyun/Programming/ROS2/automotive_software_simulator/install/autonomous_driving/bin'
[23.482s] Level 1:colcon.colcon_core.environment:checking '/home/jsyun/Programming/ROS2/automotive_software_simulator/install/autonomous_driving/lib/pkgconfig/autonomous_driving.pc'
[23.482s] Level 1:colcon.colcon_core.environment:checking '/home/jsyun/Programming/ROS2/automotive_software_simulator/install/autonomous_driving/lib/python3.10/site-packages'
[23.483s] Level 1:colcon.colcon_core.environment:checking '/home/jsyun/Programming/ROS2/automotive_software_simulator/install/autonomous_driving/bin'
[23.483s] INFO:colcon.colcon_core.shell:Creating package script '/home/jsyun/Programming/ROS2/automotive_software_simulator/install/autonomous_driving/share/autonomous_driving/package.ps1'
[23.483s] INFO:colcon.colcon_core.shell:Creating package descriptor '/home/jsyun/Programming/ROS2/automotive_software_simulator/install/autonomous_driving/share/autonomous_driving/package.dsv'
[23.483s] INFO:colcon.colcon_core.shell:Creating package script '/home/jsyun/Programming/ROS2/automotive_software_simulator/install/autonomous_driving/share/autonomous_driving/package.sh'
[23.484s] INFO:colcon.colcon_core.shell:Creating package script '/home/jsyun/Programming/ROS2/automotive_software_simulator/install/autonomous_driving/share/autonomous_driving/package.bash'
[23.484s] INFO:colcon.colcon_core.shell:Creating package script '/home/jsyun/Programming/ROS2/automotive_software_simulator/install/autonomous_driving/share/autonomous_driving/package.zsh'
[23.484s] Level 1:colcon.colcon_core.environment:create_file_with_runtime_dependencies(/home/jsyun/Programming/ROS2/automotive_software_simulator/install/autonomous_driving/share/colcon-core/packages/autonomous_driving)
[23.507s] Level 1:colcon.colcon_core.environment:create_environment_scripts_only(autonomous_driving)
[23.508s] Level 1:colcon.colcon_core.environment:checking '/home/jsyun/Programming/ROS2/automotive_software_simulator/install/autonomous_driving' for CMake module files
[23.508s] Level 1:colcon.colcon_core.environment:checking '/home/jsyun/Programming/ROS2/automotive_software_simulator/install/autonomous_driving' for CMake config files
[23.508s] Level 1:colcon.colcon_core.shell:create_environment_hook('autonomous_driving', 'cmake_prefix_path')
[23.508s] INFO:colcon.colcon_core.shell:Creating environment hook '/home/jsyun/Programming/ROS2/automotive_software_simulator/install/autonomous_driving/share/autonomous_driving/hook/cmake_prefix_path.ps1'
[23.509s] INFO:colcon.colcon_core.shell:Creating environment descriptor '/home/jsyun/Programming/ROS2/automotive_software_simulator/install/autonomous_driving/share/autonomous_driving/hook/cmake_prefix_path.dsv'
[23.509s] INFO:colcon.colcon_core.shell:Creating environment hook '/home/jsyun/Programming/ROS2/automotive_software_simulator/install/autonomous_driving/share/autonomous_driving/hook/cmake_prefix_path.sh'
[23.509s] Level 1:colcon.colcon_core.environment:checking '/home/jsyun/Programming/ROS2/automotive_software_simulator/install/autonomous_driving/lib'
[23.509s] Level 1:colcon.colcon_core.environment:checking '/home/jsyun/Programming/ROS2/automotive_software_simulator/install/autonomous_driving/bin'
[23.510s] Level 1:colcon.colcon_core.environment:checking '/home/jsyun/Programming/ROS2/automotive_software_simulator/install/autonomous_driving/lib/pkgconfig/autonomous_driving.pc'
[23.510s] Level 1:colcon.colcon_core.environment:checking '/home/jsyun/Programming/ROS2/automotive_software_simulator/install/autonomous_driving/lib/python3.10/site-packages'
[23.510s] Level 1:colcon.colcon_core.environment:checking '/home/jsyun/Programming/ROS2/automotive_software_simulator/install/autonomous_driving/bin'
[23.510s] INFO:colcon.colcon_core.shell:Creating package script '/home/jsyun/Programming/ROS2/automotive_software_simulator/install/autonomous_driving/share/autonomous_driving/package.ps1'
[23.510s] INFO:colcon.colcon_core.shell:Creating package descriptor '/home/jsyun/Programming/ROS2/automotive_software_simulator/install/autonomous_driving/share/autonomous_driving/package.dsv'
[23.511s] INFO:colcon.colcon_core.shell:Creating package script '/home/jsyun/Programming/ROS2/automotive_software_simulator/install/autonomous_driving/share/autonomous_driving/package.sh'
[23.511s] INFO:colcon.colcon_core.shell:Creating package script '/home/jsyun/Programming/ROS2/automotive_software_simulator/install/autonomous_driving/share/autonomous_driving/package.bash'
[23.511s] INFO:colcon.colcon_core.shell:Creating package script '/home/jsyun/Programming/ROS2/automotive_software_simulator/install/autonomous_driving/share/autonomous_driving/package.zsh'
[23.511s] Level 1:colcon.colcon_core.environment:create_file_with_runtime_dependencies(/home/jsyun/Programming/ROS2/automotive_software_simulator/install/autonomous_driving/share/colcon-core/packages/autonomous_driving)
[23.874s] DEBUG:colcon.colcon_core.event_handler.log_command:Invoked command in '/home/jsyun/Programming/ROS2/automotive_software_simulator/build/simulator' returned '0': AMENT_PREFIX_PATH=/home/jsyun/Programming/ROS2/automotive_software_simulator/install/ad_msgs:${AMENT_PREFIX_PATH} CMAKE_PREFIX_PATH=/home/jsyun/Programming/ROS2/automotive_software_simulator/install/ad_msgs:/opt/ros/humble LD_LIBRARY_PATH=/home/jsyun/Programming/ROS2/automotive_software_simulator/install/ad_msgs/lib:${LD_LIBRARY_PATH} PYTHONPATH=/home/jsyun/Programming/ROS2/automotive_software_simulator/install/ad_msgs/local/lib/python3.10/dist-packages:${PYTHONPATH} /usr/bin/cmake --build /home/jsyun/Programming/ROS2/automotive_software_simulator/build/simulator -- -j12 -l12
[23.905s] DEBUG:colcon.colcon_core.event_handler.log_command:Invoking command in '/home/jsyun/Programming/ROS2/automotive_software_simulator/build/simulator': AMENT_PREFIX_PATH=/home/jsyun/Programming/ROS2/automotive_software_simulator/install/ad_msgs:${AMENT_PREFIX_PATH} CMAKE_PREFIX_PATH=/home/jsyun/Programming/ROS2/automotive_software_simulator/install/ad_msgs:/opt/ros/humble LD_LIBRARY_PATH=/home/jsyun/Programming/ROS2/automotive_software_simulator/install/ad_msgs/lib:${LD_LIBRARY_PATH} PYTHONPATH=/home/jsyun/Programming/ROS2/automotive_software_simulator/install/ad_msgs/local/lib/python3.10/dist-packages:${PYTHONPATH} /usr/bin/cmake --install /home/jsyun/Programming/ROS2/automotive_software_simulator/build/simulator
[24.050s] Level 1:colcon.colcon_core.environment:create_environment_scripts_only(simulator)
[24.050s] Level 1:colcon.colcon_core.environment:checking '/home/jsyun/Programming/ROS2/automotive_software_simulator/install/simulator' for CMake module files
[24.051s] DEBUG:colcon.colcon_core.event_handler.log_command:Invoked command in '/home/jsyun/Programming/ROS2/automotive_software_simulator/build/simulator' returned '0': AMENT_PREFIX_PATH=/home/jsyun/Programming/ROS2/automotive_software_simulator/install/ad_msgs:${AMENT_PREFIX_PATH} CMAKE_PREFIX_PATH=/home/jsyun/Programming/ROS2/automotive_software_simulator/install/ad_msgs:/opt/ros/humble LD_LIBRARY_PATH=/home/jsyun/Programming/ROS2/automotive_software_simulator/install/ad_msgs/lib:${LD_LIBRARY_PATH} PYTHONPATH=/home/jsyun/Programming/ROS2/automotive_software_simulator/install/ad_msgs/local/lib/python3.10/dist-packages:${PYTHONPATH} /usr/bin/cmake --install /home/jsyun/Programming/ROS2/automotive_software_simulator/build/simulator
[24.051s] Level 1:colcon.colcon_core.environment:checking '/home/jsyun/Programming/ROS2/automotive_software_simulator/install/simulator' for CMake config files
[24.051s] Level 1:colcon.colcon_core.shell:create_environment_hook('simulator', 'cmake_prefix_path')
[24.051s] INFO:colcon.colcon_core.shell:Creating environment hook '/home/jsyun/Programming/ROS2/automotive_software_simulator/install/simulator/share/simulator/hook/cmake_prefix_path.ps1'
[24.052s] INFO:colcon.colcon_core.shell:Creating environment descriptor '/home/jsyun/Programming/ROS2/automotive_software_simulator/install/simulator/share/simulator/hook/cmake_prefix_path.dsv'
[24.052s] INFO:colcon.colcon_core.shell:Creating environment hook '/home/jsyun/Programming/ROS2/automotive_software_simulator/install/simulator/share/simulator/hook/cmake_prefix_path.sh'
[24.052s] Level 1:colcon.colcon_core.environment:checking '/home/jsyun/Programming/ROS2/automotive_software_simulator/install/simulator/lib'
[24.052s] Level 1:colcon.colcon_core.environment:checking '/home/jsyun/Programming/ROS2/automotive_software_simulator/install/simulator/bin'
[24.052s] Level 1:colcon.colcon_core.environment:checking '/home/jsyun/Programming/ROS2/automotive_software_simulator/install/simulator/lib/pkgconfig/simulator.pc'
[24.052s] Level 1:colcon.colcon_core.environment:checking '/home/jsyun/Programming/ROS2/automotive_software_simulator/install/simulator/lib/python3.10/site-packages'
[24.053s] Level 1:colcon.colcon_core.environment:checking '/home/jsyun/Programming/ROS2/automotive_software_simulator/install/simulator/bin'
[24.053s] INFO:colcon.colcon_core.shell:Creating package script '/home/jsyun/Programming/ROS2/automotive_software_simulator/install/simulator/share/simulator/package.ps1'
[24.053s] INFO:colcon.colcon_core.shell:Creating package descriptor '/home/jsyun/Programming/ROS2/automotive_software_simulator/install/simulator/share/simulator/package.dsv'
[24.053s] INFO:colcon.colcon_core.shell:Creating package script '/home/jsyun/Programming/ROS2/automotive_software_simulator/install/simulator/share/simulator/package.sh'
[24.054s] INFO:colcon.colcon_core.shell:Creating package script '/home/jsyun/Programming/ROS2/automotive_software_simulator/install/simulator/share/simulator/package.bash'
[24.054s] INFO:colcon.colcon_core.shell:Creating package script '/home/jsyun/Programming/ROS2/automotive_software_simulator/install/simulator/share/simulator/package.zsh'
[24.054s] Level 1:colcon.colcon_core.environment:create_file_with_runtime_dependencies(/home/jsyun/Programming/ROS2/automotive_software_simulator/install/simulator/share/colcon-core/packages/simulator)
[24.085s] Level 1:colcon.colcon_core.environment:create_environment_scripts_only(simulator)
[24.085s] Level 1:colcon.colcon_core.environment:checking '/home/jsyun/Programming/ROS2/automotive_software_simulator/install/simulator' for CMake module files
[24.086s] Level 1:colcon.colcon_core.environment:checking '/home/jsyun/Programming/ROS2/automotive_software_simulator/install/simulator' for CMake config files
[24.086s] Level 1:colcon.colcon_core.shell:create_environment_hook('simulator', 'cmake_prefix_path')
[24.086s] INFO:colcon.colcon_core.shell:Creating environment hook '/home/jsyun/Programming/ROS2/automotive_software_simulator/install/simulator/share/simulator/hook/cmake_prefix_path.ps1'
[24.086s] INFO:colcon.colcon_core.shell:Creating environment descriptor '/home/jsyun/Programming/ROS2/automotive_software_simulator/install/simulator/share/simulator/hook/cmake_prefix_path.dsv'
[24.086s] INFO:colcon.colcon_core.shell:Creating environment hook '/home/jsyun/Programming/ROS2/automotive_software_simulator/install/simulator/share/simulator/hook/cmake_prefix_path.sh'
[24.087s] Level 1:colcon.colcon_core.environment:checking '/home/jsyun/Programming/ROS2/automotive_software_simulator/install/simulator/lib'
[24.087s] Level 1:colcon.colcon_core.environment:checking '/home/jsyun/Programming/ROS2/automotive_software_simulator/install/simulator/bin'
[24.087s] Level 1:colcon.colcon_core.environment:checking '/home/jsyun/Programming/ROS2/automotive_software_simulator/install/simulator/lib/pkgconfig/simulator.pc'
[24.087s] Level 1:colcon.colcon_core.environment:checking '/home/jsyun/Programming/ROS2/automotive_software_simulator/install/simulator/lib/python3.10/site-packages'
[24.087s] Level 1:colcon.colcon_core.environment:checking '/home/jsyun/Programming/ROS2/automotive_software_simulator/install/simulator/bin'
[24.087s] INFO:colcon.colcon_core.shell:Creating package script '/home/jsyun/Programming/ROS2/automotive_software_simulator/install/simulator/share/simulator/package.ps1'
[24.088s] INFO:colcon.colcon_core.shell:Creating package descriptor '/home/jsyun/Programming/ROS2/automotive_software_simulator/install/simulator/share/simulator/package.dsv'
[24.088s] INFO:colcon.colcon_core.shell:Creating package script '/home/jsyun/Programming/ROS2/automotive_software_simulator/install/simulator/share/simulator/package.sh'
[24.088s] INFO:colcon.colcon_core.shell:Creating package script '/home/jsyun/Programming/ROS2/automotive_software_simulator/install/simulator/share/simulator/package.bash'
[24.089s] INFO:colcon.colcon_core.shell:Creating package script '/home/jsyun/Programming/ROS2/automotive_software_simulator/install/simulator/share/simulator/package.zsh'
[24.089s] Level 1:colcon.colcon_core.environment:create_file_with_runtime_dependencies(/home/jsyun/Programming/ROS2/automotive_software_simulator/install/simulator/share/colcon-core/packages/simulator)
[24.089s] DEBUG:colcon.colcon_parallel_executor.executor.parallel:closing loop
[24.089s] DEBUG:colcon.colcon_parallel_executor.executor.parallel:loop closed
[24.089s] DEBUG:colcon.colcon_parallel_executor.executor.parallel:run_until_complete finished with '0'
[24.089s] DEBUG:colcon.colcon_core.event_reactor:joining thread
[24.094s] INFO:colcon.colcon_core.plugin_system:Skipping extension 'colcon_notification.desktop_notification.terminal_notifier': Not used on non-Darwin systems
[24.094s] INFO:colcon.colcon_core.plugin_system:Skipping extension 'colcon_notification.desktop_notification.win32': Not used on non-Windows systems
[24.094s] INFO:colcon.colcon_notification.desktop_notification:Sending desktop notification using 'notify2'
[24.104s] DEBUG:colcon.colcon_core.event_reactor:joined thread
[24.104s] INFO:colcon.colcon_core.shell:Creating prefix script '/home/jsyun/Programming/ROS2/automotive_software_simulator/install/local_setup.ps1'
[24.105s] INFO:colcon.colcon_core.shell:Creating prefix util module '/home/jsyun/Programming/ROS2/automotive_software_simulator/install/_local_setup_util_ps1.py'
[24.106s] INFO:colcon.colcon_core.shell:Creating prefix chain script '/home/jsyun/Programming/ROS2/automotive_software_simulator/install/setup.ps1'
[24.107s] INFO:colcon.colcon_core.shell:Creating prefix script '/home/jsyun/Programming/ROS2/automotive_software_simulator/install/local_setup.sh'
[24.107s] INFO:colcon.colcon_core.shell:Creating prefix util module '/home/jsyun/Programming/ROS2/automotive_software_simulator/install/_local_setup_util_sh.py'
[24.108s] INFO:colcon.colcon_core.shell:Creating prefix chain script '/home/jsyun/Programming/ROS2/automotive_software_simulator/install/setup.sh'
[24.108s] INFO:colcon.colcon_core.shell:Creating prefix script '/home/jsyun/Programming/ROS2/automotive_software_simulator/install/local_setup.bash'
[24.109s] INFO:colcon.colcon_core.shell:Creating prefix chain script '/home/jsyun/Programming/ROS2/automotive_software_simulator/install/setup.bash'
[24.109s] INFO:colcon.colcon_core.shell:Creating prefix script '/home/jsyun/Programming/ROS2/automotive_software_simulator/install/local_setup.zsh'
[24.110s] INFO:colcon.colcon_core.shell:Creating prefix chain script '/home/jsyun/Programming/ROS2/automotive_software_simulator/install/setup.zsh'
