[0.011s] Invoking command in '/home/jsyun/Programming/ROS2/automotive_software_simulator/build/autonomous_driving': CMAKE_PREFIX_PATH=/home/jsyun/Programming/ROS2/automotive_software_simulator/install/ad_msgs:/home/jsyun/Programming/ROS2/automotive_software_simulator/install/simulator:/home/jsyun/Programming/ROS2/automotive_software_simulator/install/evaluation:/home/jsyun/Programming/ROS2/automotive_software_simulator/install/autonomous_driving:/opt/ros/humble /usr/bin/cmake --build /home/jsyun/Programming/ROS2/automotive_software_simulator/build/autonomous_driving -- -j12 -l12
[0.061s] [100%] Built target autonomous_driving
[0.072s] Invoked command in '/home/jsyun/Programming/ROS2/automotive_software_simulator/build/autonomous_driving' returned '0': CMAKE_PREFIX_PATH=/home/jsyun/Programming/ROS2/automotive_software_simulator/install/ad_msgs:/home/jsyun/Programming/ROS2/automotive_software_simulator/install/simulator:/home/jsyun/Programming/ROS2/automotive_software_simulator/install/evaluation:/home/jsyun/Programming/ROS2/automotive_software_simulator/install/autonomous_driving:/opt/ros/humble /usr/bin/cmake --build /home/jsyun/Programming/ROS2/automotive_software_simulator/build/autonomous_driving -- -j12 -l12
[0.095s] Invoking command in '/home/jsyun/Programming/ROS2/automotive_software_simulator/build/autonomous_driving': CMAKE_PREFIX_PATH=/home/jsyun/Programming/ROS2/automotive_software_simulator/install/ad_msgs:/home/jsyun/Programming/ROS2/automotive_software_simulator/install/simulator:/home/jsyun/Programming/ROS2/automotive_software_simulator/install/evaluation:/home/jsyun/Programming/ROS2/automotive_software_simulator/install/autonomous_driving:/opt/ros/humble /usr/bin/cmake --install /home/jsyun/Programming/ROS2/automotive_software_simulator/build/autonomous_driving
[0.101s] -- Install configuration: "Release"
[0.101s] -- Execute custom install script
[0.102s] -- Up-to-date symlink: /home/jsyun/Programming/ROS2/automotive_software_simulator/install/autonomous_driving/lib/autonomous_driving/autonomous_driving
[0.102s] -- Up-to-date symlink: /home/jsyun/Programming/ROS2/automotive_software_simulator/install/autonomous_driving/lib/autonomous_driving/simultaneous_inputs.py
[0.102s] -- Up-to-date symlink: /home/jsyun/Programming/ROS2/automotive_software_simulator/install/autonomous_driving/share/ament_index/resource_index/package_run_dependencies/autonomous_driving
[0.102s] -- Up-to-date symlink: /home/jsyun/Programming/ROS2/automotive_software_simulator/install/autonomous_driving/share/ament_index/resource_index/parent_prefix_path/autonomous_driving
[0.102s] -- Up-to-date symlink: /home/jsyun/Programming/ROS2/automotive_software_simulator/install/autonomous_driving/share/autonomous_driving/environment/ament_prefix_path.sh
[0.103s] -- Up-to-date symlink: /home/jsyun/Programming/ROS2/automotive_software_simulator/install/autonomous_driving/share/autonomous_driving/environment/ament_prefix_path.dsv
[0.103s] -- Up-to-date symlink: /home/jsyun/Programming/ROS2/automotive_software_simulator/install/autonomous_driving/share/autonomous_driving/environment/path.sh
[0.103s] -- Up-to-date symlink: /home/jsyun/Programming/ROS2/automotive_software_simulator/install/autonomous_driving/share/autonomous_driving/environment/path.dsv
[0.103s] -- Up-to-date symlink: /home/jsyun/Programming/ROS2/automotive_software_simulator/install/autonomous_driving/share/autonomous_driving/local_setup.bash
[0.103s] -- Up-to-date symlink: /home/jsyun/Programming/ROS2/automotive_software_simulator/install/autonomous_driving/share/autonomous_driving/local_setup.sh
[0.103s] -- Up-to-date symlink: /home/jsyun/Programming/ROS2/automotive_software_simulator/install/autonomous_driving/share/autonomous_driving/local_setup.zsh
[0.103s] -- Up-to-date symlink: /home/jsyun/Programming/ROS2/automotive_software_simulator/install/autonomous_driving/share/autonomous_driving/local_setup.dsv
[0.103s] -- Symlinking: /home/jsyun/Programming/ROS2/automotive_software_simulator/install/autonomous_driving/share/autonomous_driving/package.dsv
[0.112s] -- Up-to-date symlink: /home/jsyun/Programming/ROS2/automotive_software_simulator/install/autonomous_driving/share/ament_index/resource_index/packages/autonomous_driving
[0.112s] -- Up-to-date symlink: /home/jsyun/Programming/ROS2/automotive_software_simulator/install/autonomous_driving/share/autonomous_driving/cmake/autonomous_drivingConfig.cmake
[0.112s] -- Up-to-date symlink: /home/jsyun/Programming/ROS2/automotive_software_simulator/install/autonomous_driving/share/autonomous_driving/cmake/autonomous_drivingConfig-version.cmake
[0.112s] -- Up-to-date symlink: /home/jsyun/Programming/ROS2/automotive_software_simulator/install/autonomous_driving/share/autonomous_driving/package.xml
[0.114s] Invoked command in '/home/jsyun/Programming/ROS2/automotive_software_simulator/build/autonomous_driving' returned '0': CMAKE_PREFIX_PATH=/home/jsyun/Programming/ROS2/automotive_software_simulator/install/ad_msgs:/home/jsyun/Programming/ROS2/automotive_software_simulator/install/simulator:/home/jsyun/Programming/ROS2/automotive_software_simulator/install/evaluation:/home/jsyun/Programming/ROS2/automotive_software_simulator/install/autonomous_driving:/opt/ros/humble /usr/bin/cmake --install /home/jsyun/Programming/ROS2/automotive_software_simulator/build/autonomous_driving
