[0.007s] Invoking command in '/home/jsyun/Programming/ROS2/automotive_software_simulator/build/ad_msgs': CMAKE_PREFIX_PATH=/opt/ros/humble /usr/bin/cmake /home/jsyun/Programming/ROS2/automotive_software_simulator/src/rte/msg/ad_msgs -DAMENT_CMAKE_SYMLINK_INSTALL=1 -DCMAKE_INSTALL_PREFIX=/home/jsyun/Programming/ROS2/automotive_software_simulator/install/ad_msgs
[0.061s] -- The C compiler identification is GNU 11.4.0
[0.106s] -- The CXX compiler identification is GNU 11.4.0
[0.114s] -- Detecting C compiler ABI info
[0.172s] -- Detecting C compiler ABI info - done
[0.177s] -- Check for working C compiler: /usr/bin/cc - skipped
[0.177s] -- Detecting C compile features
[0.178s] -- Detecting C compile features - done
[0.180s] -- Detecting CXX compiler ABI info
[0.245s] -- Detecting CXX compiler ABI info - done
[0.250s] -- Check for working CXX compiler: /usr/bin/c++ - skipped
[0.250s] -- Detecting CXX compile features
[0.250s] -- Detecting CXX compile features - done
[0.254s] -- Found ament_cmake: 1.3.10 (/opt/ros/humble/share/ament_cmake/cmake)
[0.366s] -- Found Python3: /usr/bin/python3 (found version "3.10.12") found components: Interpreter 
[0.411s] -- Override CMake install command with custom implementation using symlinks instead of copying resources
[0.437s] -- Found rosidl_default_generators: 1.2.0 (/opt/ros/humble/share/rosidl_default_generators/cmake)
[0.439s] -- Using all available rosidl_typesupport_c: rosidl_typesupport_fastrtps_c;rosidl_typesupport_introspection_c
[0.445s] -- Found rosidl_adapter: 3.1.5 (/opt/ros/humble/share/rosidl_adapter/cmake)
[0.480s] -- Using all available rosidl_typesupport_cpp: rosidl_typesupport_fastrtps_cpp;rosidl_typesupport_introspection_cpp
[0.509s] -- Found std_msgs: 4.2.4 (/opt/ros/humble/share/std_msgs/cmake)
[0.533s] -- Found geometry_msgs: 4.2.4 (/opt/ros/humble/share/geometry_msgs/cmake)
[0.545s] -- Found visualization_msgs: 4.2.4 (/opt/ros/humble/share/visualization_msgs/cmake)
[0.578s] -- Found nav_msgs: 4.2.4 (/opt/ros/humble/share/nav_msgs/cmake)
[0.837s] -- Found ament_cmake_ros: 0.10.0 (/opt/ros/humble/share/ament_cmake_ros/cmake)
[1.066s] -- Using all available rosidl_typesupport_c: rosidl_typesupport_fastrtps_c;rosidl_typesupport_introspection_c
[1.364s] -- Using all available rosidl_typesupport_cpp: rosidl_typesupport_fastrtps_cpp;rosidl_typesupport_introspection_cpp
[1.381s] -- Found PythonInterp: /usr/bin/python3 (found suitable version "3.10.12", minimum required is "3.6") 
[1.382s] -- Found python_cmake_module: 0.10.0 (/opt/ros/humble/share/python_cmake_module/cmake)
[1.401s] -- Found PythonLibs: /usr/lib/x86_64-linux-gnu/libpython3.10.so (found suitable version "3.10.12", minimum required is "3.5") 
[1.402s] -- Using PYTHON_EXECUTABLE: /usr/bin/python3
[1.402s] -- Using PYTHON_INCLUDE_DIRS: /usr/include/python3.10
[1.402s] -- Using PYTHON_LIBRARIES: /usr/lib/x86_64-linux-gnu/libpython3.10.so
[1.417s] -- Found PythonExtra: .so  
[1.488s] -- Configuring done
[1.526s] -- Generating done
[1.528s] -- Build files have been written to: /home/jsyun/Programming/ROS2/automotive_software_simulator/build/ad_msgs
[1.537s] Invoked command in '/home/jsyun/Programming/ROS2/automotive_software_simulator/build/ad_msgs' returned '0': CMAKE_PREFIX_PATH=/opt/ros/humble /usr/bin/cmake /home/jsyun/Programming/ROS2/automotive_software_simulator/src/rte/msg/ad_msgs -DAMENT_CMAKE_SYMLINK_INSTALL=1 -DCMAKE_INSTALL_PREFIX=/home/jsyun/Programming/ROS2/automotive_software_simulator/install/ad_msgs
[1.539s] Invoking command in '/home/jsyun/Programming/ROS2/automotive_software_simulator/build/ad_msgs': CMAKE_PREFIX_PATH=/opt/ros/humble /usr/bin/cmake --build /home/jsyun/Programming/ROS2/automotive_software_simulator/build/ad_msgs -- -j12 -l12
[1.572s] [  1%] [34m[1mGenerating C code for ROS interfaces[0m
[1.580s] [  2%] [34m[1mGenerating C++ code for ROS interfaces[0m
[1.588s] [  2%] Built target ament_cmake_python_symlink_ad_msgs
[1.778s] running egg_info
[1.778s] creating ad_msgs.egg-info
[1.779s] writing ad_msgs.egg-info/PKG-INFO
[1.779s] writing dependency_links to ad_msgs.egg-info/dependency_links.txt
[1.779s] writing top-level names to ad_msgs.egg-info/top_level.txt
[1.779s] writing manifest file 'ad_msgs.egg-info/SOURCES.txt'
[1.780s] reading manifest file 'ad_msgs.egg-info/SOURCES.txt'
[1.781s] writing manifest file 'ad_msgs.egg-info/SOURCES.txt'
[1.804s] [  2%] Built target ament_cmake_python_build_ad_msgs_egg
[1.933s] [  2%] Built target ad_msgs__cpp
[1.976s] [  4%] [34m[1mGenerating C++ type support dispatch for ROS interfaces[0m
[1.976s] [  5%] [34m[1mGenerating C++ type support for eProsima Fast-RTPS[0m
[1.978s] [  7%] [34m[1mGenerating C++ introspection for ROS interfaces[0m
[2.011s] [  8%] [32mBuilding C object CMakeFiles/ad_msgs__rosidl_generator_c.dir/rosidl_generator_c/ad_msgs/msg/detail/polyfit_lane_data__functions.c.o[0m
[2.012s] [  9%] [32mBuilding C object CMakeFiles/ad_msgs__rosidl_generator_c.dir/rosidl_generator_c/ad_msgs/msg/detail/vehicle_output__functions.c.o[0m
[2.012s] [ 12%] [32mBuilding C object CMakeFiles/ad_msgs__rosidl_generator_c.dir/rosidl_generator_c/ad_msgs/msg/detail/lane_point_data_array__functions.c.o[0m
[2.012s] [ 12%] [32mBuilding C object CMakeFiles/ad_msgs__rosidl_generator_c.dir/rosidl_generator_c/ad_msgs/msg/detail/lane_point_data__functions.c.o[0m
[2.012s] [ 14%] [32mBuilding C object CMakeFiles/ad_msgs__rosidl_generator_c.dir/rosidl_generator_c/ad_msgs/msg/detail/vehicle_input__functions.c.o[0m
[2.013s] [ 15%] [32mBuilding C object CMakeFiles/ad_msgs__rosidl_generator_c.dir/rosidl_generator_c/ad_msgs/msg/detail/polyfit_lane_data_array__functions.c.o[0m
[2.079s] [ 16%] [32m[1mLinking C shared library libad_msgs__rosidl_generator_c.so[0m
[2.120s] [ 16%] Built target ad_msgs__rosidl_generator_c
[2.131s] [ 21%] [34m[1mGenerating C introspection for ROS interfaces[0m
[2.131s] [ 21%] [34m[1mGenerating C type support dispatch for ROS interfaces[0m
[2.131s] [ 21%] [34m[1mGenerating C type support for eProsima Fast-RTPS[0m
[2.291s] [ 22%] [32mBuilding CXX object CMakeFiles/ad_msgs__rosidl_typesupport_cpp.dir/rosidl_typesupport_cpp/ad_msgs/msg/lane_point_data_array__type_support.cpp.o[0m
[2.291s] [ 23%] [32mBuilding CXX object CMakeFiles/ad_msgs__rosidl_typesupport_cpp.dir/rosidl_typesupport_cpp/ad_msgs/msg/lane_point_data__type_support.cpp.o[0m
[2.292s] [ 25%] [32mBuilding CXX object CMakeFiles/ad_msgs__rosidl_typesupport_cpp.dir/rosidl_typesupport_cpp/ad_msgs/msg/vehicle_output__type_support.cpp.o[0m
[2.292s] [ 26%] [32mBuilding CXX object CMakeFiles/ad_msgs__rosidl_typesupport_cpp.dir/rosidl_typesupport_cpp/ad_msgs/msg/vehicle_input__type_support.cpp.o[0m
[2.292s] [ 28%] [32mBuilding CXX object CMakeFiles/ad_msgs__rosidl_typesupport_cpp.dir/rosidl_typesupport_cpp/ad_msgs/msg/polyfit_lane_data__type_support.cpp.o[0m
[2.293s] [ 29%] [32mBuilding CXX object CMakeFiles/ad_msgs__rosidl_typesupport_cpp.dir/rosidl_typesupport_cpp/ad_msgs/msg/polyfit_lane_data_array__type_support.cpp.o[0m
[2.401s] [ 32%] [32mBuilding CXX object CMakeFiles/ad_msgs__rosidl_typesupport_introspection_cpp.dir/rosidl_typesupport_introspection_cpp/ad_msgs/msg/detail/vehicle_input__type_support.cpp.o[0m
[2.401s] [ 32%] [32mBuilding CXX object CMakeFiles/ad_msgs__rosidl_typesupport_introspection_cpp.dir/rosidl_typesupport_introspection_cpp/ad_msgs/msg/detail/vehicle_output__type_support.cpp.o[0m
[2.587s] [ 33%] [32mBuilding CXX object CMakeFiles/ad_msgs__rosidl_typesupport_c.dir/rosidl_typesupport_c/ad_msgs/msg/vehicle_output__type_support.cpp.o[0m
[2.597s] [ 35%] [32mBuilding CXX object CMakeFiles/ad_msgs__rosidl_typesupport_fastrtps_cpp.dir/rosidl_typesupport_fastrtps_cpp/ad_msgs/msg/detail/dds_fastrtps/vehicle_output__type_support.cpp.o[0m
[2.643s] [ 36%] [32mBuilding CXX object CMakeFiles/ad_msgs__rosidl_typesupport_c.dir/rosidl_typesupport_c/ad_msgs/msg/vehicle_input__type_support.cpp.o[0m
[2.685s] [ 39%] [32mBuilding CXX object CMakeFiles/ad_msgs__rosidl_typesupport_c.dir/rosidl_typesupport_c/ad_msgs/msg/polyfit_lane_data__type_support.cpp.o[0m
[2.686s] [ 39%] [32mBuilding CXX object CMakeFiles/ad_msgs__rosidl_typesupport_fastrtps_cpp.dir/rosidl_typesupport_fastrtps_cpp/ad_msgs/msg/detail/dds_fastrtps/vehicle_input__type_support.cpp.o[0m
[2.686s] [ 40%] [32mBuilding CXX object CMakeFiles/ad_msgs__rosidl_typesupport_c.dir/rosidl_typesupport_c/ad_msgs/msg/lane_point_data__type_support.cpp.o[0m
[2.686s] [ 42%] [32mBuilding CXX object CMakeFiles/ad_msgs__rosidl_typesupport_c.dir/rosidl_typesupport_c/ad_msgs/msg/lane_point_data_array__type_support.cpp.o[0m
[2.697s] [ 43%] [32mBuilding CXX object CMakeFiles/ad_msgs__rosidl_typesupport_c.dir/rosidl_typesupport_c/ad_msgs/msg/polyfit_lane_data_array__type_support.cpp.o[0m
[2.699s] [ 45%] [32mBuilding CXX object CMakeFiles/ad_msgs__rosidl_typesupport_introspection_cpp.dir/rosidl_typesupport_introspection_cpp/ad_msgs/msg/detail/polyfit_lane_data__type_support.cpp.o[0m
[2.709s] [ 46%] [32m[1mLinking CXX shared library libad_msgs__rosidl_typesupport_cpp.so[0m
[2.729s] [ 47%] [32mBuilding CXX object CMakeFiles/ad_msgs__rosidl_typesupport_introspection_cpp.dir/rosidl_typesupport_introspection_cpp/ad_msgs/msg/detail/lane_point_data__type_support.cpp.o[0m
[2.741s] [ 49%] [32mBuilding CXX object CMakeFiles/ad_msgs__rosidl_typesupport_fastrtps_cpp.dir/rosidl_typesupport_fastrtps_cpp/ad_msgs/msg/detail/dds_fastrtps/polyfit_lane_data__type_support.cpp.o[0m
[2.752s] [ 50%] [32m[1mLinking CXX shared library libad_msgs__rosidl_typesupport_c.so[0m
[2.753s] [ 52%] [32mBuilding CXX object CMakeFiles/ad_msgs__rosidl_typesupport_introspection_cpp.dir/rosidl_typesupport_introspection_cpp/ad_msgs/msg/detail/lane_point_data_array__type_support.cpp.o[0m
[2.757s] [ 53%] [32mBuilding C object CMakeFiles/ad_msgs__rosidl_typesupport_introspection_c.dir/rosidl_typesupport_introspection_c/ad_msgs/msg/detail/vehicle_output__type_support.c.o[0m
[2.779s] [ 53%] Built target ad_msgs__rosidl_typesupport_cpp
[2.794s] [ 54%] [32mBuilding CXX object CMakeFiles/ad_msgs__rosidl_typesupport_fastrtps_cpp.dir/rosidl_typesupport_fastrtps_cpp/ad_msgs/msg/detail/dds_fastrtps/lane_point_data__type_support.cpp.o[0m
[2.794s] [ 56%] [32mBuilding CXX object CMakeFiles/ad_msgs__rosidl_typesupport_fastrtps_c.dir/rosidl_typesupport_fastrtps_c/ad_msgs/msg/detail/vehicle_output__type_support_c.cpp.o[0m
[2.821s] [ 57%] [32mBuilding C object CMakeFiles/ad_msgs__rosidl_typesupport_introspection_c.dir/rosidl_typesupport_introspection_c/ad_msgs/msg/detail/vehicle_input__type_support.c.o[0m
[2.821s] [ 57%] Built target ad_msgs__rosidl_typesupport_c
[2.835s] [ 59%] [32mBuilding CXX object CMakeFiles/ad_msgs__rosidl_typesupport_fastrtps_c.dir/rosidl_typesupport_fastrtps_c/ad_msgs/msg/detail/vehicle_input__type_support_c.cpp.o[0m
[2.880s] [ 60%] [32mBuilding C object CMakeFiles/ad_msgs__rosidl_typesupport_introspection_c.dir/rosidl_typesupport_introspection_c/ad_msgs/msg/detail/polyfit_lane_data__type_support.c.o[0m
[2.942s] [ 61%] [32mBuilding C object CMakeFiles/ad_msgs__rosidl_typesupport_introspection_c.dir/rosidl_typesupport_introspection_c/ad_msgs/msg/detail/lane_point_data__type_support.c.o[0m
[2.965s] [ 63%] [32mBuilding CXX object CMakeFiles/ad_msgs__rosidl_typesupport_fastrtps_cpp.dir/rosidl_typesupport_fastrtps_cpp/ad_msgs/msg/detail/dds_fastrtps/lane_point_data_array__type_support.cpp.o[0m
[2.991s] [ 64%] [32mBuilding CXX object CMakeFiles/ad_msgs__rosidl_typesupport_fastrtps_c.dir/rosidl_typesupport_fastrtps_c/ad_msgs/msg/detail/polyfit_lane_data__type_support_c.cpp.o[0m
[3.009s] [ 66%] [32mBuilding C object CMakeFiles/ad_msgs__rosidl_typesupport_introspection_c.dir/rosidl_typesupport_introspection_c/ad_msgs/msg/detail/lane_point_data_array__type_support.c.o[0m
[3.074s] [ 67%] [32mBuilding C object CMakeFiles/ad_msgs__rosidl_typesupport_introspection_c.dir/rosidl_typesupport_introspection_c/ad_msgs/msg/detail/polyfit_lane_data_array__type_support.c.o[0m
[3.145s] [ 69%] [32m[1mLinking C shared library libad_msgs__rosidl_typesupport_introspection_c.so[0m
[3.198s] [ 70%] [32mBuilding CXX object CMakeFiles/ad_msgs__rosidl_typesupport_introspection_cpp.dir/rosidl_typesupport_introspection_cpp/ad_msgs/msg/detail/polyfit_lane_data_array__type_support.cpp.o[0m
[3.206s] [ 70%] Built target ad_msgs__rosidl_typesupport_introspection_c
[3.221s] [ 71%] [32mBuilding CXX object CMakeFiles/ad_msgs__rosidl_typesupport_fastrtps_cpp.dir/rosidl_typesupport_fastrtps_cpp/ad_msgs/msg/detail/dds_fastrtps/polyfit_lane_data_array__type_support.cpp.o[0m
[3.282s] [ 73%] [32mBuilding CXX object CMakeFiles/ad_msgs__rosidl_typesupport_fastrtps_c.dir/rosidl_typesupport_fastrtps_c/ad_msgs/msg/detail/lane_point_data__type_support_c.cpp.o[0m
[3.285s] [ 74%] [32mBuilding CXX object CMakeFiles/ad_msgs__rosidl_typesupport_fastrtps_c.dir/rosidl_typesupport_fastrtps_c/ad_msgs/msg/detail/lane_point_data_array__type_support_c.cpp.o[0m
[3.322s] [ 76%] [32mBuilding CXX object CMakeFiles/ad_msgs__rosidl_typesupport_fastrtps_c.dir/rosidl_typesupport_fastrtps_c/ad_msgs/msg/detail/polyfit_lane_data_array__type_support_c.cpp.o[0m
[3.656s] [ 77%] [32m[1mLinking CXX shared library libad_msgs__rosidl_typesupport_fastrtps_c.so[0m
[3.666s] [ 78%] [32m[1mLinking CXX shared library libad_msgs__rosidl_typesupport_introspection_cpp.so[0m
[3.699s] [ 80%] [32m[1mLinking CXX shared library libad_msgs__rosidl_typesupport_fastrtps_cpp.so[0m
[3.729s] [ 80%] Built target ad_msgs__rosidl_typesupport_fastrtps_c
[3.747s] [ 80%] Built target ad_msgs__rosidl_typesupport_introspection_cpp
[3.768s] [ 80%] Built target ad_msgs__rosidl_typesupport_fastrtps_cpp
[3.784s] [ 80%] Built target ad_msgs
[3.800s] [ 81%] [34m[1mGenerating Python code for ROS interfaces[0m
[4.326s] [ 81%] Built target ad_msgs__py
[4.344s] [ 88%] [32mBuilding C object CMakeFiles/ad_msgs__rosidl_generator_py.dir/rosidl_generator_py/ad_msgs/msg/_vehicle_input_s.c.o[0m
[4.344s] [ 88%] [32mBuilding C object CMakeFiles/ad_msgs__rosidl_generator_py.dir/rosidl_generator_py/ad_msgs/msg/_vehicle_output_s.c.o[0m
[4.344s] [ 88%] [32mBuilding C object CMakeFiles/ad_msgs__rosidl_generator_py.dir/rosidl_generator_py/ad_msgs/msg/_lane_point_data_s.c.o[0m
[4.344s] [ 88%] [32mBuilding C object CMakeFiles/ad_msgs__rosidl_generator_py.dir/rosidl_generator_py/ad_msgs/msg/_lane_point_data_array_s.c.o[0m
[4.344s] [ 88%] [32mBuilding C object CMakeFiles/ad_msgs__rosidl_generator_py.dir/rosidl_generator_py/ad_msgs/msg/_polyfit_lane_data_s.c.o[0m
[4.344s] [ 90%] [32mBuilding C object CMakeFiles/ad_msgs__rosidl_generator_py.dir/rosidl_generator_py/ad_msgs/msg/_polyfit_lane_data_array_s.c.o[0m
[4.459s] [ 91%] [32m[1mLinking C shared library rosidl_generator_py/ad_msgs/libad_msgs__rosidl_generator_py.so[0m
[4.498s] [ 91%] Built target ad_msgs__rosidl_generator_py
[4.515s] [ 95%] [32mBuilding C object CMakeFiles/ad_msgs__rosidl_typesupport_fastrtps_c__pyext.dir/rosidl_generator_py/ad_msgs/_ad_msgs_s.ep.rosidl_typesupport_fastrtps_c.c.o[0m
[4.515s] [ 95%] [32mBuilding C object CMakeFiles/ad_msgs__rosidl_typesupport_introspection_c__pyext.dir/rosidl_generator_py/ad_msgs/_ad_msgs_s.ep.rosidl_typesupport_introspection_c.c.o[0m
[4.515s] [ 95%] [32mBuilding C object CMakeFiles/ad_msgs__rosidl_typesupport_c__pyext.dir/rosidl_generator_py/ad_msgs/_ad_msgs_s.ep.rosidl_typesupport_c.c.o[0m
[4.610s] [100%] [32m[1mLinking C shared library rosidl_generator_py/ad_msgs/ad_msgs_s__rosidl_typesupport_c.cpython-310-x86_64-linux-gnu.so[0m
[4.610s] [100%] [32m[1mLinking C shared library rosidl_generator_py/ad_msgs/ad_msgs_s__rosidl_typesupport_introspection_c.cpython-310-x86_64-linux-gnu.so[0m
[4.610s] [100%] [32m[1mLinking C shared library rosidl_generator_py/ad_msgs/ad_msgs_s__rosidl_typesupport_fastrtps_c.cpython-310-x86_64-linux-gnu.so[0m
[4.651s] [100%] Built target ad_msgs__rosidl_typesupport_fastrtps_c__pyext
[4.651s] [100%] Built target ad_msgs__rosidl_typesupport_c__pyext
[4.651s] [100%] Built target ad_msgs__rosidl_typesupport_introspection_c__pyext
[4.661s] Invoked command in '/home/jsyun/Programming/ROS2/automotive_software_simulator/build/ad_msgs' returned '0': CMAKE_PREFIX_PATH=/opt/ros/humble /usr/bin/cmake --build /home/jsyun/Programming/ROS2/automotive_software_simulator/build/ad_msgs -- -j12 -l12
[4.800s] Invoking command in '/home/jsyun/Programming/ROS2/automotive_software_simulator/build/ad_msgs': CMAKE_PREFIX_PATH=/opt/ros/humble /usr/bin/cmake --install /home/jsyun/Programming/ROS2/automotive_software_simulator/build/ad_msgs
[4.805s] -- Install configuration: ""
[4.805s] -- Execute custom install script
[4.806s] -- Symlinking: /home/jsyun/Programming/ROS2/automotive_software_simulator/install/ad_msgs/share/ament_index/resource_index/rosidl_interfaces/ad_msgs
[4.813s] -- Symlinking: /home/jsyun/Programming/ROS2/automotive_software_simulator/install/ad_msgs/include/ad_msgs/ad_msgs/msg/detail/lane_point_data__functions.h
[4.820s] -- Symlinking: /home/jsyun/Programming/ROS2/automotive_software_simulator/install/ad_msgs/include/ad_msgs/ad_msgs/msg/detail/lane_point_data__struct.h
[4.827s] -- Symlinking: /home/jsyun/Programming/ROS2/automotive_software_simulator/install/ad_msgs/include/ad_msgs/ad_msgs/msg/detail/lane_point_data__type_support.h
[4.833s] -- Symlinking: /home/jsyun/Programming/ROS2/automotive_software_simulator/install/ad_msgs/include/ad_msgs/ad_msgs/msg/detail/lane_point_data_array__functions.h
[4.840s] -- Symlinking: /home/jsyun/Programming/ROS2/automotive_software_simulator/install/ad_msgs/include/ad_msgs/ad_msgs/msg/detail/lane_point_data_array__struct.h
[4.847s] -- Symlinking: /home/jsyun/Programming/ROS2/automotive_software_simulator/install/ad_msgs/include/ad_msgs/ad_msgs/msg/detail/lane_point_data_array__type_support.h
[4.854s] -- Symlinking: /home/jsyun/Programming/ROS2/automotive_software_simulator/install/ad_msgs/include/ad_msgs/ad_msgs/msg/detail/polyfit_lane_data__functions.h
[4.861s] -- Symlinking: /home/jsyun/Programming/ROS2/automotive_software_simulator/install/ad_msgs/include/ad_msgs/ad_msgs/msg/detail/polyfit_lane_data__struct.h
[4.868s] -- Symlinking: /home/jsyun/Programming/ROS2/automotive_software_simulator/install/ad_msgs/include/ad_msgs/ad_msgs/msg/detail/polyfit_lane_data__type_support.h
[4.874s] -- Symlinking: /home/jsyun/Programming/ROS2/automotive_software_simulator/install/ad_msgs/include/ad_msgs/ad_msgs/msg/detail/polyfit_lane_data_array__functions.h
[4.881s] -- Symlinking: /home/jsyun/Programming/ROS2/automotive_software_simulator/install/ad_msgs/include/ad_msgs/ad_msgs/msg/detail/polyfit_lane_data_array__struct.h
[4.887s] -- Symlinking: /home/jsyun/Programming/ROS2/automotive_software_simulator/install/ad_msgs/include/ad_msgs/ad_msgs/msg/detail/polyfit_lane_data_array__type_support.h
[4.894s] -- Symlinking: /home/jsyun/Programming/ROS2/automotive_software_simulator/install/ad_msgs/include/ad_msgs/ad_msgs/msg/detail/vehicle_input__functions.h
[4.900s] -- Symlinking: /home/jsyun/Programming/ROS2/automotive_software_simulator/install/ad_msgs/include/ad_msgs/ad_msgs/msg/detail/vehicle_input__struct.h
[4.907s] -- Symlinking: /home/jsyun/Programming/ROS2/automotive_software_simulator/install/ad_msgs/include/ad_msgs/ad_msgs/msg/detail/vehicle_input__type_support.h
[4.914s] -- Symlinking: /home/jsyun/Programming/ROS2/automotive_software_simulator/install/ad_msgs/include/ad_msgs/ad_msgs/msg/detail/vehicle_output__functions.h
[4.920s] -- Symlinking: /home/jsyun/Programming/ROS2/automotive_software_simulator/install/ad_msgs/include/ad_msgs/ad_msgs/msg/detail/vehicle_output__struct.h
[4.927s] -- Symlinking: /home/jsyun/Programming/ROS2/automotive_software_simulator/install/ad_msgs/include/ad_msgs/ad_msgs/msg/detail/vehicle_output__type_support.h
[4.934s] -- Symlinking: /home/jsyun/Programming/ROS2/automotive_software_simulator/install/ad_msgs/include/ad_msgs/ad_msgs/msg/lane_point_data.h
[4.941s] -- Symlinking: /home/jsyun/Programming/ROS2/automotive_software_simulator/install/ad_msgs/include/ad_msgs/ad_msgs/msg/lane_point_data_array.h
[4.949s] -- Symlinking: /home/jsyun/Programming/ROS2/automotive_software_simulator/install/ad_msgs/include/ad_msgs/ad_msgs/msg/polyfit_lane_data.h
[4.955s] -- Symlinking: /home/jsyun/Programming/ROS2/automotive_software_simulator/install/ad_msgs/include/ad_msgs/ad_msgs/msg/polyfit_lane_data_array.h
[4.962s] -- Symlinking: /home/jsyun/Programming/ROS2/automotive_software_simulator/install/ad_msgs/include/ad_msgs/ad_msgs/msg/rosidl_generator_c__visibility_control.h
[4.969s] -- Symlinking: /home/jsyun/Programming/ROS2/automotive_software_simulator/install/ad_msgs/include/ad_msgs/ad_msgs/msg/vehicle_input.h
[4.975s] -- Symlinking: /home/jsyun/Programming/ROS2/automotive_software_simulator/install/ad_msgs/include/ad_msgs/ad_msgs/msg/vehicle_output.h
[4.982s] -- Symlinking: /home/jsyun/Programming/ROS2/automotive_software_simulator/install/ad_msgs/share/ad_msgs/environment/library_path.sh
[4.989s] -- Symlinking: /home/jsyun/Programming/ROS2/automotive_software_simulator/install/ad_msgs/share/ad_msgs/environment/library_path.dsv
[4.996s] -- Symlinking: /home/jsyun/Programming/ROS2/automotive_software_simulator/install/ad_msgs/include/ad_msgs/ad_msgs/msg/detail/lane_point_data__rosidl_typesupport_fastrtps_c.h
[5.002s] -- Symlinking: /home/jsyun/Programming/ROS2/automotive_software_simulator/install/ad_msgs/include/ad_msgs/ad_msgs/msg/detail/lane_point_data_array__rosidl_typesupport_fastrtps_c.h
[5.009s] -- Symlinking: /home/jsyun/Programming/ROS2/automotive_software_simulator/install/ad_msgs/include/ad_msgs/ad_msgs/msg/detail/polyfit_lane_data__rosidl_typesupport_fastrtps_c.h
[5.016s] -- Symlinking: /home/jsyun/Programming/ROS2/automotive_software_simulator/install/ad_msgs/include/ad_msgs/ad_msgs/msg/detail/polyfit_lane_data_array__rosidl_typesupport_fastrtps_c.h
[5.022s] -- Symlinking: /home/jsyun/Programming/ROS2/automotive_software_simulator/install/ad_msgs/include/ad_msgs/ad_msgs/msg/detail/vehicle_input__rosidl_typesupport_fastrtps_c.h
[5.029s] -- Symlinking: /home/jsyun/Programming/ROS2/automotive_software_simulator/install/ad_msgs/include/ad_msgs/ad_msgs/msg/detail/vehicle_output__rosidl_typesupport_fastrtps_c.h
[5.035s] -- Symlinking: /home/jsyun/Programming/ROS2/automotive_software_simulator/install/ad_msgs/include/ad_msgs/ad_msgs/msg/rosidl_typesupport_fastrtps_c__visibility_control.h
[5.043s] -- Symlinking: /home/jsyun/Programming/ROS2/automotive_software_simulator/install/ad_msgs/include/ad_msgs/ad_msgs/msg/detail/lane_point_data__rosidl_typesupport_introspection_c.h
[5.051s] -- Symlinking: /home/jsyun/Programming/ROS2/automotive_software_simulator/install/ad_msgs/include/ad_msgs/ad_msgs/msg/detail/lane_point_data_array__rosidl_typesupport_introspection_c.h
[5.058s] -- Symlinking: /home/jsyun/Programming/ROS2/automotive_software_simulator/install/ad_msgs/include/ad_msgs/ad_msgs/msg/detail/polyfit_lane_data__rosidl_typesupport_introspection_c.h
[5.065s] -- Symlinking: /home/jsyun/Programming/ROS2/automotive_software_simulator/install/ad_msgs/include/ad_msgs/ad_msgs/msg/detail/polyfit_lane_data_array__rosidl_typesupport_introspection_c.h
[5.071s] -- Symlinking: /home/jsyun/Programming/ROS2/automotive_software_simulator/install/ad_msgs/include/ad_msgs/ad_msgs/msg/detail/vehicle_input__rosidl_typesupport_introspection_c.h
[5.078s] -- Symlinking: /home/jsyun/Programming/ROS2/automotive_software_simulator/install/ad_msgs/include/ad_msgs/ad_msgs/msg/detail/vehicle_output__rosidl_typesupport_introspection_c.h
[5.085s] -- Symlinking: /home/jsyun/Programming/ROS2/automotive_software_simulator/install/ad_msgs/include/ad_msgs/ad_msgs/msg/rosidl_typesupport_introspection_c__visibility_control.h
[5.092s] -- Symlinking: /home/jsyun/Programming/ROS2/automotive_software_simulator/install/ad_msgs/include/ad_msgs/ad_msgs/msg/detail/lane_point_data__builder.hpp
[5.099s] -- Symlinking: /home/jsyun/Programming/ROS2/automotive_software_simulator/install/ad_msgs/include/ad_msgs/ad_msgs/msg/detail/lane_point_data__struct.hpp
[5.106s] -- Symlinking: /home/jsyun/Programming/ROS2/automotive_software_simulator/install/ad_msgs/include/ad_msgs/ad_msgs/msg/detail/lane_point_data__traits.hpp
[5.112s] -- Symlinking: /home/jsyun/Programming/ROS2/automotive_software_simulator/install/ad_msgs/include/ad_msgs/ad_msgs/msg/detail/lane_point_data_array__builder.hpp
[5.119s] -- Symlinking: /home/jsyun/Programming/ROS2/automotive_software_simulator/install/ad_msgs/include/ad_msgs/ad_msgs/msg/detail/lane_point_data_array__struct.hpp
[5.126s] -- Symlinking: /home/jsyun/Programming/ROS2/automotive_software_simulator/install/ad_msgs/include/ad_msgs/ad_msgs/msg/detail/lane_point_data_array__traits.hpp
[5.133s] -- Symlinking: /home/jsyun/Programming/ROS2/automotive_software_simulator/install/ad_msgs/include/ad_msgs/ad_msgs/msg/detail/polyfit_lane_data__builder.hpp
[5.139s] -- Symlinking: /home/jsyun/Programming/ROS2/automotive_software_simulator/install/ad_msgs/include/ad_msgs/ad_msgs/msg/detail/polyfit_lane_data__struct.hpp
[5.147s] -- Symlinking: /home/jsyun/Programming/ROS2/automotive_software_simulator/install/ad_msgs/include/ad_msgs/ad_msgs/msg/detail/polyfit_lane_data__traits.hpp
[5.154s] -- Symlinking: /home/jsyun/Programming/ROS2/automotive_software_simulator/install/ad_msgs/include/ad_msgs/ad_msgs/msg/detail/polyfit_lane_data_array__builder.hpp
[5.161s] -- Symlinking: /home/jsyun/Programming/ROS2/automotive_software_simulator/install/ad_msgs/include/ad_msgs/ad_msgs/msg/detail/polyfit_lane_data_array__struct.hpp
[5.168s] -- Symlinking: /home/jsyun/Programming/ROS2/automotive_software_simulator/install/ad_msgs/include/ad_msgs/ad_msgs/msg/detail/polyfit_lane_data_array__traits.hpp
[5.175s] -- Symlinking: /home/jsyun/Programming/ROS2/automotive_software_simulator/install/ad_msgs/include/ad_msgs/ad_msgs/msg/detail/vehicle_input__builder.hpp
[5.182s] -- Symlinking: /home/jsyun/Programming/ROS2/automotive_software_simulator/install/ad_msgs/include/ad_msgs/ad_msgs/msg/detail/vehicle_input__struct.hpp
[5.188s] -- Symlinking: /home/jsyun/Programming/ROS2/automotive_software_simulator/install/ad_msgs/include/ad_msgs/ad_msgs/msg/detail/vehicle_input__traits.hpp
[5.196s] -- Symlinking: /home/jsyun/Programming/ROS2/automotive_software_simulator/install/ad_msgs/include/ad_msgs/ad_msgs/msg/detail/vehicle_output__builder.hpp
[5.203s] -- Symlinking: /home/jsyun/Programming/ROS2/automotive_software_simulator/install/ad_msgs/include/ad_msgs/ad_msgs/msg/detail/vehicle_output__struct.hpp
[5.210s] -- Symlinking: /home/jsyun/Programming/ROS2/automotive_software_simulator/install/ad_msgs/include/ad_msgs/ad_msgs/msg/detail/vehicle_output__traits.hpp
[5.217s] -- Symlinking: /home/jsyun/Programming/ROS2/automotive_software_simulator/install/ad_msgs/include/ad_msgs/ad_msgs/msg/lane_point_data.hpp
[5.224s] -- Symlinking: /home/jsyun/Programming/ROS2/automotive_software_simulator/install/ad_msgs/include/ad_msgs/ad_msgs/msg/lane_point_data_array.hpp
[5.231s] -- Symlinking: /home/jsyun/Programming/ROS2/automotive_software_simulator/install/ad_msgs/include/ad_msgs/ad_msgs/msg/polyfit_lane_data.hpp
[5.238s] -- Symlinking: /home/jsyun/Programming/ROS2/automotive_software_simulator/install/ad_msgs/include/ad_msgs/ad_msgs/msg/polyfit_lane_data_array.hpp
[5.246s] -- Symlinking: /home/jsyun/Programming/ROS2/automotive_software_simulator/install/ad_msgs/include/ad_msgs/ad_msgs/msg/vehicle_input.hpp
[5.253s] -- Symlinking: /home/jsyun/Programming/ROS2/automotive_software_simulator/install/ad_msgs/include/ad_msgs/ad_msgs/msg/vehicle_output.hpp
[5.261s] -- Symlinking: /home/jsyun/Programming/ROS2/automotive_software_simulator/install/ad_msgs/include/ad_msgs/ad_msgs/msg/detail/lane_point_data__rosidl_typesupport_fastrtps_cpp.hpp
[5.268s] -- Symlinking: /home/jsyun/Programming/ROS2/automotive_software_simulator/install/ad_msgs/include/ad_msgs/ad_msgs/msg/detail/lane_point_data_array__rosidl_typesupport_fastrtps_cpp.hpp
[5.275s] -- Symlinking: /home/jsyun/Programming/ROS2/automotive_software_simulator/install/ad_msgs/include/ad_msgs/ad_msgs/msg/detail/polyfit_lane_data__rosidl_typesupport_fastrtps_cpp.hpp
[5.282s] -- Symlinking: /home/jsyun/Programming/ROS2/automotive_software_simulator/install/ad_msgs/include/ad_msgs/ad_msgs/msg/detail/polyfit_lane_data_array__rosidl_typesupport_fastrtps_cpp.hpp
[5.289s] -- Symlinking: /home/jsyun/Programming/ROS2/automotive_software_simulator/install/ad_msgs/include/ad_msgs/ad_msgs/msg/detail/vehicle_input__rosidl_typesupport_fastrtps_cpp.hpp
[5.295s] -- Symlinking: /home/jsyun/Programming/ROS2/automotive_software_simulator/install/ad_msgs/include/ad_msgs/ad_msgs/msg/detail/vehicle_output__rosidl_typesupport_fastrtps_cpp.hpp
[5.302s] -- Symlinking: /home/jsyun/Programming/ROS2/automotive_software_simulator/install/ad_msgs/include/ad_msgs/ad_msgs/msg/rosidl_typesupport_fastrtps_cpp__visibility_control.h
[5.309s] -- Symlinking: /home/jsyun/Programming/ROS2/automotive_software_simulator/install/ad_msgs/include/ad_msgs/ad_msgs/msg/detail/lane_point_data__rosidl_typesupport_introspection_cpp.hpp
[5.315s] -- Symlinking: /home/jsyun/Programming/ROS2/automotive_software_simulator/install/ad_msgs/include/ad_msgs/ad_msgs/msg/detail/lane_point_data_array__rosidl_typesupport_introspection_cpp.hpp
[5.322s] -- Symlinking: /home/jsyun/Programming/ROS2/automotive_software_simulator/install/ad_msgs/include/ad_msgs/ad_msgs/msg/detail/polyfit_lane_data__rosidl_typesupport_introspection_cpp.hpp
[5.329s] -- Symlinking: /home/jsyun/Programming/ROS2/automotive_software_simulator/install/ad_msgs/include/ad_msgs/ad_msgs/msg/detail/polyfit_lane_data_array__rosidl_typesupport_introspection_cpp.hpp
[5.336s] -- Symlinking: /home/jsyun/Programming/ROS2/automotive_software_simulator/install/ad_msgs/include/ad_msgs/ad_msgs/msg/detail/vehicle_input__rosidl_typesupport_introspection_cpp.hpp
[5.343s] -- Symlinking: /home/jsyun/Programming/ROS2/automotive_software_simulator/install/ad_msgs/include/ad_msgs/ad_msgs/msg/detail/vehicle_output__rosidl_typesupport_introspection_cpp.hpp
[5.350s] -- Symlinking: /home/jsyun/Programming/ROS2/automotive_software_simulator/install/ad_msgs/share/ad_msgs/environment/pythonpath.sh
[5.357s] -- Symlinking: /home/jsyun/Programming/ROS2/automotive_software_simulator/install/ad_msgs/share/ad_msgs/environment/pythonpath.dsv
[5.364s] -- Symlinking: /home/jsyun/Programming/ROS2/automotive_software_simulator/install/ad_msgs/local/lib/python3.10/dist-packages/ad_msgs-0.0.0-py3.10.egg-info/PKG-INFO
[5.371s] -- Symlinking: /home/jsyun/Programming/ROS2/automotive_software_simulator/install/ad_msgs/local/lib/python3.10/dist-packages/ad_msgs-0.0.0-py3.10.egg-info/SOURCES.txt
[5.378s] -- Symlinking: /home/jsyun/Programming/ROS2/automotive_software_simulator/install/ad_msgs/local/lib/python3.10/dist-packages/ad_msgs-0.0.0-py3.10.egg-info/dependency_links.txt
[5.384s] -- Symlinking: /home/jsyun/Programming/ROS2/automotive_software_simulator/install/ad_msgs/local/lib/python3.10/dist-packages/ad_msgs-0.0.0-py3.10.egg-info/top_level.txt
[5.392s] -- Symlinking: /home/jsyun/Programming/ROS2/automotive_software_simulator/install/ad_msgs/local/lib/python3.10/dist-packages/ad_msgs/__init__.py
[5.398s] -- Symlinking: /home/jsyun/Programming/ROS2/automotive_software_simulator/install/ad_msgs/local/lib/python3.10/dist-packages/ad_msgs/_ad_msgs_s.ep.rosidl_typesupport_c.c
[5.405s] -- Symlinking: /home/jsyun/Programming/ROS2/automotive_software_simulator/install/ad_msgs/local/lib/python3.10/dist-packages/ad_msgs/_ad_msgs_s.ep.rosidl_typesupport_fastrtps_c.c
[5.412s] -- Symlinking: /home/jsyun/Programming/ROS2/automotive_software_simulator/install/ad_msgs/local/lib/python3.10/dist-packages/ad_msgs/_ad_msgs_s.ep.rosidl_typesupport_introspection_c.c
[5.418s] -- Symlinking: /home/jsyun/Programming/ROS2/automotive_software_simulator/install/ad_msgs/local/lib/python3.10/dist-packages/ad_msgs/ad_msgs_s__rosidl_typesupport_c.cpython-310-x86_64-linux-gnu.so
[5.425s] -- Symlinking: /home/jsyun/Programming/ROS2/automotive_software_simulator/install/ad_msgs/local/lib/python3.10/dist-packages/ad_msgs/ad_msgs_s__rosidl_typesupport_fastrtps_c.cpython-310-x86_64-linux-gnu.so
[5.432s] -- Symlinking: /home/jsyun/Programming/ROS2/automotive_software_simulator/install/ad_msgs/local/lib/python3.10/dist-packages/ad_msgs/ad_msgs_s__rosidl_typesupport_introspection_c.cpython-310-x86_64-linux-gnu.so
[5.438s] -- Symlinking: /home/jsyun/Programming/ROS2/automotive_software_simulator/install/ad_msgs/local/lib/python3.10/dist-packages/ad_msgs/libad_msgs__rosidl_generator_py.so
[5.446s] -- Symlinking: /home/jsyun/Programming/ROS2/automotive_software_simulator/install/ad_msgs/local/lib/python3.10/dist-packages/ad_msgs/msg/__init__.py
[5.453s] -- Symlinking: /home/jsyun/Programming/ROS2/automotive_software_simulator/install/ad_msgs/local/lib/python3.10/dist-packages/ad_msgs/msg/_lane_point_data.py
[5.460s] -- Symlinking: /home/jsyun/Programming/ROS2/automotive_software_simulator/install/ad_msgs/local/lib/python3.10/dist-packages/ad_msgs/msg/_lane_point_data_array.py
[5.467s] -- Symlinking: /home/jsyun/Programming/ROS2/automotive_software_simulator/install/ad_msgs/local/lib/python3.10/dist-packages/ad_msgs/msg/_lane_point_data_array_s.c
[5.474s] -- Symlinking: /home/jsyun/Programming/ROS2/automotive_software_simulator/install/ad_msgs/local/lib/python3.10/dist-packages/ad_msgs/msg/_lane_point_data_s.c
[5.481s] -- Symlinking: /home/jsyun/Programming/ROS2/automotive_software_simulator/install/ad_msgs/local/lib/python3.10/dist-packages/ad_msgs/msg/_polyfit_lane_data.py
[5.488s] -- Symlinking: /home/jsyun/Programming/ROS2/automotive_software_simulator/install/ad_msgs/local/lib/python3.10/dist-packages/ad_msgs/msg/_polyfit_lane_data_array.py
[5.494s] -- Symlinking: /home/jsyun/Programming/ROS2/automotive_software_simulator/install/ad_msgs/local/lib/python3.10/dist-packages/ad_msgs/msg/_polyfit_lane_data_array_s.c
[5.501s] -- Symlinking: /home/jsyun/Programming/ROS2/automotive_software_simulator/install/ad_msgs/local/lib/python3.10/dist-packages/ad_msgs/msg/_polyfit_lane_data_s.c
[5.507s] -- Symlinking: /home/jsyun/Programming/ROS2/automotive_software_simulator/install/ad_msgs/local/lib/python3.10/dist-packages/ad_msgs/msg/_vehicle_input.py
[5.514s] -- Symlinking: /home/jsyun/Programming/ROS2/automotive_software_simulator/install/ad_msgs/local/lib/python3.10/dist-packages/ad_msgs/msg/_vehicle_input_s.c
[5.521s] -- Symlinking: /home/jsyun/Programming/ROS2/automotive_software_simulator/install/ad_msgs/local/lib/python3.10/dist-packages/ad_msgs/msg/_vehicle_output.py
[5.528s] -- Symlinking: /home/jsyun/Programming/ROS2/automotive_software_simulator/install/ad_msgs/local/lib/python3.10/dist-packages/ad_msgs/msg/_vehicle_output_s.c
[5.535s] -- Up-to-date symlink: /home/jsyun/Programming/ROS2/automotive_software_simulator/install/ad_msgs/local/lib/python3.10/dist-packages/ad_msgs/ad_msgs_s__rosidl_typesupport_fastrtps_c.cpython-310-x86_64-linux-gnu.so
[5.535s] -- Up-to-date symlink: /home/jsyun/Programming/ROS2/automotive_software_simulator/install/ad_msgs/local/lib/python3.10/dist-packages/ad_msgs/ad_msgs_s__rosidl_typesupport_introspection_c.cpython-310-x86_64-linux-gnu.so
[5.535s] -- Up-to-date symlink: /home/jsyun/Programming/ROS2/automotive_software_simulator/install/ad_msgs/local/lib/python3.10/dist-packages/ad_msgs/ad_msgs_s__rosidl_typesupport_c.cpython-310-x86_64-linux-gnu.so
[5.535s] -- Symlinking: /home/jsyun/Programming/ROS2/automotive_software_simulator/install/ad_msgs/share/ad_msgs/msg/VehicleOutput.idl
[5.542s] -- Symlinking: /home/jsyun/Programming/ROS2/automotive_software_simulator/install/ad_msgs/share/ad_msgs/msg/VehicleInput.idl
[5.550s] -- Symlinking: /home/jsyun/Programming/ROS2/automotive_software_simulator/install/ad_msgs/share/ad_msgs/msg/PolyfitLaneData.idl
[5.557s] -- Symlinking: /home/jsyun/Programming/ROS2/automotive_software_simulator/install/ad_msgs/share/ad_msgs/msg/LanePointData.idl
[5.564s] -- Symlinking: /home/jsyun/Programming/ROS2/automotive_software_simulator/install/ad_msgs/share/ad_msgs/msg/LanePointDataArray.idl
[5.571s] -- Symlinking: /home/jsyun/Programming/ROS2/automotive_software_simulator/install/ad_msgs/share/ad_msgs/msg/PolyfitLaneDataArray.idl
[5.578s] -- Symlinking: /home/jsyun/Programming/ROS2/automotive_software_simulator/install/ad_msgs/share/ad_msgs/msg/VehicleOutput.msg
[5.585s] -- Symlinking: /home/jsyun/Programming/ROS2/automotive_software_simulator/install/ad_msgs/share/ad_msgs/msg/VehicleInput.msg
[5.591s] -- Symlinking: /home/jsyun/Programming/ROS2/automotive_software_simulator/install/ad_msgs/share/ad_msgs/msg/PolyfitLaneData.msg
[5.598s] -- Symlinking: /home/jsyun/Programming/ROS2/automotive_software_simulator/install/ad_msgs/share/ad_msgs/msg/LanePointData.msg
[5.605s] -- Symlinking: /home/jsyun/Programming/ROS2/automotive_software_simulator/install/ad_msgs/share/ad_msgs/msg/LanePointDataArray.msg
[5.611s] -- Symlinking: /home/jsyun/Programming/ROS2/automotive_software_simulator/install/ad_msgs/share/ad_msgs/msg/PolyfitLaneDataArray.msg
[5.618s] -- Symlinking: /home/jsyun/Programming/ROS2/automotive_software_simulator/install/ad_msgs/share/ament_index/resource_index/package_run_dependencies/ad_msgs
[5.625s] -- Symlinking: /home/jsyun/Programming/ROS2/automotive_software_simulator/install/ad_msgs/share/ament_index/resource_index/parent_prefix_path/ad_msgs
[5.632s] -- Symlinking: /home/jsyun/Programming/ROS2/automotive_software_simulator/install/ad_msgs/share/ad_msgs/environment/ament_prefix_path.sh
[5.638s] -- Symlinking: /home/jsyun/Programming/ROS2/automotive_software_simulator/install/ad_msgs/share/ad_msgs/environment/ament_prefix_path.dsv
[5.646s] -- Symlinking: /home/jsyun/Programming/ROS2/automotive_software_simulator/install/ad_msgs/share/ad_msgs/environment/path.sh
[5.653s] -- Symlinking: /home/jsyun/Programming/ROS2/automotive_software_simulator/install/ad_msgs/share/ad_msgs/environment/path.dsv
[5.660s] -- Symlinking: /home/jsyun/Programming/ROS2/automotive_software_simulator/install/ad_msgs/share/ad_msgs/local_setup.bash
[5.667s] -- Symlinking: /home/jsyun/Programming/ROS2/automotive_software_simulator/install/ad_msgs/share/ad_msgs/local_setup.sh
[5.674s] -- Symlinking: /home/jsyun/Programming/ROS2/automotive_software_simulator/install/ad_msgs/share/ad_msgs/local_setup.zsh
[5.681s] -- Symlinking: /home/jsyun/Programming/ROS2/automotive_software_simulator/install/ad_msgs/share/ad_msgs/local_setup.dsv
[5.688s] -- Symlinking: /home/jsyun/Programming/ROS2/automotive_software_simulator/install/ad_msgs/share/ad_msgs/package.dsv
[5.694s] -- Symlinking: /home/jsyun/Programming/ROS2/automotive_software_simulator/install/ad_msgs/share/ament_index/resource_index/packages/ad_msgs
[5.701s] -- Symlinking: /home/jsyun/Programming/ROS2/automotive_software_simulator/install/ad_msgs/share/ad_msgs/cmake/rosidl_cmake-extras.cmake
[5.708s] -- Symlinking: /home/jsyun/Programming/ROS2/automotive_software_simulator/install/ad_msgs/share/ad_msgs/cmake/ament_cmake_export_dependencies-extras.cmake
[5.715s] -- Symlinking: /home/jsyun/Programming/ROS2/automotive_software_simulator/install/ad_msgs/share/ad_msgs/cmake/ament_cmake_export_include_directories-extras.cmake
[5.722s] -- Symlinking: /home/jsyun/Programming/ROS2/automotive_software_simulator/install/ad_msgs/share/ad_msgs/cmake/ament_cmake_export_libraries-extras.cmake
[5.728s] -- Symlinking: /home/jsyun/Programming/ROS2/automotive_software_simulator/install/ad_msgs/share/ad_msgs/cmake/ament_cmake_export_targets-extras.cmake
[5.735s] -- Symlinking: /home/jsyun/Programming/ROS2/automotive_software_simulator/install/ad_msgs/share/ad_msgs/cmake/rosidl_cmake_export_typesupport_targets-extras.cmake
[5.742s] -- Symlinking: /home/jsyun/Programming/ROS2/automotive_software_simulator/install/ad_msgs/share/ad_msgs/cmake/rosidl_cmake_export_typesupport_libraries-extras.cmake
[5.750s] -- Symlinking: /home/jsyun/Programming/ROS2/automotive_software_simulator/install/ad_msgs/share/ad_msgs/cmake/ad_msgsConfig.cmake
[5.757s] -- Symlinking: /home/jsyun/Programming/ROS2/automotive_software_simulator/install/ad_msgs/share/ad_msgs/cmake/ad_msgsConfig-version.cmake
[5.764s] -- Symlinking: /home/jsyun/Programming/ROS2/automotive_software_simulator/install/ad_msgs/share/ad_msgs/package.xml
[5.771s] -- Installing: /home/jsyun/Programming/ROS2/automotive_software_simulator/install/ad_msgs/lib/libad_msgs__rosidl_generator_c.so
[5.771s] -- Set runtime path of "/home/jsyun/Programming/ROS2/automotive_software_simulator/install/ad_msgs/lib/libad_msgs__rosidl_generator_c.so" to ""
[5.771s] -- Installing: /home/jsyun/Programming/ROS2/automotive_software_simulator/install/ad_msgs/lib/libad_msgs__rosidl_typesupport_fastrtps_c.so
[5.772s] -- Set runtime path of "/home/jsyun/Programming/ROS2/automotive_software_simulator/install/ad_msgs/lib/libad_msgs__rosidl_typesupport_fastrtps_c.so" to ""
[5.772s] -- Installing: /home/jsyun/Programming/ROS2/automotive_software_simulator/install/ad_msgs/lib/libad_msgs__rosidl_typesupport_introspection_c.so
[5.772s] -- Set runtime path of "/home/jsyun/Programming/ROS2/automotive_software_simulator/install/ad_msgs/lib/libad_msgs__rosidl_typesupport_introspection_c.so" to ""
[5.772s] -- Installing: /home/jsyun/Programming/ROS2/automotive_software_simulator/install/ad_msgs/lib/libad_msgs__rosidl_typesupport_c.so
[5.772s] -- Set runtime path of "/home/jsyun/Programming/ROS2/automotive_software_simulator/install/ad_msgs/lib/libad_msgs__rosidl_typesupport_c.so" to ""
[5.772s] -- Installing: /home/jsyun/Programming/ROS2/automotive_software_simulator/install/ad_msgs/lib/libad_msgs__rosidl_typesupport_fastrtps_cpp.so
[5.773s] -- Set runtime path of "/home/jsyun/Programming/ROS2/automotive_software_simulator/install/ad_msgs/lib/libad_msgs__rosidl_typesupport_fastrtps_cpp.so" to ""
[5.773s] -- Installing: /home/jsyun/Programming/ROS2/automotive_software_simulator/install/ad_msgs/lib/libad_msgs__rosidl_typesupport_introspection_cpp.so
[5.773s] -- Set runtime path of "/home/jsyun/Programming/ROS2/automotive_software_simulator/install/ad_msgs/lib/libad_msgs__rosidl_typesupport_introspection_cpp.so" to ""
[5.773s] -- Installing: /home/jsyun/Programming/ROS2/automotive_software_simulator/install/ad_msgs/lib/libad_msgs__rosidl_typesupport_cpp.so
[5.774s] -- Set runtime path of "/home/jsyun/Programming/ROS2/automotive_software_simulator/install/ad_msgs/lib/libad_msgs__rosidl_typesupport_cpp.so" to ""
[5.802s] Listing '/home/jsyun/Programming/ROS2/automotive_software_simulator/install/ad_msgs/local/lib/python3.10/dist-packages/ad_msgs'...
[5.802s] Compiling '/home/jsyun/Programming/ROS2/automotive_software_simulator/install/ad_msgs/local/lib/python3.10/dist-packages/ad_msgs/__init__.py'...
[5.802s] Listing '/home/jsyun/Programming/ROS2/automotive_software_simulator/install/ad_msgs/local/lib/python3.10/dist-packages/ad_msgs/msg'...
[5.802s] Compiling '/home/jsyun/Programming/ROS2/automotive_software_simulator/install/ad_msgs/local/lib/python3.10/dist-packages/ad_msgs/msg/__init__.py'...
[5.802s] Compiling '/home/jsyun/Programming/ROS2/automotive_software_simulator/install/ad_msgs/local/lib/python3.10/dist-packages/ad_msgs/msg/_lane_point_data.py'...
[5.802s] Compiling '/home/jsyun/Programming/ROS2/automotive_software_simulator/install/ad_msgs/local/lib/python3.10/dist-packages/ad_msgs/msg/_lane_point_data_array.py'...
[5.803s] Compiling '/home/jsyun/Programming/ROS2/automotive_software_simulator/install/ad_msgs/local/lib/python3.10/dist-packages/ad_msgs/msg/_polyfit_lane_data.py'...
[5.803s] Compiling '/home/jsyun/Programming/ROS2/automotive_software_simulator/install/ad_msgs/local/lib/python3.10/dist-packages/ad_msgs/msg/_polyfit_lane_data_array.py'...
[5.803s] Compiling '/home/jsyun/Programming/ROS2/automotive_software_simulator/install/ad_msgs/local/lib/python3.10/dist-packages/ad_msgs/msg/_vehicle_input.py'...
[5.803s] Compiling '/home/jsyun/Programming/ROS2/automotive_software_simulator/install/ad_msgs/local/lib/python3.10/dist-packages/ad_msgs/msg/_vehicle_output.py'...
[5.805s] -- Installing: /home/jsyun/Programming/ROS2/automotive_software_simulator/install/ad_msgs/lib/libad_msgs__rosidl_generator_py.so
[5.806s] -- Set runtime path of "/home/jsyun/Programming/ROS2/automotive_software_simulator/install/ad_msgs/lib/libad_msgs__rosidl_generator_py.so" to ""
[5.806s] -- Installing: /home/jsyun/Programming/ROS2/automotive_software_simulator/install/ad_msgs/share/ad_msgs/cmake/export_ad_msgs__rosidl_generator_cExport.cmake
[5.806s] -- Installing: /home/jsyun/Programming/ROS2/automotive_software_simulator/install/ad_msgs/share/ad_msgs/cmake/export_ad_msgs__rosidl_generator_cExport-noconfig.cmake
[5.806s] -- Installing: /home/jsyun/Programming/ROS2/automotive_software_simulator/install/ad_msgs/share/ad_msgs/cmake/export_ad_msgs__rosidl_typesupport_fastrtps_cExport.cmake
[5.806s] -- Installing: /home/jsyun/Programming/ROS2/automotive_software_simulator/install/ad_msgs/share/ad_msgs/cmake/export_ad_msgs__rosidl_typesupport_fastrtps_cExport-noconfig.cmake
[5.806s] -- Installing: /home/jsyun/Programming/ROS2/automotive_software_simulator/install/ad_msgs/share/ad_msgs/cmake/ad_msgs__rosidl_typesupport_introspection_cExport.cmake
[5.806s] -- Installing: /home/jsyun/Programming/ROS2/automotive_software_simulator/install/ad_msgs/share/ad_msgs/cmake/ad_msgs__rosidl_typesupport_introspection_cExport-noconfig.cmake
[5.807s] -- Installing: /home/jsyun/Programming/ROS2/automotive_software_simulator/install/ad_msgs/share/ad_msgs/cmake/ad_msgs__rosidl_typesupport_cExport.cmake
[5.807s] -- Installing: /home/jsyun/Programming/ROS2/automotive_software_simulator/install/ad_msgs/share/ad_msgs/cmake/ad_msgs__rosidl_typesupport_cExport-noconfig.cmake
[5.807s] -- Installing: /home/jsyun/Programming/ROS2/automotive_software_simulator/install/ad_msgs/share/ad_msgs/cmake/export_ad_msgs__rosidl_generator_cppExport.cmake
[5.807s] -- Installing: /home/jsyun/Programming/ROS2/automotive_software_simulator/install/ad_msgs/share/ad_msgs/cmake/export_ad_msgs__rosidl_typesupport_fastrtps_cppExport.cmake
[5.807s] -- Installing: /home/jsyun/Programming/ROS2/automotive_software_simulator/install/ad_msgs/share/ad_msgs/cmake/export_ad_msgs__rosidl_typesupport_fastrtps_cppExport-noconfig.cmake
[5.807s] -- Installing: /home/jsyun/Programming/ROS2/automotive_software_simulator/install/ad_msgs/share/ad_msgs/cmake/ad_msgs__rosidl_typesupport_introspection_cppExport.cmake
[5.807s] -- Installing: /home/jsyun/Programming/ROS2/automotive_software_simulator/install/ad_msgs/share/ad_msgs/cmake/ad_msgs__rosidl_typesupport_introspection_cppExport-noconfig.cmake
[5.807s] -- Installing: /home/jsyun/Programming/ROS2/automotive_software_simulator/install/ad_msgs/share/ad_msgs/cmake/ad_msgs__rosidl_typesupport_cppExport.cmake
[5.808s] -- Installing: /home/jsyun/Programming/ROS2/automotive_software_simulator/install/ad_msgs/share/ad_msgs/cmake/ad_msgs__rosidl_typesupport_cppExport-noconfig.cmake
[5.808s] -- Installing: /home/jsyun/Programming/ROS2/automotive_software_simulator/install/ad_msgs/share/ad_msgs/cmake/export_ad_msgs__rosidl_generator_pyExport.cmake
[5.808s] -- Installing: /home/jsyun/Programming/ROS2/automotive_software_simulator/install/ad_msgs/share/ad_msgs/cmake/export_ad_msgs__rosidl_generator_pyExport-noconfig.cmake
[5.810s] Invoked command in '/home/jsyun/Programming/ROS2/automotive_software_simulator/build/ad_msgs' returned '0': CMAKE_PREFIX_PATH=/opt/ros/humble /usr/bin/cmake --install /home/jsyun/Programming/ROS2/automotive_software_simulator/build/ad_msgs
