[0.088s] DEBUG:colcon:Command line arguments: ['/usr/bin/colcon', 'build', '--symlink-install', '--cmake-args', '-DCMAKE_BUILD_TYPE=Release']
[0.088s] DEBUG:colcon:Parsed command line arguments: Namespace(log_base=None, log_level=None, verb_name='build', build_base='build', install_base='install', merge_install=False, symlink_install=True, test_result_base=None, continue_on_error=False, executor='parallel', parallel_workers=12, event_handlers=None, ignore_user_meta=False, metas=['./colcon.meta'], base_paths=['.'], packages_ignore=None, packages_ignore_regex=None, paths=None, packages_up_to=None, packages_up_to_regex=None, packages_above=None, packages_above_and_dependencies=None, packages_above_depth=None, packages_select_by_dep=None, packages_skip_by_dep=None, packages_skip_up_to=None, packages_select_build_failed=False, packages_skip_build_finished=False, packages_select_test_failures=False, packages_skip_test_passed=False, packages_select=None, packages_skip=None, packages_select_regex=None, packages_skip_regex=None, packages_start=None, packages_end=None, allow_overriding=[], lookup_in_workspace=False, cargo_args=None, clean_build=False, cmake_args=['-DCMAKE_BUILD_TYPE=Release'], cmake_target=None, cmake_target_skip_unavailable=False, cmake_clean_cache=False, cmake_clean_first=False, cmake_force_configure=False, ament_cmake_args=None, catkin_cmake_args=None, catkin_skip_building_tests=False, mixin_files=None, mixin=None, verb_parser=<colcon_mixin.mixin.mixin_argument.MixinArgumentDecorator object at 0x7911c2932ec0>, verb_extension=<colcon_core.verb.build.BuildVerb object at 0x7911c2932920>, main=<bound method BuildVerb.main of <colcon_core.verb.build.BuildVerb object at 0x7911c2932920>>, mixin_verb=('build',))
[0.217s] Level 1:colcon.colcon_core.package_discovery:discover_packages(colcon_meta) check parameters
[0.217s] Level 1:colcon.colcon_core.package_discovery:discover_packages(recursive) check parameters
[0.217s] Level 1:colcon.colcon_core.package_discovery:discover_packages(ignore) check parameters
[0.217s] Level 1:colcon.colcon_core.package_discovery:discover_packages(path) check parameters
[0.217s] Level 1:colcon.colcon_core.package_discovery:discover_packages(colcon_meta) discover
[0.217s] Level 1:colcon.colcon_core.package_discovery:discover_packages(recursive) discover
[0.217s] INFO:colcon.colcon_core.package_discovery:Crawling recursively for packages in '/home/jsyun/Programming/ROS2/automotive_software_lecture/simulator_projects/002_automotive_software_lon'
[0.217s] Level 1:colcon.colcon_core.package_identification:_identify(.) by extensions ['ignore', 'ignore_ament_install']
[0.217s] Level 1:colcon.colcon_core.package_identification:_identify(.) by extension 'ignore'
[0.217s] Level 1:colcon.colcon_core.package_identification:_identify(.) by extension 'ignore_ament_install'
[0.217s] Level 1:colcon.colcon_core.package_identification:_identify(.) by extensions ['colcon_pkg']
[0.217s] Level 1:colcon.colcon_core.package_identification:_identify(.) by extension 'colcon_pkg'
[0.217s] Level 1:colcon.colcon_core.package_identification:_identify(.) by extensions ['colcon_meta']
[0.218s] Level 1:colcon.colcon_core.package_identification:_identify(.) by extension 'colcon_meta'
[0.218s] Level 1:colcon.colcon_core.package_identification:_identify(.) by extensions ['ament_cargo']
[0.218s] Level 1:colcon.colcon_core.package_identification:_identify(.) by extension 'ament_cargo'
[0.218s] Level 1:colcon.colcon_core.package_identification:_identify(.) by extensions ['ros']
[0.218s] Level 1:colcon.colcon_core.package_identification:_identify(.) by extension 'ros'
[0.225s] Level 1:colcon.colcon_core.package_identification:_identify(.) by extensions ['cargo', 'cmake', 'python']
[0.226s] Level 1:colcon.colcon_core.package_identification:_identify(.) by extension 'cargo'
[0.226s] Level 1:colcon.colcon_core.package_identification:_identify(.) by extension 'cmake'
[0.226s] Level 1:colcon.colcon_core.package_identification:_identify(.) by extension 'python'
[0.226s] Level 1:colcon.colcon_core.package_identification:_identify(.) by extensions ['python_setup_py']
[0.226s] Level 1:colcon.colcon_core.package_identification:_identify(.) by extension 'python_setup_py'
[0.226s] Level 1:colcon.colcon_core.package_identification:_identify(build) by extensions ['ignore', 'ignore_ament_install']
[0.226s] Level 1:colcon.colcon_core.package_identification:_identify(build) by extension 'ignore'
[0.226s] Level 1:colcon.colcon_core.package_identification:_identify(build) ignored
[0.226s] Level 1:colcon.colcon_core.package_identification:_identify(install) by extensions ['ignore', 'ignore_ament_install']
[0.226s] Level 1:colcon.colcon_core.package_identification:_identify(install) by extension 'ignore'
[0.226s] Level 1:colcon.colcon_core.package_identification:_identify(install) ignored
[0.226s] Level 1:colcon.colcon_core.package_identification:_identify(log) by extensions ['ignore', 'ignore_ament_install']
[0.226s] Level 1:colcon.colcon_core.package_identification:_identify(log) by extension 'ignore'
[0.226s] Level 1:colcon.colcon_core.package_identification:_identify(log) ignored
[0.226s] Level 1:colcon.colcon_core.package_identification:_identify(resources) by extensions ['ignore', 'ignore_ament_install']
[0.226s] Level 1:colcon.colcon_core.package_identification:_identify(resources) by extension 'ignore'
[0.226s] Level 1:colcon.colcon_core.package_identification:_identify(resources) by extension 'ignore_ament_install'
[0.226s] Level 1:colcon.colcon_core.package_identification:_identify(resources) by extensions ['colcon_pkg']
[0.226s] Level 1:colcon.colcon_core.package_identification:_identify(resources) by extension 'colcon_pkg'
[0.227s] Level 1:colcon.colcon_core.package_identification:_identify(resources) by extensions ['colcon_meta']
[0.227s] Level 1:colcon.colcon_core.package_identification:_identify(resources) by extension 'colcon_meta'
[0.227s] Level 1:colcon.colcon_core.package_identification:_identify(resources) by extensions ['ament_cargo']
[0.227s] Level 1:colcon.colcon_core.package_identification:_identify(resources) by extension 'ament_cargo'
[0.227s] Level 1:colcon.colcon_core.package_identification:_identify(resources) by extensions ['ros']
[0.227s] Level 1:colcon.colcon_core.package_identification:_identify(resources) by extension 'ros'
[0.227s] Level 1:colcon.colcon_core.package_identification:_identify(resources) by extensions ['cargo', 'cmake', 'python']
[0.227s] Level 1:colcon.colcon_core.package_identification:_identify(resources) by extension 'cargo'
[0.227s] Level 1:colcon.colcon_core.package_identification:_identify(resources) by extension 'cmake'
[0.227s] Level 1:colcon.colcon_core.package_identification:_identify(resources) by extension 'python'
[0.227s] Level 1:colcon.colcon_core.package_identification:_identify(resources) by extensions ['python_setup_py']
[0.227s] Level 1:colcon.colcon_core.package_identification:_identify(resources) by extension 'python_setup_py'
[0.227s] Level 1:colcon.colcon_core.package_identification:_identify(resources/csv) by extensions ['ignore', 'ignore_ament_install']
[0.227s] Level 1:colcon.colcon_core.package_identification:_identify(resources/csv) by extension 'ignore'
[0.227s] Level 1:colcon.colcon_core.package_identification:_identify(resources/csv) by extension 'ignore_ament_install'
[0.227s] Level 1:colcon.colcon_core.package_identification:_identify(resources/csv) by extensions ['colcon_pkg']
[0.227s] Level 1:colcon.colcon_core.package_identification:_identify(resources/csv) by extension 'colcon_pkg'
[0.227s] Level 1:colcon.colcon_core.package_identification:_identify(resources/csv) by extensions ['colcon_meta']
[0.227s] Level 1:colcon.colcon_core.package_identification:_identify(resources/csv) by extension 'colcon_meta'
[0.227s] Level 1:colcon.colcon_core.package_identification:_identify(resources/csv) by extensions ['ament_cargo']
[0.227s] Level 1:colcon.colcon_core.package_identification:_identify(resources/csv) by extension 'ament_cargo'
[0.227s] Level 1:colcon.colcon_core.package_identification:_identify(resources/csv) by extensions ['ros']
[0.227s] Level 1:colcon.colcon_core.package_identification:_identify(resources/csv) by extension 'ros'
[0.227s] Level 1:colcon.colcon_core.package_identification:_identify(resources/csv) by extensions ['cargo', 'cmake', 'python']
[0.227s] Level 1:colcon.colcon_core.package_identification:_identify(resources/csv) by extension 'cargo'
[0.227s] Level 1:colcon.colcon_core.package_identification:_identify(resources/csv) by extension 'cmake'
[0.227s] Level 1:colcon.colcon_core.package_identification:_identify(resources/csv) by extension 'python'
[0.227s] Level 1:colcon.colcon_core.package_identification:_identify(resources/csv) by extensions ['python_setup_py']
[0.227s] Level 1:colcon.colcon_core.package_identification:_identify(resources/csv) by extension 'python_setup_py'
[0.228s] Level 1:colcon.colcon_core.package_identification:_identify(resources/csv/evaluation_lane) by extensions ['ignore', 'ignore_ament_install']
[0.228s] Level 1:colcon.colcon_core.package_identification:_identify(resources/csv/evaluation_lane) by extension 'ignore'
[0.228s] Level 1:colcon.colcon_core.package_identification:_identify(resources/csv/evaluation_lane) by extension 'ignore_ament_install'
[0.228s] Level 1:colcon.colcon_core.package_identification:_identify(resources/csv/evaluation_lane) by extensions ['colcon_pkg']
[0.228s] Level 1:colcon.colcon_core.package_identification:_identify(resources/csv/evaluation_lane) by extension 'colcon_pkg'
[0.228s] Level 1:colcon.colcon_core.package_identification:_identify(resources/csv/evaluation_lane) by extensions ['colcon_meta']
[0.228s] Level 1:colcon.colcon_core.package_identification:_identify(resources/csv/evaluation_lane) by extension 'colcon_meta'
[0.228s] Level 1:colcon.colcon_core.package_identification:_identify(resources/csv/evaluation_lane) by extensions ['ament_cargo']
[0.228s] Level 1:colcon.colcon_core.package_identification:_identify(resources/csv/evaluation_lane) by extension 'ament_cargo'
[0.228s] Level 1:colcon.colcon_core.package_identification:_identify(resources/csv/evaluation_lane) by extensions ['ros']
[0.228s] Level 1:colcon.colcon_core.package_identification:_identify(resources/csv/evaluation_lane) by extension 'ros'
[0.228s] Level 1:colcon.colcon_core.package_identification:_identify(resources/csv/evaluation_lane) by extensions ['cargo', 'cmake', 'python']
[0.228s] Level 1:colcon.colcon_core.package_identification:_identify(resources/csv/evaluation_lane) by extension 'cargo'
[0.228s] Level 1:colcon.colcon_core.package_identification:_identify(resources/csv/evaluation_lane) by extension 'cmake'
[0.228s] Level 1:colcon.colcon_core.package_identification:_identify(resources/csv/evaluation_lane) by extension 'python'
[0.228s] Level 1:colcon.colcon_core.package_identification:_identify(resources/csv/evaluation_lane) by extensions ['python_setup_py']
[0.228s] Level 1:colcon.colcon_core.package_identification:_identify(resources/csv/evaluation_lane) by extension 'python_setup_py'
[0.228s] Level 1:colcon.colcon_core.package_identification:_identify(resources/csv/simulation_lane) by extensions ['ignore', 'ignore_ament_install']
[0.228s] Level 1:colcon.colcon_core.package_identification:_identify(resources/csv/simulation_lane) by extension 'ignore'
[0.228s] Level 1:colcon.colcon_core.package_identification:_identify(resources/csv/simulation_lane) by extension 'ignore_ament_install'
[0.228s] Level 1:colcon.colcon_core.package_identification:_identify(resources/csv/simulation_lane) by extensions ['colcon_pkg']
[0.228s] Level 1:colcon.colcon_core.package_identification:_identify(resources/csv/simulation_lane) by extension 'colcon_pkg'
[0.228s] Level 1:colcon.colcon_core.package_identification:_identify(resources/csv/simulation_lane) by extensions ['colcon_meta']
[0.228s] Level 1:colcon.colcon_core.package_identification:_identify(resources/csv/simulation_lane) by extension 'colcon_meta'
[0.228s] Level 1:colcon.colcon_core.package_identification:_identify(resources/csv/simulation_lane) by extensions ['ament_cargo']
[0.228s] Level 1:colcon.colcon_core.package_identification:_identify(resources/csv/simulation_lane) by extension 'ament_cargo'
[0.228s] Level 1:colcon.colcon_core.package_identification:_identify(resources/csv/simulation_lane) by extensions ['ros']
[0.228s] Level 1:colcon.colcon_core.package_identification:_identify(resources/csv/simulation_lane) by extension 'ros'
[0.229s] Level 1:colcon.colcon_core.package_identification:_identify(resources/csv/simulation_lane) by extensions ['cargo', 'cmake', 'python']
[0.229s] Level 1:colcon.colcon_core.package_identification:_identify(resources/csv/simulation_lane) by extension 'cargo'
[0.229s] Level 1:colcon.colcon_core.package_identification:_identify(resources/csv/simulation_lane) by extension 'cmake'
[0.229s] Level 1:colcon.colcon_core.package_identification:_identify(resources/csv/simulation_lane) by extension 'python'
[0.229s] Level 1:colcon.colcon_core.package_identification:_identify(resources/csv/simulation_lane) by extensions ['python_setup_py']
[0.229s] Level 1:colcon.colcon_core.package_identification:_identify(resources/csv/simulation_lane) by extension 'python_setup_py'
[0.229s] Level 1:colcon.colcon_core.package_identification:_identify(resources/meshes) by extensions ['ignore', 'ignore_ament_install']
[0.229s] Level 1:colcon.colcon_core.package_identification:_identify(resources/meshes) by extension 'ignore'
[0.229s] Level 1:colcon.colcon_core.package_identification:_identify(resources/meshes) by extension 'ignore_ament_install'
[0.229s] Level 1:colcon.colcon_core.package_identification:_identify(resources/meshes) by extensions ['colcon_pkg']
[0.229s] Level 1:colcon.colcon_core.package_identification:_identify(resources/meshes) by extension 'colcon_pkg'
[0.229s] Level 1:colcon.colcon_core.package_identification:_identify(resources/meshes) by extensions ['colcon_meta']
[0.229s] Level 1:colcon.colcon_core.package_identification:_identify(resources/meshes) by extension 'colcon_meta'
[0.229s] Level 1:colcon.colcon_core.package_identification:_identify(resources/meshes) by extensions ['ament_cargo']
[0.229s] Level 1:colcon.colcon_core.package_identification:_identify(resources/meshes) by extension 'ament_cargo'
[0.229s] Level 1:colcon.colcon_core.package_identification:_identify(resources/meshes) by extensions ['ros']
[0.229s] Level 1:colcon.colcon_core.package_identification:_identify(resources/meshes) by extension 'ros'
[0.229s] Level 1:colcon.colcon_core.package_identification:_identify(resources/meshes) by extensions ['cargo', 'cmake', 'python']
[0.229s] Level 1:colcon.colcon_core.package_identification:_identify(resources/meshes) by extension 'cargo'
[0.229s] Level 1:colcon.colcon_core.package_identification:_identify(resources/meshes) by extension 'cmake'
[0.229s] Level 1:colcon.colcon_core.package_identification:_identify(resources/meshes) by extension 'python'
[0.229s] Level 1:colcon.colcon_core.package_identification:_identify(resources/meshes) by extensions ['python_setup_py']
[0.229s] Level 1:colcon.colcon_core.package_identification:_identify(resources/meshes) by extension 'python_setup_py'
[0.229s] Level 1:colcon.colcon_core.package_identification:_identify(resources/rviz) by extensions ['ignore', 'ignore_ament_install']
[0.229s] Level 1:colcon.colcon_core.package_identification:_identify(resources/rviz) by extension 'ignore'
[0.229s] Level 1:colcon.colcon_core.package_identification:_identify(resources/rviz) by extension 'ignore_ament_install'
[0.230s] Level 1:colcon.colcon_core.package_identification:_identify(resources/rviz) by extensions ['colcon_pkg']
[0.230s] Level 1:colcon.colcon_core.package_identification:_identify(resources/rviz) by extension 'colcon_pkg'
[0.230s] Level 1:colcon.colcon_core.package_identification:_identify(resources/rviz) by extensions ['colcon_meta']
[0.230s] Level 1:colcon.colcon_core.package_identification:_identify(resources/rviz) by extension 'colcon_meta'
[0.230s] Level 1:colcon.colcon_core.package_identification:_identify(resources/rviz) by extensions ['ament_cargo']
[0.230s] Level 1:colcon.colcon_core.package_identification:_identify(resources/rviz) by extension 'ament_cargo'
[0.230s] Level 1:colcon.colcon_core.package_identification:_identify(resources/rviz) by extensions ['ros']
[0.230s] Level 1:colcon.colcon_core.package_identification:_identify(resources/rviz) by extension 'ros'
[0.230s] Level 1:colcon.colcon_core.package_identification:_identify(resources/rviz) by extensions ['cargo', 'cmake', 'python']
[0.230s] Level 1:colcon.colcon_core.package_identification:_identify(resources/rviz) by extension 'cargo'
[0.230s] Level 1:colcon.colcon_core.package_identification:_identify(resources/rviz) by extension 'cmake'
[0.230s] Level 1:colcon.colcon_core.package_identification:_identify(resources/rviz) by extension 'python'
[0.230s] Level 1:colcon.colcon_core.package_identification:_identify(resources/rviz) by extensions ['python_setup_py']
[0.230s] Level 1:colcon.colcon_core.package_identification:_identify(resources/rviz) by extension 'python_setup_py'
[0.230s] Level 1:colcon.colcon_core.package_identification:_identify(src) by extensions ['ignore', 'ignore_ament_install']
[0.230s] Level 1:colcon.colcon_core.package_identification:_identify(src) by extension 'ignore'
[0.230s] Level 1:colcon.colcon_core.package_identification:_identify(src) by extension 'ignore_ament_install'
[0.230s] Level 1:colcon.colcon_core.package_identification:_identify(src) by extensions ['colcon_pkg']
[0.230s] Level 1:colcon.colcon_core.package_identification:_identify(src) by extension 'colcon_pkg'
[0.230s] Level 1:colcon.colcon_core.package_identification:_identify(src) by extensions ['colcon_meta']
[0.230s] Level 1:colcon.colcon_core.package_identification:_identify(src) by extension 'colcon_meta'
[0.230s] Level 1:colcon.colcon_core.package_identification:_identify(src) by extensions ['ament_cargo']
[0.230s] Level 1:colcon.colcon_core.package_identification:_identify(src) by extension 'ament_cargo'
[0.230s] Level 1:colcon.colcon_core.package_identification:_identify(src) by extensions ['ros']
[0.230s] Level 1:colcon.colcon_core.package_identification:_identify(src) by extension 'ros'
[0.230s] Level 1:colcon.colcon_core.package_identification:_identify(src) by extensions ['cargo', 'cmake', 'python']
[0.230s] Level 1:colcon.colcon_core.package_identification:_identify(src) by extension 'cargo'
[0.230s] Level 1:colcon.colcon_core.package_identification:_identify(src) by extension 'cmake'
[0.230s] Level 1:colcon.colcon_core.package_identification:_identify(src) by extension 'python'
[0.230s] Level 1:colcon.colcon_core.package_identification:_identify(src) by extensions ['python_setup_py']
[0.230s] Level 1:colcon.colcon_core.package_identification:_identify(src) by extension 'python_setup_py'
[0.231s] Level 1:colcon.colcon_core.package_identification:_identify(src/app) by extensions ['ignore', 'ignore_ament_install']
[0.231s] Level 1:colcon.colcon_core.package_identification:_identify(src/app) by extension 'ignore'
[0.231s] Level 1:colcon.colcon_core.package_identification:_identify(src/app) by extension 'ignore_ament_install'
[0.231s] Level 1:colcon.colcon_core.package_identification:_identify(src/app) by extensions ['colcon_pkg']
[0.231s] Level 1:colcon.colcon_core.package_identification:_identify(src/app) by extension 'colcon_pkg'
[0.231s] Level 1:colcon.colcon_core.package_identification:_identify(src/app) by extensions ['colcon_meta']
[0.231s] Level 1:colcon.colcon_core.package_identification:_identify(src/app) by extension 'colcon_meta'
[0.231s] Level 1:colcon.colcon_core.package_identification:_identify(src/app) by extensions ['ament_cargo']
[0.231s] Level 1:colcon.colcon_core.package_identification:_identify(src/app) by extension 'ament_cargo'
[0.231s] Level 1:colcon.colcon_core.package_identification:_identify(src/app) by extensions ['ros']
[0.231s] Level 1:colcon.colcon_core.package_identification:_identify(src/app) by extension 'ros'
[0.231s] Level 1:colcon.colcon_core.package_identification:_identify(src/app) by extensions ['cargo', 'cmake', 'python']
[0.231s] Level 1:colcon.colcon_core.package_identification:_identify(src/app) by extension 'cargo'
[0.231s] Level 1:colcon.colcon_core.package_identification:_identify(src/app) by extension 'cmake'
[0.231s] Level 1:colcon.colcon_core.package_identification:_identify(src/app) by extension 'python'
[0.231s] Level 1:colcon.colcon_core.package_identification:_identify(src/app) by extensions ['python_setup_py']
[0.231s] Level 1:colcon.colcon_core.package_identification:_identify(src/app) by extension 'python_setup_py'
[0.231s] Level 1:colcon.colcon_core.package_identification:_identify(src/app/autonomous_driving) by extensions ['ignore', 'ignore_ament_install']
[0.231s] Level 1:colcon.colcon_core.package_identification:_identify(src/app/autonomous_driving) by extension 'ignore'
[0.231s] Level 1:colcon.colcon_core.package_identification:_identify(src/app/autonomous_driving) by extension 'ignore_ament_install'
[0.231s] Level 1:colcon.colcon_core.package_identification:_identify(src/app/autonomous_driving) by extensions ['colcon_pkg']
[0.231s] Level 1:colcon.colcon_core.package_identification:_identify(src/app/autonomous_driving) by extension 'colcon_pkg'
[0.231s] Level 1:colcon.colcon_core.package_identification:_identify(src/app/autonomous_driving) by extensions ['colcon_meta']
[0.231s] Level 1:colcon.colcon_core.package_identification:_identify(src/app/autonomous_driving) by extension 'colcon_meta'
[0.231s] Level 1:colcon.colcon_core.package_identification:_identify(src/app/autonomous_driving) by extensions ['ament_cargo']
[0.231s] Level 1:colcon.colcon_core.package_identification:_identify(src/app/autonomous_driving) by extension 'ament_cargo'
[0.231s] Level 1:colcon.colcon_core.package_identification:_identify(src/app/autonomous_driving) by extensions ['ros']
[0.231s] Level 1:colcon.colcon_core.package_identification:_identify(src/app/autonomous_driving) by extension 'ros'
[0.233s] DEBUG:colcon.colcon_core.package_identification:Package 'src/app/autonomous_driving' with type 'ros.ament_cmake' and name 'autonomous_driving'
[0.233s] Level 1:colcon.colcon_core.package_identification:_identify(src/app/simulator) by extensions ['ignore', 'ignore_ament_install']
[0.233s] Level 1:colcon.colcon_core.package_identification:_identify(src/app/simulator) by extension 'ignore'
[0.233s] Level 1:colcon.colcon_core.package_identification:_identify(src/app/simulator) by extension 'ignore_ament_install'
[0.233s] Level 1:colcon.colcon_core.package_identification:_identify(src/app/simulator) by extensions ['colcon_pkg']
[0.233s] Level 1:colcon.colcon_core.package_identification:_identify(src/app/simulator) by extension 'colcon_pkg'
[0.234s] Level 1:colcon.colcon_core.package_identification:_identify(src/app/simulator) by extensions ['colcon_meta']
[0.234s] Level 1:colcon.colcon_core.package_identification:_identify(src/app/simulator) by extension 'colcon_meta'
[0.234s] Level 1:colcon.colcon_core.package_identification:_identify(src/app/simulator) by extensions ['ament_cargo']
[0.234s] Level 1:colcon.colcon_core.package_identification:_identify(src/app/simulator) by extension 'ament_cargo'
[0.234s] Level 1:colcon.colcon_core.package_identification:_identify(src/app/simulator) by extensions ['ros']
[0.234s] Level 1:colcon.colcon_core.package_identification:_identify(src/app/simulator) by extension 'ros'
[0.234s] DEBUG:colcon.colcon_core.package_identification:Package 'src/app/simulator' with type 'ros.ament_cmake' and name 'simulator'
[0.234s] Level 1:colcon.colcon_core.package_identification:_identify(src/app/speed_limiter) by extensions ['ignore', 'ignore_ament_install']
[0.234s] Level 1:colcon.colcon_core.package_identification:_identify(src/app/speed_limiter) by extension 'ignore'
[0.234s] Level 1:colcon.colcon_core.package_identification:_identify(src/app/speed_limiter) by extension 'ignore_ament_install'
[0.234s] Level 1:colcon.colcon_core.package_identification:_identify(src/app/speed_limiter) by extensions ['colcon_pkg']
[0.234s] Level 1:colcon.colcon_core.package_identification:_identify(src/app/speed_limiter) by extension 'colcon_pkg'
[0.234s] Level 1:colcon.colcon_core.package_identification:_identify(src/app/speed_limiter) by extensions ['colcon_meta']
[0.234s] Level 1:colcon.colcon_core.package_identification:_identify(src/app/speed_limiter) by extension 'colcon_meta'
[0.234s] Level 1:colcon.colcon_core.package_identification:_identify(src/app/speed_limiter) by extensions ['ament_cargo']
[0.235s] Level 1:colcon.colcon_core.package_identification:_identify(src/app/speed_limiter) by extension 'ament_cargo'
[0.235s] Level 1:colcon.colcon_core.package_identification:_identify(src/app/speed_limiter) by extensions ['ros']
[0.235s] Level 1:colcon.colcon_core.package_identification:_identify(src/app/speed_limiter) by extension 'ros'
[0.235s] DEBUG:colcon.colcon_core.package_identification:Package 'src/app/speed_limiter' with type 'ros.ament_cmake' and name 'speed_limiter'
[0.235s] Level 1:colcon.colcon_core.package_identification:_identify(src/bsw) by extensions ['ignore', 'ignore_ament_install']
[0.235s] Level 1:colcon.colcon_core.package_identification:_identify(src/bsw) by extension 'ignore'
[0.235s] Level 1:colcon.colcon_core.package_identification:_identify(src/bsw) by extension 'ignore_ament_install'
[0.235s] Level 1:colcon.colcon_core.package_identification:_identify(src/bsw) by extensions ['colcon_pkg']
[0.235s] Level 1:colcon.colcon_core.package_identification:_identify(src/bsw) by extension 'colcon_pkg'
[0.235s] Level 1:colcon.colcon_core.package_identification:_identify(src/bsw) by extensions ['colcon_meta']
[0.235s] Level 1:colcon.colcon_core.package_identification:_identify(src/bsw) by extension 'colcon_meta'
[0.235s] Level 1:colcon.colcon_core.package_identification:_identify(src/bsw) by extensions ['ament_cargo']
[0.235s] Level 1:colcon.colcon_core.package_identification:_identify(src/bsw) by extension 'ament_cargo'
[0.235s] Level 1:colcon.colcon_core.package_identification:_identify(src/bsw) by extensions ['ros']
[0.235s] Level 1:colcon.colcon_core.package_identification:_identify(src/bsw) by extension 'ros'
[0.235s] Level 1:colcon.colcon_core.package_identification:_identify(src/bsw) by extensions ['cargo', 'cmake', 'python']
[0.236s] Level 1:colcon.colcon_core.package_identification:_identify(src/bsw) by extension 'cargo'
[0.236s] Level 1:colcon.colcon_core.package_identification:_identify(src/bsw) by extension 'cmake'
[0.236s] Level 1:colcon.colcon_core.package_identification:_identify(src/bsw) by extension 'python'
[0.236s] Level 1:colcon.colcon_core.package_identification:_identify(src/bsw) by extensions ['python_setup_py']
[0.236s] Level 1:colcon.colcon_core.package_identification:_identify(src/bsw) by extension 'python_setup_py'
[0.236s] Level 1:colcon.colcon_core.package_identification:_identify(src/bsw/system) by extensions ['ignore', 'ignore_ament_install']
[0.236s] Level 1:colcon.colcon_core.package_identification:_identify(src/bsw/system) by extension 'ignore'
[0.236s] Level 1:colcon.colcon_core.package_identification:_identify(src/bsw/system) by extension 'ignore_ament_install'
[0.236s] Level 1:colcon.colcon_core.package_identification:_identify(src/bsw/system) by extensions ['colcon_pkg']
[0.236s] Level 1:colcon.colcon_core.package_identification:_identify(src/bsw/system) by extension 'colcon_pkg'
[0.236s] Level 1:colcon.colcon_core.package_identification:_identify(src/bsw/system) by extensions ['colcon_meta']
[0.236s] Level 1:colcon.colcon_core.package_identification:_identify(src/bsw/system) by extension 'colcon_meta'
[0.236s] Level 1:colcon.colcon_core.package_identification:_identify(src/bsw/system) by extensions ['ament_cargo']
[0.236s] Level 1:colcon.colcon_core.package_identification:_identify(src/bsw/system) by extension 'ament_cargo'
[0.236s] Level 1:colcon.colcon_core.package_identification:_identify(src/bsw/system) by extensions ['ros']
[0.236s] Level 1:colcon.colcon_core.package_identification:_identify(src/bsw/system) by extension 'ros'
[0.236s] Level 1:colcon.colcon_core.package_identification:_identify(src/bsw/system) by extensions ['cargo', 'cmake', 'python']
[0.236s] Level 1:colcon.colcon_core.package_identification:_identify(src/bsw/system) by extension 'cargo'
[0.236s] Level 1:colcon.colcon_core.package_identification:_identify(src/bsw/system) by extension 'cmake'
[0.236s] Level 1:colcon.colcon_core.package_identification:_identify(src/bsw/system) by extension 'python'
[0.236s] Level 1:colcon.colcon_core.package_identification:_identify(src/bsw/system) by extensions ['python_setup_py']
[0.236s] Level 1:colcon.colcon_core.package_identification:_identify(src/bsw/system) by extension 'python_setup_py'
[0.236s] Level 1:colcon.colcon_core.package_identification:_identify(src/bsw/system/interface) by extensions ['ignore', 'ignore_ament_install']
[0.236s] Level 1:colcon.colcon_core.package_identification:_identify(src/bsw/system/interface) by extension 'ignore'
[0.236s] Level 1:colcon.colcon_core.package_identification:_identify(src/bsw/system/interface) by extension 'ignore_ament_install'
[0.236s] Level 1:colcon.colcon_core.package_identification:_identify(src/bsw/system/interface) by extensions ['colcon_pkg']
[0.236s] Level 1:colcon.colcon_core.package_identification:_identify(src/bsw/system/interface) by extension 'colcon_pkg'
[0.236s] Level 1:colcon.colcon_core.package_identification:_identify(src/bsw/system/interface) by extensions ['colcon_meta']
[0.237s] Level 1:colcon.colcon_core.package_identification:_identify(src/bsw/system/interface) by extension 'colcon_meta'
[0.237s] Level 1:colcon.colcon_core.package_identification:_identify(src/bsw/system/interface) by extensions ['ament_cargo']
[0.237s] Level 1:colcon.colcon_core.package_identification:_identify(src/bsw/system/interface) by extension 'ament_cargo'
[0.237s] Level 1:colcon.colcon_core.package_identification:_identify(src/bsw/system/interface) by extensions ['ros']
[0.237s] Level 1:colcon.colcon_core.package_identification:_identify(src/bsw/system/interface) by extension 'ros'
[0.237s] Level 1:colcon.colcon_core.package_identification:_identify(src/bsw/system/interface) by extensions ['cargo', 'cmake', 'python']
[0.237s] Level 1:colcon.colcon_core.package_identification:_identify(src/bsw/system/interface) by extension 'cargo'
[0.237s] Level 1:colcon.colcon_core.package_identification:_identify(src/bsw/system/interface) by extension 'cmake'
[0.237s] Level 1:colcon.colcon_core.package_identification:_identify(src/bsw/system/interface) by extension 'python'
[0.237s] Level 1:colcon.colcon_core.package_identification:_identify(src/bsw/system/interface) by extensions ['python_setup_py']
[0.237s] Level 1:colcon.colcon_core.package_identification:_identify(src/bsw/system/interface) by extension 'python_setup_py'
[0.237s] Level 1:colcon.colcon_core.package_identification:_identify(src/rte) by extensions ['ignore', 'ignore_ament_install']
[0.237s] Level 1:colcon.colcon_core.package_identification:_identify(src/rte) by extension 'ignore'
[0.237s] Level 1:colcon.colcon_core.package_identification:_identify(src/rte) by extension 'ignore_ament_install'
[0.237s] Level 1:colcon.colcon_core.package_identification:_identify(src/rte) by extensions ['colcon_pkg']
[0.237s] Level 1:colcon.colcon_core.package_identification:_identify(src/rte) by extension 'colcon_pkg'
[0.237s] Level 1:colcon.colcon_core.package_identification:_identify(src/rte) by extensions ['colcon_meta']
[0.237s] Level 1:colcon.colcon_core.package_identification:_identify(src/rte) by extension 'colcon_meta'
[0.237s] Level 1:colcon.colcon_core.package_identification:_identify(src/rte) by extensions ['ament_cargo']
[0.237s] Level 1:colcon.colcon_core.package_identification:_identify(src/rte) by extension 'ament_cargo'
[0.237s] Level 1:colcon.colcon_core.package_identification:_identify(src/rte) by extensions ['ros']
[0.237s] Level 1:colcon.colcon_core.package_identification:_identify(src/rte) by extension 'ros'
[0.237s] Level 1:colcon.colcon_core.package_identification:_identify(src/rte) by extensions ['cargo', 'cmake', 'python']
[0.237s] Level 1:colcon.colcon_core.package_identification:_identify(src/rte) by extension 'cargo'
[0.237s] Level 1:colcon.colcon_core.package_identification:_identify(src/rte) by extension 'cmake'
[0.237s] Level 1:colcon.colcon_core.package_identification:_identify(src/rte) by extension 'python'
[0.237s] Level 1:colcon.colcon_core.package_identification:_identify(src/rte) by extensions ['python_setup_py']
[0.237s] Level 1:colcon.colcon_core.package_identification:_identify(src/rte) by extension 'python_setup_py'
[0.237s] Level 1:colcon.colcon_core.package_identification:_identify(src/rte/msg) by extensions ['ignore', 'ignore_ament_install']
[0.238s] Level 1:colcon.colcon_core.package_identification:_identify(src/rte/msg) by extension 'ignore'
[0.238s] Level 1:colcon.colcon_core.package_identification:_identify(src/rte/msg) by extension 'ignore_ament_install'
[0.238s] Level 1:colcon.colcon_core.package_identification:_identify(src/rte/msg) by extensions ['colcon_pkg']
[0.238s] Level 1:colcon.colcon_core.package_identification:_identify(src/rte/msg) by extension 'colcon_pkg'
[0.238s] Level 1:colcon.colcon_core.package_identification:_identify(src/rte/msg) by extensions ['colcon_meta']
[0.238s] Level 1:colcon.colcon_core.package_identification:_identify(src/rte/msg) by extension 'colcon_meta'
[0.238s] Level 1:colcon.colcon_core.package_identification:_identify(src/rte/msg) by extensions ['ament_cargo']
[0.238s] Level 1:colcon.colcon_core.package_identification:_identify(src/rte/msg) by extension 'ament_cargo'
[0.238s] Level 1:colcon.colcon_core.package_identification:_identify(src/rte/msg) by extensions ['ros']
[0.238s] Level 1:colcon.colcon_core.package_identification:_identify(src/rte/msg) by extension 'ros'
[0.238s] Level 1:colcon.colcon_core.package_identification:_identify(src/rte/msg) by extensions ['cargo', 'cmake', 'python']
[0.238s] Level 1:colcon.colcon_core.package_identification:_identify(src/rte/msg) by extension 'cargo'
[0.238s] Level 1:colcon.colcon_core.package_identification:_identify(src/rte/msg) by extension 'cmake'
[0.238s] Level 1:colcon.colcon_core.package_identification:_identify(src/rte/msg) by extension 'python'
[0.238s] Level 1:colcon.colcon_core.package_identification:_identify(src/rte/msg) by extensions ['python_setup_py']
[0.238s] Level 1:colcon.colcon_core.package_identification:_identify(src/rte/msg) by extension 'python_setup_py'
[0.238s] Level 1:colcon.colcon_core.package_identification:_identify(src/rte/msg/ad_msgs) by extensions ['ignore', 'ignore_ament_install']
[0.238s] Level 1:colcon.colcon_core.package_identification:_identify(src/rte/msg/ad_msgs) by extension 'ignore'
[0.238s] Level 1:colcon.colcon_core.package_identification:_identify(src/rte/msg/ad_msgs) by extension 'ignore_ament_install'
[0.238s] Level 1:colcon.colcon_core.package_identification:_identify(src/rte/msg/ad_msgs) by extensions ['colcon_pkg']
[0.238s] Level 1:colcon.colcon_core.package_identification:_identify(src/rte/msg/ad_msgs) by extension 'colcon_pkg'
[0.238s] Level 1:colcon.colcon_core.package_identification:_identify(src/rte/msg/ad_msgs) by extensions ['colcon_meta']
[0.238s] Level 1:colcon.colcon_core.package_identification:_identify(src/rte/msg/ad_msgs) by extension 'colcon_meta'
[0.238s] Level 1:colcon.colcon_core.package_identification:_identify(src/rte/msg/ad_msgs) by extensions ['ament_cargo']
[0.238s] Level 1:colcon.colcon_core.package_identification:_identify(src/rte/msg/ad_msgs) by extension 'ament_cargo'
[0.238s] Level 1:colcon.colcon_core.package_identification:_identify(src/rte/msg/ad_msgs) by extensions ['ros']
[0.238s] Level 1:colcon.colcon_core.package_identification:_identify(src/rte/msg/ad_msgs) by extension 'ros'
[0.239s] DEBUG:colcon.colcon_core.package_identification:Package 'src/rte/msg/ad_msgs' with type 'ros.ament_cmake' and name 'ad_msgs'
[0.239s] Level 1:colcon.colcon_core.package_discovery:discover_packages(recursive) using defaults
[0.239s] Level 1:colcon.colcon_core.package_discovery:discover_packages(ignore) discover
[0.239s] Level 1:colcon.colcon_core.package_discovery:discover_packages(ignore) using defaults
[0.239s] Level 1:colcon.colcon_core.package_discovery:discover_packages(path) discover
[0.239s] Level 1:colcon.colcon_core.package_discovery:discover_packages(path) using defaults
[0.264s] Level 1:colcon.colcon_core.package_discovery:discover_packages(prefix_path) check parameters
[0.264s] Level 1:colcon.colcon_core.package_discovery:discover_packages(prefix_path) discover
[0.265s] DEBUG:colcon.colcon_installed_package_information.package_discovery:Found 4 installed packages in /home/jsyun/Programming/ROS2/automotive_software_lecture/simulator_projects/002_automotive_software_lon/install
[0.266s] DEBUG:colcon.colcon_installed_package_information.package_discovery:Found 2 installed packages in /home/jsyun/Programming/ROS2/automotive_software_lecture/ros2_turtlesim_project/install
[0.267s] DEBUG:colcon.colcon_installed_package_information.package_discovery:Found 302 installed packages in /opt/ros/humble
[0.268s] Level 1:colcon.colcon_core.package_discovery:discover_packages(prefix_path) using defaults
[0.300s] Level 5:colcon.colcon_core.verb:set package 'ad_msgs' build argument 'lookup_in_workspace' from command line to 'False'
[0.300s] Level 5:colcon.colcon_core.verb:set package 'ad_msgs' build argument 'cargo_args' from command line to 'None'
[0.300s] Level 5:colcon.colcon_core.verb:set package 'ad_msgs' build argument 'clean_build' from command line to 'False'
[0.300s] Level 5:colcon.colcon_core.verb:set package 'ad_msgs' build argument 'cmake_args' from command line to '['-DCMAKE_BUILD_TYPE=Release']'
[0.300s] Level 5:colcon.colcon_core.verb:set package 'ad_msgs' build argument 'cmake_target' from command line to 'None'
[0.300s] Level 5:colcon.colcon_core.verb:set package 'ad_msgs' build argument 'cmake_target_skip_unavailable' from command line to 'False'
[0.300s] Level 5:colcon.colcon_core.verb:set package 'ad_msgs' build argument 'cmake_clean_cache' from command line to 'False'
[0.300s] Level 5:colcon.colcon_core.verb:set package 'ad_msgs' build argument 'cmake_clean_first' from command line to 'False'
[0.300s] Level 5:colcon.colcon_core.verb:set package 'ad_msgs' build argument 'cmake_force_configure' from command line to 'False'
[0.300s] Level 5:colcon.colcon_core.verb:set package 'ad_msgs' build argument 'ament_cmake_args' from command line to 'None'
[0.300s] Level 5:colcon.colcon_core.verb:set package 'ad_msgs' build argument 'catkin_cmake_args' from command line to 'None'
[0.300s] Level 5:colcon.colcon_core.verb:set package 'ad_msgs' build argument 'catkin_skip_building_tests' from command line to 'False'
[0.300s] DEBUG:colcon.colcon_core.verb:Building package 'ad_msgs' with the following arguments: {'ament_cmake_args': None, 'build_base': '/home/jsyun/Programming/ROS2/automotive_software_lecture/simulator_projects/002_automotive_software_lon/build/ad_msgs', 'cargo_args': None, 'catkin_cmake_args': None, 'catkin_skip_building_tests': False, 'clean_build': False, 'cmake_args': ['-DCMAKE_BUILD_TYPE=Release'], 'cmake_clean_cache': False, 'cmake_clean_first': False, 'cmake_force_configure': False, 'cmake_target': None, 'cmake_target_skip_unavailable': False, 'install_base': '/home/jsyun/Programming/ROS2/automotive_software_lecture/simulator_projects/002_automotive_software_lon/install/ad_msgs', 'lookup_in_workspace': False, 'merge_install': False, 'path': '/home/jsyun/Programming/ROS2/automotive_software_lecture/simulator_projects/002_automotive_software_lon/src/rte/msg/ad_msgs', 'symlink_install': True, 'test_result_base': None}
[0.300s] Level 5:colcon.colcon_core.verb:set package 'autonomous_driving' build argument 'lookup_in_workspace' from command line to 'False'
[0.300s] Level 5:colcon.colcon_core.verb:set package 'autonomous_driving' build argument 'cargo_args' from command line to 'None'
[0.300s] Level 5:colcon.colcon_core.verb:set package 'autonomous_driving' build argument 'clean_build' from command line to 'False'
[0.300s] Level 5:colcon.colcon_core.verb:set package 'autonomous_driving' build argument 'cmake_args' from command line to '['-DCMAKE_BUILD_TYPE=Release']'
[0.300s] Level 5:colcon.colcon_core.verb:set package 'autonomous_driving' build argument 'cmake_target' from command line to 'None'
[0.300s] Level 5:colcon.colcon_core.verb:set package 'autonomous_driving' build argument 'cmake_target_skip_unavailable' from command line to 'False'
[0.301s] Level 5:colcon.colcon_core.verb:set package 'autonomous_driving' build argument 'cmake_clean_cache' from command line to 'False'
[0.301s] Level 5:colcon.colcon_core.verb:set package 'autonomous_driving' build argument 'cmake_clean_first' from command line to 'False'
[0.301s] Level 5:colcon.colcon_core.verb:set package 'autonomous_driving' build argument 'cmake_force_configure' from command line to 'False'
[0.301s] Level 5:colcon.colcon_core.verb:set package 'autonomous_driving' build argument 'ament_cmake_args' from command line to 'None'
[0.301s] Level 5:colcon.colcon_core.verb:set package 'autonomous_driving' build argument 'catkin_cmake_args' from command line to 'None'
[0.301s] Level 5:colcon.colcon_core.verb:set package 'autonomous_driving' build argument 'catkin_skip_building_tests' from command line to 'False'
[0.301s] DEBUG:colcon.colcon_core.verb:Building package 'autonomous_driving' with the following arguments: {'ament_cmake_args': None, 'build_base': '/home/jsyun/Programming/ROS2/automotive_software_lecture/simulator_projects/002_automotive_software_lon/build/autonomous_driving', 'cargo_args': None, 'catkin_cmake_args': None, 'catkin_skip_building_tests': False, 'clean_build': False, 'cmake_args': ['-DCMAKE_BUILD_TYPE=Release'], 'cmake_clean_cache': False, 'cmake_clean_first': False, 'cmake_force_configure': False, 'cmake_target': None, 'cmake_target_skip_unavailable': False, 'install_base': '/home/jsyun/Programming/ROS2/automotive_software_lecture/simulator_projects/002_automotive_software_lon/install/autonomous_driving', 'lookup_in_workspace': False, 'merge_install': False, 'path': '/home/jsyun/Programming/ROS2/automotive_software_lecture/simulator_projects/002_automotive_software_lon/src/app/autonomous_driving', 'symlink_install': True, 'test_result_base': None}
[0.301s] Level 5:colcon.colcon_core.verb:set package 'simulator' build argument 'lookup_in_workspace' from command line to 'False'
[0.301s] Level 5:colcon.colcon_core.verb:set package 'simulator' build argument 'cargo_args' from command line to 'None'
[0.301s] Level 5:colcon.colcon_core.verb:set package 'simulator' build argument 'clean_build' from command line to 'False'
[0.301s] Level 5:colcon.colcon_core.verb:set package 'simulator' build argument 'cmake_args' from command line to '['-DCMAKE_BUILD_TYPE=Release']'
[0.301s] Level 5:colcon.colcon_core.verb:set package 'simulator' build argument 'cmake_target' from command line to 'None'
[0.301s] Level 5:colcon.colcon_core.verb:set package 'simulator' build argument 'cmake_target_skip_unavailable' from command line to 'False'
[0.301s] Level 5:colcon.colcon_core.verb:set package 'simulator' build argument 'cmake_clean_cache' from command line to 'False'
[0.301s] Level 5:colcon.colcon_core.verb:set package 'simulator' build argument 'cmake_clean_first' from command line to 'False'
[0.301s] Level 5:colcon.colcon_core.verb:set package 'simulator' build argument 'cmake_force_configure' from command line to 'False'
[0.301s] Level 5:colcon.colcon_core.verb:set package 'simulator' build argument 'ament_cmake_args' from command line to 'None'
[0.301s] Level 5:colcon.colcon_core.verb:set package 'simulator' build argument 'catkin_cmake_args' from command line to 'None'
[0.301s] Level 5:colcon.colcon_core.verb:set package 'simulator' build argument 'catkin_skip_building_tests' from command line to 'False'
[0.301s] DEBUG:colcon.colcon_core.verb:Building package 'simulator' with the following arguments: {'ament_cmake_args': None, 'build_base': '/home/jsyun/Programming/ROS2/automotive_software_lecture/simulator_projects/002_automotive_software_lon/build/simulator', 'cargo_args': None, 'catkin_cmake_args': None, 'catkin_skip_building_tests': False, 'clean_build': False, 'cmake_args': ['-DCMAKE_BUILD_TYPE=Release'], 'cmake_clean_cache': False, 'cmake_clean_first': False, 'cmake_force_configure': False, 'cmake_target': None, 'cmake_target_skip_unavailable': False, 'install_base': '/home/jsyun/Programming/ROS2/automotive_software_lecture/simulator_projects/002_automotive_software_lon/install/simulator', 'lookup_in_workspace': False, 'merge_install': False, 'path': '/home/jsyun/Programming/ROS2/automotive_software_lecture/simulator_projects/002_automotive_software_lon/src/app/simulator', 'symlink_install': True, 'test_result_base': None}
[0.302s] Level 5:colcon.colcon_core.verb:set package 'speed_limiter' build argument 'lookup_in_workspace' from command line to 'False'
[0.302s] Level 5:colcon.colcon_core.verb:set package 'speed_limiter' build argument 'cargo_args' from command line to 'None'
[0.302s] Level 5:colcon.colcon_core.verb:set package 'speed_limiter' build argument 'clean_build' from command line to 'False'
[0.302s] Level 5:colcon.colcon_core.verb:set package 'speed_limiter' build argument 'cmake_args' from command line to '['-DCMAKE_BUILD_TYPE=Release']'
[0.302s] Level 5:colcon.colcon_core.verb:set package 'speed_limiter' build argument 'cmake_target' from command line to 'None'
[0.302s] Level 5:colcon.colcon_core.verb:set package 'speed_limiter' build argument 'cmake_target_skip_unavailable' from command line to 'False'
[0.302s] Level 5:colcon.colcon_core.verb:set package 'speed_limiter' build argument 'cmake_clean_cache' from command line to 'False'
[0.302s] Level 5:colcon.colcon_core.verb:set package 'speed_limiter' build argument 'cmake_clean_first' from command line to 'False'
[0.302s] Level 5:colcon.colcon_core.verb:set package 'speed_limiter' build argument 'cmake_force_configure' from command line to 'False'
[0.302s] Level 5:colcon.colcon_core.verb:set package 'speed_limiter' build argument 'ament_cmake_args' from command line to 'None'
[0.302s] Level 5:colcon.colcon_core.verb:set package 'speed_limiter' build argument 'catkin_cmake_args' from command line to 'None'
[0.302s] Level 5:colcon.colcon_core.verb:set package 'speed_limiter' build argument 'catkin_skip_building_tests' from command line to 'False'
[0.302s] DEBUG:colcon.colcon_core.verb:Building package 'speed_limiter' with the following arguments: {'ament_cmake_args': None, 'build_base': '/home/jsyun/Programming/ROS2/automotive_software_lecture/simulator_projects/002_automotive_software_lon/build/speed_limiter', 'cargo_args': None, 'catkin_cmake_args': None, 'catkin_skip_building_tests': False, 'clean_build': False, 'cmake_args': ['-DCMAKE_BUILD_TYPE=Release'], 'cmake_clean_cache': False, 'cmake_clean_first': False, 'cmake_force_configure': False, 'cmake_target': None, 'cmake_target_skip_unavailable': False, 'install_base': '/home/jsyun/Programming/ROS2/automotive_software_lecture/simulator_projects/002_automotive_software_lon/install/speed_limiter', 'lookup_in_workspace': False, 'merge_install': False, 'path': '/home/jsyun/Programming/ROS2/automotive_software_lecture/simulator_projects/002_automotive_software_lon/src/app/speed_limiter', 'symlink_install': True, 'test_result_base': None}
[0.302s] INFO:colcon.colcon_core.executor:Executing jobs using 'parallel' executor
[0.303s] DEBUG:colcon.colcon_parallel_executor.executor.parallel:run_until_complete
[0.303s] INFO:colcon.colcon_ros.task.ament_cmake.build:Building ROS package in '/home/jsyun/Programming/ROS2/automotive_software_lecture/simulator_projects/002_automotive_software_lon/src/rte/msg/ad_msgs' with build type 'ament_cmake'
[0.303s] INFO:colcon.colcon_cmake.task.cmake.build:Building CMake package in '/home/jsyun/Programming/ROS2/automotive_software_lecture/simulator_projects/002_automotive_software_lon/src/rte/msg/ad_msgs'
[0.305s] INFO:colcon.colcon_core.plugin_system:Skipping extension 'colcon_core.shell.bat': Not used on non-Windows systems
[0.305s] INFO:colcon.colcon_core.shell:Skip shell extension 'powershell' for command environment: Not usable outside of PowerShell
[0.305s] DEBUG:colcon.colcon_core.shell:Skip shell extension 'dsv' for command environment
[0.313s] DEBUG:colcon.colcon_core.event_handler.log_command:Invoking command in '/home/jsyun/Programming/ROS2/automotive_software_lecture/simulator_projects/002_automotive_software_lon/build/ad_msgs': CMAKE_PREFIX_PATH=${CMAKE_PREFIX_PATH}:/opt/ros/humble /usr/bin/cmake --build /home/jsyun/Programming/ROS2/automotive_software_lecture/simulator_projects/002_automotive_software_lon/build/ad_msgs -- -j12 -l12
[0.625s] DEBUG:colcon.colcon_core.event_handler.log_command:Invoked command in '/home/jsyun/Programming/ROS2/automotive_software_lecture/simulator_projects/002_automotive_software_lon/build/ad_msgs' returned '0': CMAKE_PREFIX_PATH=${CMAKE_PREFIX_PATH}:/opt/ros/humble /usr/bin/cmake --build /home/jsyun/Programming/ROS2/automotive_software_lecture/simulator_projects/002_automotive_software_lon/build/ad_msgs -- -j12 -l12
[0.784s] DEBUG:colcon.colcon_core.event_handler.log_command:Invoking command in '/home/jsyun/Programming/ROS2/automotive_software_lecture/simulator_projects/002_automotive_software_lon/build/ad_msgs': CMAKE_PREFIX_PATH=${CMAKE_PREFIX_PATH}:/opt/ros/humble /usr/bin/cmake --install /home/jsyun/Programming/ROS2/automotive_software_lecture/simulator_projects/002_automotive_software_lon/build/ad_msgs
[0.855s] Level 1:colcon.colcon_core.environment:create_environment_scripts_only(ad_msgs)
[0.856s] DEBUG:colcon.colcon_core.event_handler.log_command:Invoked command in '/home/jsyun/Programming/ROS2/automotive_software_lecture/simulator_projects/002_automotive_software_lon/build/ad_msgs' returned '0': CMAKE_PREFIX_PATH=${CMAKE_PREFIX_PATH}:/opt/ros/humble /usr/bin/cmake --install /home/jsyun/Programming/ROS2/automotive_software_lecture/simulator_projects/002_automotive_software_lon/build/ad_msgs
[0.858s] Level 1:colcon.colcon_core.environment:checking '/home/jsyun/Programming/ROS2/automotive_software_lecture/simulator_projects/002_automotive_software_lon/install/ad_msgs' for CMake module files
[0.858s] Level 1:colcon.colcon_core.environment:checking '/home/jsyun/Programming/ROS2/automotive_software_lecture/simulator_projects/002_automotive_software_lon/install/ad_msgs' for CMake config files
[0.860s] Level 1:colcon.colcon_core.shell:create_environment_hook('ad_msgs', 'cmake_prefix_path')
[0.860s] INFO:colcon.colcon_core.shell:Creating environment hook '/home/jsyun/Programming/ROS2/automotive_software_lecture/simulator_projects/002_automotive_software_lon/install/ad_msgs/share/ad_msgs/hook/cmake_prefix_path.ps1'
[0.860s] INFO:colcon.colcon_core.shell:Creating environment descriptor '/home/jsyun/Programming/ROS2/automotive_software_lecture/simulator_projects/002_automotive_software_lon/install/ad_msgs/share/ad_msgs/hook/cmake_prefix_path.dsv'
[0.861s] INFO:colcon.colcon_core.shell:Creating environment hook '/home/jsyun/Programming/ROS2/automotive_software_lecture/simulator_projects/002_automotive_software_lon/install/ad_msgs/share/ad_msgs/hook/cmake_prefix_path.sh'
[0.861s] Level 1:colcon.colcon_core.environment:checking '/home/jsyun/Programming/ROS2/automotive_software_lecture/simulator_projects/002_automotive_software_lon/install/ad_msgs/lib'
[0.861s] Level 1:colcon.colcon_core.shell:create_environment_hook('ad_msgs', 'ld_library_path_lib')
[0.862s] INFO:colcon.colcon_core.shell:Creating environment hook '/home/jsyun/Programming/ROS2/automotive_software_lecture/simulator_projects/002_automotive_software_lon/install/ad_msgs/share/ad_msgs/hook/ld_library_path_lib.ps1'
[0.862s] INFO:colcon.colcon_core.shell:Creating environment descriptor '/home/jsyun/Programming/ROS2/automotive_software_lecture/simulator_projects/002_automotive_software_lon/install/ad_msgs/share/ad_msgs/hook/ld_library_path_lib.dsv'
[0.862s] INFO:colcon.colcon_core.shell:Creating environment hook '/home/jsyun/Programming/ROS2/automotive_software_lecture/simulator_projects/002_automotive_software_lon/install/ad_msgs/share/ad_msgs/hook/ld_library_path_lib.sh'
[0.862s] Level 1:colcon.colcon_core.environment:checking '/home/jsyun/Programming/ROS2/automotive_software_lecture/simulator_projects/002_automotive_software_lon/install/ad_msgs/bin'
[0.862s] Level 1:colcon.colcon_core.environment:checking '/home/jsyun/Programming/ROS2/automotive_software_lecture/simulator_projects/002_automotive_software_lon/install/ad_msgs/lib/pkgconfig/ad_msgs.pc'
[0.863s] Level 1:colcon.colcon_core.environment:checking '/home/jsyun/Programming/ROS2/automotive_software_lecture/simulator_projects/002_automotive_software_lon/install/ad_msgs/lib/python3.10/site-packages'
[0.863s] Level 1:colcon.colcon_core.environment:checking '/home/jsyun/Programming/ROS2/automotive_software_lecture/simulator_projects/002_automotive_software_lon/install/ad_msgs/bin'
[0.863s] INFO:colcon.colcon_core.shell:Creating package script '/home/jsyun/Programming/ROS2/automotive_software_lecture/simulator_projects/002_automotive_software_lon/install/ad_msgs/share/ad_msgs/package.ps1'
[0.864s] INFO:colcon.colcon_core.shell:Creating package descriptor '/home/jsyun/Programming/ROS2/automotive_software_lecture/simulator_projects/002_automotive_software_lon/install/ad_msgs/share/ad_msgs/package.dsv'
[0.864s] INFO:colcon.colcon_core.shell:Creating package script '/home/jsyun/Programming/ROS2/automotive_software_lecture/simulator_projects/002_automotive_software_lon/install/ad_msgs/share/ad_msgs/package.sh'
[0.865s] INFO:colcon.colcon_core.shell:Creating package script '/home/jsyun/Programming/ROS2/automotive_software_lecture/simulator_projects/002_automotive_software_lon/install/ad_msgs/share/ad_msgs/package.bash'
[0.865s] INFO:colcon.colcon_core.shell:Creating package script '/home/jsyun/Programming/ROS2/automotive_software_lecture/simulator_projects/002_automotive_software_lon/install/ad_msgs/share/ad_msgs/package.zsh'
[0.866s] Level 1:colcon.colcon_core.environment:create_file_with_runtime_dependencies(/home/jsyun/Programming/ROS2/automotive_software_lecture/simulator_projects/002_automotive_software_lon/install/ad_msgs/share/colcon-core/packages/ad_msgs)
[1.012s] Level 1:colcon.colcon_core.environment:create_environment_scripts_only(ad_msgs)
[1.012s] Level 1:colcon.colcon_core.environment:checking '/home/jsyun/Programming/ROS2/automotive_software_lecture/simulator_projects/002_automotive_software_lon/install/ad_msgs' for CMake module files
[1.013s] Level 1:colcon.colcon_core.environment:checking '/home/jsyun/Programming/ROS2/automotive_software_lecture/simulator_projects/002_automotive_software_lon/install/ad_msgs' for CMake config files
[1.014s] Level 1:colcon.colcon_core.shell:create_environment_hook('ad_msgs', 'cmake_prefix_path')
[1.014s] INFO:colcon.colcon_core.shell:Creating environment hook '/home/jsyun/Programming/ROS2/automotive_software_lecture/simulator_projects/002_automotive_software_lon/install/ad_msgs/share/ad_msgs/hook/cmake_prefix_path.ps1'
[1.014s] INFO:colcon.colcon_core.shell:Creating environment descriptor '/home/jsyun/Programming/ROS2/automotive_software_lecture/simulator_projects/002_automotive_software_lon/install/ad_msgs/share/ad_msgs/hook/cmake_prefix_path.dsv'
[1.015s] INFO:colcon.colcon_core.shell:Creating environment hook '/home/jsyun/Programming/ROS2/automotive_software_lecture/simulator_projects/002_automotive_software_lon/install/ad_msgs/share/ad_msgs/hook/cmake_prefix_path.sh'
[1.015s] Level 1:colcon.colcon_core.environment:checking '/home/jsyun/Programming/ROS2/automotive_software_lecture/simulator_projects/002_automotive_software_lon/install/ad_msgs/lib'
[1.015s] Level 1:colcon.colcon_core.shell:create_environment_hook('ad_msgs', 'ld_library_path_lib')
[1.015s] INFO:colcon.colcon_core.shell:Creating environment hook '/home/jsyun/Programming/ROS2/automotive_software_lecture/simulator_projects/002_automotive_software_lon/install/ad_msgs/share/ad_msgs/hook/ld_library_path_lib.ps1'
[1.016s] INFO:colcon.colcon_core.shell:Creating environment descriptor '/home/jsyun/Programming/ROS2/automotive_software_lecture/simulator_projects/002_automotive_software_lon/install/ad_msgs/share/ad_msgs/hook/ld_library_path_lib.dsv'
[1.016s] INFO:colcon.colcon_core.shell:Creating environment hook '/home/jsyun/Programming/ROS2/automotive_software_lecture/simulator_projects/002_automotive_software_lon/install/ad_msgs/share/ad_msgs/hook/ld_library_path_lib.sh'
[1.016s] Level 1:colcon.colcon_core.environment:checking '/home/jsyun/Programming/ROS2/automotive_software_lecture/simulator_projects/002_automotive_software_lon/install/ad_msgs/bin'
[1.016s] Level 1:colcon.colcon_core.environment:checking '/home/jsyun/Programming/ROS2/automotive_software_lecture/simulator_projects/002_automotive_software_lon/install/ad_msgs/lib/pkgconfig/ad_msgs.pc'
[1.016s] Level 1:colcon.colcon_core.environment:checking '/home/jsyun/Programming/ROS2/automotive_software_lecture/simulator_projects/002_automotive_software_lon/install/ad_msgs/lib/python3.10/site-packages'
[1.017s] Level 1:colcon.colcon_core.environment:checking '/home/jsyun/Programming/ROS2/automotive_software_lecture/simulator_projects/002_automotive_software_lon/install/ad_msgs/bin'
[1.017s] INFO:colcon.colcon_core.shell:Creating package script '/home/jsyun/Programming/ROS2/automotive_software_lecture/simulator_projects/002_automotive_software_lon/install/ad_msgs/share/ad_msgs/package.ps1'
[1.017s] INFO:colcon.colcon_core.shell:Creating package descriptor '/home/jsyun/Programming/ROS2/automotive_software_lecture/simulator_projects/002_automotive_software_lon/install/ad_msgs/share/ad_msgs/package.dsv'
[1.018s] INFO:colcon.colcon_core.shell:Creating package script '/home/jsyun/Programming/ROS2/automotive_software_lecture/simulator_projects/002_automotive_software_lon/install/ad_msgs/share/ad_msgs/package.sh'
[1.018s] INFO:colcon.colcon_core.shell:Creating package script '/home/jsyun/Programming/ROS2/automotive_software_lecture/simulator_projects/002_automotive_software_lon/install/ad_msgs/share/ad_msgs/package.bash'
[1.018s] INFO:colcon.colcon_core.shell:Creating package script '/home/jsyun/Programming/ROS2/automotive_software_lecture/simulator_projects/002_automotive_software_lon/install/ad_msgs/share/ad_msgs/package.zsh'
[1.019s] Level 1:colcon.colcon_core.environment:create_file_with_runtime_dependencies(/home/jsyun/Programming/ROS2/automotive_software_lecture/simulator_projects/002_automotive_software_lon/install/ad_msgs/share/colcon-core/packages/ad_msgs)
[1.019s] INFO:colcon.colcon_ros.task.ament_cmake.build:Building ROS package in '/home/jsyun/Programming/ROS2/automotive_software_lecture/simulator_projects/002_automotive_software_lon/src/app/autonomous_driving' with build type 'ament_cmake'
[1.019s] INFO:colcon.colcon_cmake.task.cmake.build:Building CMake package in '/home/jsyun/Programming/ROS2/automotive_software_lecture/simulator_projects/002_automotive_software_lon/src/app/autonomous_driving'
[1.019s] INFO:colcon.colcon_core.shell:Skip shell extension 'powershell' for command environment: Not usable outside of PowerShell
[1.019s] DEBUG:colcon.colcon_core.shell:Skip shell extension 'dsv' for command environment
[1.023s] INFO:colcon.colcon_ros.task.ament_cmake.build:Building ROS package in '/home/jsyun/Programming/ROS2/automotive_software_lecture/simulator_projects/002_automotive_software_lon/src/app/simulator' with build type 'ament_cmake'
[1.023s] INFO:colcon.colcon_cmake.task.cmake.build:Building CMake package in '/home/jsyun/Programming/ROS2/automotive_software_lecture/simulator_projects/002_automotive_software_lon/src/app/simulator'
[1.023s] INFO:colcon.colcon_core.shell:Skip shell extension 'powershell' for command environment: Not usable outside of PowerShell
[1.023s] DEBUG:colcon.colcon_core.shell:Skip shell extension 'dsv' for command environment
[1.026s] INFO:colcon.colcon_ros.task.ament_cmake.build:Building ROS package in '/home/jsyun/Programming/ROS2/automotive_software_lecture/simulator_projects/002_automotive_software_lon/src/app/speed_limiter' with build type 'ament_cmake'
[1.026s] INFO:colcon.colcon_cmake.task.cmake.build:Building CMake package in '/home/jsyun/Programming/ROS2/automotive_software_lecture/simulator_projects/002_automotive_software_lon/src/app/speed_limiter'
[1.026s] INFO:colcon.colcon_core.shell:Skip shell extension 'powershell' for command environment: Not usable outside of PowerShell
[1.026s] DEBUG:colcon.colcon_core.shell:Skip shell extension 'dsv' for command environment
[1.033s] DEBUG:colcon.colcon_core.event_handler.log_command:Invoking command in '/home/jsyun/Programming/ROS2/automotive_software_lecture/simulator_projects/002_automotive_software_lon/build/autonomous_driving': CMAKE_PREFIX_PATH=/home/jsyun/Programming/ROS2/automotive_software_lecture/simulator_projects/002_automotive_software_lon/install/ad_msgs:/home/jsyun/Programming/ROS2/automotive_software_lecture/simulator_projects/002_automotive_software_lon/install/speed_limiter:/home/jsyun/Programming/ROS2/automotive_software_lecture/simulator_projects/002_automotive_software_lon/install/simulator:/home/jsyun/Programming/ROS2/automotive_software_lecture/simulator_projects/002_automotive_software_lon/install/autonomous_driving:/home/jsyun/Programming/ROS2/automotive_software_lecture/ros2_turtlesim_project/install/turtlesim_project:/home/jsyun/Programming/ROS2/automotive_software_lecture/ros2_turtlesim_project/install/custom_interfaces:/opt/ros/humble /usr/bin/cmake --build /home/jsyun/Programming/ROS2/automotive_software_lecture/simulator_projects/002_automotive_software_lon/build/autonomous_driving -- -j12 -l12
[1.036s] DEBUG:colcon.colcon_core.event_handler.log_command:Invoking command in '/home/jsyun/Programming/ROS2/automotive_software_lecture/simulator_projects/002_automotive_software_lon/build/simulator': CMAKE_PREFIX_PATH=/home/jsyun/Programming/ROS2/automotive_software_lecture/simulator_projects/002_automotive_software_lon/install/ad_msgs:/home/jsyun/Programming/ROS2/automotive_software_lecture/simulator_projects/002_automotive_software_lon/install/speed_limiter:/home/jsyun/Programming/ROS2/automotive_software_lecture/simulator_projects/002_automotive_software_lon/install/simulator:/home/jsyun/Programming/ROS2/automotive_software_lecture/simulator_projects/002_automotive_software_lon/install/autonomous_driving:/home/jsyun/Programming/ROS2/automotive_software_lecture/ros2_turtlesim_project/install/turtlesim_project:/home/jsyun/Programming/ROS2/automotive_software_lecture/ros2_turtlesim_project/install/custom_interfaces:/opt/ros/humble /usr/bin/cmake --build /home/jsyun/Programming/ROS2/automotive_software_lecture/simulator_projects/002_automotive_software_lon/build/simulator -- -j12 -l12
[1.038s] DEBUG:colcon.colcon_core.event_handler.log_command:Invoking command in '/home/jsyun/Programming/ROS2/automotive_software_lecture/simulator_projects/002_automotive_software_lon/build/speed_limiter': CMAKE_PREFIX_PATH=/home/jsyun/Programming/ROS2/automotive_software_lecture/simulator_projects/002_automotive_software_lon/install/ad_msgs:/home/jsyun/Programming/ROS2/automotive_software_lecture/simulator_projects/002_automotive_software_lon/install/speed_limiter:/home/jsyun/Programming/ROS2/automotive_software_lecture/simulator_projects/002_automotive_software_lon/install/simulator:/home/jsyun/Programming/ROS2/automotive_software_lecture/simulator_projects/002_automotive_software_lon/install/autonomous_driving:/home/jsyun/Programming/ROS2/automotive_software_lecture/ros2_turtlesim_project/install/turtlesim_project:/home/jsyun/Programming/ROS2/automotive_software_lecture/ros2_turtlesim_project/install/custom_interfaces:/opt/ros/humble /usr/bin/cmake --build /home/jsyun/Programming/ROS2/automotive_software_lecture/simulator_projects/002_automotive_software_lon/build/speed_limiter -- -j12 -l12
[1.105s] DEBUG:colcon.colcon_core.event_handler.log_command:Invoked command in '/home/jsyun/Programming/ROS2/automotive_software_lecture/simulator_projects/002_automotive_software_lon/build/simulator' returned '0': CMAKE_PREFIX_PATH=/home/jsyun/Programming/ROS2/automotive_software_lecture/simulator_projects/002_automotive_software_lon/install/ad_msgs:/home/jsyun/Programming/ROS2/automotive_software_lecture/simulator_projects/002_automotive_software_lon/install/speed_limiter:/home/jsyun/Programming/ROS2/automotive_software_lecture/simulator_projects/002_automotive_software_lon/install/simulator:/home/jsyun/Programming/ROS2/automotive_software_lecture/simulator_projects/002_automotive_software_lon/install/autonomous_driving:/home/jsyun/Programming/ROS2/automotive_software_lecture/ros2_turtlesim_project/install/turtlesim_project:/home/jsyun/Programming/ROS2/automotive_software_lecture/ros2_turtlesim_project/install/custom_interfaces:/opt/ros/humble /usr/bin/cmake --build /home/jsyun/Programming/ROS2/automotive_software_lecture/simulator_projects/002_automotive_software_lon/build/simulator -- -j12 -l12
[1.108s] DEBUG:colcon.colcon_core.event_handler.log_command:Invoked command in '/home/jsyun/Programming/ROS2/automotive_software_lecture/simulator_projects/002_automotive_software_lon/build/speed_limiter' returned '0': CMAKE_PREFIX_PATH=/home/jsyun/Programming/ROS2/automotive_software_lecture/simulator_projects/002_automotive_software_lon/install/ad_msgs:/home/jsyun/Programming/ROS2/automotive_software_lecture/simulator_projects/002_automotive_software_lon/install/speed_limiter:/home/jsyun/Programming/ROS2/automotive_software_lecture/simulator_projects/002_automotive_software_lon/install/simulator:/home/jsyun/Programming/ROS2/automotive_software_lecture/simulator_projects/002_automotive_software_lon/install/autonomous_driving:/home/jsyun/Programming/ROS2/automotive_software_lecture/ros2_turtlesim_project/install/turtlesim_project:/home/jsyun/Programming/ROS2/automotive_software_lecture/ros2_turtlesim_project/install/custom_interfaces:/opt/ros/humble /usr/bin/cmake --build /home/jsyun/Programming/ROS2/automotive_software_lecture/simulator_projects/002_automotive_software_lon/build/speed_limiter -- -j12 -l12
[1.134s] DEBUG:colcon.colcon_core.event_handler.log_command:Invoking command in '/home/jsyun/Programming/ROS2/automotive_software_lecture/simulator_projects/002_automotive_software_lon/build/simulator': CMAKE_PREFIX_PATH=/home/jsyun/Programming/ROS2/automotive_software_lecture/simulator_projects/002_automotive_software_lon/install/ad_msgs:/home/jsyun/Programming/ROS2/automotive_software_lecture/simulator_projects/002_automotive_software_lon/install/speed_limiter:/home/jsyun/Programming/ROS2/automotive_software_lecture/simulator_projects/002_automotive_software_lon/install/simulator:/home/jsyun/Programming/ROS2/automotive_software_lecture/simulator_projects/002_automotive_software_lon/install/autonomous_driving:/home/jsyun/Programming/ROS2/automotive_software_lecture/ros2_turtlesim_project/install/turtlesim_project:/home/jsyun/Programming/ROS2/automotive_software_lecture/ros2_turtlesim_project/install/custom_interfaces:/opt/ros/humble /usr/bin/cmake --install /home/jsyun/Programming/ROS2/automotive_software_lecture/simulator_projects/002_automotive_software_lon/build/simulator
[1.138s] DEBUG:colcon.colcon_core.event_handler.log_command:Invoking command in '/home/jsyun/Programming/ROS2/automotive_software_lecture/simulator_projects/002_automotive_software_lon/build/speed_limiter': CMAKE_PREFIX_PATH=/home/jsyun/Programming/ROS2/automotive_software_lecture/simulator_projects/002_automotive_software_lon/install/ad_msgs:/home/jsyun/Programming/ROS2/automotive_software_lecture/simulator_projects/002_automotive_software_lon/install/speed_limiter:/home/jsyun/Programming/ROS2/automotive_software_lecture/simulator_projects/002_automotive_software_lon/install/simulator:/home/jsyun/Programming/ROS2/automotive_software_lecture/simulator_projects/002_automotive_software_lon/install/autonomous_driving:/home/jsyun/Programming/ROS2/automotive_software_lecture/ros2_turtlesim_project/install/turtlesim_project:/home/jsyun/Programming/ROS2/automotive_software_lecture/ros2_turtlesim_project/install/custom_interfaces:/opt/ros/humble /usr/bin/cmake --install /home/jsyun/Programming/ROS2/automotive_software_lecture/simulator_projects/002_automotive_software_lon/build/speed_limiter
[1.156s] Level 1:colcon.colcon_core.environment:create_environment_scripts_only(simulator)
[1.157s] Level 1:colcon.colcon_core.environment:checking '/home/jsyun/Programming/ROS2/automotive_software_lecture/simulator_projects/002_automotive_software_lon/install/simulator' for CMake module files
[1.157s] DEBUG:colcon.colcon_core.event_handler.log_command:Invoked command in '/home/jsyun/Programming/ROS2/automotive_software_lecture/simulator_projects/002_automotive_software_lon/build/simulator' returned '0': CMAKE_PREFIX_PATH=/home/jsyun/Programming/ROS2/automotive_software_lecture/simulator_projects/002_automotive_software_lon/install/ad_msgs:/home/jsyun/Programming/ROS2/automotive_software_lecture/simulator_projects/002_automotive_software_lon/install/speed_limiter:/home/jsyun/Programming/ROS2/automotive_software_lecture/simulator_projects/002_automotive_software_lon/install/simulator:/home/jsyun/Programming/ROS2/automotive_software_lecture/simulator_projects/002_automotive_software_lon/install/autonomous_driving:/home/jsyun/Programming/ROS2/automotive_software_lecture/ros2_turtlesim_project/install/turtlesim_project:/home/jsyun/Programming/ROS2/automotive_software_lecture/ros2_turtlesim_project/install/custom_interfaces:/opt/ros/humble /usr/bin/cmake --install /home/jsyun/Programming/ROS2/automotive_software_lecture/simulator_projects/002_automotive_software_lon/build/simulator
[1.158s] Level 1:colcon.colcon_core.environment:checking '/home/jsyun/Programming/ROS2/automotive_software_lecture/simulator_projects/002_automotive_software_lon/install/simulator' for CMake config files
[1.158s] Level 1:colcon.colcon_core.shell:create_environment_hook('simulator', 'cmake_prefix_path')
[1.159s] INFO:colcon.colcon_core.shell:Creating environment hook '/home/jsyun/Programming/ROS2/automotive_software_lecture/simulator_projects/002_automotive_software_lon/install/simulator/share/simulator/hook/cmake_prefix_path.ps1'
[1.159s] INFO:colcon.colcon_core.shell:Creating environment descriptor '/home/jsyun/Programming/ROS2/automotive_software_lecture/simulator_projects/002_automotive_software_lon/install/simulator/share/simulator/hook/cmake_prefix_path.dsv'
[1.160s] INFO:colcon.colcon_core.shell:Creating environment hook '/home/jsyun/Programming/ROS2/automotive_software_lecture/simulator_projects/002_automotive_software_lon/install/simulator/share/simulator/hook/cmake_prefix_path.sh'
[1.160s] Level 1:colcon.colcon_core.environment:checking '/home/jsyun/Programming/ROS2/automotive_software_lecture/simulator_projects/002_automotive_software_lon/install/simulator/lib'
[1.160s] Level 1:colcon.colcon_core.environment:checking '/home/jsyun/Programming/ROS2/automotive_software_lecture/simulator_projects/002_automotive_software_lon/install/simulator/bin'
[1.160s] Level 1:colcon.colcon_core.environment:checking '/home/jsyun/Programming/ROS2/automotive_software_lecture/simulator_projects/002_automotive_software_lon/install/simulator/lib/pkgconfig/simulator.pc'
[1.160s] Level 1:colcon.colcon_core.environment:checking '/home/jsyun/Programming/ROS2/automotive_software_lecture/simulator_projects/002_automotive_software_lon/install/simulator/lib/python3.10/site-packages'
[1.161s] Level 1:colcon.colcon_core.environment:checking '/home/jsyun/Programming/ROS2/automotive_software_lecture/simulator_projects/002_automotive_software_lon/install/simulator/bin'
[1.161s] INFO:colcon.colcon_core.shell:Creating package script '/home/jsyun/Programming/ROS2/automotive_software_lecture/simulator_projects/002_automotive_software_lon/install/simulator/share/simulator/package.ps1'
[1.161s] INFO:colcon.colcon_core.shell:Creating package descriptor '/home/jsyun/Programming/ROS2/automotive_software_lecture/simulator_projects/002_automotive_software_lon/install/simulator/share/simulator/package.dsv'
[1.161s] INFO:colcon.colcon_core.shell:Creating package script '/home/jsyun/Programming/ROS2/automotive_software_lecture/simulator_projects/002_automotive_software_lon/install/simulator/share/simulator/package.sh'
[1.162s] INFO:colcon.colcon_core.shell:Creating package script '/home/jsyun/Programming/ROS2/automotive_software_lecture/simulator_projects/002_automotive_software_lon/install/simulator/share/simulator/package.bash'
[1.162s] INFO:colcon.colcon_core.shell:Creating package script '/home/jsyun/Programming/ROS2/automotive_software_lecture/simulator_projects/002_automotive_software_lon/install/simulator/share/simulator/package.zsh'
[1.162s] Level 1:colcon.colcon_core.environment:create_file_with_runtime_dependencies(/home/jsyun/Programming/ROS2/automotive_software_lecture/simulator_projects/002_automotive_software_lon/install/simulator/share/colcon-core/packages/simulator)
[1.164s] Level 1:colcon.colcon_core.environment:create_environment_scripts_only(speed_limiter)
[1.164s] Level 1:colcon.colcon_core.environment:checking '/home/jsyun/Programming/ROS2/automotive_software_lecture/simulator_projects/002_automotive_software_lon/install/speed_limiter' for CMake module files
[1.164s] DEBUG:colcon.colcon_core.event_handler.log_command:Invoked command in '/home/jsyun/Programming/ROS2/automotive_software_lecture/simulator_projects/002_automotive_software_lon/build/speed_limiter' returned '0': CMAKE_PREFIX_PATH=/home/jsyun/Programming/ROS2/automotive_software_lecture/simulator_projects/002_automotive_software_lon/install/ad_msgs:/home/jsyun/Programming/ROS2/automotive_software_lecture/simulator_projects/002_automotive_software_lon/install/speed_limiter:/home/jsyun/Programming/ROS2/automotive_software_lecture/simulator_projects/002_automotive_software_lon/install/simulator:/home/jsyun/Programming/ROS2/automotive_software_lecture/simulator_projects/002_automotive_software_lon/install/autonomous_driving:/home/jsyun/Programming/ROS2/automotive_software_lecture/ros2_turtlesim_project/install/turtlesim_project:/home/jsyun/Programming/ROS2/automotive_software_lecture/ros2_turtlesim_project/install/custom_interfaces:/opt/ros/humble /usr/bin/cmake --install /home/jsyun/Programming/ROS2/automotive_software_lecture/simulator_projects/002_automotive_software_lon/build/speed_limiter
[1.165s] Level 1:colcon.colcon_core.environment:checking '/home/jsyun/Programming/ROS2/automotive_software_lecture/simulator_projects/002_automotive_software_lon/install/speed_limiter' for CMake config files
[1.165s] Level 1:colcon.colcon_core.shell:create_environment_hook('speed_limiter', 'cmake_prefix_path')
[1.165s] INFO:colcon.colcon_core.shell:Creating environment hook '/home/jsyun/Programming/ROS2/automotive_software_lecture/simulator_projects/002_automotive_software_lon/install/speed_limiter/share/speed_limiter/hook/cmake_prefix_path.ps1'
[1.165s] INFO:colcon.colcon_core.shell:Creating environment descriptor '/home/jsyun/Programming/ROS2/automotive_software_lecture/simulator_projects/002_automotive_software_lon/install/speed_limiter/share/speed_limiter/hook/cmake_prefix_path.dsv'
[1.166s] INFO:colcon.colcon_core.shell:Creating environment hook '/home/jsyun/Programming/ROS2/automotive_software_lecture/simulator_projects/002_automotive_software_lon/install/speed_limiter/share/speed_limiter/hook/cmake_prefix_path.sh'
[1.166s] Level 1:colcon.colcon_core.environment:checking '/home/jsyun/Programming/ROS2/automotive_software_lecture/simulator_projects/002_automotive_software_lon/install/speed_limiter/lib'
[1.166s] Level 1:colcon.colcon_core.environment:checking '/home/jsyun/Programming/ROS2/automotive_software_lecture/simulator_projects/002_automotive_software_lon/install/speed_limiter/bin'
[1.166s] Level 1:colcon.colcon_core.environment:checking '/home/jsyun/Programming/ROS2/automotive_software_lecture/simulator_projects/002_automotive_software_lon/install/speed_limiter/lib/pkgconfig/speed_limiter.pc'
[1.166s] Level 1:colcon.colcon_core.environment:checking '/home/jsyun/Programming/ROS2/automotive_software_lecture/simulator_projects/002_automotive_software_lon/install/speed_limiter/lib/python3.10/site-packages'
[1.167s] Level 1:colcon.colcon_core.environment:checking '/home/jsyun/Programming/ROS2/automotive_software_lecture/simulator_projects/002_automotive_software_lon/install/speed_limiter/bin'
[1.167s] INFO:colcon.colcon_core.shell:Creating package script '/home/jsyun/Programming/ROS2/automotive_software_lecture/simulator_projects/002_automotive_software_lon/install/speed_limiter/share/speed_limiter/package.ps1'
[1.167s] INFO:colcon.colcon_core.shell:Creating package descriptor '/home/jsyun/Programming/ROS2/automotive_software_lecture/simulator_projects/002_automotive_software_lon/install/speed_limiter/share/speed_limiter/package.dsv'
[1.167s] INFO:colcon.colcon_core.shell:Creating package script '/home/jsyun/Programming/ROS2/automotive_software_lecture/simulator_projects/002_automotive_software_lon/install/speed_limiter/share/speed_limiter/package.sh'
[1.168s] INFO:colcon.colcon_core.shell:Creating package script '/home/jsyun/Programming/ROS2/automotive_software_lecture/simulator_projects/002_automotive_software_lon/install/speed_limiter/share/speed_limiter/package.bash'
[1.168s] INFO:colcon.colcon_core.shell:Creating package script '/home/jsyun/Programming/ROS2/automotive_software_lecture/simulator_projects/002_automotive_software_lon/install/speed_limiter/share/speed_limiter/package.zsh'
[1.168s] Level 1:colcon.colcon_core.environment:create_file_with_runtime_dependencies(/home/jsyun/Programming/ROS2/automotive_software_lecture/simulator_projects/002_automotive_software_lon/install/speed_limiter/share/colcon-core/packages/speed_limiter)
[1.191s] Level 1:colcon.colcon_core.environment:create_environment_scripts_only(simulator)
[1.191s] Level 1:colcon.colcon_core.environment:checking '/home/jsyun/Programming/ROS2/automotive_software_lecture/simulator_projects/002_automotive_software_lon/install/simulator' for CMake module files
[1.192s] Level 1:colcon.colcon_core.environment:checking '/home/jsyun/Programming/ROS2/automotive_software_lecture/simulator_projects/002_automotive_software_lon/install/simulator' for CMake config files
[1.192s] Level 1:colcon.colcon_core.shell:create_environment_hook('simulator', 'cmake_prefix_path')
[1.192s] INFO:colcon.colcon_core.shell:Creating environment hook '/home/jsyun/Programming/ROS2/automotive_software_lecture/simulator_projects/002_automotive_software_lon/install/simulator/share/simulator/hook/cmake_prefix_path.ps1'
[1.193s] INFO:colcon.colcon_core.shell:Creating environment descriptor '/home/jsyun/Programming/ROS2/automotive_software_lecture/simulator_projects/002_automotive_software_lon/install/simulator/share/simulator/hook/cmake_prefix_path.dsv'
[1.193s] INFO:colcon.colcon_core.shell:Creating environment hook '/home/jsyun/Programming/ROS2/automotive_software_lecture/simulator_projects/002_automotive_software_lon/install/simulator/share/simulator/hook/cmake_prefix_path.sh'
[1.194s] Level 1:colcon.colcon_core.environment:checking '/home/jsyun/Programming/ROS2/automotive_software_lecture/simulator_projects/002_automotive_software_lon/install/simulator/lib'
[1.194s] Level 1:colcon.colcon_core.environment:checking '/home/jsyun/Programming/ROS2/automotive_software_lecture/simulator_projects/002_automotive_software_lon/install/simulator/bin'
[1.194s] Level 1:colcon.colcon_core.environment:checking '/home/jsyun/Programming/ROS2/automotive_software_lecture/simulator_projects/002_automotive_software_lon/install/simulator/lib/pkgconfig/simulator.pc'
[1.194s] Level 1:colcon.colcon_core.environment:checking '/home/jsyun/Programming/ROS2/automotive_software_lecture/simulator_projects/002_automotive_software_lon/install/simulator/lib/python3.10/site-packages'
[1.194s] Level 1:colcon.colcon_core.environment:checking '/home/jsyun/Programming/ROS2/automotive_software_lecture/simulator_projects/002_automotive_software_lon/install/simulator/bin'
[1.194s] INFO:colcon.colcon_core.shell:Creating package script '/home/jsyun/Programming/ROS2/automotive_software_lecture/simulator_projects/002_automotive_software_lon/install/simulator/share/simulator/package.ps1'
[1.195s] INFO:colcon.colcon_core.shell:Creating package descriptor '/home/jsyun/Programming/ROS2/automotive_software_lecture/simulator_projects/002_automotive_software_lon/install/simulator/share/simulator/package.dsv'
[1.195s] INFO:colcon.colcon_core.shell:Creating package script '/home/jsyun/Programming/ROS2/automotive_software_lecture/simulator_projects/002_automotive_software_lon/install/simulator/share/simulator/package.sh'
[1.196s] INFO:colcon.colcon_core.shell:Creating package script '/home/jsyun/Programming/ROS2/automotive_software_lecture/simulator_projects/002_automotive_software_lon/install/simulator/share/simulator/package.bash'
[1.196s] INFO:colcon.colcon_core.shell:Creating package script '/home/jsyun/Programming/ROS2/automotive_software_lecture/simulator_projects/002_automotive_software_lon/install/simulator/share/simulator/package.zsh'
[1.196s] Level 1:colcon.colcon_core.environment:create_file_with_runtime_dependencies(/home/jsyun/Programming/ROS2/automotive_software_lecture/simulator_projects/002_automotive_software_lon/install/simulator/share/colcon-core/packages/simulator)
[1.198s] Level 1:colcon.colcon_core.environment:create_environment_scripts_only(speed_limiter)
[1.199s] Level 1:colcon.colcon_core.environment:checking '/home/jsyun/Programming/ROS2/automotive_software_lecture/simulator_projects/002_automotive_software_lon/install/speed_limiter' for CMake module files
[1.199s] Level 1:colcon.colcon_core.environment:checking '/home/jsyun/Programming/ROS2/automotive_software_lecture/simulator_projects/002_automotive_software_lon/install/speed_limiter' for CMake config files
[1.199s] Level 1:colcon.colcon_core.shell:create_environment_hook('speed_limiter', 'cmake_prefix_path')
[1.200s] INFO:colcon.colcon_core.shell:Creating environment hook '/home/jsyun/Programming/ROS2/automotive_software_lecture/simulator_projects/002_automotive_software_lon/install/speed_limiter/share/speed_limiter/hook/cmake_prefix_path.ps1'
[1.200s] INFO:colcon.colcon_core.shell:Creating environment descriptor '/home/jsyun/Programming/ROS2/automotive_software_lecture/simulator_projects/002_automotive_software_lon/install/speed_limiter/share/speed_limiter/hook/cmake_prefix_path.dsv'
[1.200s] INFO:colcon.colcon_core.shell:Creating environment hook '/home/jsyun/Programming/ROS2/automotive_software_lecture/simulator_projects/002_automotive_software_lon/install/speed_limiter/share/speed_limiter/hook/cmake_prefix_path.sh'
[1.201s] Level 1:colcon.colcon_core.environment:checking '/home/jsyun/Programming/ROS2/automotive_software_lecture/simulator_projects/002_automotive_software_lon/install/speed_limiter/lib'
[1.201s] Level 1:colcon.colcon_core.environment:checking '/home/jsyun/Programming/ROS2/automotive_software_lecture/simulator_projects/002_automotive_software_lon/install/speed_limiter/bin'
[1.201s] Level 1:colcon.colcon_core.environment:checking '/home/jsyun/Programming/ROS2/automotive_software_lecture/simulator_projects/002_automotive_software_lon/install/speed_limiter/lib/pkgconfig/speed_limiter.pc'
[1.201s] Level 1:colcon.colcon_core.environment:checking '/home/jsyun/Programming/ROS2/automotive_software_lecture/simulator_projects/002_automotive_software_lon/install/speed_limiter/lib/python3.10/site-packages'
[1.201s] Level 1:colcon.colcon_core.environment:checking '/home/jsyun/Programming/ROS2/automotive_software_lecture/simulator_projects/002_automotive_software_lon/install/speed_limiter/bin'
[1.202s] INFO:colcon.colcon_core.shell:Creating package script '/home/jsyun/Programming/ROS2/automotive_software_lecture/simulator_projects/002_automotive_software_lon/install/speed_limiter/share/speed_limiter/package.ps1'
[1.202s] INFO:colcon.colcon_core.shell:Creating package descriptor '/home/jsyun/Programming/ROS2/automotive_software_lecture/simulator_projects/002_automotive_software_lon/install/speed_limiter/share/speed_limiter/package.dsv'
[1.202s] INFO:colcon.colcon_core.shell:Creating package script '/home/jsyun/Programming/ROS2/automotive_software_lecture/simulator_projects/002_automotive_software_lon/install/speed_limiter/share/speed_limiter/package.sh'
[1.203s] INFO:colcon.colcon_core.shell:Creating package script '/home/jsyun/Programming/ROS2/automotive_software_lecture/simulator_projects/002_automotive_software_lon/install/speed_limiter/share/speed_limiter/package.bash'
[1.203s] INFO:colcon.colcon_core.shell:Creating package script '/home/jsyun/Programming/ROS2/automotive_software_lecture/simulator_projects/002_automotive_software_lon/install/speed_limiter/share/speed_limiter/package.zsh'
[1.204s] Level 1:colcon.colcon_core.environment:create_file_with_runtime_dependencies(/home/jsyun/Programming/ROS2/automotive_software_lecture/simulator_projects/002_automotive_software_lon/install/speed_limiter/share/colcon-core/packages/speed_limiter)
[16.862s] DEBUG:colcon.colcon_core.event_handler.log_command:Invoked command in '/home/jsyun/Programming/ROS2/automotive_software_lecture/simulator_projects/002_automotive_software_lon/build/autonomous_driving' returned '0': CMAKE_PREFIX_PATH=/home/jsyun/Programming/ROS2/automotive_software_lecture/simulator_projects/002_automotive_software_lon/install/ad_msgs:/home/jsyun/Programming/ROS2/automotive_software_lecture/simulator_projects/002_automotive_software_lon/install/speed_limiter:/home/jsyun/Programming/ROS2/automotive_software_lecture/simulator_projects/002_automotive_software_lon/install/simulator:/home/jsyun/Programming/ROS2/automotive_software_lecture/simulator_projects/002_automotive_software_lon/install/autonomous_driving:/home/jsyun/Programming/ROS2/automotive_software_lecture/ros2_turtlesim_project/install/turtlesim_project:/home/jsyun/Programming/ROS2/automotive_software_lecture/ros2_turtlesim_project/install/custom_interfaces:/opt/ros/humble /usr/bin/cmake --build /home/jsyun/Programming/ROS2/automotive_software_lecture/simulator_projects/002_automotive_software_lon/build/autonomous_driving -- -j12 -l12
[16.884s] DEBUG:colcon.colcon_core.event_handler.log_command:Invoking command in '/home/jsyun/Programming/ROS2/automotive_software_lecture/simulator_projects/002_automotive_software_lon/build/autonomous_driving': CMAKE_PREFIX_PATH=/home/jsyun/Programming/ROS2/automotive_software_lecture/simulator_projects/002_automotive_software_lon/install/ad_msgs:/home/jsyun/Programming/ROS2/automotive_software_lecture/simulator_projects/002_automotive_software_lon/install/speed_limiter:/home/jsyun/Programming/ROS2/automotive_software_lecture/simulator_projects/002_automotive_software_lon/install/simulator:/home/jsyun/Programming/ROS2/automotive_software_lecture/simulator_projects/002_automotive_software_lon/install/autonomous_driving:/home/jsyun/Programming/ROS2/automotive_software_lecture/ros2_turtlesim_project/install/turtlesim_project:/home/jsyun/Programming/ROS2/automotive_software_lecture/ros2_turtlesim_project/install/custom_interfaces:/opt/ros/humble /usr/bin/cmake --install /home/jsyun/Programming/ROS2/automotive_software_lecture/simulator_projects/002_automotive_software_lon/build/autonomous_driving
[16.901s] Level 1:colcon.colcon_core.environment:create_environment_scripts_only(autonomous_driving)
[16.902s] Level 1:colcon.colcon_core.environment:checking '/home/jsyun/Programming/ROS2/automotive_software_lecture/simulator_projects/002_automotive_software_lon/install/autonomous_driving' for CMake module files
[16.902s] DEBUG:colcon.colcon_core.event_handler.log_command:Invoked command in '/home/jsyun/Programming/ROS2/automotive_software_lecture/simulator_projects/002_automotive_software_lon/build/autonomous_driving' returned '0': CMAKE_PREFIX_PATH=/home/jsyun/Programming/ROS2/automotive_software_lecture/simulator_projects/002_automotive_software_lon/install/ad_msgs:/home/jsyun/Programming/ROS2/automotive_software_lecture/simulator_projects/002_automotive_software_lon/install/speed_limiter:/home/jsyun/Programming/ROS2/automotive_software_lecture/simulator_projects/002_automotive_software_lon/install/simulator:/home/jsyun/Programming/ROS2/automotive_software_lecture/simulator_projects/002_automotive_software_lon/install/autonomous_driving:/home/jsyun/Programming/ROS2/automotive_software_lecture/ros2_turtlesim_project/install/turtlesim_project:/home/jsyun/Programming/ROS2/automotive_software_lecture/ros2_turtlesim_project/install/custom_interfaces:/opt/ros/humble /usr/bin/cmake --install /home/jsyun/Programming/ROS2/automotive_software_lecture/simulator_projects/002_automotive_software_lon/build/autonomous_driving
[16.902s] Level 1:colcon.colcon_core.environment:checking '/home/jsyun/Programming/ROS2/automotive_software_lecture/simulator_projects/002_automotive_software_lon/install/autonomous_driving' for CMake config files
[16.902s] Level 1:colcon.colcon_core.shell:create_environment_hook('autonomous_driving', 'cmake_prefix_path')
[16.903s] INFO:colcon.colcon_core.shell:Creating environment hook '/home/jsyun/Programming/ROS2/automotive_software_lecture/simulator_projects/002_automotive_software_lon/install/autonomous_driving/share/autonomous_driving/hook/cmake_prefix_path.ps1'
[16.903s] INFO:colcon.colcon_core.shell:Creating environment descriptor '/home/jsyun/Programming/ROS2/automotive_software_lecture/simulator_projects/002_automotive_software_lon/install/autonomous_driving/share/autonomous_driving/hook/cmake_prefix_path.dsv'
[16.903s] INFO:colcon.colcon_core.shell:Creating environment hook '/home/jsyun/Programming/ROS2/automotive_software_lecture/simulator_projects/002_automotive_software_lon/install/autonomous_driving/share/autonomous_driving/hook/cmake_prefix_path.sh'
[16.904s] Level 1:colcon.colcon_core.environment:checking '/home/jsyun/Programming/ROS2/automotive_software_lecture/simulator_projects/002_automotive_software_lon/install/autonomous_driving/lib'
[16.904s] Level 1:colcon.colcon_core.environment:checking '/home/jsyun/Programming/ROS2/automotive_software_lecture/simulator_projects/002_automotive_software_lon/install/autonomous_driving/bin'
[16.904s] Level 1:colcon.colcon_core.environment:checking '/home/jsyun/Programming/ROS2/automotive_software_lecture/simulator_projects/002_automotive_software_lon/install/autonomous_driving/lib/pkgconfig/autonomous_driving.pc'
[16.904s] Level 1:colcon.colcon_core.environment:checking '/home/jsyun/Programming/ROS2/automotive_software_lecture/simulator_projects/002_automotive_software_lon/install/autonomous_driving/lib/python3.10/site-packages'
[16.904s] Level 1:colcon.colcon_core.environment:checking '/home/jsyun/Programming/ROS2/automotive_software_lecture/simulator_projects/002_automotive_software_lon/install/autonomous_driving/bin'
[16.904s] INFO:colcon.colcon_core.shell:Creating package script '/home/jsyun/Programming/ROS2/automotive_software_lecture/simulator_projects/002_automotive_software_lon/install/autonomous_driving/share/autonomous_driving/package.ps1'
[16.905s] INFO:colcon.colcon_core.shell:Creating package descriptor '/home/jsyun/Programming/ROS2/automotive_software_lecture/simulator_projects/002_automotive_software_lon/install/autonomous_driving/share/autonomous_driving/package.dsv'
[16.905s] INFO:colcon.colcon_core.shell:Creating package script '/home/jsyun/Programming/ROS2/automotive_software_lecture/simulator_projects/002_automotive_software_lon/install/autonomous_driving/share/autonomous_driving/package.sh'
[16.905s] INFO:colcon.colcon_core.shell:Creating package script '/home/jsyun/Programming/ROS2/automotive_software_lecture/simulator_projects/002_automotive_software_lon/install/autonomous_driving/share/autonomous_driving/package.bash'
[16.905s] INFO:colcon.colcon_core.shell:Creating package script '/home/jsyun/Programming/ROS2/automotive_software_lecture/simulator_projects/002_automotive_software_lon/install/autonomous_driving/share/autonomous_driving/package.zsh'
[16.906s] Level 1:colcon.colcon_core.environment:create_file_with_runtime_dependencies(/home/jsyun/Programming/ROS2/automotive_software_lecture/simulator_projects/002_automotive_software_lon/install/autonomous_driving/share/colcon-core/packages/autonomous_driving)
[16.928s] Level 1:colcon.colcon_core.environment:create_environment_scripts_only(autonomous_driving)
[16.928s] Level 1:colcon.colcon_core.environment:checking '/home/jsyun/Programming/ROS2/automotive_software_lecture/simulator_projects/002_automotive_software_lon/install/autonomous_driving' for CMake module files
[16.929s] Level 1:colcon.colcon_core.environment:checking '/home/jsyun/Programming/ROS2/automotive_software_lecture/simulator_projects/002_automotive_software_lon/install/autonomous_driving' for CMake config files
[16.929s] Level 1:colcon.colcon_core.shell:create_environment_hook('autonomous_driving', 'cmake_prefix_path')
[16.929s] INFO:colcon.colcon_core.shell:Creating environment hook '/home/jsyun/Programming/ROS2/automotive_software_lecture/simulator_projects/002_automotive_software_lon/install/autonomous_driving/share/autonomous_driving/hook/cmake_prefix_path.ps1'
[16.929s] INFO:colcon.colcon_core.shell:Creating environment descriptor '/home/jsyun/Programming/ROS2/automotive_software_lecture/simulator_projects/002_automotive_software_lon/install/autonomous_driving/share/autonomous_driving/hook/cmake_prefix_path.dsv'
[16.930s] INFO:colcon.colcon_core.shell:Creating environment hook '/home/jsyun/Programming/ROS2/automotive_software_lecture/simulator_projects/002_automotive_software_lon/install/autonomous_driving/share/autonomous_driving/hook/cmake_prefix_path.sh'
[16.930s] Level 1:colcon.colcon_core.environment:checking '/home/jsyun/Programming/ROS2/automotive_software_lecture/simulator_projects/002_automotive_software_lon/install/autonomous_driving/lib'
[16.930s] Level 1:colcon.colcon_core.environment:checking '/home/jsyun/Programming/ROS2/automotive_software_lecture/simulator_projects/002_automotive_software_lon/install/autonomous_driving/bin'
[16.930s] Level 1:colcon.colcon_core.environment:checking '/home/jsyun/Programming/ROS2/automotive_software_lecture/simulator_projects/002_automotive_software_lon/install/autonomous_driving/lib/pkgconfig/autonomous_driving.pc'
[16.930s] Level 1:colcon.colcon_core.environment:checking '/home/jsyun/Programming/ROS2/automotive_software_lecture/simulator_projects/002_automotive_software_lon/install/autonomous_driving/lib/python3.10/site-packages'
[16.930s] Level 1:colcon.colcon_core.environment:checking '/home/jsyun/Programming/ROS2/automotive_software_lecture/simulator_projects/002_automotive_software_lon/install/autonomous_driving/bin'
[16.931s] INFO:colcon.colcon_core.shell:Creating package script '/home/jsyun/Programming/ROS2/automotive_software_lecture/simulator_projects/002_automotive_software_lon/install/autonomous_driving/share/autonomous_driving/package.ps1'
[16.931s] INFO:colcon.colcon_core.shell:Creating package descriptor '/home/jsyun/Programming/ROS2/automotive_software_lecture/simulator_projects/002_automotive_software_lon/install/autonomous_driving/share/autonomous_driving/package.dsv'
[16.931s] INFO:colcon.colcon_core.shell:Creating package script '/home/jsyun/Programming/ROS2/automotive_software_lecture/simulator_projects/002_automotive_software_lon/install/autonomous_driving/share/autonomous_driving/package.sh'
[16.932s] INFO:colcon.colcon_core.shell:Creating package script '/home/jsyun/Programming/ROS2/automotive_software_lecture/simulator_projects/002_automotive_software_lon/install/autonomous_driving/share/autonomous_driving/package.bash'
[16.932s] INFO:colcon.colcon_core.shell:Creating package script '/home/jsyun/Programming/ROS2/automotive_software_lecture/simulator_projects/002_automotive_software_lon/install/autonomous_driving/share/autonomous_driving/package.zsh'
[16.932s] Level 1:colcon.colcon_core.environment:create_file_with_runtime_dependencies(/home/jsyun/Programming/ROS2/automotive_software_lecture/simulator_projects/002_automotive_software_lon/install/autonomous_driving/share/colcon-core/packages/autonomous_driving)
[16.932s] DEBUG:colcon.colcon_parallel_executor.executor.parallel:closing loop
[16.933s] DEBUG:colcon.colcon_parallel_executor.executor.parallel:loop closed
[16.933s] DEBUG:colcon.colcon_parallel_executor.executor.parallel:run_until_complete finished with '0'
[16.933s] DEBUG:colcon.colcon_core.event_reactor:joining thread
[16.937s] INFO:colcon.colcon_core.plugin_system:Skipping extension 'colcon_notification.desktop_notification.terminal_notifier': Not used on non-Darwin systems
[16.937s] INFO:colcon.colcon_core.plugin_system:Skipping extension 'colcon_notification.desktop_notification.win32': Not used on non-Windows systems
[16.937s] INFO:colcon.colcon_notification.desktop_notification:Sending desktop notification using 'notify2'
[16.945s] DEBUG:colcon.colcon_core.event_reactor:joined thread
[16.945s] INFO:colcon.colcon_core.shell:Creating prefix script '/home/jsyun/Programming/ROS2/automotive_software_lecture/simulator_projects/002_automotive_software_lon/install/local_setup.ps1'
[16.946s] INFO:colcon.colcon_core.shell:Creating prefix util module '/home/jsyun/Programming/ROS2/automotive_software_lecture/simulator_projects/002_automotive_software_lon/install/_local_setup_util_ps1.py'
[16.947s] INFO:colcon.colcon_core.shell:Creating prefix chain script '/home/jsyun/Programming/ROS2/automotive_software_lecture/simulator_projects/002_automotive_software_lon/install/setup.ps1'
[16.948s] INFO:colcon.colcon_core.shell:Creating prefix script '/home/jsyun/Programming/ROS2/automotive_software_lecture/simulator_projects/002_automotive_software_lon/install/local_setup.sh'
[16.948s] INFO:colcon.colcon_core.shell:Creating prefix util module '/home/jsyun/Programming/ROS2/automotive_software_lecture/simulator_projects/002_automotive_software_lon/install/_local_setup_util_sh.py'
[16.949s] INFO:colcon.colcon_core.shell:Creating prefix chain script '/home/jsyun/Programming/ROS2/automotive_software_lecture/simulator_projects/002_automotive_software_lon/install/setup.sh'
[16.949s] INFO:colcon.colcon_core.shell:Creating prefix script '/home/jsyun/Programming/ROS2/automotive_software_lecture/simulator_projects/002_automotive_software_lon/install/local_setup.bash'
[16.950s] INFO:colcon.colcon_core.shell:Creating prefix chain script '/home/jsyun/Programming/ROS2/automotive_software_lecture/simulator_projects/002_automotive_software_lon/install/setup.bash'
[16.951s] INFO:colcon.colcon_core.shell:Creating prefix script '/home/jsyun/Programming/ROS2/automotive_software_lecture/simulator_projects/002_automotive_software_lon/install/local_setup.zsh'
[16.951s] INFO:colcon.colcon_core.shell:Creating prefix chain script '/home/jsyun/Programming/ROS2/automotive_software_lecture/simulator_projects/002_automotive_software_lon/install/setup.zsh'
