[0.007s] Invoking command in '/home/jsyun/ros2_turtle_project/build/turtle_controller': AMENT_PREFIX_PATH=/home/jsyun/ros2_turtle_project/install/turtle_interfaces:${AMENT_PREFIX_PATH} CMAKE_PREFIX_PATH=/home/jsyun/ros2_turtle_project/install/turtle_interfaces:/opt/ros/humble LD_LIBRARY_PATH=/home/jsyun/ros2_turtle_project/install/turtle_interfaces/lib:${LD_LIBRARY_PATH} PYTHONPATH=/home/jsyun/ros2_turtle_project/install/turtle_interfaces/local/lib/python3.10/dist-packages:${PYTHONPATH} /usr/bin/cmake /home/jsyun/ros2_turtle_project/src/turtle_controller -DAMENT_CMAKE_SYMLINK_INSTALL=1 -DCMAKE_INSTALL_PREFIX=/home/jsyun/ros2_turtle_project/install/turtle_controller
[0.050s] -- The C compiler identification is GNU 11.4.0
[0.093s] -- The CXX compiler identification is GNU 11.4.0
[0.099s] -- Detecting C compiler ABI info
[0.155s] -- Detecting C compiler ABI info - done
[0.161s] -- Check for working C compiler: /usr/bin/cc - skipped
[0.161s] -- Detecting C compile features
[0.161s] -- Detecting C compile features - done
[0.163s] -- Detecting CXX compiler ABI info
[0.229s] -- Detecting CXX compiler ABI info - done
[0.234s] -- Check for working CXX compiler: /usr/bin/c++ - skipped
[0.234s] -- Detecting CXX compile features
[0.235s] -- Detecting CXX compile features - done
[0.237s] -- Found ament_cmake: 1.3.10 (/opt/ros/humble/share/ament_cmake/cmake)
[0.348s] -- Found Python3: /usr/bin/python3 (found version "3.10.12") found components: Interpreter 
[0.393s] -- Override CMake install command with custom implementation using symlinks instead of copying resources
[0.414s] -- Found rclcpp: 16.0.10 (/opt/ros/humble/share/rclcpp/cmake)
[0.445s] -- Found rosidl_generator_c: 3.1.5 (/opt/ros/humble/share/rosidl_generator_c/cmake)
[0.448s] -- Found rosidl_adapter: 3.1.5 (/opt/ros/humble/share/rosidl_adapter/cmake)
[0.455s] -- Found rosidl_generator_cpp: 3.1.5 (/opt/ros/humble/share/rosidl_generator_cpp/cmake)
[0.463s] -- Using all available rosidl_typesupport_c: rosidl_typesupport_fastrtps_c;rosidl_typesupport_introspection_c
[0.475s] -- Using all available rosidl_typesupport_cpp: rosidl_typesupport_fastrtps_cpp;rosidl_typesupport_introspection_cpp
[0.507s] -- Found rmw_implementation_cmake: 6.1.2 (/opt/ros/humble/share/rmw_implementation_cmake/cmake)
[0.509s] -- Found rmw_fastrtps_cpp: 6.2.7 (/opt/ros/humble/share/rmw_fastrtps_cpp/cmake)
[0.581s] -- Found OpenSSL: /usr/lib/x86_64-linux-gnu/libcrypto.so (found version "3.0.2")  
[0.602s] -- Found FastRTPS: /opt/ros/humble/include  
[0.636s] -- Using RMW implementation 'rmw_fastrtps_cpp' as default
[0.642s] -- Looking for pthread.h
[0.703s] -- Looking for pthread.h - found
[0.704s] -- Performing Test CMAKE_HAVE_LIBC_PTHREAD
[0.764s] -- Performing Test CMAKE_HAVE_LIBC_PTHREAD - Success
[0.765s] -- Found Threads: TRUE  
[0.802s] -- Found geometry_msgs: 4.2.4 (/opt/ros/humble/share/geometry_msgs/cmake)
[0.811s] -- Found turtlesim: 1.4.2 (/opt/ros/humble/share/turtlesim/cmake)
[0.839s] -- Found turtle_interfaces: 0.0.1 (/home/jsyun/ros2_turtle_project/install/turtle_interfaces/share/turtle_interfaces/cmake)
[0.846s] -- Found visualization_msgs: 4.2.4 (/opt/ros/humble/share/visualization_msgs/cmake)
[0.924s] -- Configuring done
[0.938s] -- Generating done
[0.940s] -- Build files have been written to: /home/jsyun/ros2_turtle_project/build/turtle_controller
[0.948s] Invoked command in '/home/jsyun/ros2_turtle_project/build/turtle_controller' returned '0': AMENT_PREFIX_PATH=/home/jsyun/ros2_turtle_project/install/turtle_interfaces:${AMENT_PREFIX_PATH} CMAKE_PREFIX_PATH=/home/jsyun/ros2_turtle_project/install/turtle_interfaces:/opt/ros/humble LD_LIBRARY_PATH=/home/jsyun/ros2_turtle_project/install/turtle_interfaces/lib:${LD_LIBRARY_PATH} PYTHONPATH=/home/jsyun/ros2_turtle_project/install/turtle_interfaces/local/lib/python3.10/dist-packages:${PYTHONPATH} /usr/bin/cmake /home/jsyun/ros2_turtle_project/src/turtle_controller -DAMENT_CMAKE_SYMLINK_INSTALL=1 -DCMAKE_INSTALL_PREFIX=/home/jsyun/ros2_turtle_project/install/turtle_controller
[0.950s] Invoking command in '/home/jsyun/ros2_turtle_project/build/turtle_controller': AMENT_PREFIX_PATH=/home/jsyun/ros2_turtle_project/install/turtle_interfaces:${AMENT_PREFIX_PATH} CMAKE_PREFIX_PATH=/home/jsyun/ros2_turtle_project/install/turtle_interfaces:/opt/ros/humble LD_LIBRARY_PATH=/home/jsyun/ros2_turtle_project/install/turtle_interfaces/lib:${LD_LIBRARY_PATH} PYTHONPATH=/home/jsyun/ros2_turtle_project/install/turtle_interfaces/local/lib/python3.10/dist-packages:${PYTHONPATH} /usr/bin/cmake --build /home/jsyun/ros2_turtle_project/build/turtle_controller -- -j12 -l12
[0.992s] [ 33%] [32mBuilding CXX object CMakeFiles/color_changer.dir/src/color_changer.cpp.o[0m
[0.992s] [ 33%] [32mBuilding CXX object CMakeFiles/moving_turtle.dir/src/moving_turtle.cpp.o[0m
[0.992s] [ 50%] [32mBuilding CXX object CMakeFiles/hmi.dir/src/hmi.cpp.o[0m
[4.478s] [ 66%] [32m[1mLinking CXX executable moving_turtle[0m
[4.632s] [ 66%] Built target moving_turtle
[7.771s] [ 83%] [32m[1mLinking CXX executable color_changer[0m
[8.081s] [ 83%] Built target color_changer
[10.183s] [100%] [32m[1mLinking CXX executable hmi[0m
[10.589s] [100%] Built target hmi
[10.599s] Invoked command in '/home/jsyun/ros2_turtle_project/build/turtle_controller' returned '0': AMENT_PREFIX_PATH=/home/jsyun/ros2_turtle_project/install/turtle_interfaces:${AMENT_PREFIX_PATH} CMAKE_PREFIX_PATH=/home/jsyun/ros2_turtle_project/install/turtle_interfaces:/opt/ros/humble LD_LIBRARY_PATH=/home/jsyun/ros2_turtle_project/install/turtle_interfaces/lib:${LD_LIBRARY_PATH} PYTHONPATH=/home/jsyun/ros2_turtle_project/install/turtle_interfaces/local/lib/python3.10/dist-packages:${PYTHONPATH} /usr/bin/cmake --build /home/jsyun/ros2_turtle_project/build/turtle_controller -- -j12 -l12
[10.626s] Invoking command in '/home/jsyun/ros2_turtle_project/build/turtle_controller': AMENT_PREFIX_PATH=/home/jsyun/ros2_turtle_project/install/turtle_interfaces:${AMENT_PREFIX_PATH} CMAKE_PREFIX_PATH=/home/jsyun/ros2_turtle_project/install/turtle_interfaces:/opt/ros/humble LD_LIBRARY_PATH=/home/jsyun/ros2_turtle_project/install/turtle_interfaces/lib:${LD_LIBRARY_PATH} PYTHONPATH=/home/jsyun/ros2_turtle_project/install/turtle_interfaces/local/lib/python3.10/dist-packages:${PYTHONPATH} /usr/bin/cmake --install /home/jsyun/ros2_turtle_project/build/turtle_controller
[10.632s] -- Install configuration: ""
[10.633s] -- Execute custom install script
[10.633s] -- Symlinking: /home/jsyun/ros2_turtle_project/install/turtle_controller/lib/turtle_controller/moving_turtle
[10.640s] -- Symlinking: /home/jsyun/ros2_turtle_project/install/turtle_controller/lib/turtle_controller/color_changer
[10.648s] -- Symlinking: /home/jsyun/ros2_turtle_project/install/turtle_controller/lib/turtle_controller/hmi
[10.655s] -- Symlinking: /home/jsyun/ros2_turtle_project/install/turtle_controller/share/turtle_controller/launch/turtle_project.launch.xml
[10.662s] -- Symlinking: /home/jsyun/ros2_turtle_project/install/turtle_controller/share/ament_index/resource_index/package_run_dependencies/turtle_controller
[10.670s] -- Symlinking: /home/jsyun/ros2_turtle_project/install/turtle_controller/share/ament_index/resource_index/parent_prefix_path/turtle_controller
[10.677s] -- Symlinking: /home/jsyun/ros2_turtle_project/install/turtle_controller/share/turtle_controller/environment/ament_prefix_path.sh
[10.684s] -- Symlinking: /home/jsyun/ros2_turtle_project/install/turtle_controller/share/turtle_controller/environment/ament_prefix_path.dsv
[10.691s] -- Symlinking: /home/jsyun/ros2_turtle_project/install/turtle_controller/share/turtle_controller/environment/path.sh
[10.698s] -- Symlinking: /home/jsyun/ros2_turtle_project/install/turtle_controller/share/turtle_controller/environment/path.dsv
[10.705s] -- Symlinking: /home/jsyun/ros2_turtle_project/install/turtle_controller/share/turtle_controller/local_setup.bash
[10.712s] -- Symlinking: /home/jsyun/ros2_turtle_project/install/turtle_controller/share/turtle_controller/local_setup.sh
[10.719s] -- Symlinking: /home/jsyun/ros2_turtle_project/install/turtle_controller/share/turtle_controller/local_setup.zsh
[10.726s] -- Symlinking: /home/jsyun/ros2_turtle_project/install/turtle_controller/share/turtle_controller/local_setup.dsv
[10.733s] -- Symlinking: /home/jsyun/ros2_turtle_project/install/turtle_controller/share/turtle_controller/package.dsv
[10.740s] -- Symlinking: /home/jsyun/ros2_turtle_project/install/turtle_controller/share/ament_index/resource_index/packages/turtle_controller
[10.748s] -- Symlinking: /home/jsyun/ros2_turtle_project/install/turtle_controller/share/turtle_controller/cmake/turtle_controllerConfig.cmake
[10.755s] -- Symlinking: /home/jsyun/ros2_turtle_project/install/turtle_controller/share/turtle_controller/cmake/turtle_controllerConfig-version.cmake
[10.762s] -- Symlinking: /home/jsyun/ros2_turtle_project/install/turtle_controller/share/turtle_controller/package.xml
[10.771s] Invoked command in '/home/jsyun/ros2_turtle_project/build/turtle_controller' returned '0': AMENT_PREFIX_PATH=/home/jsyun/ros2_turtle_project/install/turtle_interfaces:${AMENT_PREFIX_PATH} CMAKE_PREFIX_PATH=/home/jsyun/ros2_turtle_project/install/turtle_interfaces:/opt/ros/humble LD_LIBRARY_PATH=/home/jsyun/ros2_turtle_project/install/turtle_interfaces/lib:${LD_LIBRARY_PATH} PYTHONPATH=/home/jsyun/ros2_turtle_project/install/turtle_interfaces/local/lib/python3.10/dist-packages:${PYTHONPATH} /usr/bin/cmake --install /home/jsyun/ros2_turtle_project/build/turtle_controller
