[0.009s] Invoking command in '/home/jsyun/Programming/ROS2/automotive_software_simulator/build/simulator': AMENT_PREFIX_PATH=/home/jsyun/Programming/ROS2/automotive_software_simulator/install/ad_msgs:${AMENT_PREFIX_PATH} CMAKE_PREFIX_PATH=/home/jsyun/Programming/ROS2/automotive_software_simulator/install/ad_msgs:/opt/ros/humble LD_LIBRARY_PATH=/home/jsyun/Programming/ROS2/automotive_software_simulator/install/ad_msgs/lib:${LD_LIBRARY_PATH} PYTHONPATH=/home/jsyun/Programming/ROS2/automotive_software_simulator/install/ad_msgs/local/lib/python3.10/dist-packages:${PYTHONPATH} /usr/bin/cmake --build /home/jsyun/Programming/ROS2/automotive_software_simulator/build/simulator -- -j12 -l12
[0.044s] [35m[1mConsolidate compiler generated dependencies of target vehicle[0m
[0.044s] [35m[1mConsolidate compiler generated dependencies of target display[0m
[0.045s] [35m[1mConsolidate compiler generated dependencies of target lane_detection[0m
[0.060s] [ 50%] Built target display
[0.060s] [ 50%] Built target vehicle
[0.066s] [100%] Built target lane_detection
[0.076s] Invoked command in '/home/jsyun/Programming/ROS2/automotive_software_simulator/build/simulator' returned '0': AMENT_PREFIX_PATH=/home/jsyun/Programming/ROS2/automotive_software_simulator/install/ad_msgs:${AMENT_PREFIX_PATH} CMAKE_PREFIX_PATH=/home/jsyun/Programming/ROS2/automotive_software_simulator/install/ad_msgs:/opt/ros/humble LD_LIBRARY_PATH=/home/jsyun/Programming/ROS2/automotive_software_simulator/install/ad_msgs/lib:${LD_LIBRARY_PATH} PYTHONPATH=/home/jsyun/Programming/ROS2/automotive_software_simulator/install/ad_msgs/local/lib/python3.10/dist-packages:${PYTHONPATH} /usr/bin/cmake --build /home/jsyun/Programming/ROS2/automotive_software_simulator/build/simulator -- -j12 -l12
[0.108s] Invoking command in '/home/jsyun/Programming/ROS2/automotive_software_simulator/build/simulator': AMENT_PREFIX_PATH=/home/jsyun/Programming/ROS2/automotive_software_simulator/install/ad_msgs:${AMENT_PREFIX_PATH} CMAKE_PREFIX_PATH=/home/jsyun/Programming/ROS2/automotive_software_simulator/install/ad_msgs:/opt/ros/humble LD_LIBRARY_PATH=/home/jsyun/Programming/ROS2/automotive_software_simulator/install/ad_msgs/lib:${LD_LIBRARY_PATH} PYTHONPATH=/home/jsyun/Programming/ROS2/automotive_software_simulator/install/ad_msgs/local/lib/python3.10/dist-packages:${PYTHONPATH} /usr/bin/cmake --install /home/jsyun/Programming/ROS2/automotive_software_simulator/build/simulator
[0.115s] -- Install configuration: ""
[0.116s] -- Execute custom install script
[0.116s] -- Up-to-date symlink: /home/jsyun/Programming/ROS2/automotive_software_simulator/install/simulator/lib/simulator/vehicle
[0.116s] -- Up-to-date symlink: /home/jsyun/Programming/ROS2/automotive_software_simulator/install/simulator/lib/simulator/lane_detection
[0.116s] -- Up-to-date symlink: /home/jsyun/Programming/ROS2/automotive_software_simulator/install/simulator/lib/simulator/display
[0.117s] -- Up-to-date symlink: /home/jsyun/Programming/ROS2/automotive_software_simulator/install/simulator/share/simulator/launch/simulation.launch.xml
[0.117s] -- Up-to-date symlink: /home/jsyun/Programming/ROS2/automotive_software_simulator/install/simulator/share/ament_index/resource_index/package_run_dependencies/simulator
[0.117s] -- Up-to-date symlink: /home/jsyun/Programming/ROS2/automotive_software_simulator/install/simulator/share/ament_index/resource_index/parent_prefix_path/simulator
[0.117s] -- Up-to-date symlink: /home/jsyun/Programming/ROS2/automotive_software_simulator/install/simulator/share/simulator/environment/ament_prefix_path.sh
[0.117s] -- Up-to-date symlink: /home/jsyun/Programming/ROS2/automotive_software_simulator/install/simulator/share/simulator/environment/ament_prefix_path.dsv
[0.118s] -- Up-to-date symlink: /home/jsyun/Programming/ROS2/automotive_software_simulator/install/simulator/share/simulator/environment/path.sh
[0.118s] -- Up-to-date symlink: /home/jsyun/Programming/ROS2/automotive_software_simulator/install/simulator/share/simulator/environment/path.dsv
[0.118s] -- Up-to-date symlink: /home/jsyun/Programming/ROS2/automotive_software_simulator/install/simulator/share/simulator/local_setup.bash
[0.118s] -- Up-to-date symlink: /home/jsyun/Programming/ROS2/automotive_software_simulator/install/simulator/share/simulator/local_setup.sh
[0.119s] -- Up-to-date symlink: /home/jsyun/Programming/ROS2/automotive_software_simulator/install/simulator/share/simulator/local_setup.zsh
[0.119s] -- Up-to-date symlink: /home/jsyun/Programming/ROS2/automotive_software_simulator/install/simulator/share/simulator/local_setup.dsv
[0.119s] -- Symlinking: /home/jsyun/Programming/ROS2/automotive_software_simulator/install/simulator/share/simulator/package.dsv
[0.127s] -- Up-to-date symlink: /home/jsyun/Programming/ROS2/automotive_software_simulator/install/simulator/share/ament_index/resource_index/packages/simulator
[0.127s] -- Up-to-date symlink: /home/jsyun/Programming/ROS2/automotive_software_simulator/install/simulator/share/simulator/cmake/simulatorConfig.cmake
[0.127s] -- Up-to-date symlink: /home/jsyun/Programming/ROS2/automotive_software_simulator/install/simulator/share/simulator/cmake/simulatorConfig-version.cmake
[0.127s] -- Up-to-date symlink: /home/jsyun/Programming/ROS2/automotive_software_simulator/install/simulator/share/simulator/package.xml
[0.129s] Invoked command in '/home/jsyun/Programming/ROS2/automotive_software_simulator/build/simulator' returned '0': AMENT_PREFIX_PATH=/home/jsyun/Programming/ROS2/automotive_software_simulator/install/ad_msgs:${AMENT_PREFIX_PATH} CMAKE_PREFIX_PATH=/home/jsyun/Programming/ROS2/automotive_software_simulator/install/ad_msgs:/opt/ros/humble LD_LIBRARY_PATH=/home/jsyun/Programming/ROS2/automotive_software_simulator/install/ad_msgs/lib:${LD_LIBRARY_PATH} PYTHONPATH=/home/jsyun/Programming/ROS2/automotive_software_simulator/install/ad_msgs/local/lib/python3.10/dist-packages:${PYTHONPATH} /usr/bin/cmake --install /home/jsyun/Programming/ROS2/automotive_software_simulator/build/simulator
