[0.184s] DEBUG:colcon:Command line arguments: ['/usr/bin/colcon', 'build', '--symlink-install', '--cmake-args', '-DCMAKE_BUILD_TYPE=Release']
[0.184s] DEBUG:colcon:Parsed command line arguments: Namespace(log_base=None, log_level=None, verb_name='build', build_base='build', install_base='install', merge_install=False, symlink_install=True, test_result_base=None, continue_on_error=False, executor='parallel', parallel_workers=12, event_handlers=None, ignore_user_meta=False, metas=['./colcon.meta'], base_paths=['.'], packages_ignore=None, packages_ignore_regex=None, paths=None, packages_up_to=None, packages_up_to_regex=None, packages_above=None, packages_above_and_dependencies=None, packages_above_depth=None, packages_select_by_dep=None, packages_skip_by_dep=None, packages_skip_up_to=None, packages_select_build_failed=False, packages_skip_build_finished=False, packages_select_test_failures=False, packages_skip_test_passed=False, packages_select=None, packages_skip=None, packages_select_regex=None, packages_skip_regex=None, packages_start=None, packages_end=None, allow_overriding=[], lookup_in_workspace=False, cargo_args=None, clean_build=False, cmake_args=['-DCMAKE_BUILD_TYPE=Release'], cmake_target=None, cmake_target_skip_unavailable=False, cmake_clean_cache=False, cmake_clean_first=False, cmake_force_configure=False, ament_cmake_args=None, catkin_cmake_args=None, catkin_skip_building_tests=False, mixin_files=None, mixin=None, verb_parser=<colcon_mixin.mixin.mixin_argument.MixinArgumentDecorator object at 0x7b697c636d70>, verb_extension=<colcon_core.verb.build.BuildVerb object at 0x7b697c6367d0>, main=<bound method BuildVerb.main of <colcon_core.verb.build.BuildVerb object at 0x7b697c6367d0>>, mixin_verb=('build',))
[0.332s] Level 1:colcon.colcon_core.package_discovery:discover_packages(colcon_meta) check parameters
[0.332s] Level 1:colcon.colcon_core.package_discovery:discover_packages(recursive) check parameters
[0.332s] Level 1:colcon.colcon_core.package_discovery:discover_packages(ignore) check parameters
[0.332s] Level 1:colcon.colcon_core.package_discovery:discover_packages(path) check parameters
[0.332s] Level 1:colcon.colcon_core.package_discovery:discover_packages(colcon_meta) discover
[0.332s] Level 1:colcon.colcon_core.package_discovery:discover_packages(recursive) discover
[0.332s] INFO:colcon.colcon_core.package_discovery:Crawling recursively for packages in '/home/jsyun/Programming/ROS2/automotive_software_lecture/simulator_projects/002_automotive_software_lon'
[0.332s] Level 1:colcon.colcon_core.package_identification:_identify(.) by extensions ['ignore', 'ignore_ament_install']
[0.332s] Level 1:colcon.colcon_core.package_identification:_identify(.) by extension 'ignore'
[0.332s] Level 1:colcon.colcon_core.package_identification:_identify(.) by extension 'ignore_ament_install'
[0.332s] Level 1:colcon.colcon_core.package_identification:_identify(.) by extensions ['colcon_pkg']
[0.332s] Level 1:colcon.colcon_core.package_identification:_identify(.) by extension 'colcon_pkg'
[0.332s] Level 1:colcon.colcon_core.package_identification:_identify(.) by extensions ['colcon_meta']
[0.332s] Level 1:colcon.colcon_core.package_identification:_identify(.) by extension 'colcon_meta'
[0.332s] Level 1:colcon.colcon_core.package_identification:_identify(.) by extensions ['ament_cargo']
[0.332s] Level 1:colcon.colcon_core.package_identification:_identify(.) by extension 'ament_cargo'
[0.332s] Level 1:colcon.colcon_core.package_identification:_identify(.) by extensions ['ros']
[0.332s] Level 1:colcon.colcon_core.package_identification:_identify(.) by extension 'ros'
[0.341s] Level 1:colcon.colcon_core.package_identification:_identify(.) by extensions ['cargo', 'cmake', 'python']
[0.341s] Level 1:colcon.colcon_core.package_identification:_identify(.) by extension 'cargo'
[0.341s] Level 1:colcon.colcon_core.package_identification:_identify(.) by extension 'cmake'
[0.341s] Level 1:colcon.colcon_core.package_identification:_identify(.) by extension 'python'
[0.341s] Level 1:colcon.colcon_core.package_identification:_identify(.) by extensions ['python_setup_py']
[0.341s] Level 1:colcon.colcon_core.package_identification:_identify(.) by extension 'python_setup_py'
[0.341s] Level 1:colcon.colcon_core.package_identification:_identify(build) by extensions ['ignore', 'ignore_ament_install']
[0.341s] Level 1:colcon.colcon_core.package_identification:_identify(build) by extension 'ignore'
[0.341s] Level 1:colcon.colcon_core.package_identification:_identify(build) ignored
[0.341s] Level 1:colcon.colcon_core.package_identification:_identify(install) by extensions ['ignore', 'ignore_ament_install']
[0.341s] Level 1:colcon.colcon_core.package_identification:_identify(install) by extension 'ignore'
[0.341s] Level 1:colcon.colcon_core.package_identification:_identify(install) ignored
[0.342s] Level 1:colcon.colcon_core.package_identification:_identify(log) by extensions ['ignore', 'ignore_ament_install']
[0.342s] Level 1:colcon.colcon_core.package_identification:_identify(log) by extension 'ignore'
[0.342s] Level 1:colcon.colcon_core.package_identification:_identify(log) ignored
[0.342s] Level 1:colcon.colcon_core.package_identification:_identify(resources) by extensions ['ignore', 'ignore_ament_install']
[0.342s] Level 1:colcon.colcon_core.package_identification:_identify(resources) by extension 'ignore'
[0.342s] Level 1:colcon.colcon_core.package_identification:_identify(resources) by extension 'ignore_ament_install'
[0.342s] Level 1:colcon.colcon_core.package_identification:_identify(resources) by extensions ['colcon_pkg']
[0.342s] Level 1:colcon.colcon_core.package_identification:_identify(resources) by extension 'colcon_pkg'
[0.342s] Level 1:colcon.colcon_core.package_identification:_identify(resources) by extensions ['colcon_meta']
[0.342s] Level 1:colcon.colcon_core.package_identification:_identify(resources) by extension 'colcon_meta'
[0.342s] Level 1:colcon.colcon_core.package_identification:_identify(resources) by extensions ['ament_cargo']
[0.342s] Level 1:colcon.colcon_core.package_identification:_identify(resources) by extension 'ament_cargo'
[0.342s] Level 1:colcon.colcon_core.package_identification:_identify(resources) by extensions ['ros']
[0.342s] Level 1:colcon.colcon_core.package_identification:_identify(resources) by extension 'ros'
[0.342s] Level 1:colcon.colcon_core.package_identification:_identify(resources) by extensions ['cargo', 'cmake', 'python']
[0.342s] Level 1:colcon.colcon_core.package_identification:_identify(resources) by extension 'cargo'
[0.342s] Level 1:colcon.colcon_core.package_identification:_identify(resources) by extension 'cmake'
[0.342s] Level 1:colcon.colcon_core.package_identification:_identify(resources) by extension 'python'
[0.342s] Level 1:colcon.colcon_core.package_identification:_identify(resources) by extensions ['python_setup_py']
[0.342s] Level 1:colcon.colcon_core.package_identification:_identify(resources) by extension 'python_setup_py'
[0.343s] Level 1:colcon.colcon_core.package_identification:_identify(resources/csv) by extensions ['ignore', 'ignore_ament_install']
[0.343s] Level 1:colcon.colcon_core.package_identification:_identify(resources/csv) by extension 'ignore'
[0.343s] Level 1:colcon.colcon_core.package_identification:_identify(resources/csv) by extension 'ignore_ament_install'
[0.343s] Level 1:colcon.colcon_core.package_identification:_identify(resources/csv) by extensions ['colcon_pkg']
[0.343s] Level 1:colcon.colcon_core.package_identification:_identify(resources/csv) by extension 'colcon_pkg'
[0.343s] Level 1:colcon.colcon_core.package_identification:_identify(resources/csv) by extensions ['colcon_meta']
[0.343s] Level 1:colcon.colcon_core.package_identification:_identify(resources/csv) by extension 'colcon_meta'
[0.343s] Level 1:colcon.colcon_core.package_identification:_identify(resources/csv) by extensions ['ament_cargo']
[0.343s] Level 1:colcon.colcon_core.package_identification:_identify(resources/csv) by extension 'ament_cargo'
[0.343s] Level 1:colcon.colcon_core.package_identification:_identify(resources/csv) by extensions ['ros']
[0.343s] Level 1:colcon.colcon_core.package_identification:_identify(resources/csv) by extension 'ros'
[0.343s] Level 1:colcon.colcon_core.package_identification:_identify(resources/csv) by extensions ['cargo', 'cmake', 'python']
[0.343s] Level 1:colcon.colcon_core.package_identification:_identify(resources/csv) by extension 'cargo'
[0.343s] Level 1:colcon.colcon_core.package_identification:_identify(resources/csv) by extension 'cmake'
[0.343s] Level 1:colcon.colcon_core.package_identification:_identify(resources/csv) by extension 'python'
[0.343s] Level 1:colcon.colcon_core.package_identification:_identify(resources/csv) by extensions ['python_setup_py']
[0.343s] Level 1:colcon.colcon_core.package_identification:_identify(resources/csv) by extension 'python_setup_py'
[0.343s] Level 1:colcon.colcon_core.package_identification:_identify(resources/csv/evaluation_lane) by extensions ['ignore', 'ignore_ament_install']
[0.343s] Level 1:colcon.colcon_core.package_identification:_identify(resources/csv/evaluation_lane) by extension 'ignore'
[0.344s] Level 1:colcon.colcon_core.package_identification:_identify(resources/csv/evaluation_lane) by extension 'ignore_ament_install'
[0.344s] Level 1:colcon.colcon_core.package_identification:_identify(resources/csv/evaluation_lane) by extensions ['colcon_pkg']
[0.344s] Level 1:colcon.colcon_core.package_identification:_identify(resources/csv/evaluation_lane) by extension 'colcon_pkg'
[0.344s] Level 1:colcon.colcon_core.package_identification:_identify(resources/csv/evaluation_lane) by extensions ['colcon_meta']
[0.344s] Level 1:colcon.colcon_core.package_identification:_identify(resources/csv/evaluation_lane) by extension 'colcon_meta'
[0.344s] Level 1:colcon.colcon_core.package_identification:_identify(resources/csv/evaluation_lane) by extensions ['ament_cargo']
[0.344s] Level 1:colcon.colcon_core.package_identification:_identify(resources/csv/evaluation_lane) by extension 'ament_cargo'
[0.344s] Level 1:colcon.colcon_core.package_identification:_identify(resources/csv/evaluation_lane) by extensions ['ros']
[0.344s] Level 1:colcon.colcon_core.package_identification:_identify(resources/csv/evaluation_lane) by extension 'ros'
[0.344s] Level 1:colcon.colcon_core.package_identification:_identify(resources/csv/evaluation_lane) by extensions ['cargo', 'cmake', 'python']
[0.344s] Level 1:colcon.colcon_core.package_identification:_identify(resources/csv/evaluation_lane) by extension 'cargo'
[0.344s] Level 1:colcon.colcon_core.package_identification:_identify(resources/csv/evaluation_lane) by extension 'cmake'
[0.344s] Level 1:colcon.colcon_core.package_identification:_identify(resources/csv/evaluation_lane) by extension 'python'
[0.344s] Level 1:colcon.colcon_core.package_identification:_identify(resources/csv/evaluation_lane) by extensions ['python_setup_py']
[0.344s] Level 1:colcon.colcon_core.package_identification:_identify(resources/csv/evaluation_lane) by extension 'python_setup_py'
[0.344s] Level 1:colcon.colcon_core.package_identification:_identify(resources/csv/simulation_lane) by extensions ['ignore', 'ignore_ament_install']
[0.344s] Level 1:colcon.colcon_core.package_identification:_identify(resources/csv/simulation_lane) by extension 'ignore'
[0.344s] Level 1:colcon.colcon_core.package_identification:_identify(resources/csv/simulation_lane) by extension 'ignore_ament_install'
[0.344s] Level 1:colcon.colcon_core.package_identification:_identify(resources/csv/simulation_lane) by extensions ['colcon_pkg']
[0.344s] Level 1:colcon.colcon_core.package_identification:_identify(resources/csv/simulation_lane) by extension 'colcon_pkg'
[0.344s] Level 1:colcon.colcon_core.package_identification:_identify(resources/csv/simulation_lane) by extensions ['colcon_meta']
[0.344s] Level 1:colcon.colcon_core.package_identification:_identify(resources/csv/simulation_lane) by extension 'colcon_meta'
[0.344s] Level 1:colcon.colcon_core.package_identification:_identify(resources/csv/simulation_lane) by extensions ['ament_cargo']
[0.344s] Level 1:colcon.colcon_core.package_identification:_identify(resources/csv/simulation_lane) by extension 'ament_cargo'
[0.344s] Level 1:colcon.colcon_core.package_identification:_identify(resources/csv/simulation_lane) by extensions ['ros']
[0.344s] Level 1:colcon.colcon_core.package_identification:_identify(resources/csv/simulation_lane) by extension 'ros'
[0.344s] Level 1:colcon.colcon_core.package_identification:_identify(resources/csv/simulation_lane) by extensions ['cargo', 'cmake', 'python']
[0.345s] Level 1:colcon.colcon_core.package_identification:_identify(resources/csv/simulation_lane) by extension 'cargo'
[0.345s] Level 1:colcon.colcon_core.package_identification:_identify(resources/csv/simulation_lane) by extension 'cmake'
[0.345s] Level 1:colcon.colcon_core.package_identification:_identify(resources/csv/simulation_lane) by extension 'python'
[0.345s] Level 1:colcon.colcon_core.package_identification:_identify(resources/csv/simulation_lane) by extensions ['python_setup_py']
[0.345s] Level 1:colcon.colcon_core.package_identification:_identify(resources/csv/simulation_lane) by extension 'python_setup_py'
[0.345s] Level 1:colcon.colcon_core.package_identification:_identify(resources/meshes) by extensions ['ignore', 'ignore_ament_install']
[0.345s] Level 1:colcon.colcon_core.package_identification:_identify(resources/meshes) by extension 'ignore'
[0.345s] Level 1:colcon.colcon_core.package_identification:_identify(resources/meshes) by extension 'ignore_ament_install'
[0.345s] Level 1:colcon.colcon_core.package_identification:_identify(resources/meshes) by extensions ['colcon_pkg']
[0.345s] Level 1:colcon.colcon_core.package_identification:_identify(resources/meshes) by extension 'colcon_pkg'
[0.345s] Level 1:colcon.colcon_core.package_identification:_identify(resources/meshes) by extensions ['colcon_meta']
[0.345s] Level 1:colcon.colcon_core.package_identification:_identify(resources/meshes) by extension 'colcon_meta'
[0.345s] Level 1:colcon.colcon_core.package_identification:_identify(resources/meshes) by extensions ['ament_cargo']
[0.345s] Level 1:colcon.colcon_core.package_identification:_identify(resources/meshes) by extension 'ament_cargo'
[0.345s] Level 1:colcon.colcon_core.package_identification:_identify(resources/meshes) by extensions ['ros']
[0.345s] Level 1:colcon.colcon_core.package_identification:_identify(resources/meshes) by extension 'ros'
[0.345s] Level 1:colcon.colcon_core.package_identification:_identify(resources/meshes) by extensions ['cargo', 'cmake', 'python']
[0.345s] Level 1:colcon.colcon_core.package_identification:_identify(resources/meshes) by extension 'cargo'
[0.345s] Level 1:colcon.colcon_core.package_identification:_identify(resources/meshes) by extension 'cmake'
[0.345s] Level 1:colcon.colcon_core.package_identification:_identify(resources/meshes) by extension 'python'
[0.345s] Level 1:colcon.colcon_core.package_identification:_identify(resources/meshes) by extensions ['python_setup_py']
[0.345s] Level 1:colcon.colcon_core.package_identification:_identify(resources/meshes) by extension 'python_setup_py'
[0.346s] Level 1:colcon.colcon_core.package_identification:_identify(resources/rviz) by extensions ['ignore', 'ignore_ament_install']
[0.346s] Level 1:colcon.colcon_core.package_identification:_identify(resources/rviz) by extension 'ignore'
[0.346s] Level 1:colcon.colcon_core.package_identification:_identify(resources/rviz) by extension 'ignore_ament_install'
[0.346s] Level 1:colcon.colcon_core.package_identification:_identify(resources/rviz) by extensions ['colcon_pkg']
[0.346s] Level 1:colcon.colcon_core.package_identification:_identify(resources/rviz) by extension 'colcon_pkg'
[0.346s] Level 1:colcon.colcon_core.package_identification:_identify(resources/rviz) by extensions ['colcon_meta']
[0.346s] Level 1:colcon.colcon_core.package_identification:_identify(resources/rviz) by extension 'colcon_meta'
[0.346s] Level 1:colcon.colcon_core.package_identification:_identify(resources/rviz) by extensions ['ament_cargo']
[0.346s] Level 1:colcon.colcon_core.package_identification:_identify(resources/rviz) by extension 'ament_cargo'
[0.346s] Level 1:colcon.colcon_core.package_identification:_identify(resources/rviz) by extensions ['ros']
[0.346s] Level 1:colcon.colcon_core.package_identification:_identify(resources/rviz) by extension 'ros'
[0.346s] Level 1:colcon.colcon_core.package_identification:_identify(resources/rviz) by extensions ['cargo', 'cmake', 'python']
[0.346s] Level 1:colcon.colcon_core.package_identification:_identify(resources/rviz) by extension 'cargo'
[0.346s] Level 1:colcon.colcon_core.package_identification:_identify(resources/rviz) by extension 'cmake'
[0.346s] Level 1:colcon.colcon_core.package_identification:_identify(resources/rviz) by extension 'python'
[0.346s] Level 1:colcon.colcon_core.package_identification:_identify(resources/rviz) by extensions ['python_setup_py']
[0.346s] Level 1:colcon.colcon_core.package_identification:_identify(resources/rviz) by extension 'python_setup_py'
[0.346s] Level 1:colcon.colcon_core.package_identification:_identify(src) by extensions ['ignore', 'ignore_ament_install']
[0.346s] Level 1:colcon.colcon_core.package_identification:_identify(src) by extension 'ignore'
[0.346s] Level 1:colcon.colcon_core.package_identification:_identify(src) by extension 'ignore_ament_install'
[0.346s] Level 1:colcon.colcon_core.package_identification:_identify(src) by extensions ['colcon_pkg']
[0.346s] Level 1:colcon.colcon_core.package_identification:_identify(src) by extension 'colcon_pkg'
[0.346s] Level 1:colcon.colcon_core.package_identification:_identify(src) by extensions ['colcon_meta']
[0.346s] Level 1:colcon.colcon_core.package_identification:_identify(src) by extension 'colcon_meta'
[0.346s] Level 1:colcon.colcon_core.package_identification:_identify(src) by extensions ['ament_cargo']
[0.346s] Level 1:colcon.colcon_core.package_identification:_identify(src) by extension 'ament_cargo'
[0.346s] Level 1:colcon.colcon_core.package_identification:_identify(src) by extensions ['ros']
[0.346s] Level 1:colcon.colcon_core.package_identification:_identify(src) by extension 'ros'
[0.347s] Level 1:colcon.colcon_core.package_identification:_identify(src) by extensions ['cargo', 'cmake', 'python']
[0.347s] Level 1:colcon.colcon_core.package_identification:_identify(src) by extension 'cargo'
[0.347s] Level 1:colcon.colcon_core.package_identification:_identify(src) by extension 'cmake'
[0.347s] Level 1:colcon.colcon_core.package_identification:_identify(src) by extension 'python'
[0.347s] Level 1:colcon.colcon_core.package_identification:_identify(src) by extensions ['python_setup_py']
[0.347s] Level 1:colcon.colcon_core.package_identification:_identify(src) by extension 'python_setup_py'
[0.347s] Level 1:colcon.colcon_core.package_identification:_identify(src/app) by extensions ['ignore', 'ignore_ament_install']
[0.347s] Level 1:colcon.colcon_core.package_identification:_identify(src/app) by extension 'ignore'
[0.347s] Level 1:colcon.colcon_core.package_identification:_identify(src/app) by extension 'ignore_ament_install'
[0.347s] Level 1:colcon.colcon_core.package_identification:_identify(src/app) by extensions ['colcon_pkg']
[0.347s] Level 1:colcon.colcon_core.package_identification:_identify(src/app) by extension 'colcon_pkg'
[0.347s] Level 1:colcon.colcon_core.package_identification:_identify(src/app) by extensions ['colcon_meta']
[0.347s] Level 1:colcon.colcon_core.package_identification:_identify(src/app) by extension 'colcon_meta'
[0.347s] Level 1:colcon.colcon_core.package_identification:_identify(src/app) by extensions ['ament_cargo']
[0.347s] Level 1:colcon.colcon_core.package_identification:_identify(src/app) by extension 'ament_cargo'
[0.347s] Level 1:colcon.colcon_core.package_identification:_identify(src/app) by extensions ['ros']
[0.347s] Level 1:colcon.colcon_core.package_identification:_identify(src/app) by extension 'ros'
[0.347s] Level 1:colcon.colcon_core.package_identification:_identify(src/app) by extensions ['cargo', 'cmake', 'python']
[0.347s] Level 1:colcon.colcon_core.package_identification:_identify(src/app) by extension 'cargo'
[0.347s] Level 1:colcon.colcon_core.package_identification:_identify(src/app) by extension 'cmake'
[0.347s] Level 1:colcon.colcon_core.package_identification:_identify(src/app) by extension 'python'
[0.347s] Level 1:colcon.colcon_core.package_identification:_identify(src/app) by extensions ['python_setup_py']
[0.347s] Level 1:colcon.colcon_core.package_identification:_identify(src/app) by extension 'python_setup_py'
[0.347s] Level 1:colcon.colcon_core.package_identification:_identify(src/app/autonomous_driving) by extensions ['ignore', 'ignore_ament_install']
[0.347s] Level 1:colcon.colcon_core.package_identification:_identify(src/app/autonomous_driving) by extension 'ignore'
[0.347s] Level 1:colcon.colcon_core.package_identification:_identify(src/app/autonomous_driving) by extension 'ignore_ament_install'
[0.347s] Level 1:colcon.colcon_core.package_identification:_identify(src/app/autonomous_driving) by extensions ['colcon_pkg']
[0.348s] Level 1:colcon.colcon_core.package_identification:_identify(src/app/autonomous_driving) by extension 'colcon_pkg'
[0.348s] Level 1:colcon.colcon_core.package_identification:_identify(src/app/autonomous_driving) by extensions ['colcon_meta']
[0.348s] Level 1:colcon.colcon_core.package_identification:_identify(src/app/autonomous_driving) by extension 'colcon_meta'
[0.348s] Level 1:colcon.colcon_core.package_identification:_identify(src/app/autonomous_driving) by extensions ['ament_cargo']
[0.348s] Level 1:colcon.colcon_core.package_identification:_identify(src/app/autonomous_driving) by extension 'ament_cargo'
[0.348s] Level 1:colcon.colcon_core.package_identification:_identify(src/app/autonomous_driving) by extensions ['ros']
[0.348s] Level 1:colcon.colcon_core.package_identification:_identify(src/app/autonomous_driving) by extension 'ros'
[0.351s] DEBUG:colcon.colcon_core.package_identification:Package 'src/app/autonomous_driving' with type 'ros.ament_cmake' and name 'autonomous_driving'
[0.351s] Level 1:colcon.colcon_core.package_identification:_identify(src/app/simulator) by extensions ['ignore', 'ignore_ament_install']
[0.351s] Level 1:colcon.colcon_core.package_identification:_identify(src/app/simulator) by extension 'ignore'
[0.351s] Level 1:colcon.colcon_core.package_identification:_identify(src/app/simulator) by extension 'ignore_ament_install'
[0.351s] Level 1:colcon.colcon_core.package_identification:_identify(src/app/simulator) by extensions ['colcon_pkg']
[0.351s] Level 1:colcon.colcon_core.package_identification:_identify(src/app/simulator) by extension 'colcon_pkg'
[0.351s] Level 1:colcon.colcon_core.package_identification:_identify(src/app/simulator) by extensions ['colcon_meta']
[0.351s] Level 1:colcon.colcon_core.package_identification:_identify(src/app/simulator) by extension 'colcon_meta'
[0.351s] Level 1:colcon.colcon_core.package_identification:_identify(src/app/simulator) by extensions ['ament_cargo']
[0.351s] Level 1:colcon.colcon_core.package_identification:_identify(src/app/simulator) by extension 'ament_cargo'
[0.351s] Level 1:colcon.colcon_core.package_identification:_identify(src/app/simulator) by extensions ['ros']
[0.351s] Level 1:colcon.colcon_core.package_identification:_identify(src/app/simulator) by extension 'ros'
[0.351s] DEBUG:colcon.colcon_core.package_identification:Package 'src/app/simulator' with type 'ros.ament_cmake' and name 'simulator'
[0.352s] Level 1:colcon.colcon_core.package_identification:_identify(src/app/speed_limiter) by extensions ['ignore', 'ignore_ament_install']
[0.352s] Level 1:colcon.colcon_core.package_identification:_identify(src/app/speed_limiter) by extension 'ignore'
[0.352s] Level 1:colcon.colcon_core.package_identification:_identify(src/app/speed_limiter) by extension 'ignore_ament_install'
[0.352s] Level 1:colcon.colcon_core.package_identification:_identify(src/app/speed_limiter) by extensions ['colcon_pkg']
[0.352s] Level 1:colcon.colcon_core.package_identification:_identify(src/app/speed_limiter) by extension 'colcon_pkg'
[0.352s] Level 1:colcon.colcon_core.package_identification:_identify(src/app/speed_limiter) by extensions ['colcon_meta']
[0.352s] Level 1:colcon.colcon_core.package_identification:_identify(src/app/speed_limiter) by extension 'colcon_meta'
[0.352s] Level 1:colcon.colcon_core.package_identification:_identify(src/app/speed_limiter) by extensions ['ament_cargo']
[0.352s] Level 1:colcon.colcon_core.package_identification:_identify(src/app/speed_limiter) by extension 'ament_cargo'
[0.352s] Level 1:colcon.colcon_core.package_identification:_identify(src/app/speed_limiter) by extensions ['ros']
[0.352s] Level 1:colcon.colcon_core.package_identification:_identify(src/app/speed_limiter) by extension 'ros'
[0.353s] DEBUG:colcon.colcon_core.package_identification:Package 'src/app/speed_limiter' with type 'ros.ament_cmake' and name 'speed_limiter'
[0.353s] Level 1:colcon.colcon_core.package_identification:_identify(src/bsw) by extensions ['ignore', 'ignore_ament_install']
[0.353s] Level 1:colcon.colcon_core.package_identification:_identify(src/bsw) by extension 'ignore'
[0.353s] Level 1:colcon.colcon_core.package_identification:_identify(src/bsw) by extension 'ignore_ament_install'
[0.353s] Level 1:colcon.colcon_core.package_identification:_identify(src/bsw) by extensions ['colcon_pkg']
[0.353s] Level 1:colcon.colcon_core.package_identification:_identify(src/bsw) by extension 'colcon_pkg'
[0.353s] Level 1:colcon.colcon_core.package_identification:_identify(src/bsw) by extensions ['colcon_meta']
[0.353s] Level 1:colcon.colcon_core.package_identification:_identify(src/bsw) by extension 'colcon_meta'
[0.353s] Level 1:colcon.colcon_core.package_identification:_identify(src/bsw) by extensions ['ament_cargo']
[0.353s] Level 1:colcon.colcon_core.package_identification:_identify(src/bsw) by extension 'ament_cargo'
[0.353s] Level 1:colcon.colcon_core.package_identification:_identify(src/bsw) by extensions ['ros']
[0.353s] Level 1:colcon.colcon_core.package_identification:_identify(src/bsw) by extension 'ros'
[0.353s] Level 1:colcon.colcon_core.package_identification:_identify(src/bsw) by extensions ['cargo', 'cmake', 'python']
[0.353s] Level 1:colcon.colcon_core.package_identification:_identify(src/bsw) by extension 'cargo'
[0.353s] Level 1:colcon.colcon_core.package_identification:_identify(src/bsw) by extension 'cmake'
[0.353s] Level 1:colcon.colcon_core.package_identification:_identify(src/bsw) by extension 'python'
[0.353s] Level 1:colcon.colcon_core.package_identification:_identify(src/bsw) by extensions ['python_setup_py']
[0.353s] Level 1:colcon.colcon_core.package_identification:_identify(src/bsw) by extension 'python_setup_py'
[0.353s] Level 1:colcon.colcon_core.package_identification:_identify(src/bsw/system) by extensions ['ignore', 'ignore_ament_install']
[0.353s] Level 1:colcon.colcon_core.package_identification:_identify(src/bsw/system) by extension 'ignore'
[0.353s] Level 1:colcon.colcon_core.package_identification:_identify(src/bsw/system) by extension 'ignore_ament_install'
[0.353s] Level 1:colcon.colcon_core.package_identification:_identify(src/bsw/system) by extensions ['colcon_pkg']
[0.353s] Level 1:colcon.colcon_core.package_identification:_identify(src/bsw/system) by extension 'colcon_pkg'
[0.353s] Level 1:colcon.colcon_core.package_identification:_identify(src/bsw/system) by extensions ['colcon_meta']
[0.353s] Level 1:colcon.colcon_core.package_identification:_identify(src/bsw/system) by extension 'colcon_meta'
[0.354s] Level 1:colcon.colcon_core.package_identification:_identify(src/bsw/system) by extensions ['ament_cargo']
[0.354s] Level 1:colcon.colcon_core.package_identification:_identify(src/bsw/system) by extension 'ament_cargo'
[0.354s] Level 1:colcon.colcon_core.package_identification:_identify(src/bsw/system) by extensions ['ros']
[0.354s] Level 1:colcon.colcon_core.package_identification:_identify(src/bsw/system) by extension 'ros'
[0.354s] Level 1:colcon.colcon_core.package_identification:_identify(src/bsw/system) by extensions ['cargo', 'cmake', 'python']
[0.354s] Level 1:colcon.colcon_core.package_identification:_identify(src/bsw/system) by extension 'cargo'
[0.354s] Level 1:colcon.colcon_core.package_identification:_identify(src/bsw/system) by extension 'cmake'
[0.354s] Level 1:colcon.colcon_core.package_identification:_identify(src/bsw/system) by extension 'python'
[0.354s] Level 1:colcon.colcon_core.package_identification:_identify(src/bsw/system) by extensions ['python_setup_py']
[0.354s] Level 1:colcon.colcon_core.package_identification:_identify(src/bsw/system) by extension 'python_setup_py'
[0.354s] Level 1:colcon.colcon_core.package_identification:_identify(src/bsw/system/interface) by extensions ['ignore', 'ignore_ament_install']
[0.354s] Level 1:colcon.colcon_core.package_identification:_identify(src/bsw/system/interface) by extension 'ignore'
[0.354s] Level 1:colcon.colcon_core.package_identification:_identify(src/bsw/system/interface) by extension 'ignore_ament_install'
[0.354s] Level 1:colcon.colcon_core.package_identification:_identify(src/bsw/system/interface) by extensions ['colcon_pkg']
[0.354s] Level 1:colcon.colcon_core.package_identification:_identify(src/bsw/system/interface) by extension 'colcon_pkg'
[0.354s] Level 1:colcon.colcon_core.package_identification:_identify(src/bsw/system/interface) by extensions ['colcon_meta']
[0.354s] Level 1:colcon.colcon_core.package_identification:_identify(src/bsw/system/interface) by extension 'colcon_meta'
[0.354s] Level 1:colcon.colcon_core.package_identification:_identify(src/bsw/system/interface) by extensions ['ament_cargo']
[0.354s] Level 1:colcon.colcon_core.package_identification:_identify(src/bsw/system/interface) by extension 'ament_cargo'
[0.354s] Level 1:colcon.colcon_core.package_identification:_identify(src/bsw/system/interface) by extensions ['ros']
[0.354s] Level 1:colcon.colcon_core.package_identification:_identify(src/bsw/system/interface) by extension 'ros'
[0.354s] Level 1:colcon.colcon_core.package_identification:_identify(src/bsw/system/interface) by extensions ['cargo', 'cmake', 'python']
[0.354s] Level 1:colcon.colcon_core.package_identification:_identify(src/bsw/system/interface) by extension 'cargo'
[0.354s] Level 1:colcon.colcon_core.package_identification:_identify(src/bsw/system/interface) by extension 'cmake'
[0.354s] Level 1:colcon.colcon_core.package_identification:_identify(src/bsw/system/interface) by extension 'python'
[0.354s] Level 1:colcon.colcon_core.package_identification:_identify(src/bsw/system/interface) by extensions ['python_setup_py']
[0.354s] Level 1:colcon.colcon_core.package_identification:_identify(src/bsw/system/interface) by extension 'python_setup_py'
[0.355s] Level 1:colcon.colcon_core.package_identification:_identify(src/rte) by extensions ['ignore', 'ignore_ament_install']
[0.355s] Level 1:colcon.colcon_core.package_identification:_identify(src/rte) by extension 'ignore'
[0.355s] Level 1:colcon.colcon_core.package_identification:_identify(src/rte) by extension 'ignore_ament_install'
[0.355s] Level 1:colcon.colcon_core.package_identification:_identify(src/rte) by extensions ['colcon_pkg']
[0.355s] Level 1:colcon.colcon_core.package_identification:_identify(src/rte) by extension 'colcon_pkg'
[0.355s] Level 1:colcon.colcon_core.package_identification:_identify(src/rte) by extensions ['colcon_meta']
[0.355s] Level 1:colcon.colcon_core.package_identification:_identify(src/rte) by extension 'colcon_meta'
[0.355s] Level 1:colcon.colcon_core.package_identification:_identify(src/rte) by extensions ['ament_cargo']
[0.355s] Level 1:colcon.colcon_core.package_identification:_identify(src/rte) by extension 'ament_cargo'
[0.355s] Level 1:colcon.colcon_core.package_identification:_identify(src/rte) by extensions ['ros']
[0.355s] Level 1:colcon.colcon_core.package_identification:_identify(src/rte) by extension 'ros'
[0.355s] Level 1:colcon.colcon_core.package_identification:_identify(src/rte) by extensions ['cargo', 'cmake', 'python']
[0.355s] Level 1:colcon.colcon_core.package_identification:_identify(src/rte) by extension 'cargo'
[0.355s] Level 1:colcon.colcon_core.package_identification:_identify(src/rte) by extension 'cmake'
[0.355s] Level 1:colcon.colcon_core.package_identification:_identify(src/rte) by extension 'python'
[0.355s] Level 1:colcon.colcon_core.package_identification:_identify(src/rte) by extensions ['python_setup_py']
[0.355s] Level 1:colcon.colcon_core.package_identification:_identify(src/rte) by extension 'python_setup_py'
[0.355s] Level 1:colcon.colcon_core.package_identification:_identify(src/rte/msg) by extensions ['ignore', 'ignore_ament_install']
[0.355s] Level 1:colcon.colcon_core.package_identification:_identify(src/rte/msg) by extension 'ignore'
[0.355s] Level 1:colcon.colcon_core.package_identification:_identify(src/rte/msg) by extension 'ignore_ament_install'
[0.355s] Level 1:colcon.colcon_core.package_identification:_identify(src/rte/msg) by extensions ['colcon_pkg']
[0.355s] Level 1:colcon.colcon_core.package_identification:_identify(src/rte/msg) by extension 'colcon_pkg'
[0.355s] Level 1:colcon.colcon_core.package_identification:_identify(src/rte/msg) by extensions ['colcon_meta']
[0.355s] Level 1:colcon.colcon_core.package_identification:_identify(src/rte/msg) by extension 'colcon_meta'
[0.356s] Level 1:colcon.colcon_core.package_identification:_identify(src/rte/msg) by extensions ['ament_cargo']
[0.356s] Level 1:colcon.colcon_core.package_identification:_identify(src/rte/msg) by extension 'ament_cargo'
[0.356s] Level 1:colcon.colcon_core.package_identification:_identify(src/rte/msg) by extensions ['ros']
[0.356s] Level 1:colcon.colcon_core.package_identification:_identify(src/rte/msg) by extension 'ros'
[0.356s] Level 1:colcon.colcon_core.package_identification:_identify(src/rte/msg) by extensions ['cargo', 'cmake', 'python']
[0.356s] Level 1:colcon.colcon_core.package_identification:_identify(src/rte/msg) by extension 'cargo'
[0.356s] Level 1:colcon.colcon_core.package_identification:_identify(src/rte/msg) by extension 'cmake'
[0.356s] Level 1:colcon.colcon_core.package_identification:_identify(src/rte/msg) by extension 'python'
[0.356s] Level 1:colcon.colcon_core.package_identification:_identify(src/rte/msg) by extensions ['python_setup_py']
[0.356s] Level 1:colcon.colcon_core.package_identification:_identify(src/rte/msg) by extension 'python_setup_py'
[0.356s] Level 1:colcon.colcon_core.package_identification:_identify(src/rte/msg/ad_msgs) by extensions ['ignore', 'ignore_ament_install']
[0.356s] Level 1:colcon.colcon_core.package_identification:_identify(src/rte/msg/ad_msgs) by extension 'ignore'
[0.356s] Level 1:colcon.colcon_core.package_identification:_identify(src/rte/msg/ad_msgs) by extension 'ignore_ament_install'
[0.356s] Level 1:colcon.colcon_core.package_identification:_identify(src/rte/msg/ad_msgs) by extensions ['colcon_pkg']
[0.356s] Level 1:colcon.colcon_core.package_identification:_identify(src/rte/msg/ad_msgs) by extension 'colcon_pkg'
[0.356s] Level 1:colcon.colcon_core.package_identification:_identify(src/rte/msg/ad_msgs) by extensions ['colcon_meta']
[0.356s] Level 1:colcon.colcon_core.package_identification:_identify(src/rte/msg/ad_msgs) by extension 'colcon_meta'
[0.356s] Level 1:colcon.colcon_core.package_identification:_identify(src/rte/msg/ad_msgs) by extensions ['ament_cargo']
[0.356s] Level 1:colcon.colcon_core.package_identification:_identify(src/rte/msg/ad_msgs) by extension 'ament_cargo'
[0.356s] Level 1:colcon.colcon_core.package_identification:_identify(src/rte/msg/ad_msgs) by extensions ['ros']
[0.356s] Level 1:colcon.colcon_core.package_identification:_identify(src/rte/msg/ad_msgs) by extension 'ros'
[0.357s] DEBUG:colcon.colcon_core.package_identification:Package 'src/rte/msg/ad_msgs' with type 'ros.ament_cmake' and name 'ad_msgs'
[0.357s] Level 1:colcon.colcon_core.package_discovery:discover_packages(recursive) using defaults
[0.357s] Level 1:colcon.colcon_core.package_discovery:discover_packages(ignore) discover
[0.357s] Level 1:colcon.colcon_core.package_discovery:discover_packages(ignore) using defaults
[0.357s] Level 1:colcon.colcon_core.package_discovery:discover_packages(path) discover
[0.357s] Level 1:colcon.colcon_core.package_discovery:discover_packages(path) using defaults
[0.386s] Level 1:colcon.colcon_core.package_discovery:discover_packages(prefix_path) check parameters
[0.386s] Level 1:colcon.colcon_core.package_discovery:discover_packages(prefix_path) discover
[0.389s] DEBUG:colcon.colcon_installed_package_information.package_discovery:Found 302 installed packages in /opt/ros/humble
[0.390s] Level 1:colcon.colcon_core.package_discovery:discover_packages(prefix_path) using defaults
[0.420s] Level 5:colcon.colcon_core.verb:set package 'ad_msgs' build argument 'lookup_in_workspace' from command line to 'False'
[0.420s] Level 5:colcon.colcon_core.verb:set package 'ad_msgs' build argument 'cargo_args' from command line to 'None'
[0.420s] Level 5:colcon.colcon_core.verb:set package 'ad_msgs' build argument 'clean_build' from command line to 'False'
[0.420s] Level 5:colcon.colcon_core.verb:set package 'ad_msgs' build argument 'cmake_args' from command line to '['-DCMAKE_BUILD_TYPE=Release']'
[0.420s] Level 5:colcon.colcon_core.verb:set package 'ad_msgs' build argument 'cmake_target' from command line to 'None'
[0.420s] Level 5:colcon.colcon_core.verb:set package 'ad_msgs' build argument 'cmake_target_skip_unavailable' from command line to 'False'
[0.420s] Level 5:colcon.colcon_core.verb:set package 'ad_msgs' build argument 'cmake_clean_cache' from command line to 'False'
[0.420s] Level 5:colcon.colcon_core.verb:set package 'ad_msgs' build argument 'cmake_clean_first' from command line to 'False'
[0.420s] Level 5:colcon.colcon_core.verb:set package 'ad_msgs' build argument 'cmake_force_configure' from command line to 'False'
[0.420s] Level 5:colcon.colcon_core.verb:set package 'ad_msgs' build argument 'ament_cmake_args' from command line to 'None'
[0.420s] Level 5:colcon.colcon_core.verb:set package 'ad_msgs' build argument 'catkin_cmake_args' from command line to 'None'
[0.420s] Level 5:colcon.colcon_core.verb:set package 'ad_msgs' build argument 'catkin_skip_building_tests' from command line to 'False'
[0.420s] DEBUG:colcon.colcon_core.verb:Building package 'ad_msgs' with the following arguments: {'ament_cmake_args': None, 'build_base': '/home/jsyun/Programming/ROS2/automotive_software_lecture/simulator_projects/002_automotive_software_lon/build/ad_msgs', 'cargo_args': None, 'catkin_cmake_args': None, 'catkin_skip_building_tests': False, 'clean_build': False, 'cmake_args': ['-DCMAKE_BUILD_TYPE=Release'], 'cmake_clean_cache': False, 'cmake_clean_first': False, 'cmake_force_configure': False, 'cmake_target': None, 'cmake_target_skip_unavailable': False, 'install_base': '/home/jsyun/Programming/ROS2/automotive_software_lecture/simulator_projects/002_automotive_software_lon/install/ad_msgs', 'lookup_in_workspace': False, 'merge_install': False, 'path': '/home/jsyun/Programming/ROS2/automotive_software_lecture/simulator_projects/002_automotive_software_lon/src/rte/msg/ad_msgs', 'symlink_install': True, 'test_result_base': None}
[0.420s] Level 5:colcon.colcon_core.verb:set package 'autonomous_driving' build argument 'lookup_in_workspace' from command line to 'False'
[0.420s] Level 5:colcon.colcon_core.verb:set package 'autonomous_driving' build argument 'cargo_args' from command line to 'None'
[0.420s] Level 5:colcon.colcon_core.verb:set package 'autonomous_driving' build argument 'clean_build' from command line to 'False'
[0.420s] Level 5:colcon.colcon_core.verb:set package 'autonomous_driving' build argument 'cmake_args' from command line to '['-DCMAKE_BUILD_TYPE=Release']'
[0.420s] Level 5:colcon.colcon_core.verb:set package 'autonomous_driving' build argument 'cmake_target' from command line to 'None'
[0.420s] Level 5:colcon.colcon_core.verb:set package 'autonomous_driving' build argument 'cmake_target_skip_unavailable' from command line to 'False'
[0.420s] Level 5:colcon.colcon_core.verb:set package 'autonomous_driving' build argument 'cmake_clean_cache' from command line to 'False'
[0.421s] Level 5:colcon.colcon_core.verb:set package 'autonomous_driving' build argument 'cmake_clean_first' from command line to 'False'
[0.421s] Level 5:colcon.colcon_core.verb:set package 'autonomous_driving' build argument 'cmake_force_configure' from command line to 'False'
[0.421s] Level 5:colcon.colcon_core.verb:set package 'autonomous_driving' build argument 'ament_cmake_args' from command line to 'None'
[0.421s] Level 5:colcon.colcon_core.verb:set package 'autonomous_driving' build argument 'catkin_cmake_args' from command line to 'None'
[0.421s] Level 5:colcon.colcon_core.verb:set package 'autonomous_driving' build argument 'catkin_skip_building_tests' from command line to 'False'
[0.421s] DEBUG:colcon.colcon_core.verb:Building package 'autonomous_driving' with the following arguments: {'ament_cmake_args': None, 'build_base': '/home/jsyun/Programming/ROS2/automotive_software_lecture/simulator_projects/002_automotive_software_lon/build/autonomous_driving', 'cargo_args': None, 'catkin_cmake_args': None, 'catkin_skip_building_tests': False, 'clean_build': False, 'cmake_args': ['-DCMAKE_BUILD_TYPE=Release'], 'cmake_clean_cache': False, 'cmake_clean_first': False, 'cmake_force_configure': False, 'cmake_target': None, 'cmake_target_skip_unavailable': False, 'install_base': '/home/jsyun/Programming/ROS2/automotive_software_lecture/simulator_projects/002_automotive_software_lon/install/autonomous_driving', 'lookup_in_workspace': False, 'merge_install': False, 'path': '/home/jsyun/Programming/ROS2/automotive_software_lecture/simulator_projects/002_automotive_software_lon/src/app/autonomous_driving', 'symlink_install': True, 'test_result_base': None}
[0.421s] Level 5:colcon.colcon_core.verb:set package 'simulator' build argument 'lookup_in_workspace' from command line to 'False'
[0.421s] Level 5:colcon.colcon_core.verb:set package 'simulator' build argument 'cargo_args' from command line to 'None'
[0.421s] Level 5:colcon.colcon_core.verb:set package 'simulator' build argument 'clean_build' from command line to 'False'
[0.421s] Level 5:colcon.colcon_core.verb:set package 'simulator' build argument 'cmake_args' from command line to '['-DCMAKE_BUILD_TYPE=Release']'
[0.421s] Level 5:colcon.colcon_core.verb:set package 'simulator' build argument 'cmake_target' from command line to 'None'
[0.421s] Level 5:colcon.colcon_core.verb:set package 'simulator' build argument 'cmake_target_skip_unavailable' from command line to 'False'
[0.421s] Level 5:colcon.colcon_core.verb:set package 'simulator' build argument 'cmake_clean_cache' from command line to 'False'
[0.421s] Level 5:colcon.colcon_core.verb:set package 'simulator' build argument 'cmake_clean_first' from command line to 'False'
[0.421s] Level 5:colcon.colcon_core.verb:set package 'simulator' build argument 'cmake_force_configure' from command line to 'False'
[0.421s] Level 5:colcon.colcon_core.verb:set package 'simulator' build argument 'ament_cmake_args' from command line to 'None'
[0.421s] Level 5:colcon.colcon_core.verb:set package 'simulator' build argument 'catkin_cmake_args' from command line to 'None'
[0.421s] Level 5:colcon.colcon_core.verb:set package 'simulator' build argument 'catkin_skip_building_tests' from command line to 'False'
[0.421s] DEBUG:colcon.colcon_core.verb:Building package 'simulator' with the following arguments: {'ament_cmake_args': None, 'build_base': '/home/jsyun/Programming/ROS2/automotive_software_lecture/simulator_projects/002_automotive_software_lon/build/simulator', 'cargo_args': None, 'catkin_cmake_args': None, 'catkin_skip_building_tests': False, 'clean_build': False, 'cmake_args': ['-DCMAKE_BUILD_TYPE=Release'], 'cmake_clean_cache': False, 'cmake_clean_first': False, 'cmake_force_configure': False, 'cmake_target': None, 'cmake_target_skip_unavailable': False, 'install_base': '/home/jsyun/Programming/ROS2/automotive_software_lecture/simulator_projects/002_automotive_software_lon/install/simulator', 'lookup_in_workspace': False, 'merge_install': False, 'path': '/home/jsyun/Programming/ROS2/automotive_software_lecture/simulator_projects/002_automotive_software_lon/src/app/simulator', 'symlink_install': True, 'test_result_base': None}
[0.421s] Level 5:colcon.colcon_core.verb:set package 'speed_limiter' build argument 'lookup_in_workspace' from command line to 'False'
[0.422s] Level 5:colcon.colcon_core.verb:set package 'speed_limiter' build argument 'cargo_args' from command line to 'None'
[0.422s] Level 5:colcon.colcon_core.verb:set package 'speed_limiter' build argument 'clean_build' from command line to 'False'
[0.422s] Level 5:colcon.colcon_core.verb:set package 'speed_limiter' build argument 'cmake_args' from command line to '['-DCMAKE_BUILD_TYPE=Release']'
[0.422s] Level 5:colcon.colcon_core.verb:set package 'speed_limiter' build argument 'cmake_target' from command line to 'None'
[0.422s] Level 5:colcon.colcon_core.verb:set package 'speed_limiter' build argument 'cmake_target_skip_unavailable' from command line to 'False'
[0.422s] Level 5:colcon.colcon_core.verb:set package 'speed_limiter' build argument 'cmake_clean_cache' from command line to 'False'
[0.422s] Level 5:colcon.colcon_core.verb:set package 'speed_limiter' build argument 'cmake_clean_first' from command line to 'False'
[0.422s] Level 5:colcon.colcon_core.verb:set package 'speed_limiter' build argument 'cmake_force_configure' from command line to 'False'
[0.422s] Level 5:colcon.colcon_core.verb:set package 'speed_limiter' build argument 'ament_cmake_args' from command line to 'None'
[0.422s] Level 5:colcon.colcon_core.verb:set package 'speed_limiter' build argument 'catkin_cmake_args' from command line to 'None'
[0.422s] Level 5:colcon.colcon_core.verb:set package 'speed_limiter' build argument 'catkin_skip_building_tests' from command line to 'False'
[0.422s] DEBUG:colcon.colcon_core.verb:Building package 'speed_limiter' with the following arguments: {'ament_cmake_args': None, 'build_base': '/home/jsyun/Programming/ROS2/automotive_software_lecture/simulator_projects/002_automotive_software_lon/build/speed_limiter', 'cargo_args': None, 'catkin_cmake_args': None, 'catkin_skip_building_tests': False, 'clean_build': False, 'cmake_args': ['-DCMAKE_BUILD_TYPE=Release'], 'cmake_clean_cache': False, 'cmake_clean_first': False, 'cmake_force_configure': False, 'cmake_target': None, 'cmake_target_skip_unavailable': False, 'install_base': '/home/jsyun/Programming/ROS2/automotive_software_lecture/simulator_projects/002_automotive_software_lon/install/speed_limiter', 'lookup_in_workspace': False, 'merge_install': False, 'path': '/home/jsyun/Programming/ROS2/automotive_software_lecture/simulator_projects/002_automotive_software_lon/src/app/speed_limiter', 'symlink_install': True, 'test_result_base': None}
[0.422s] INFO:colcon.colcon_core.executor:Executing jobs using 'parallel' executor
[0.423s] DEBUG:colcon.colcon_parallel_executor.executor.parallel:run_until_complete
[0.423s] INFO:colcon.colcon_ros.task.ament_cmake.build:Building ROS package in '/home/jsyun/Programming/ROS2/automotive_software_lecture/simulator_projects/002_automotive_software_lon/src/rte/msg/ad_msgs' with build type 'ament_cmake'
[0.423s] INFO:colcon.colcon_cmake.task.cmake.build:Building CMake package in '/home/jsyun/Programming/ROS2/automotive_software_lecture/simulator_projects/002_automotive_software_lon/src/rte/msg/ad_msgs'
[0.426s] INFO:colcon.colcon_core.plugin_system:Skipping extension 'colcon_core.shell.bat': Not used on non-Windows systems
[0.426s] INFO:colcon.colcon_core.shell:Skip shell extension 'powershell' for command environment: Not usable outside of PowerShell
[0.426s] DEBUG:colcon.colcon_core.shell:Skip shell extension 'dsv' for command environment
[0.433s] DEBUG:colcon.colcon_core.event_handler.log_command:Invoking command in '/home/jsyun/Programming/ROS2/automotive_software_lecture/simulator_projects/002_automotive_software_lon/build/ad_msgs': CMAKE_PREFIX_PATH=/opt/ros/humble /usr/bin/cmake --build /home/jsyun/Programming/ROS2/automotive_software_lecture/simulator_projects/002_automotive_software_lon/build/ad_msgs -- -j12 -l12
[0.737s] DEBUG:colcon.colcon_core.event_handler.log_command:Invoked command in '/home/jsyun/Programming/ROS2/automotive_software_lecture/simulator_projects/002_automotive_software_lon/build/ad_msgs' returned '0': CMAKE_PREFIX_PATH=/opt/ros/humble /usr/bin/cmake --build /home/jsyun/Programming/ROS2/automotive_software_lecture/simulator_projects/002_automotive_software_lon/build/ad_msgs -- -j12 -l12
[0.876s] DEBUG:colcon.colcon_core.event_handler.log_command:Invoking command in '/home/jsyun/Programming/ROS2/automotive_software_lecture/simulator_projects/002_automotive_software_lon/build/ad_msgs': CMAKE_PREFIX_PATH=/opt/ros/humble /usr/bin/cmake --install /home/jsyun/Programming/ROS2/automotive_software_lecture/simulator_projects/002_automotive_software_lon/build/ad_msgs
[0.956s] Level 1:colcon.colcon_core.environment:create_environment_scripts_only(ad_msgs)
[0.956s] DEBUG:colcon.colcon_core.event_handler.log_command:Invoked command in '/home/jsyun/Programming/ROS2/automotive_software_lecture/simulator_projects/002_automotive_software_lon/build/ad_msgs' returned '0': CMAKE_PREFIX_PATH=/opt/ros/humble /usr/bin/cmake --install /home/jsyun/Programming/ROS2/automotive_software_lecture/simulator_projects/002_automotive_software_lon/build/ad_msgs
[0.960s] Level 1:colcon.colcon_core.environment:checking '/home/jsyun/Programming/ROS2/automotive_software_lecture/simulator_projects/002_automotive_software_lon/install/ad_msgs' for CMake module files
[0.961s] Level 1:colcon.colcon_core.environment:checking '/home/jsyun/Programming/ROS2/automotive_software_lecture/simulator_projects/002_automotive_software_lon/install/ad_msgs' for CMake config files
[0.962s] Level 1:colcon.colcon_core.shell:create_environment_hook('ad_msgs', 'cmake_prefix_path')
[0.963s] INFO:colcon.colcon_core.shell:Creating environment hook '/home/jsyun/Programming/ROS2/automotive_software_lecture/simulator_projects/002_automotive_software_lon/install/ad_msgs/share/ad_msgs/hook/cmake_prefix_path.ps1'
[0.963s] INFO:colcon.colcon_core.shell:Creating environment descriptor '/home/jsyun/Programming/ROS2/automotive_software_lecture/simulator_projects/002_automotive_software_lon/install/ad_msgs/share/ad_msgs/hook/cmake_prefix_path.dsv'
[0.964s] INFO:colcon.colcon_core.shell:Creating environment hook '/home/jsyun/Programming/ROS2/automotive_software_lecture/simulator_projects/002_automotive_software_lon/install/ad_msgs/share/ad_msgs/hook/cmake_prefix_path.sh'
[0.964s] Level 1:colcon.colcon_core.environment:checking '/home/jsyun/Programming/ROS2/automotive_software_lecture/simulator_projects/002_automotive_software_lon/install/ad_msgs/lib'
[0.964s] Level 1:colcon.colcon_core.shell:create_environment_hook('ad_msgs', 'ld_library_path_lib')
[0.965s] INFO:colcon.colcon_core.shell:Creating environment hook '/home/jsyun/Programming/ROS2/automotive_software_lecture/simulator_projects/002_automotive_software_lon/install/ad_msgs/share/ad_msgs/hook/ld_library_path_lib.ps1'
[0.965s] INFO:colcon.colcon_core.shell:Creating environment descriptor '/home/jsyun/Programming/ROS2/automotive_software_lecture/simulator_projects/002_automotive_software_lon/install/ad_msgs/share/ad_msgs/hook/ld_library_path_lib.dsv'
[0.965s] INFO:colcon.colcon_core.shell:Creating environment hook '/home/jsyun/Programming/ROS2/automotive_software_lecture/simulator_projects/002_automotive_software_lon/install/ad_msgs/share/ad_msgs/hook/ld_library_path_lib.sh'
[0.965s] Level 1:colcon.colcon_core.environment:checking '/home/jsyun/Programming/ROS2/automotive_software_lecture/simulator_projects/002_automotive_software_lon/install/ad_msgs/bin'
[0.965s] Level 1:colcon.colcon_core.environment:checking '/home/jsyun/Programming/ROS2/automotive_software_lecture/simulator_projects/002_automotive_software_lon/install/ad_msgs/lib/pkgconfig/ad_msgs.pc'
[0.966s] Level 1:colcon.colcon_core.environment:checking '/home/jsyun/Programming/ROS2/automotive_software_lecture/simulator_projects/002_automotive_software_lon/install/ad_msgs/lib/python3.10/site-packages'
[0.966s] Level 1:colcon.colcon_core.environment:checking '/home/jsyun/Programming/ROS2/automotive_software_lecture/simulator_projects/002_automotive_software_lon/install/ad_msgs/bin'
[0.966s] INFO:colcon.colcon_core.shell:Creating package script '/home/jsyun/Programming/ROS2/automotive_software_lecture/simulator_projects/002_automotive_software_lon/install/ad_msgs/share/ad_msgs/package.ps1'
[0.967s] INFO:colcon.colcon_core.shell:Creating package descriptor '/home/jsyun/Programming/ROS2/automotive_software_lecture/simulator_projects/002_automotive_software_lon/install/ad_msgs/share/ad_msgs/package.dsv'
[0.967s] INFO:colcon.colcon_core.shell:Creating package script '/home/jsyun/Programming/ROS2/automotive_software_lecture/simulator_projects/002_automotive_software_lon/install/ad_msgs/share/ad_msgs/package.sh'
[0.968s] INFO:colcon.colcon_core.shell:Creating package script '/home/jsyun/Programming/ROS2/automotive_software_lecture/simulator_projects/002_automotive_software_lon/install/ad_msgs/share/ad_msgs/package.bash'
[0.968s] INFO:colcon.colcon_core.shell:Creating package script '/home/jsyun/Programming/ROS2/automotive_software_lecture/simulator_projects/002_automotive_software_lon/install/ad_msgs/share/ad_msgs/package.zsh'
[0.969s] Level 1:colcon.colcon_core.environment:create_file_with_runtime_dependencies(/home/jsyun/Programming/ROS2/automotive_software_lecture/simulator_projects/002_automotive_software_lon/install/ad_msgs/share/colcon-core/packages/ad_msgs)
[1.102s] Level 1:colcon.colcon_core.environment:create_environment_scripts_only(ad_msgs)
[1.103s] Level 1:colcon.colcon_core.environment:checking '/home/jsyun/Programming/ROS2/automotive_software_lecture/simulator_projects/002_automotive_software_lon/install/ad_msgs' for CMake module files
[1.103s] Level 1:colcon.colcon_core.environment:checking '/home/jsyun/Programming/ROS2/automotive_software_lecture/simulator_projects/002_automotive_software_lon/install/ad_msgs' for CMake config files
[1.104s] Level 1:colcon.colcon_core.shell:create_environment_hook('ad_msgs', 'cmake_prefix_path')
[1.104s] INFO:colcon.colcon_core.shell:Creating environment hook '/home/jsyun/Programming/ROS2/automotive_software_lecture/simulator_projects/002_automotive_software_lon/install/ad_msgs/share/ad_msgs/hook/cmake_prefix_path.ps1'
[1.105s] INFO:colcon.colcon_core.shell:Creating environment descriptor '/home/jsyun/Programming/ROS2/automotive_software_lecture/simulator_projects/002_automotive_software_lon/install/ad_msgs/share/ad_msgs/hook/cmake_prefix_path.dsv'
[1.105s] INFO:colcon.colcon_core.shell:Creating environment hook '/home/jsyun/Programming/ROS2/automotive_software_lecture/simulator_projects/002_automotive_software_lon/install/ad_msgs/share/ad_msgs/hook/cmake_prefix_path.sh'
[1.105s] Level 1:colcon.colcon_core.environment:checking '/home/jsyun/Programming/ROS2/automotive_software_lecture/simulator_projects/002_automotive_software_lon/install/ad_msgs/lib'
[1.106s] Level 1:colcon.colcon_core.shell:create_environment_hook('ad_msgs', 'ld_library_path_lib')
[1.106s] INFO:colcon.colcon_core.shell:Creating environment hook '/home/jsyun/Programming/ROS2/automotive_software_lecture/simulator_projects/002_automotive_software_lon/install/ad_msgs/share/ad_msgs/hook/ld_library_path_lib.ps1'
[1.106s] INFO:colcon.colcon_core.shell:Creating environment descriptor '/home/jsyun/Programming/ROS2/automotive_software_lecture/simulator_projects/002_automotive_software_lon/install/ad_msgs/share/ad_msgs/hook/ld_library_path_lib.dsv'
[1.106s] INFO:colcon.colcon_core.shell:Creating environment hook '/home/jsyun/Programming/ROS2/automotive_software_lecture/simulator_projects/002_automotive_software_lon/install/ad_msgs/share/ad_msgs/hook/ld_library_path_lib.sh'
[1.107s] Level 1:colcon.colcon_core.environment:checking '/home/jsyun/Programming/ROS2/automotive_software_lecture/simulator_projects/002_automotive_software_lon/install/ad_msgs/bin'
[1.107s] Level 1:colcon.colcon_core.environment:checking '/home/jsyun/Programming/ROS2/automotive_software_lecture/simulator_projects/002_automotive_software_lon/install/ad_msgs/lib/pkgconfig/ad_msgs.pc'
[1.107s] Level 1:colcon.colcon_core.environment:checking '/home/jsyun/Programming/ROS2/automotive_software_lecture/simulator_projects/002_automotive_software_lon/install/ad_msgs/lib/python3.10/site-packages'
[1.107s] Level 1:colcon.colcon_core.environment:checking '/home/jsyun/Programming/ROS2/automotive_software_lecture/simulator_projects/002_automotive_software_lon/install/ad_msgs/bin'
[1.107s] INFO:colcon.colcon_core.shell:Creating package script '/home/jsyun/Programming/ROS2/automotive_software_lecture/simulator_projects/002_automotive_software_lon/install/ad_msgs/share/ad_msgs/package.ps1'
[1.107s] INFO:colcon.colcon_core.shell:Creating package descriptor '/home/jsyun/Programming/ROS2/automotive_software_lecture/simulator_projects/002_automotive_software_lon/install/ad_msgs/share/ad_msgs/package.dsv'
[1.108s] INFO:colcon.colcon_core.shell:Creating package script '/home/jsyun/Programming/ROS2/automotive_software_lecture/simulator_projects/002_automotive_software_lon/install/ad_msgs/share/ad_msgs/package.sh'
[1.108s] INFO:colcon.colcon_core.shell:Creating package script '/home/jsyun/Programming/ROS2/automotive_software_lecture/simulator_projects/002_automotive_software_lon/install/ad_msgs/share/ad_msgs/package.bash'
[1.108s] INFO:colcon.colcon_core.shell:Creating package script '/home/jsyun/Programming/ROS2/automotive_software_lecture/simulator_projects/002_automotive_software_lon/install/ad_msgs/share/ad_msgs/package.zsh'
[1.109s] Level 1:colcon.colcon_core.environment:create_file_with_runtime_dependencies(/home/jsyun/Programming/ROS2/automotive_software_lecture/simulator_projects/002_automotive_software_lon/install/ad_msgs/share/colcon-core/packages/ad_msgs)
[1.109s] INFO:colcon.colcon_ros.task.ament_cmake.build:Building ROS package in '/home/jsyun/Programming/ROS2/automotive_software_lecture/simulator_projects/002_automotive_software_lon/src/app/autonomous_driving' with build type 'ament_cmake'
[1.109s] INFO:colcon.colcon_cmake.task.cmake.build:Building CMake package in '/home/jsyun/Programming/ROS2/automotive_software_lecture/simulator_projects/002_automotive_software_lon/src/app/autonomous_driving'
[1.109s] INFO:colcon.colcon_core.shell:Skip shell extension 'powershell' for command environment: Not usable outside of PowerShell
[1.109s] DEBUG:colcon.colcon_core.shell:Skip shell extension 'dsv' for command environment
[1.112s] INFO:colcon.colcon_ros.task.ament_cmake.build:Building ROS package in '/home/jsyun/Programming/ROS2/automotive_software_lecture/simulator_projects/002_automotive_software_lon/src/app/simulator' with build type 'ament_cmake'
[1.112s] INFO:colcon.colcon_cmake.task.cmake.build:Building CMake package in '/home/jsyun/Programming/ROS2/automotive_software_lecture/simulator_projects/002_automotive_software_lon/src/app/simulator'
[1.112s] INFO:colcon.colcon_core.shell:Skip shell extension 'powershell' for command environment: Not usable outside of PowerShell
[1.112s] DEBUG:colcon.colcon_core.shell:Skip shell extension 'dsv' for command environment
[1.114s] INFO:colcon.colcon_ros.task.ament_cmake.build:Building ROS package in '/home/jsyun/Programming/ROS2/automotive_software_lecture/simulator_projects/002_automotive_software_lon/src/app/speed_limiter' with build type 'ament_cmake'
[1.114s] INFO:colcon.colcon_cmake.task.cmake.build:Building CMake package in '/home/jsyun/Programming/ROS2/automotive_software_lecture/simulator_projects/002_automotive_software_lon/src/app/speed_limiter'
[1.114s] INFO:colcon.colcon_core.shell:Skip shell extension 'powershell' for command environment: Not usable outside of PowerShell
[1.114s] DEBUG:colcon.colcon_core.shell:Skip shell extension 'dsv' for command environment
[1.120s] DEBUG:colcon.colcon_core.event_handler.log_command:Invoking command in '/home/jsyun/Programming/ROS2/automotive_software_lecture/simulator_projects/002_automotive_software_lon/build/autonomous_driving': AMENT_PREFIX_PATH=/home/jsyun/Programming/ROS2/automotive_software_lecture/simulator_projects/002_automotive_software_lon/install/ad_msgs:${AMENT_PREFIX_PATH} CMAKE_PREFIX_PATH=/home/jsyun/Programming/ROS2/automotive_software_lecture/simulator_projects/002_automotive_software_lon/install/ad_msgs:/opt/ros/humble LD_LIBRARY_PATH=/home/jsyun/Programming/ROS2/automotive_software_lecture/simulator_projects/002_automotive_software_lon/install/ad_msgs/lib:${LD_LIBRARY_PATH} PYTHONPATH=/home/jsyun/Programming/ROS2/automotive_software_lecture/simulator_projects/002_automotive_software_lon/install/ad_msgs/local/lib/python3.10/dist-packages:${PYTHONPATH} /usr/bin/cmake --build /home/jsyun/Programming/ROS2/automotive_software_lecture/simulator_projects/002_automotive_software_lon/build/autonomous_driving -- -j12 -l12
[1.122s] DEBUG:colcon.colcon_core.event_handler.log_command:Invoking command in '/home/jsyun/Programming/ROS2/automotive_software_lecture/simulator_projects/002_automotive_software_lon/build/simulator': AMENT_PREFIX_PATH=/home/jsyun/Programming/ROS2/automotive_software_lecture/simulator_projects/002_automotive_software_lon/install/ad_msgs:${AMENT_PREFIX_PATH} CMAKE_PREFIX_PATH=/home/jsyun/Programming/ROS2/automotive_software_lecture/simulator_projects/002_automotive_software_lon/install/ad_msgs:/opt/ros/humble LD_LIBRARY_PATH=/home/jsyun/Programming/ROS2/automotive_software_lecture/simulator_projects/002_automotive_software_lon/install/ad_msgs/lib:${LD_LIBRARY_PATH} PYTHONPATH=/home/jsyun/Programming/ROS2/automotive_software_lecture/simulator_projects/002_automotive_software_lon/install/ad_msgs/local/lib/python3.10/dist-packages:${PYTHONPATH} /usr/bin/cmake --build /home/jsyun/Programming/ROS2/automotive_software_lecture/simulator_projects/002_automotive_software_lon/build/simulator -- -j12 -l12
[1.125s] DEBUG:colcon.colcon_core.event_handler.log_command:Invoking command in '/home/jsyun/Programming/ROS2/automotive_software_lecture/simulator_projects/002_automotive_software_lon/build/speed_limiter': AMENT_PREFIX_PATH=/home/jsyun/Programming/ROS2/automotive_software_lecture/simulator_projects/002_automotive_software_lon/install/ad_msgs:${AMENT_PREFIX_PATH} CMAKE_PREFIX_PATH=/home/jsyun/Programming/ROS2/automotive_software_lecture/simulator_projects/002_automotive_software_lon/install/ad_msgs:/opt/ros/humble LD_LIBRARY_PATH=/home/jsyun/Programming/ROS2/automotive_software_lecture/simulator_projects/002_automotive_software_lon/install/ad_msgs/lib:${LD_LIBRARY_PATH} PYTHONPATH=/home/jsyun/Programming/ROS2/automotive_software_lecture/simulator_projects/002_automotive_software_lon/install/ad_msgs/local/lib/python3.10/dist-packages:${PYTHONPATH} /usr/bin/cmake --build /home/jsyun/Programming/ROS2/automotive_software_lecture/simulator_projects/002_automotive_software_lon/build/speed_limiter -- -j12 -l12
[1.195s] DEBUG:colcon.colcon_core.event_handler.log_command:Invoked command in '/home/jsyun/Programming/ROS2/automotive_software_lecture/simulator_projects/002_automotive_software_lon/build/simulator' returned '0': AMENT_PREFIX_PATH=/home/jsyun/Programming/ROS2/automotive_software_lecture/simulator_projects/002_automotive_software_lon/install/ad_msgs:${AMENT_PREFIX_PATH} CMAKE_PREFIX_PATH=/home/jsyun/Programming/ROS2/automotive_software_lecture/simulator_projects/002_automotive_software_lon/install/ad_msgs:/opt/ros/humble LD_LIBRARY_PATH=/home/jsyun/Programming/ROS2/automotive_software_lecture/simulator_projects/002_automotive_software_lon/install/ad_msgs/lib:${LD_LIBRARY_PATH} PYTHONPATH=/home/jsyun/Programming/ROS2/automotive_software_lecture/simulator_projects/002_automotive_software_lon/install/ad_msgs/local/lib/python3.10/dist-packages:${PYTHONPATH} /usr/bin/cmake --build /home/jsyun/Programming/ROS2/automotive_software_lecture/simulator_projects/002_automotive_software_lon/build/simulator -- -j12 -l12
[1.200s] DEBUG:colcon.colcon_core.event_handler.log_command:Invoked command in '/home/jsyun/Programming/ROS2/automotive_software_lecture/simulator_projects/002_automotive_software_lon/build/speed_limiter' returned '0': AMENT_PREFIX_PATH=/home/jsyun/Programming/ROS2/automotive_software_lecture/simulator_projects/002_automotive_software_lon/install/ad_msgs:${AMENT_PREFIX_PATH} CMAKE_PREFIX_PATH=/home/jsyun/Programming/ROS2/automotive_software_lecture/simulator_projects/002_automotive_software_lon/install/ad_msgs:/opt/ros/humble LD_LIBRARY_PATH=/home/jsyun/Programming/ROS2/automotive_software_lecture/simulator_projects/002_automotive_software_lon/install/ad_msgs/lib:${LD_LIBRARY_PATH} PYTHONPATH=/home/jsyun/Programming/ROS2/automotive_software_lecture/simulator_projects/002_automotive_software_lon/install/ad_msgs/local/lib/python3.10/dist-packages:${PYTHONPATH} /usr/bin/cmake --build /home/jsyun/Programming/ROS2/automotive_software_lecture/simulator_projects/002_automotive_software_lon/build/speed_limiter -- -j12 -l12
[1.218s] DEBUG:colcon.colcon_core.event_handler.log_command:Invoking command in '/home/jsyun/Programming/ROS2/automotive_software_lecture/simulator_projects/002_automotive_software_lon/build/simulator': AMENT_PREFIX_PATH=/home/jsyun/Programming/ROS2/automotive_software_lecture/simulator_projects/002_automotive_software_lon/install/ad_msgs:${AMENT_PREFIX_PATH} CMAKE_PREFIX_PATH=/home/jsyun/Programming/ROS2/automotive_software_lecture/simulator_projects/002_automotive_software_lon/install/ad_msgs:/opt/ros/humble LD_LIBRARY_PATH=/home/jsyun/Programming/ROS2/automotive_software_lecture/simulator_projects/002_automotive_software_lon/install/ad_msgs/lib:${LD_LIBRARY_PATH} PYTHONPATH=/home/jsyun/Programming/ROS2/automotive_software_lecture/simulator_projects/002_automotive_software_lon/install/ad_msgs/local/lib/python3.10/dist-packages:${PYTHONPATH} /usr/bin/cmake --install /home/jsyun/Programming/ROS2/automotive_software_lecture/simulator_projects/002_automotive_software_lon/build/simulator
[1.226s] DEBUG:colcon.colcon_core.event_handler.log_command:Invoking command in '/home/jsyun/Programming/ROS2/automotive_software_lecture/simulator_projects/002_automotive_software_lon/build/speed_limiter': AMENT_PREFIX_PATH=/home/jsyun/Programming/ROS2/automotive_software_lecture/simulator_projects/002_automotive_software_lon/install/ad_msgs:${AMENT_PREFIX_PATH} CMAKE_PREFIX_PATH=/home/jsyun/Programming/ROS2/automotive_software_lecture/simulator_projects/002_automotive_software_lon/install/ad_msgs:/opt/ros/humble LD_LIBRARY_PATH=/home/jsyun/Programming/ROS2/automotive_software_lecture/simulator_projects/002_automotive_software_lon/install/ad_msgs/lib:${LD_LIBRARY_PATH} PYTHONPATH=/home/jsyun/Programming/ROS2/automotive_software_lecture/simulator_projects/002_automotive_software_lon/install/ad_msgs/local/lib/python3.10/dist-packages:${PYTHONPATH} /usr/bin/cmake --install /home/jsyun/Programming/ROS2/automotive_software_lecture/simulator_projects/002_automotive_software_lon/build/speed_limiter
[1.239s] Level 1:colcon.colcon_core.environment:create_environment_scripts_only(simulator)
[1.240s] DEBUG:colcon.colcon_core.event_handler.log_command:Invoked command in '/home/jsyun/Programming/ROS2/automotive_software_lecture/simulator_projects/002_automotive_software_lon/build/simulator' returned '0': AMENT_PREFIX_PATH=/home/jsyun/Programming/ROS2/automotive_software_lecture/simulator_projects/002_automotive_software_lon/install/ad_msgs:${AMENT_PREFIX_PATH} CMAKE_PREFIX_PATH=/home/jsyun/Programming/ROS2/automotive_software_lecture/simulator_projects/002_automotive_software_lon/install/ad_msgs:/opt/ros/humble LD_LIBRARY_PATH=/home/jsyun/Programming/ROS2/automotive_software_lecture/simulator_projects/002_automotive_software_lon/install/ad_msgs/lib:${LD_LIBRARY_PATH} PYTHONPATH=/home/jsyun/Programming/ROS2/automotive_software_lecture/simulator_projects/002_automotive_software_lon/install/ad_msgs/local/lib/python3.10/dist-packages:${PYTHONPATH} /usr/bin/cmake --install /home/jsyun/Programming/ROS2/automotive_software_lecture/simulator_projects/002_automotive_software_lon/build/simulator
[1.240s] Level 1:colcon.colcon_core.environment:checking '/home/jsyun/Programming/ROS2/automotive_software_lecture/simulator_projects/002_automotive_software_lon/install/simulator' for CMake module files
[1.240s] Level 1:colcon.colcon_core.environment:checking '/home/jsyun/Programming/ROS2/automotive_software_lecture/simulator_projects/002_automotive_software_lon/install/simulator' for CMake config files
[1.241s] Level 1:colcon.colcon_core.shell:create_environment_hook('simulator', 'cmake_prefix_path')
[1.241s] INFO:colcon.colcon_core.shell:Creating environment hook '/home/jsyun/Programming/ROS2/automotive_software_lecture/simulator_projects/002_automotive_software_lon/install/simulator/share/simulator/hook/cmake_prefix_path.ps1'
[1.241s] INFO:colcon.colcon_core.shell:Creating environment descriptor '/home/jsyun/Programming/ROS2/automotive_software_lecture/simulator_projects/002_automotive_software_lon/install/simulator/share/simulator/hook/cmake_prefix_path.dsv'
[1.242s] INFO:colcon.colcon_core.shell:Creating environment hook '/home/jsyun/Programming/ROS2/automotive_software_lecture/simulator_projects/002_automotive_software_lon/install/simulator/share/simulator/hook/cmake_prefix_path.sh'
[1.242s] Level 1:colcon.colcon_core.environment:checking '/home/jsyun/Programming/ROS2/automotive_software_lecture/simulator_projects/002_automotive_software_lon/install/simulator/lib'
[1.242s] Level 1:colcon.colcon_core.environment:checking '/home/jsyun/Programming/ROS2/automotive_software_lecture/simulator_projects/002_automotive_software_lon/install/simulator/bin'
[1.242s] Level 1:colcon.colcon_core.environment:checking '/home/jsyun/Programming/ROS2/automotive_software_lecture/simulator_projects/002_automotive_software_lon/install/simulator/lib/pkgconfig/simulator.pc'
[1.242s] Level 1:colcon.colcon_core.environment:checking '/home/jsyun/Programming/ROS2/automotive_software_lecture/simulator_projects/002_automotive_software_lon/install/simulator/lib/python3.10/site-packages'
[1.243s] Level 1:colcon.colcon_core.environment:checking '/home/jsyun/Programming/ROS2/automotive_software_lecture/simulator_projects/002_automotive_software_lon/install/simulator/bin'
[1.243s] INFO:colcon.colcon_core.shell:Creating package script '/home/jsyun/Programming/ROS2/automotive_software_lecture/simulator_projects/002_automotive_software_lon/install/simulator/share/simulator/package.ps1'
[1.243s] INFO:colcon.colcon_core.shell:Creating package descriptor '/home/jsyun/Programming/ROS2/automotive_software_lecture/simulator_projects/002_automotive_software_lon/install/simulator/share/simulator/package.dsv'
[1.244s] INFO:colcon.colcon_core.shell:Creating package script '/home/jsyun/Programming/ROS2/automotive_software_lecture/simulator_projects/002_automotive_software_lon/install/simulator/share/simulator/package.sh'
[1.244s] INFO:colcon.colcon_core.shell:Creating package script '/home/jsyun/Programming/ROS2/automotive_software_lecture/simulator_projects/002_automotive_software_lon/install/simulator/share/simulator/package.bash'
[1.244s] INFO:colcon.colcon_core.shell:Creating package script '/home/jsyun/Programming/ROS2/automotive_software_lecture/simulator_projects/002_automotive_software_lon/install/simulator/share/simulator/package.zsh'
[1.245s] Level 1:colcon.colcon_core.environment:create_file_with_runtime_dependencies(/home/jsyun/Programming/ROS2/automotive_software_lecture/simulator_projects/002_automotive_software_lon/install/simulator/share/colcon-core/packages/simulator)
[1.246s] Level 1:colcon.colcon_core.environment:create_environment_scripts_only(speed_limiter)
[1.246s] Level 1:colcon.colcon_core.environment:checking '/home/jsyun/Programming/ROS2/automotive_software_lecture/simulator_projects/002_automotive_software_lon/install/speed_limiter' for CMake module files
[1.247s] DEBUG:colcon.colcon_core.event_handler.log_command:Invoked command in '/home/jsyun/Programming/ROS2/automotive_software_lecture/simulator_projects/002_automotive_software_lon/build/speed_limiter' returned '0': AMENT_PREFIX_PATH=/home/jsyun/Programming/ROS2/automotive_software_lecture/simulator_projects/002_automotive_software_lon/install/ad_msgs:${AMENT_PREFIX_PATH} CMAKE_PREFIX_PATH=/home/jsyun/Programming/ROS2/automotive_software_lecture/simulator_projects/002_automotive_software_lon/install/ad_msgs:/opt/ros/humble LD_LIBRARY_PATH=/home/jsyun/Programming/ROS2/automotive_software_lecture/simulator_projects/002_automotive_software_lon/install/ad_msgs/lib:${LD_LIBRARY_PATH} PYTHONPATH=/home/jsyun/Programming/ROS2/automotive_software_lecture/simulator_projects/002_automotive_software_lon/install/ad_msgs/local/lib/python3.10/dist-packages:${PYTHONPATH} /usr/bin/cmake --install /home/jsyun/Programming/ROS2/automotive_software_lecture/simulator_projects/002_automotive_software_lon/build/speed_limiter
[1.247s] Level 1:colcon.colcon_core.environment:checking '/home/jsyun/Programming/ROS2/automotive_software_lecture/simulator_projects/002_automotive_software_lon/install/speed_limiter' for CMake config files
[1.248s] Level 1:colcon.colcon_core.shell:create_environment_hook('speed_limiter', 'cmake_prefix_path')
[1.248s] INFO:colcon.colcon_core.shell:Creating environment hook '/home/jsyun/Programming/ROS2/automotive_software_lecture/simulator_projects/002_automotive_software_lon/install/speed_limiter/share/speed_limiter/hook/cmake_prefix_path.ps1'
[1.248s] INFO:colcon.colcon_core.shell:Creating environment descriptor '/home/jsyun/Programming/ROS2/automotive_software_lecture/simulator_projects/002_automotive_software_lon/install/speed_limiter/share/speed_limiter/hook/cmake_prefix_path.dsv'
[1.248s] INFO:colcon.colcon_core.shell:Creating environment hook '/home/jsyun/Programming/ROS2/automotive_software_lecture/simulator_projects/002_automotive_software_lon/install/speed_limiter/share/speed_limiter/hook/cmake_prefix_path.sh'
[1.249s] Level 1:colcon.colcon_core.environment:checking '/home/jsyun/Programming/ROS2/automotive_software_lecture/simulator_projects/002_automotive_software_lon/install/speed_limiter/lib'
[1.249s] Level 1:colcon.colcon_core.environment:checking '/home/jsyun/Programming/ROS2/automotive_software_lecture/simulator_projects/002_automotive_software_lon/install/speed_limiter/bin'
[1.249s] Level 1:colcon.colcon_core.environment:checking '/home/jsyun/Programming/ROS2/automotive_software_lecture/simulator_projects/002_automotive_software_lon/install/speed_limiter/lib/pkgconfig/speed_limiter.pc'
[1.249s] Level 1:colcon.colcon_core.environment:checking '/home/jsyun/Programming/ROS2/automotive_software_lecture/simulator_projects/002_automotive_software_lon/install/speed_limiter/lib/python3.10/site-packages'
[1.249s] Level 1:colcon.colcon_core.environment:checking '/home/jsyun/Programming/ROS2/automotive_software_lecture/simulator_projects/002_automotive_software_lon/install/speed_limiter/bin'
[1.250s] INFO:colcon.colcon_core.shell:Creating package script '/home/jsyun/Programming/ROS2/automotive_software_lecture/simulator_projects/002_automotive_software_lon/install/speed_limiter/share/speed_limiter/package.ps1'
[1.250s] INFO:colcon.colcon_core.shell:Creating package descriptor '/home/jsyun/Programming/ROS2/automotive_software_lecture/simulator_projects/002_automotive_software_lon/install/speed_limiter/share/speed_limiter/package.dsv'
[1.250s] INFO:colcon.colcon_core.shell:Creating package script '/home/jsyun/Programming/ROS2/automotive_software_lecture/simulator_projects/002_automotive_software_lon/install/speed_limiter/share/speed_limiter/package.sh'
[1.251s] INFO:colcon.colcon_core.shell:Creating package script '/home/jsyun/Programming/ROS2/automotive_software_lecture/simulator_projects/002_automotive_software_lon/install/speed_limiter/share/speed_limiter/package.bash'
[1.251s] INFO:colcon.colcon_core.shell:Creating package script '/home/jsyun/Programming/ROS2/automotive_software_lecture/simulator_projects/002_automotive_software_lon/install/speed_limiter/share/speed_limiter/package.zsh'
[1.251s] Level 1:colcon.colcon_core.environment:create_file_with_runtime_dependencies(/home/jsyun/Programming/ROS2/automotive_software_lecture/simulator_projects/002_automotive_software_lon/install/speed_limiter/share/colcon-core/packages/speed_limiter)
[1.270s] Level 1:colcon.colcon_core.environment:create_environment_scripts_only(simulator)
[1.270s] Level 1:colcon.colcon_core.environment:checking '/home/jsyun/Programming/ROS2/automotive_software_lecture/simulator_projects/002_automotive_software_lon/install/simulator' for CMake module files
[1.271s] Level 1:colcon.colcon_core.environment:checking '/home/jsyun/Programming/ROS2/automotive_software_lecture/simulator_projects/002_automotive_software_lon/install/simulator' for CMake config files
[1.271s] Level 1:colcon.colcon_core.shell:create_environment_hook('simulator', 'cmake_prefix_path')
[1.271s] INFO:colcon.colcon_core.shell:Creating environment hook '/home/jsyun/Programming/ROS2/automotive_software_lecture/simulator_projects/002_automotive_software_lon/install/simulator/share/simulator/hook/cmake_prefix_path.ps1'
[1.272s] INFO:colcon.colcon_core.shell:Creating environment descriptor '/home/jsyun/Programming/ROS2/automotive_software_lecture/simulator_projects/002_automotive_software_lon/install/simulator/share/simulator/hook/cmake_prefix_path.dsv'
[1.272s] INFO:colcon.colcon_core.shell:Creating environment hook '/home/jsyun/Programming/ROS2/automotive_software_lecture/simulator_projects/002_automotive_software_lon/install/simulator/share/simulator/hook/cmake_prefix_path.sh'
[1.272s] Level 1:colcon.colcon_core.environment:checking '/home/jsyun/Programming/ROS2/automotive_software_lecture/simulator_projects/002_automotive_software_lon/install/simulator/lib'
[1.272s] Level 1:colcon.colcon_core.environment:checking '/home/jsyun/Programming/ROS2/automotive_software_lecture/simulator_projects/002_automotive_software_lon/install/simulator/bin'
[1.272s] Level 1:colcon.colcon_core.environment:checking '/home/jsyun/Programming/ROS2/automotive_software_lecture/simulator_projects/002_automotive_software_lon/install/simulator/lib/pkgconfig/simulator.pc'
[1.273s] Level 1:colcon.colcon_core.environment:checking '/home/jsyun/Programming/ROS2/automotive_software_lecture/simulator_projects/002_automotive_software_lon/install/simulator/lib/python3.10/site-packages'
[1.273s] Level 1:colcon.colcon_core.environment:checking '/home/jsyun/Programming/ROS2/automotive_software_lecture/simulator_projects/002_automotive_software_lon/install/simulator/bin'
[1.273s] INFO:colcon.colcon_core.shell:Creating package script '/home/jsyun/Programming/ROS2/automotive_software_lecture/simulator_projects/002_automotive_software_lon/install/simulator/share/simulator/package.ps1'
[1.273s] INFO:colcon.colcon_core.shell:Creating package descriptor '/home/jsyun/Programming/ROS2/automotive_software_lecture/simulator_projects/002_automotive_software_lon/install/simulator/share/simulator/package.dsv'
[1.274s] INFO:colcon.colcon_core.shell:Creating package script '/home/jsyun/Programming/ROS2/automotive_software_lecture/simulator_projects/002_automotive_software_lon/install/simulator/share/simulator/package.sh'
[1.274s] INFO:colcon.colcon_core.shell:Creating package script '/home/jsyun/Programming/ROS2/automotive_software_lecture/simulator_projects/002_automotive_software_lon/install/simulator/share/simulator/package.bash'
[1.274s] INFO:colcon.colcon_core.shell:Creating package script '/home/jsyun/Programming/ROS2/automotive_software_lecture/simulator_projects/002_automotive_software_lon/install/simulator/share/simulator/package.zsh'
[1.275s] Level 1:colcon.colcon_core.environment:create_file_with_runtime_dependencies(/home/jsyun/Programming/ROS2/automotive_software_lecture/simulator_projects/002_automotive_software_lon/install/simulator/share/colcon-core/packages/simulator)
[1.276s] Level 1:colcon.colcon_core.environment:create_environment_scripts_only(speed_limiter)
[1.277s] Level 1:colcon.colcon_core.environment:checking '/home/jsyun/Programming/ROS2/automotive_software_lecture/simulator_projects/002_automotive_software_lon/install/speed_limiter' for CMake module files
[1.277s] Level 1:colcon.colcon_core.environment:checking '/home/jsyun/Programming/ROS2/automotive_software_lecture/simulator_projects/002_automotive_software_lon/install/speed_limiter' for CMake config files
[1.277s] Level 1:colcon.colcon_core.shell:create_environment_hook('speed_limiter', 'cmake_prefix_path')
[1.277s] INFO:colcon.colcon_core.shell:Creating environment hook '/home/jsyun/Programming/ROS2/automotive_software_lecture/simulator_projects/002_automotive_software_lon/install/speed_limiter/share/speed_limiter/hook/cmake_prefix_path.ps1'
[1.278s] INFO:colcon.colcon_core.shell:Creating environment descriptor '/home/jsyun/Programming/ROS2/automotive_software_lecture/simulator_projects/002_automotive_software_lon/install/speed_limiter/share/speed_limiter/hook/cmake_prefix_path.dsv'
[1.278s] INFO:colcon.colcon_core.shell:Creating environment hook '/home/jsyun/Programming/ROS2/automotive_software_lecture/simulator_projects/002_automotive_software_lon/install/speed_limiter/share/speed_limiter/hook/cmake_prefix_path.sh'
[1.278s] Level 1:colcon.colcon_core.environment:checking '/home/jsyun/Programming/ROS2/automotive_software_lecture/simulator_projects/002_automotive_software_lon/install/speed_limiter/lib'
[1.278s] Level 1:colcon.colcon_core.environment:checking '/home/jsyun/Programming/ROS2/automotive_software_lecture/simulator_projects/002_automotive_software_lon/install/speed_limiter/bin'
[1.279s] Level 1:colcon.colcon_core.environment:checking '/home/jsyun/Programming/ROS2/automotive_software_lecture/simulator_projects/002_automotive_software_lon/install/speed_limiter/lib/pkgconfig/speed_limiter.pc'
[1.279s] Level 1:colcon.colcon_core.environment:checking '/home/jsyun/Programming/ROS2/automotive_software_lecture/simulator_projects/002_automotive_software_lon/install/speed_limiter/lib/python3.10/site-packages'
[1.279s] Level 1:colcon.colcon_core.environment:checking '/home/jsyun/Programming/ROS2/automotive_software_lecture/simulator_projects/002_automotive_software_lon/install/speed_limiter/bin'
[1.279s] INFO:colcon.colcon_core.shell:Creating package script '/home/jsyun/Programming/ROS2/automotive_software_lecture/simulator_projects/002_automotive_software_lon/install/speed_limiter/share/speed_limiter/package.ps1'
[1.279s] INFO:colcon.colcon_core.shell:Creating package descriptor '/home/jsyun/Programming/ROS2/automotive_software_lecture/simulator_projects/002_automotive_software_lon/install/speed_limiter/share/speed_limiter/package.dsv'
[1.280s] INFO:colcon.colcon_core.shell:Creating package script '/home/jsyun/Programming/ROS2/automotive_software_lecture/simulator_projects/002_automotive_software_lon/install/speed_limiter/share/speed_limiter/package.sh'
[1.280s] INFO:colcon.colcon_core.shell:Creating package script '/home/jsyun/Programming/ROS2/automotive_software_lecture/simulator_projects/002_automotive_software_lon/install/speed_limiter/share/speed_limiter/package.bash'
[1.280s] INFO:colcon.colcon_core.shell:Creating package script '/home/jsyun/Programming/ROS2/automotive_software_lecture/simulator_projects/002_automotive_software_lon/install/speed_limiter/share/speed_limiter/package.zsh'
[1.281s] Level 1:colcon.colcon_core.environment:create_file_with_runtime_dependencies(/home/jsyun/Programming/ROS2/automotive_software_lecture/simulator_projects/002_automotive_software_lon/install/speed_limiter/share/colcon-core/packages/speed_limiter)
[17.004s] DEBUG:colcon.colcon_core.event_handler.log_command:Invoked command in '/home/jsyun/Programming/ROS2/automotive_software_lecture/simulator_projects/002_automotive_software_lon/build/autonomous_driving' returned '0': AMENT_PREFIX_PATH=/home/jsyun/Programming/ROS2/automotive_software_lecture/simulator_projects/002_automotive_software_lon/install/ad_msgs:${AMENT_PREFIX_PATH} CMAKE_PREFIX_PATH=/home/jsyun/Programming/ROS2/automotive_software_lecture/simulator_projects/002_automotive_software_lon/install/ad_msgs:/opt/ros/humble LD_LIBRARY_PATH=/home/jsyun/Programming/ROS2/automotive_software_lecture/simulator_projects/002_automotive_software_lon/install/ad_msgs/lib:${LD_LIBRARY_PATH} PYTHONPATH=/home/jsyun/Programming/ROS2/automotive_software_lecture/simulator_projects/002_automotive_software_lon/install/ad_msgs/local/lib/python3.10/dist-packages:${PYTHONPATH} /usr/bin/cmake --build /home/jsyun/Programming/ROS2/automotive_software_lecture/simulator_projects/002_automotive_software_lon/build/autonomous_driving -- -j12 -l12
[17.025s] DEBUG:colcon.colcon_core.event_handler.log_command:Invoking command in '/home/jsyun/Programming/ROS2/automotive_software_lecture/simulator_projects/002_automotive_software_lon/build/autonomous_driving': AMENT_PREFIX_PATH=/home/jsyun/Programming/ROS2/automotive_software_lecture/simulator_projects/002_automotive_software_lon/install/ad_msgs:${AMENT_PREFIX_PATH} CMAKE_PREFIX_PATH=/home/jsyun/Programming/ROS2/automotive_software_lecture/simulator_projects/002_automotive_software_lon/install/ad_msgs:/opt/ros/humble LD_LIBRARY_PATH=/home/jsyun/Programming/ROS2/automotive_software_lecture/simulator_projects/002_automotive_software_lon/install/ad_msgs/lib:${LD_LIBRARY_PATH} PYTHONPATH=/home/jsyun/Programming/ROS2/automotive_software_lecture/simulator_projects/002_automotive_software_lon/install/ad_msgs/local/lib/python3.10/dist-packages:${PYTHONPATH} /usr/bin/cmake --install /home/jsyun/Programming/ROS2/automotive_software_lecture/simulator_projects/002_automotive_software_lon/build/autonomous_driving
[17.044s] Level 1:colcon.colcon_core.environment:create_environment_scripts_only(autonomous_driving)
[17.045s] DEBUG:colcon.colcon_core.event_handler.log_command:Invoked command in '/home/jsyun/Programming/ROS2/automotive_software_lecture/simulator_projects/002_automotive_software_lon/build/autonomous_driving' returned '0': AMENT_PREFIX_PATH=/home/jsyun/Programming/ROS2/automotive_software_lecture/simulator_projects/002_automotive_software_lon/install/ad_msgs:${AMENT_PREFIX_PATH} CMAKE_PREFIX_PATH=/home/jsyun/Programming/ROS2/automotive_software_lecture/simulator_projects/002_automotive_software_lon/install/ad_msgs:/opt/ros/humble LD_LIBRARY_PATH=/home/jsyun/Programming/ROS2/automotive_software_lecture/simulator_projects/002_automotive_software_lon/install/ad_msgs/lib:${LD_LIBRARY_PATH} PYTHONPATH=/home/jsyun/Programming/ROS2/automotive_software_lecture/simulator_projects/002_automotive_software_lon/install/ad_msgs/local/lib/python3.10/dist-packages:${PYTHONPATH} /usr/bin/cmake --install /home/jsyun/Programming/ROS2/automotive_software_lecture/simulator_projects/002_automotive_software_lon/build/autonomous_driving
[17.045s] Level 1:colcon.colcon_core.environment:checking '/home/jsyun/Programming/ROS2/automotive_software_lecture/simulator_projects/002_automotive_software_lon/install/autonomous_driving' for CMake module files
[17.045s] Level 1:colcon.colcon_core.environment:checking '/home/jsyun/Programming/ROS2/automotive_software_lecture/simulator_projects/002_automotive_software_lon/install/autonomous_driving' for CMake config files
[17.046s] Level 1:colcon.colcon_core.shell:create_environment_hook('autonomous_driving', 'cmake_prefix_path')
[17.046s] INFO:colcon.colcon_core.shell:Creating environment hook '/home/jsyun/Programming/ROS2/automotive_software_lecture/simulator_projects/002_automotive_software_lon/install/autonomous_driving/share/autonomous_driving/hook/cmake_prefix_path.ps1'
[17.046s] INFO:colcon.colcon_core.shell:Creating environment descriptor '/home/jsyun/Programming/ROS2/automotive_software_lecture/simulator_projects/002_automotive_software_lon/install/autonomous_driving/share/autonomous_driving/hook/cmake_prefix_path.dsv'
[17.047s] INFO:colcon.colcon_core.shell:Creating environment hook '/home/jsyun/Programming/ROS2/automotive_software_lecture/simulator_projects/002_automotive_software_lon/install/autonomous_driving/share/autonomous_driving/hook/cmake_prefix_path.sh'
[17.047s] Level 1:colcon.colcon_core.environment:checking '/home/jsyun/Programming/ROS2/automotive_software_lecture/simulator_projects/002_automotive_software_lon/install/autonomous_driving/lib'
[17.047s] Level 1:colcon.colcon_core.environment:checking '/home/jsyun/Programming/ROS2/automotive_software_lecture/simulator_projects/002_automotive_software_lon/install/autonomous_driving/bin'
[17.047s] Level 1:colcon.colcon_core.environment:checking '/home/jsyun/Programming/ROS2/automotive_software_lecture/simulator_projects/002_automotive_software_lon/install/autonomous_driving/lib/pkgconfig/autonomous_driving.pc'
[17.047s] Level 1:colcon.colcon_core.environment:checking '/home/jsyun/Programming/ROS2/automotive_software_lecture/simulator_projects/002_automotive_software_lon/install/autonomous_driving/lib/python3.10/site-packages'
[17.047s] Level 1:colcon.colcon_core.environment:checking '/home/jsyun/Programming/ROS2/automotive_software_lecture/simulator_projects/002_automotive_software_lon/install/autonomous_driving/bin'
[17.048s] INFO:colcon.colcon_core.shell:Creating package script '/home/jsyun/Programming/ROS2/automotive_software_lecture/simulator_projects/002_automotive_software_lon/install/autonomous_driving/share/autonomous_driving/package.ps1'
[17.048s] INFO:colcon.colcon_core.shell:Creating package descriptor '/home/jsyun/Programming/ROS2/automotive_software_lecture/simulator_projects/002_automotive_software_lon/install/autonomous_driving/share/autonomous_driving/package.dsv'
[17.048s] INFO:colcon.colcon_core.shell:Creating package script '/home/jsyun/Programming/ROS2/automotive_software_lecture/simulator_projects/002_automotive_software_lon/install/autonomous_driving/share/autonomous_driving/package.sh'
[17.048s] INFO:colcon.colcon_core.shell:Creating package script '/home/jsyun/Programming/ROS2/automotive_software_lecture/simulator_projects/002_automotive_software_lon/install/autonomous_driving/share/autonomous_driving/package.bash'
[17.049s] INFO:colcon.colcon_core.shell:Creating package script '/home/jsyun/Programming/ROS2/automotive_software_lecture/simulator_projects/002_automotive_software_lon/install/autonomous_driving/share/autonomous_driving/package.zsh'
[17.049s] Level 1:colcon.colcon_core.environment:create_file_with_runtime_dependencies(/home/jsyun/Programming/ROS2/automotive_software_lecture/simulator_projects/002_automotive_software_lon/install/autonomous_driving/share/colcon-core/packages/autonomous_driving)
[17.070s] Level 1:colcon.colcon_core.environment:create_environment_scripts_only(autonomous_driving)
[17.070s] Level 1:colcon.colcon_core.environment:checking '/home/jsyun/Programming/ROS2/automotive_software_lecture/simulator_projects/002_automotive_software_lon/install/autonomous_driving' for CMake module files
[17.071s] Level 1:colcon.colcon_core.environment:checking '/home/jsyun/Programming/ROS2/automotive_software_lecture/simulator_projects/002_automotive_software_lon/install/autonomous_driving' for CMake config files
[17.071s] Level 1:colcon.colcon_core.shell:create_environment_hook('autonomous_driving', 'cmake_prefix_path')
[17.071s] INFO:colcon.colcon_core.shell:Creating environment hook '/home/jsyun/Programming/ROS2/automotive_software_lecture/simulator_projects/002_automotive_software_lon/install/autonomous_driving/share/autonomous_driving/hook/cmake_prefix_path.ps1'
[17.071s] INFO:colcon.colcon_core.shell:Creating environment descriptor '/home/jsyun/Programming/ROS2/automotive_software_lecture/simulator_projects/002_automotive_software_lon/install/autonomous_driving/share/autonomous_driving/hook/cmake_prefix_path.dsv'
[17.072s] INFO:colcon.colcon_core.shell:Creating environment hook '/home/jsyun/Programming/ROS2/automotive_software_lecture/simulator_projects/002_automotive_software_lon/install/autonomous_driving/share/autonomous_driving/hook/cmake_prefix_path.sh'
[17.072s] Level 1:colcon.colcon_core.environment:checking '/home/jsyun/Programming/ROS2/automotive_software_lecture/simulator_projects/002_automotive_software_lon/install/autonomous_driving/lib'
[17.072s] Level 1:colcon.colcon_core.environment:checking '/home/jsyun/Programming/ROS2/automotive_software_lecture/simulator_projects/002_automotive_software_lon/install/autonomous_driving/bin'
[17.072s] Level 1:colcon.colcon_core.environment:checking '/home/jsyun/Programming/ROS2/automotive_software_lecture/simulator_projects/002_automotive_software_lon/install/autonomous_driving/lib/pkgconfig/autonomous_driving.pc'
[17.072s] Level 1:colcon.colcon_core.environment:checking '/home/jsyun/Programming/ROS2/automotive_software_lecture/simulator_projects/002_automotive_software_lon/install/autonomous_driving/lib/python3.10/site-packages'
[17.072s] Level 1:colcon.colcon_core.environment:checking '/home/jsyun/Programming/ROS2/automotive_software_lecture/simulator_projects/002_automotive_software_lon/install/autonomous_driving/bin'
[17.073s] INFO:colcon.colcon_core.shell:Creating package script '/home/jsyun/Programming/ROS2/automotive_software_lecture/simulator_projects/002_automotive_software_lon/install/autonomous_driving/share/autonomous_driving/package.ps1'
[17.073s] INFO:colcon.colcon_core.shell:Creating package descriptor '/home/jsyun/Programming/ROS2/automotive_software_lecture/simulator_projects/002_automotive_software_lon/install/autonomous_driving/share/autonomous_driving/package.dsv'
[17.074s] INFO:colcon.colcon_core.shell:Creating package script '/home/jsyun/Programming/ROS2/automotive_software_lecture/simulator_projects/002_automotive_software_lon/install/autonomous_driving/share/autonomous_driving/package.sh'
[17.074s] INFO:colcon.colcon_core.shell:Creating package script '/home/jsyun/Programming/ROS2/automotive_software_lecture/simulator_projects/002_automotive_software_lon/install/autonomous_driving/share/autonomous_driving/package.bash'
[17.074s] INFO:colcon.colcon_core.shell:Creating package script '/home/jsyun/Programming/ROS2/automotive_software_lecture/simulator_projects/002_automotive_software_lon/install/autonomous_driving/share/autonomous_driving/package.zsh'
[17.074s] Level 1:colcon.colcon_core.environment:create_file_with_runtime_dependencies(/home/jsyun/Programming/ROS2/automotive_software_lecture/simulator_projects/002_automotive_software_lon/install/autonomous_driving/share/colcon-core/packages/autonomous_driving)
[17.075s] DEBUG:colcon.colcon_parallel_executor.executor.parallel:closing loop
[17.075s] DEBUG:colcon.colcon_parallel_executor.executor.parallel:loop closed
[17.075s] DEBUG:colcon.colcon_parallel_executor.executor.parallel:run_until_complete finished with '0'
[17.075s] DEBUG:colcon.colcon_core.event_reactor:joining thread
[17.079s] INFO:colcon.colcon_core.plugin_system:Skipping extension 'colcon_notification.desktop_notification.terminal_notifier': Not used on non-Darwin systems
[17.080s] INFO:colcon.colcon_core.plugin_system:Skipping extension 'colcon_notification.desktop_notification.win32': Not used on non-Windows systems
[17.080s] INFO:colcon.colcon_notification.desktop_notification:Sending desktop notification using 'notify2'
[17.093s] DEBUG:colcon.colcon_core.event_reactor:joined thread
[17.093s] INFO:colcon.colcon_core.shell:Creating prefix script '/home/jsyun/Programming/ROS2/automotive_software_lecture/simulator_projects/002_automotive_software_lon/install/local_setup.ps1'
[17.094s] INFO:colcon.colcon_core.shell:Creating prefix util module '/home/jsyun/Programming/ROS2/automotive_software_lecture/simulator_projects/002_automotive_software_lon/install/_local_setup_util_ps1.py'
[17.095s] INFO:colcon.colcon_core.shell:Creating prefix chain script '/home/jsyun/Programming/ROS2/automotive_software_lecture/simulator_projects/002_automotive_software_lon/install/setup.ps1'
[17.096s] INFO:colcon.colcon_core.shell:Creating prefix script '/home/jsyun/Programming/ROS2/automotive_software_lecture/simulator_projects/002_automotive_software_lon/install/local_setup.sh'
[17.097s] INFO:colcon.colcon_core.shell:Creating prefix util module '/home/jsyun/Programming/ROS2/automotive_software_lecture/simulator_projects/002_automotive_software_lon/install/_local_setup_util_sh.py'
[17.097s] INFO:colcon.colcon_core.shell:Creating prefix chain script '/home/jsyun/Programming/ROS2/automotive_software_lecture/simulator_projects/002_automotive_software_lon/install/setup.sh'
[17.098s] INFO:colcon.colcon_core.shell:Creating prefix script '/home/jsyun/Programming/ROS2/automotive_software_lecture/simulator_projects/002_automotive_software_lon/install/local_setup.bash'
[17.098s] INFO:colcon.colcon_core.shell:Creating prefix chain script '/home/jsyun/Programming/ROS2/automotive_software_lecture/simulator_projects/002_automotive_software_lon/install/setup.bash'
[17.099s] INFO:colcon.colcon_core.shell:Creating prefix script '/home/jsyun/Programming/ROS2/automotive_software_lecture/simulator_projects/002_automotive_software_lon/install/local_setup.zsh'
[17.099s] INFO:colcon.colcon_core.shell:Creating prefix chain script '/home/jsyun/Programming/ROS2/automotive_software_lecture/simulator_projects/002_automotive_software_lon/install/setup.zsh'
